[2021-10-29 07:07:39,493] {processor.py:163} INFO - Started process (PID=274) to work on /home/airflow/.local/lib/python3.6/site-packages/airflow/example_dags/example_xcomargs.py
[2021-10-29 07:07:39,497] {processor.py:620} INFO - Processing file /home/airflow/.local/lib/python3.6/site-packages/airflow/example_dags/example_xcomargs.py for tasks to queue
[2021-10-29 07:07:39,502] {logging_mixin.py:109} INFO - [2021-10-29 07:07:39,502] {dagbag.py:500} INFO - Filling up the DagBag from /home/airflow/.local/lib/python3.6/site-packages/airflow/example_dags/example_xcomargs.py
[2021-10-29 07:07:39,608] {processor.py:632} INFO - DAG(s) dict_keys(['example_xcom_args', 'example_xcom_args_with_operators']) retrieved from /home/airflow/.local/lib/python3.6/site-packages/airflow/example_dags/example_xcomargs.py
[2021-10-29 07:07:41,097] {logging_mixin.py:109} INFO - [2021-10-29 07:07:41,097] {providers_manager.py:156} WARNING - Exception when importing 'airflow.providers.google.leveldb.hooks.leveldb.LevelDBHook' from 'apache-airflow-providers-google' package: No module named 'plyvel'
[2021-10-29 07:07:41,457] {logging_mixin.py:109} INFO - [2021-10-29 07:07:41,457] {providers_manager.py:156} WARNING - Exception when importing 'airflow.providers.google.leveldb.hooks.leveldb.LevelDBHook' from 'apache-airflow-providers-google' package: No module named 'plyvel'
[2021-10-29 07:07:41,495] {logging_mixin.py:109} INFO - [2021-10-29 07:07:41,495] {manager.py:496} INFO - Created Permission View: can read on DAG:example_xcom_args
[2021-10-29 07:07:41,629] {logging_mixin.py:109} INFO - [2021-10-29 07:07:41,629] {manager.py:496} INFO - Created Permission View: can edit on DAG:example_xcom_args
[2021-10-29 07:07:41,662] {logging_mixin.py:109} INFO - [2021-10-29 07:07:41,662] {manager.py:496} INFO - Created Permission View: can read on DAG:example_xcom_args_with_operators
[2021-10-29 07:07:41,680] {logging_mixin.py:109} INFO - [2021-10-29 07:07:41,680] {manager.py:496} INFO - Created Permission View: can edit on DAG:example_xcom_args_with_operators
[2021-10-29 07:07:41,686] {logging_mixin.py:109} INFO - [2021-10-29 07:07:41,682] {dag.py:2389} INFO - Sync 2 DAGs
[2021-10-29 07:07:41,701] {logging_mixin.py:109} INFO - [2021-10-29 07:07:41,698] {dag.py:2408} INFO - Creating ORM DAG for example_xcom_args
[2021-10-29 07:07:41,703] {logging_mixin.py:109} INFO - [2021-10-29 07:07:41,703] {dag.py:2408} INFO - Creating ORM DAG for example_xcom_args_with_operators
[2021-10-29 07:07:41,710] {logging_mixin.py:109} INFO - [2021-10-29 07:07:41,710] {dag.py:2914} INFO - Setting next_dagrun for example_xcom_args to None
[2021-10-29 07:07:41,712] {logging_mixin.py:109} INFO - [2021-10-29 07:07:41,712] {dag.py:2914} INFO - Setting next_dagrun for example_xcom_args_with_operators to None
[2021-10-29 07:07:41,730] {processor.py:171} INFO - Processing /home/airflow/.local/lib/python3.6/site-packages/airflow/example_dags/example_xcomargs.py took 2.244 seconds
[2021-10-29 07:08:12,277] {processor.py:163} INFO - Started process (PID=393) to work on /home/airflow/.local/lib/python3.6/site-packages/airflow/example_dags/example_xcomargs.py
[2021-10-29 07:08:12,281] {processor.py:620} INFO - Processing file /home/airflow/.local/lib/python3.6/site-packages/airflow/example_dags/example_xcomargs.py for tasks to queue
[2021-10-29 07:08:12,283] {logging_mixin.py:109} INFO - [2021-10-29 07:08:12,283] {dagbag.py:500} INFO - Filling up the DagBag from /home/airflow/.local/lib/python3.6/site-packages/airflow/example_dags/example_xcomargs.py
[2021-10-29 07:08:12,329] {processor.py:632} INFO - DAG(s) dict_keys(['example_xcom_args', 'example_xcom_args_with_operators']) retrieved from /home/airflow/.local/lib/python3.6/site-packages/airflow/example_dags/example_xcomargs.py
[2021-10-29 07:08:12,535] {logging_mixin.py:109} INFO - [2021-10-29 07:08:12,535] {dag.py:2389} INFO - Sync 2 DAGs
[2021-10-29 07:08:12,554] {logging_mixin.py:109} INFO - [2021-10-29 07:08:12,554] {dag.py:2914} INFO - Setting next_dagrun for example_xcom_args to None
[2021-10-29 07:08:12,557] {logging_mixin.py:109} INFO - [2021-10-29 07:08:12,556] {dag.py:2914} INFO - Setting next_dagrun for example_xcom_args_with_operators to None
[2021-10-29 07:08:12,571] {processor.py:171} INFO - Processing /home/airflow/.local/lib/python3.6/site-packages/airflow/example_dags/example_xcomargs.py took 0.300 seconds
[2021-10-29 07:08:42,630] {processor.py:163} INFO - Started process (PID=448) to work on /home/airflow/.local/lib/python3.6/site-packages/airflow/example_dags/example_xcomargs.py
[2021-10-29 07:08:42,633] {processor.py:620} INFO - Processing file /home/airflow/.local/lib/python3.6/site-packages/airflow/example_dags/example_xcomargs.py for tasks to queue
[2021-10-29 07:08:42,635] {logging_mixin.py:109} INFO - [2021-10-29 07:08:42,635] {dagbag.py:500} INFO - Filling up the DagBag from /home/airflow/.local/lib/python3.6/site-packages/airflow/example_dags/example_xcomargs.py
[2021-10-29 07:08:42,695] {processor.py:632} INFO - DAG(s) dict_keys(['example_xcom_args', 'example_xcom_args_with_operators']) retrieved from /home/airflow/.local/lib/python3.6/site-packages/airflow/example_dags/example_xcomargs.py
[2021-10-29 07:08:42,966] {logging_mixin.py:109} INFO - [2021-10-29 07:08:42,966] {dag.py:2389} INFO - Sync 2 DAGs
[2021-10-29 07:08:42,982] {logging_mixin.py:109} INFO - [2021-10-29 07:08:42,982] {dag.py:2914} INFO - Setting next_dagrun for example_xcom_args to None
[2021-10-29 07:08:42,984] {logging_mixin.py:109} INFO - [2021-10-29 07:08:42,983] {dag.py:2914} INFO - Setting next_dagrun for example_xcom_args_with_operators to None
[2021-10-29 07:08:43,005] {processor.py:171} INFO - Processing /home/airflow/.local/lib/python3.6/site-packages/airflow/example_dags/example_xcomargs.py took 0.381 seconds
[2021-10-29 07:09:13,132] {processor.py:163} INFO - Started process (PID=514) to work on /home/airflow/.local/lib/python3.6/site-packages/airflow/example_dags/example_xcomargs.py
[2021-10-29 07:09:13,134] {processor.py:620} INFO - Processing file /home/airflow/.local/lib/python3.6/site-packages/airflow/example_dags/example_xcomargs.py for tasks to queue
[2021-10-29 07:09:13,136] {logging_mixin.py:109} INFO - [2021-10-29 07:09:13,135] {dagbag.py:500} INFO - Filling up the DagBag from /home/airflow/.local/lib/python3.6/site-packages/airflow/example_dags/example_xcomargs.py
[2021-10-29 07:09:13,181] {processor.py:632} INFO - DAG(s) dict_keys(['example_xcom_args', 'example_xcom_args_with_operators']) retrieved from /home/airflow/.local/lib/python3.6/site-packages/airflow/example_dags/example_xcomargs.py
[2021-10-29 07:09:13,385] {logging_mixin.py:109} INFO - [2021-10-29 07:09:13,385] {dag.py:2389} INFO - Sync 2 DAGs
[2021-10-29 07:09:13,401] {logging_mixin.py:109} INFO - [2021-10-29 07:09:13,401] {dag.py:2914} INFO - Setting next_dagrun for example_xcom_args to None
[2021-10-29 07:09:13,402] {logging_mixin.py:109} INFO - [2021-10-29 07:09:13,402] {dag.py:2914} INFO - Setting next_dagrun for example_xcom_args_with_operators to None
[2021-10-29 07:09:13,421] {processor.py:171} INFO - Processing /home/airflow/.local/lib/python3.6/site-packages/airflow/example_dags/example_xcomargs.py took 0.293 seconds
[2021-10-29 07:09:43,528] {processor.py:163} INFO - Started process (PID=569) to work on /home/airflow/.local/lib/python3.6/site-packages/airflow/example_dags/example_xcomargs.py
[2021-10-29 07:09:43,531] {processor.py:620} INFO - Processing file /home/airflow/.local/lib/python3.6/site-packages/airflow/example_dags/example_xcomargs.py for tasks to queue
[2021-10-29 07:09:43,532] {logging_mixin.py:109} INFO - [2021-10-29 07:09:43,532] {dagbag.py:500} INFO - Filling up the DagBag from /home/airflow/.local/lib/python3.6/site-packages/airflow/example_dags/example_xcomargs.py
[2021-10-29 07:09:43,581] {processor.py:632} INFO - DAG(s) dict_keys(['example_xcom_args', 'example_xcom_args_with_operators']) retrieved from /home/airflow/.local/lib/python3.6/site-packages/airflow/example_dags/example_xcomargs.py
[2021-10-29 07:09:43,601] {logging_mixin.py:109} INFO - [2021-10-29 07:09:43,601] {dag.py:2389} INFO - Sync 2 DAGs
[2021-10-29 07:09:43,616] {logging_mixin.py:109} INFO - [2021-10-29 07:09:43,615] {dag.py:2914} INFO - Setting next_dagrun for example_xcom_args to None
[2021-10-29 07:09:43,619] {logging_mixin.py:109} INFO - [2021-10-29 07:09:43,619] {dag.py:2914} INFO - Setting next_dagrun for example_xcom_args_with_operators to None
[2021-10-29 07:09:43,634] {processor.py:171} INFO - Processing /home/airflow/.local/lib/python3.6/site-packages/airflow/example_dags/example_xcomargs.py took 0.111 seconds
[2021-10-29 07:10:13,995] {processor.py:163} INFO - Started process (PID=636) to work on /home/airflow/.local/lib/python3.6/site-packages/airflow/example_dags/example_xcomargs.py
[2021-10-29 07:10:14,001] {processor.py:620} INFO - Processing file /home/airflow/.local/lib/python3.6/site-packages/airflow/example_dags/example_xcomargs.py for tasks to queue
[2021-10-29 07:10:14,005] {logging_mixin.py:109} INFO - [2021-10-29 07:10:14,004] {dagbag.py:500} INFO - Filling up the DagBag from /home/airflow/.local/lib/python3.6/site-packages/airflow/example_dags/example_xcomargs.py
[2021-10-29 07:10:14,102] {processor.py:632} INFO - DAG(s) dict_keys(['example_xcom_args', 'example_xcom_args_with_operators']) retrieved from /home/airflow/.local/lib/python3.6/site-packages/airflow/example_dags/example_xcomargs.py
[2021-10-29 07:10:14,494] {logging_mixin.py:109} INFO - [2021-10-29 07:10:14,493] {dag.py:2389} INFO - Sync 2 DAGs
[2021-10-29 07:10:14,510] {logging_mixin.py:109} INFO - [2021-10-29 07:10:14,510] {dag.py:2914} INFO - Setting next_dagrun for example_xcom_args to None
[2021-10-29 07:10:14,512] {logging_mixin.py:109} INFO - [2021-10-29 07:10:14,512] {dag.py:2914} INFO - Setting next_dagrun for example_xcom_args_with_operators to None
[2021-10-29 07:10:14,539] {processor.py:171} INFO - Processing /home/airflow/.local/lib/python3.6/site-packages/airflow/example_dags/example_xcomargs.py took 0.552 seconds
[2021-10-29 07:10:44,850] {processor.py:163} INFO - Started process (PID=691) to work on /home/airflow/.local/lib/python3.6/site-packages/airflow/example_dags/example_xcomargs.py
[2021-10-29 07:10:44,853] {processor.py:620} INFO - Processing file /home/airflow/.local/lib/python3.6/site-packages/airflow/example_dags/example_xcomargs.py for tasks to queue
[2021-10-29 07:10:44,854] {logging_mixin.py:109} INFO - [2021-10-29 07:10:44,854] {dagbag.py:500} INFO - Filling up the DagBag from /home/airflow/.local/lib/python3.6/site-packages/airflow/example_dags/example_xcomargs.py
[2021-10-29 07:10:44,910] {processor.py:632} INFO - DAG(s) dict_keys(['example_xcom_args', 'example_xcom_args_with_operators']) retrieved from /home/airflow/.local/lib/python3.6/site-packages/airflow/example_dags/example_xcomargs.py
[2021-10-29 07:10:45,152] {logging_mixin.py:109} INFO - [2021-10-29 07:10:45,151] {dag.py:2389} INFO - Sync 2 DAGs
[2021-10-29 07:10:45,164] {logging_mixin.py:109} INFO - [2021-10-29 07:10:45,164] {dag.py:2914} INFO - Setting next_dagrun for example_xcom_args to None
[2021-10-29 07:10:45,166] {logging_mixin.py:109} INFO - [2021-10-29 07:10:45,166] {dag.py:2914} INFO - Setting next_dagrun for example_xcom_args_with_operators to None
[2021-10-29 07:10:45,186] {processor.py:171} INFO - Processing /home/airflow/.local/lib/python3.6/site-packages/airflow/example_dags/example_xcomargs.py took 0.341 seconds
[2021-10-29 07:11:15,485] {processor.py:163} INFO - Started process (PID=746) to work on /home/airflow/.local/lib/python3.6/site-packages/airflow/example_dags/example_xcomargs.py
[2021-10-29 07:11:15,488] {processor.py:620} INFO - Processing file /home/airflow/.local/lib/python3.6/site-packages/airflow/example_dags/example_xcomargs.py for tasks to queue
[2021-10-29 07:11:15,489] {logging_mixin.py:109} INFO - [2021-10-29 07:11:15,489] {dagbag.py:500} INFO - Filling up the DagBag from /home/airflow/.local/lib/python3.6/site-packages/airflow/example_dags/example_xcomargs.py
[2021-10-29 07:11:15,541] {processor.py:632} INFO - DAG(s) dict_keys(['example_xcom_args', 'example_xcom_args_with_operators']) retrieved from /home/airflow/.local/lib/python3.6/site-packages/airflow/example_dags/example_xcomargs.py
[2021-10-29 07:11:15,769] {logging_mixin.py:109} INFO - [2021-10-29 07:11:15,769] {dag.py:2389} INFO - Sync 2 DAGs
[2021-10-29 07:11:15,782] {logging_mixin.py:109} INFO - [2021-10-29 07:11:15,782] {dag.py:2914} INFO - Setting next_dagrun for example_xcom_args to None
[2021-10-29 07:11:15,784] {logging_mixin.py:109} INFO - [2021-10-29 07:11:15,784] {dag.py:2914} INFO - Setting next_dagrun for example_xcom_args_with_operators to None
[2021-10-29 07:11:15,799] {processor.py:171} INFO - Processing /home/airflow/.local/lib/python3.6/site-packages/airflow/example_dags/example_xcomargs.py took 0.320 seconds
[2021-10-29 07:11:46,139] {processor.py:163} INFO - Started process (PID=812) to work on /home/airflow/.local/lib/python3.6/site-packages/airflow/example_dags/example_xcomargs.py
[2021-10-29 07:11:46,142] {processor.py:620} INFO - Processing file /home/airflow/.local/lib/python3.6/site-packages/airflow/example_dags/example_xcomargs.py for tasks to queue
[2021-10-29 07:11:46,144] {logging_mixin.py:109} INFO - [2021-10-29 07:11:46,143] {dagbag.py:500} INFO - Filling up the DagBag from /home/airflow/.local/lib/python3.6/site-packages/airflow/example_dags/example_xcomargs.py
[2021-10-29 07:11:46,195] {processor.py:632} INFO - DAG(s) dict_keys(['example_xcom_args', 'example_xcom_args_with_operators']) retrieved from /home/airflow/.local/lib/python3.6/site-packages/airflow/example_dags/example_xcomargs.py
[2021-10-29 07:11:46,467] {logging_mixin.py:109} INFO - [2021-10-29 07:11:46,467] {dag.py:2389} INFO - Sync 2 DAGs
[2021-10-29 07:11:46,479] {logging_mixin.py:109} INFO - [2021-10-29 07:11:46,479] {dag.py:2914} INFO - Setting next_dagrun for example_xcom_args to None
[2021-10-29 07:11:46,481] {logging_mixin.py:109} INFO - [2021-10-29 07:11:46,481] {dag.py:2914} INFO - Setting next_dagrun for example_xcom_args_with_operators to None
[2021-10-29 07:11:46,498] {processor.py:171} INFO - Processing /home/airflow/.local/lib/python3.6/site-packages/airflow/example_dags/example_xcomargs.py took 0.362 seconds
[2021-10-29 07:12:16,877] {processor.py:163} INFO - Started process (PID=865) to work on /home/airflow/.local/lib/python3.6/site-packages/airflow/example_dags/example_xcomargs.py
[2021-10-29 07:12:16,880] {processor.py:620} INFO - Processing file /home/airflow/.local/lib/python3.6/site-packages/airflow/example_dags/example_xcomargs.py for tasks to queue
[2021-10-29 07:12:16,881] {logging_mixin.py:109} INFO - [2021-10-29 07:12:16,881] {dagbag.py:500} INFO - Filling up the DagBag from /home/airflow/.local/lib/python3.6/site-packages/airflow/example_dags/example_xcomargs.py
[2021-10-29 07:12:16,923] {processor.py:632} INFO - DAG(s) dict_keys(['example_xcom_args', 'example_xcom_args_with_operators']) retrieved from /home/airflow/.local/lib/python3.6/site-packages/airflow/example_dags/example_xcomargs.py
[2021-10-29 07:12:17,149] {logging_mixin.py:109} INFO - [2021-10-29 07:12:17,149] {dag.py:2389} INFO - Sync 2 DAGs
[2021-10-29 07:12:17,161] {logging_mixin.py:109} INFO - [2021-10-29 07:12:17,161] {dag.py:2914} INFO - Setting next_dagrun for example_xcom_args to None
[2021-10-29 07:12:17,163] {logging_mixin.py:109} INFO - [2021-10-29 07:12:17,162] {dag.py:2914} INFO - Setting next_dagrun for example_xcom_args_with_operators to None
[2021-10-29 07:12:17,178] {processor.py:171} INFO - Processing /home/airflow/.local/lib/python3.6/site-packages/airflow/example_dags/example_xcomargs.py took 0.307 seconds
[2021-10-29 07:12:48,065] {processor.py:163} INFO - Started process (PID=931) to work on /home/airflow/.local/lib/python3.6/site-packages/airflow/example_dags/example_xcomargs.py
[2021-10-29 07:12:48,067] {processor.py:620} INFO - Processing file /home/airflow/.local/lib/python3.6/site-packages/airflow/example_dags/example_xcomargs.py for tasks to queue
[2021-10-29 07:12:48,069] {logging_mixin.py:109} INFO - [2021-10-29 07:12:48,069] {dagbag.py:500} INFO - Filling up the DagBag from /home/airflow/.local/lib/python3.6/site-packages/airflow/example_dags/example_xcomargs.py
[2021-10-29 07:12:48,113] {processor.py:632} INFO - DAG(s) dict_keys(['example_xcom_args', 'example_xcom_args_with_operators']) retrieved from /home/airflow/.local/lib/python3.6/site-packages/airflow/example_dags/example_xcomargs.py
[2021-10-29 07:12:48,332] {logging_mixin.py:109} INFO - [2021-10-29 07:12:48,332] {dag.py:2389} INFO - Sync 2 DAGs
[2021-10-29 07:12:48,344] {logging_mixin.py:109} INFO - [2021-10-29 07:12:48,344] {dag.py:2914} INFO - Setting next_dagrun for example_xcom_args to None
[2021-10-29 07:12:48,346] {logging_mixin.py:109} INFO - [2021-10-29 07:12:48,346] {dag.py:2914} INFO - Setting next_dagrun for example_xcom_args_with_operators to None
[2021-10-29 07:12:48,361] {processor.py:171} INFO - Processing /home/airflow/.local/lib/python3.6/site-packages/airflow/example_dags/example_xcomargs.py took 0.303 seconds
[2021-10-29 07:13:18,897] {processor.py:163} INFO - Started process (PID=987) to work on /home/airflow/.local/lib/python3.6/site-packages/airflow/example_dags/example_xcomargs.py
[2021-10-29 07:13:18,900] {processor.py:620} INFO - Processing file /home/airflow/.local/lib/python3.6/site-packages/airflow/example_dags/example_xcomargs.py for tasks to queue
[2021-10-29 07:13:18,901] {logging_mixin.py:109} INFO - [2021-10-29 07:13:18,901] {dagbag.py:500} INFO - Filling up the DagBag from /home/airflow/.local/lib/python3.6/site-packages/airflow/example_dags/example_xcomargs.py
[2021-10-29 07:13:18,947] {processor.py:632} INFO - DAG(s) dict_keys(['example_xcom_args', 'example_xcom_args_with_operators']) retrieved from /home/airflow/.local/lib/python3.6/site-packages/airflow/example_dags/example_xcomargs.py
[2021-10-29 07:13:19,231] {logging_mixin.py:109} INFO - [2021-10-29 07:13:19,231] {dag.py:2389} INFO - Sync 2 DAGs
[2021-10-29 07:13:19,246] {logging_mixin.py:109} INFO - [2021-10-29 07:13:19,246] {dag.py:2914} INFO - Setting next_dagrun for example_xcom_args to None
[2021-10-29 07:13:19,248] {logging_mixin.py:109} INFO - [2021-10-29 07:13:19,248] {dag.py:2914} INFO - Setting next_dagrun for example_xcom_args_with_operators to None
[2021-10-29 07:13:19,269] {processor.py:171} INFO - Processing /home/airflow/.local/lib/python3.6/site-packages/airflow/example_dags/example_xcomargs.py took 0.377 seconds
[2021-10-29 07:13:49,847] {processor.py:163} INFO - Started process (PID=1053) to work on /home/airflow/.local/lib/python3.6/site-packages/airflow/example_dags/example_xcomargs.py
[2021-10-29 07:13:49,849] {processor.py:620} INFO - Processing file /home/airflow/.local/lib/python3.6/site-packages/airflow/example_dags/example_xcomargs.py for tasks to queue
[2021-10-29 07:13:49,851] {logging_mixin.py:109} INFO - [2021-10-29 07:13:49,851] {dagbag.py:500} INFO - Filling up the DagBag from /home/airflow/.local/lib/python3.6/site-packages/airflow/example_dags/example_xcomargs.py
[2021-10-29 07:13:49,905] {processor.py:632} INFO - DAG(s) dict_keys(['example_xcom_args', 'example_xcom_args_with_operators']) retrieved from /home/airflow/.local/lib/python3.6/site-packages/airflow/example_dags/example_xcomargs.py
[2021-10-29 07:13:50,112] {logging_mixin.py:109} INFO - [2021-10-29 07:13:50,112] {dag.py:2389} INFO - Sync 2 DAGs
[2021-10-29 07:13:50,126] {logging_mixin.py:109} INFO - [2021-10-29 07:13:50,126] {dag.py:2914} INFO - Setting next_dagrun for example_xcom_args to None
[2021-10-29 07:13:50,127] {logging_mixin.py:109} INFO - [2021-10-29 07:13:50,127] {dag.py:2914} INFO - Setting next_dagrun for example_xcom_args_with_operators to None
[2021-10-29 07:13:50,142] {processor.py:171} INFO - Processing /home/airflow/.local/lib/python3.6/site-packages/airflow/example_dags/example_xcomargs.py took 0.304 seconds
[2021-10-29 07:14:20,505] {processor.py:163} INFO - Started process (PID=1109) to work on /home/airflow/.local/lib/python3.6/site-packages/airflow/example_dags/example_xcomargs.py
[2021-10-29 07:14:20,507] {processor.py:620} INFO - Processing file /home/airflow/.local/lib/python3.6/site-packages/airflow/example_dags/example_xcomargs.py for tasks to queue
[2021-10-29 07:14:20,509] {logging_mixin.py:109} INFO - [2021-10-29 07:14:20,509] {dagbag.py:500} INFO - Filling up the DagBag from /home/airflow/.local/lib/python3.6/site-packages/airflow/example_dags/example_xcomargs.py
[2021-10-29 07:14:20,556] {processor.py:632} INFO - DAG(s) dict_keys(['example_xcom_args', 'example_xcom_args_with_operators']) retrieved from /home/airflow/.local/lib/python3.6/site-packages/airflow/example_dags/example_xcomargs.py
[2021-10-29 07:14:20,812] {logging_mixin.py:109} INFO - [2021-10-29 07:14:20,812] {dag.py:2389} INFO - Sync 2 DAGs
[2021-10-29 07:14:20,825] {logging_mixin.py:109} INFO - [2021-10-29 07:14:20,825] {dag.py:2914} INFO - Setting next_dagrun for example_xcom_args to None
[2021-10-29 07:14:20,826] {logging_mixin.py:109} INFO - [2021-10-29 07:14:20,826] {dag.py:2914} INFO - Setting next_dagrun for example_xcom_args_with_operators to None
[2021-10-29 07:14:20,842] {processor.py:171} INFO - Processing /home/airflow/.local/lib/python3.6/site-packages/airflow/example_dags/example_xcomargs.py took 0.341 seconds
[2021-10-29 07:14:51,210] {processor.py:163} INFO - Started process (PID=1176) to work on /home/airflow/.local/lib/python3.6/site-packages/airflow/example_dags/example_xcomargs.py
[2021-10-29 07:14:51,212] {processor.py:620} INFO - Processing file /home/airflow/.local/lib/python3.6/site-packages/airflow/example_dags/example_xcomargs.py for tasks to queue
[2021-10-29 07:14:51,214] {logging_mixin.py:109} INFO - [2021-10-29 07:14:51,214] {dagbag.py:500} INFO - Filling up the DagBag from /home/airflow/.local/lib/python3.6/site-packages/airflow/example_dags/example_xcomargs.py
[2021-10-29 07:14:51,257] {processor.py:632} INFO - DAG(s) dict_keys(['example_xcom_args', 'example_xcom_args_with_operators']) retrieved from /home/airflow/.local/lib/python3.6/site-packages/airflow/example_dags/example_xcomargs.py
[2021-10-29 07:14:51,464] {logging_mixin.py:109} INFO - [2021-10-29 07:14:51,464] {dag.py:2389} INFO - Sync 2 DAGs
[2021-10-29 07:14:51,477] {logging_mixin.py:109} INFO - [2021-10-29 07:14:51,477] {dag.py:2914} INFO - Setting next_dagrun for example_xcom_args to None
[2021-10-29 07:14:51,479] {logging_mixin.py:109} INFO - [2021-10-29 07:14:51,479] {dag.py:2914} INFO - Setting next_dagrun for example_xcom_args_with_operators to None
[2021-10-29 07:14:51,495] {processor.py:171} INFO - Processing /home/airflow/.local/lib/python3.6/site-packages/airflow/example_dags/example_xcomargs.py took 0.290 seconds
[2021-10-29 07:15:22,316] {processor.py:163} INFO - Started process (PID=1229) to work on /home/airflow/.local/lib/python3.6/site-packages/airflow/example_dags/example_xcomargs.py
[2021-10-29 07:15:22,322] {processor.py:620} INFO - Processing file /home/airflow/.local/lib/python3.6/site-packages/airflow/example_dags/example_xcomargs.py for tasks to queue
[2021-10-29 07:15:22,324] {logging_mixin.py:109} INFO - [2021-10-29 07:15:22,324] {dagbag.py:500} INFO - Filling up the DagBag from /home/airflow/.local/lib/python3.6/site-packages/airflow/example_dags/example_xcomargs.py
[2021-10-29 07:15:24,962] {logging_mixin.py:109} INFO - [2021-10-29 07:15:24,961] {process_utils.py:212} INFO - Waiting up to 5 seconds for processes to exit...
