[2021-10-29 07:07:43,519] {processor.py:163} INFO - Started process (PID=303) to work on /home/airflow/.local/lib/python3.6/site-packages/airflow/example_dags/example_trigger_target_dag.py
[2021-10-29 07:07:43,523] {processor.py:620} INFO - Processing file /home/airflow/.local/lib/python3.6/site-packages/airflow/example_dags/example_trigger_target_dag.py for tasks to queue
[2021-10-29 07:07:43,526] {logging_mixin.py:109} INFO - [2021-10-29 07:07:43,525] {dagbag.py:500} INFO - Filling up the DagBag from /home/airflow/.local/lib/python3.6/site-packages/airflow/example_dags/example_trigger_target_dag.py
[2021-10-29 07:07:43,579] {processor.py:632} INFO - DAG(s) dict_keys(['example_trigger_target_dag']) retrieved from /home/airflow/.local/lib/python3.6/site-packages/airflow/example_dags/example_trigger_target_dag.py
[2021-10-29 07:07:45,457] {logging_mixin.py:109} INFO - [2021-10-29 07:07:45,457] {providers_manager.py:156} WARNING - Exception when importing 'airflow.providers.google.leveldb.hooks.leveldb.LevelDBHook' from 'apache-airflow-providers-google' package: No module named 'plyvel'
[2021-10-29 07:07:45,895] {logging_mixin.py:109} INFO - [2021-10-29 07:07:45,895] {providers_manager.py:156} WARNING - Exception when importing 'airflow.providers.google.leveldb.hooks.leveldb.LevelDBHook' from 'apache-airflow-providers-google' package: No module named 'plyvel'
[2021-10-29 07:07:45,926] {logging_mixin.py:109} INFO - [2021-10-29 07:07:45,926] {manager.py:496} INFO - Created Permission View: can read on DAG:example_trigger_target_dag
[2021-10-29 07:07:45,942] {logging_mixin.py:109} INFO - [2021-10-29 07:07:45,942] {manager.py:496} INFO - Created Permission View: can edit on DAG:example_trigger_target_dag
[2021-10-29 07:07:45,946] {logging_mixin.py:109} INFO - [2021-10-29 07:07:45,944] {dag.py:2389} INFO - Sync 1 DAGs
[2021-10-29 07:07:46,070] {logging_mixin.py:109} INFO - [2021-10-29 07:07:46,068] {dag.py:2408} INFO - Creating ORM DAG for example_trigger_target_dag
[2021-10-29 07:07:46,077] {logging_mixin.py:109} INFO - [2021-10-29 07:07:46,077] {dag.py:2914} INFO - Setting next_dagrun for example_trigger_target_dag to None
[2021-10-29 07:07:46,096] {processor.py:171} INFO - Processing /home/airflow/.local/lib/python3.6/site-packages/airflow/example_dags/example_trigger_target_dag.py took 2.582 seconds
[2021-10-29 07:08:16,754] {processor.py:163} INFO - Started process (PID=396) to work on /home/airflow/.local/lib/python3.6/site-packages/airflow/example_dags/example_trigger_target_dag.py
[2021-10-29 07:08:16,757] {processor.py:620} INFO - Processing file /home/airflow/.local/lib/python3.6/site-packages/airflow/example_dags/example_trigger_target_dag.py for tasks to queue
[2021-10-29 07:08:16,759] {logging_mixin.py:109} INFO - [2021-10-29 07:08:16,759] {dagbag.py:500} INFO - Filling up the DagBag from /home/airflow/.local/lib/python3.6/site-packages/airflow/example_dags/example_trigger_target_dag.py
[2021-10-29 07:08:16,803] {processor.py:632} INFO - DAG(s) dict_keys(['example_trigger_target_dag']) retrieved from /home/airflow/.local/lib/python3.6/site-packages/airflow/example_dags/example_trigger_target_dag.py
[2021-10-29 07:08:16,818] {logging_mixin.py:109} INFO - [2021-10-29 07:08:16,818] {dag.py:2389} INFO - Sync 1 DAGs
[2021-10-29 07:08:16,832] {logging_mixin.py:109} INFO - [2021-10-29 07:08:16,832] {dag.py:2914} INFO - Setting next_dagrun for example_trigger_target_dag to None
[2021-10-29 07:08:16,844] {processor.py:171} INFO - Processing /home/airflow/.local/lib/python3.6/site-packages/airflow/example_dags/example_trigger_target_dag.py took 0.093 seconds
[2021-10-29 07:08:47,180] {processor.py:163} INFO - Started process (PID=461) to work on /home/airflow/.local/lib/python3.6/site-packages/airflow/example_dags/example_trigger_target_dag.py
[2021-10-29 07:08:47,183] {processor.py:620} INFO - Processing file /home/airflow/.local/lib/python3.6/site-packages/airflow/example_dags/example_trigger_target_dag.py for tasks to queue
[2021-10-29 07:08:47,184] {logging_mixin.py:109} INFO - [2021-10-29 07:08:47,184] {dagbag.py:500} INFO - Filling up the DagBag from /home/airflow/.local/lib/python3.6/site-packages/airflow/example_dags/example_trigger_target_dag.py
[2021-10-29 07:08:47,226] {processor.py:632} INFO - DAG(s) dict_keys(['example_trigger_target_dag']) retrieved from /home/airflow/.local/lib/python3.6/site-packages/airflow/example_dags/example_trigger_target_dag.py
[2021-10-29 07:08:47,240] {logging_mixin.py:109} INFO - [2021-10-29 07:08:47,240] {dag.py:2389} INFO - Sync 1 DAGs
[2021-10-29 07:08:47,253] {logging_mixin.py:109} INFO - [2021-10-29 07:08:47,253] {dag.py:2914} INFO - Setting next_dagrun for example_trigger_target_dag to None
[2021-10-29 07:08:47,267] {processor.py:171} INFO - Processing /home/airflow/.local/lib/python3.6/site-packages/airflow/example_dags/example_trigger_target_dag.py took 0.091 seconds
[2021-10-29 07:09:17,603] {processor.py:163} INFO - Started process (PID=517) to work on /home/airflow/.local/lib/python3.6/site-packages/airflow/example_dags/example_trigger_target_dag.py
[2021-10-29 07:09:17,606] {processor.py:620} INFO - Processing file /home/airflow/.local/lib/python3.6/site-packages/airflow/example_dags/example_trigger_target_dag.py for tasks to queue
[2021-10-29 07:09:17,608] {logging_mixin.py:109} INFO - [2021-10-29 07:09:17,607] {dagbag.py:500} INFO - Filling up the DagBag from /home/airflow/.local/lib/python3.6/site-packages/airflow/example_dags/example_trigger_target_dag.py
[2021-10-29 07:09:17,647] {processor.py:632} INFO - DAG(s) dict_keys(['example_trigger_target_dag']) retrieved from /home/airflow/.local/lib/python3.6/site-packages/airflow/example_dags/example_trigger_target_dag.py
[2021-10-29 07:09:17,660] {logging_mixin.py:109} INFO - [2021-10-29 07:09:17,660] {dag.py:2389} INFO - Sync 1 DAGs
[2021-10-29 07:09:17,674] {logging_mixin.py:109} INFO - [2021-10-29 07:09:17,674] {dag.py:2914} INFO - Setting next_dagrun for example_trigger_target_dag to None
[2021-10-29 07:09:17,686] {processor.py:171} INFO - Processing /home/airflow/.local/lib/python3.6/site-packages/airflow/example_dags/example_trigger_target_dag.py took 0.087 seconds
[2021-10-29 07:09:47,795] {processor.py:163} INFO - Started process (PID=572) to work on /home/airflow/.local/lib/python3.6/site-packages/airflow/example_dags/example_trigger_target_dag.py
[2021-10-29 07:09:47,799] {processor.py:620} INFO - Processing file /home/airflow/.local/lib/python3.6/site-packages/airflow/example_dags/example_trigger_target_dag.py for tasks to queue
[2021-10-29 07:09:47,803] {logging_mixin.py:109} INFO - [2021-10-29 07:09:47,802] {dagbag.py:500} INFO - Filling up the DagBag from /home/airflow/.local/lib/python3.6/site-packages/airflow/example_dags/example_trigger_target_dag.py
[2021-10-29 07:09:47,858] {processor.py:632} INFO - DAG(s) dict_keys(['example_trigger_target_dag']) retrieved from /home/airflow/.local/lib/python3.6/site-packages/airflow/example_dags/example_trigger_target_dag.py
[2021-10-29 07:09:47,888] {logging_mixin.py:109} INFO - [2021-10-29 07:09:47,888] {dag.py:2389} INFO - Sync 1 DAGs
[2021-10-29 07:09:47,907] {logging_mixin.py:109} INFO - [2021-10-29 07:09:47,906] {dag.py:2914} INFO - Setting next_dagrun for example_trigger_target_dag to None
[2021-10-29 07:09:47,924] {processor.py:171} INFO - Processing /home/airflow/.local/lib/python3.6/site-packages/airflow/example_dags/example_trigger_target_dag.py took 0.136 seconds
[2021-10-29 07:10:18,116] {processor.py:163} INFO - Started process (PID=639) to work on /home/airflow/.local/lib/python3.6/site-packages/airflow/example_dags/example_trigger_target_dag.py
[2021-10-29 07:10:18,119] {processor.py:620} INFO - Processing file /home/airflow/.local/lib/python3.6/site-packages/airflow/example_dags/example_trigger_target_dag.py for tasks to queue
[2021-10-29 07:10:18,121] {logging_mixin.py:109} INFO - [2021-10-29 07:10:18,120] {dagbag.py:500} INFO - Filling up the DagBag from /home/airflow/.local/lib/python3.6/site-packages/airflow/example_dags/example_trigger_target_dag.py
[2021-10-29 07:10:18,156] {processor.py:632} INFO - DAG(s) dict_keys(['example_trigger_target_dag']) retrieved from /home/airflow/.local/lib/python3.6/site-packages/airflow/example_dags/example_trigger_target_dag.py
[2021-10-29 07:10:18,171] {logging_mixin.py:109} INFO - [2021-10-29 07:10:18,171] {dag.py:2389} INFO - Sync 1 DAGs
[2021-10-29 07:10:18,185] {logging_mixin.py:109} INFO - [2021-10-29 07:10:18,185] {dag.py:2914} INFO - Setting next_dagrun for example_trigger_target_dag to None
[2021-10-29 07:10:18,197] {processor.py:171} INFO - Processing /home/airflow/.local/lib/python3.6/site-packages/airflow/example_dags/example_trigger_target_dag.py took 0.085 seconds
[2021-10-29 07:10:48,393] {processor.py:163} INFO - Started process (PID=694) to work on /home/airflow/.local/lib/python3.6/site-packages/airflow/example_dags/example_trigger_target_dag.py
[2021-10-29 07:10:48,396] {processor.py:620} INFO - Processing file /home/airflow/.local/lib/python3.6/site-packages/airflow/example_dags/example_trigger_target_dag.py for tasks to queue
[2021-10-29 07:10:48,398] {logging_mixin.py:109} INFO - [2021-10-29 07:10:48,398] {dagbag.py:500} INFO - Filling up the DagBag from /home/airflow/.local/lib/python3.6/site-packages/airflow/example_dags/example_trigger_target_dag.py
[2021-10-29 07:10:48,438] {processor.py:632} INFO - DAG(s) dict_keys(['example_trigger_target_dag']) retrieved from /home/airflow/.local/lib/python3.6/site-packages/airflow/example_dags/example_trigger_target_dag.py
[2021-10-29 07:10:48,466] {logging_mixin.py:109} INFO - [2021-10-29 07:10:48,466] {dag.py:2389} INFO - Sync 1 DAGs
[2021-10-29 07:10:48,479] {logging_mixin.py:109} INFO - [2021-10-29 07:10:48,479] {dag.py:2914} INFO - Setting next_dagrun for example_trigger_target_dag to None
[2021-10-29 07:10:48,491] {processor.py:171} INFO - Processing /home/airflow/.local/lib/python3.6/site-packages/airflow/example_dags/example_trigger_target_dag.py took 0.102 seconds
[2021-10-29 07:11:18,981] {processor.py:163} INFO - Started process (PID=760) to work on /home/airflow/.local/lib/python3.6/site-packages/airflow/example_dags/example_trigger_target_dag.py
[2021-10-29 07:11:18,985] {processor.py:620} INFO - Processing file /home/airflow/.local/lib/python3.6/site-packages/airflow/example_dags/example_trigger_target_dag.py for tasks to queue
[2021-10-29 07:11:18,987] {logging_mixin.py:109} INFO - [2021-10-29 07:11:18,987] {dagbag.py:500} INFO - Filling up the DagBag from /home/airflow/.local/lib/python3.6/site-packages/airflow/example_dags/example_trigger_target_dag.py
[2021-10-29 07:11:19,038] {processor.py:632} INFO - DAG(s) dict_keys(['example_trigger_target_dag']) retrieved from /home/airflow/.local/lib/python3.6/site-packages/airflow/example_dags/example_trigger_target_dag.py
[2021-10-29 07:11:19,058] {logging_mixin.py:109} INFO - [2021-10-29 07:11:19,057] {dag.py:2389} INFO - Sync 1 DAGs
[2021-10-29 07:11:19,078] {logging_mixin.py:109} INFO - [2021-10-29 07:11:19,078] {dag.py:2914} INFO - Setting next_dagrun for example_trigger_target_dag to None
[2021-10-29 07:11:19,096] {processor.py:171} INFO - Processing /home/airflow/.local/lib/python3.6/site-packages/airflow/example_dags/example_trigger_target_dag.py took 0.119 seconds
[2021-10-29 07:11:49,277] {processor.py:163} INFO - Started process (PID=815) to work on /home/airflow/.local/lib/python3.6/site-packages/airflow/example_dags/example_trigger_target_dag.py
[2021-10-29 07:11:49,280] {processor.py:620} INFO - Processing file /home/airflow/.local/lib/python3.6/site-packages/airflow/example_dags/example_trigger_target_dag.py for tasks to queue
[2021-10-29 07:11:49,282] {logging_mixin.py:109} INFO - [2021-10-29 07:11:49,282] {dagbag.py:500} INFO - Filling up the DagBag from /home/airflow/.local/lib/python3.6/site-packages/airflow/example_dags/example_trigger_target_dag.py
[2021-10-29 07:11:49,328] {processor.py:632} INFO - DAG(s) dict_keys(['example_trigger_target_dag']) retrieved from /home/airflow/.local/lib/python3.6/site-packages/airflow/example_dags/example_trigger_target_dag.py
[2021-10-29 07:11:49,419] {logging_mixin.py:109} INFO - [2021-10-29 07:11:49,419] {dag.py:2389} INFO - Sync 1 DAGs
[2021-10-29 07:11:49,433] {logging_mixin.py:109} INFO - [2021-10-29 07:11:49,432] {dag.py:2914} INFO - Setting next_dagrun for example_trigger_target_dag to None
[2021-10-29 07:11:49,447] {processor.py:171} INFO - Processing /home/airflow/.local/lib/python3.6/site-packages/airflow/example_dags/example_trigger_target_dag.py took 0.174 seconds
[2021-10-29 07:12:20,366] {processor.py:163} INFO - Started process (PID=879) to work on /home/airflow/.local/lib/python3.6/site-packages/airflow/example_dags/example_trigger_target_dag.py
[2021-10-29 07:12:20,369] {processor.py:620} INFO - Processing file /home/airflow/.local/lib/python3.6/site-packages/airflow/example_dags/example_trigger_target_dag.py for tasks to queue
[2021-10-29 07:12:20,370] {logging_mixin.py:109} INFO - [2021-10-29 07:12:20,370] {dagbag.py:500} INFO - Filling up the DagBag from /home/airflow/.local/lib/python3.6/site-packages/airflow/example_dags/example_trigger_target_dag.py
[2021-10-29 07:12:20,410] {processor.py:632} INFO - DAG(s) dict_keys(['example_trigger_target_dag']) retrieved from /home/airflow/.local/lib/python3.6/site-packages/airflow/example_dags/example_trigger_target_dag.py
[2021-10-29 07:12:20,426] {logging_mixin.py:109} INFO - [2021-10-29 07:12:20,425] {dag.py:2389} INFO - Sync 1 DAGs
[2021-10-29 07:12:20,454] {logging_mixin.py:109} INFO - [2021-10-29 07:12:20,454] {dag.py:2914} INFO - Setting next_dagrun for example_trigger_target_dag to None
[2021-10-29 07:12:20,467] {processor.py:171} INFO - Processing /home/airflow/.local/lib/python3.6/site-packages/airflow/example_dags/example_trigger_target_dag.py took 0.106 seconds
[2021-10-29 07:12:50,535] {processor.py:163} INFO - Started process (PID=934) to work on /home/airflow/.local/lib/python3.6/site-packages/airflow/example_dags/example_trigger_target_dag.py
[2021-10-29 07:12:50,538] {processor.py:620} INFO - Processing file /home/airflow/.local/lib/python3.6/site-packages/airflow/example_dags/example_trigger_target_dag.py for tasks to queue
[2021-10-29 07:12:50,541] {logging_mixin.py:109} INFO - [2021-10-29 07:12:50,540] {dagbag.py:500} INFO - Filling up the DagBag from /home/airflow/.local/lib/python3.6/site-packages/airflow/example_dags/example_trigger_target_dag.py
[2021-10-29 07:12:50,578] {processor.py:632} INFO - DAG(s) dict_keys(['example_trigger_target_dag']) retrieved from /home/airflow/.local/lib/python3.6/site-packages/airflow/example_dags/example_trigger_target_dag.py
[2021-10-29 07:12:50,591] {logging_mixin.py:109} INFO - [2021-10-29 07:12:50,591] {dag.py:2389} INFO - Sync 1 DAGs
[2021-10-29 07:12:50,606] {logging_mixin.py:109} INFO - [2021-10-29 07:12:50,605] {dag.py:2914} INFO - Setting next_dagrun for example_trigger_target_dag to None
[2021-10-29 07:12:50,625] {processor.py:171} INFO - Processing /home/airflow/.local/lib/python3.6/site-packages/airflow/example_dags/example_trigger_target_dag.py took 0.094 seconds
[2021-10-29 07:13:21,456] {processor.py:163} INFO - Started process (PID=990) to work on /home/airflow/.local/lib/python3.6/site-packages/airflow/example_dags/example_trigger_target_dag.py
[2021-10-29 07:13:21,461] {processor.py:620} INFO - Processing file /home/airflow/.local/lib/python3.6/site-packages/airflow/example_dags/example_trigger_target_dag.py for tasks to queue
[2021-10-29 07:13:21,470] {logging_mixin.py:109} INFO - [2021-10-29 07:13:21,470] {dagbag.py:500} INFO - Filling up the DagBag from /home/airflow/.local/lib/python3.6/site-packages/airflow/example_dags/example_trigger_target_dag.py
[2021-10-29 07:13:21,555] {processor.py:632} INFO - DAG(s) dict_keys(['example_trigger_target_dag']) retrieved from /home/airflow/.local/lib/python3.6/site-packages/airflow/example_dags/example_trigger_target_dag.py
[2021-10-29 07:13:21,584] {logging_mixin.py:109} INFO - [2021-10-29 07:13:21,584] {dag.py:2389} INFO - Sync 1 DAGs
[2021-10-29 07:13:21,602] {logging_mixin.py:109} INFO - [2021-10-29 07:13:21,602] {dag.py:2914} INFO - Setting next_dagrun for example_trigger_target_dag to None
[2021-10-29 07:13:21,619] {processor.py:171} INFO - Processing /home/airflow/.local/lib/python3.6/site-packages/airflow/example_dags/example_trigger_target_dag.py took 0.167 seconds
[2021-10-29 07:13:52,351] {processor.py:163} INFO - Started process (PID=1056) to work on /home/airflow/.local/lib/python3.6/site-packages/airflow/example_dags/example_trigger_target_dag.py
[2021-10-29 07:13:52,354] {processor.py:620} INFO - Processing file /home/airflow/.local/lib/python3.6/site-packages/airflow/example_dags/example_trigger_target_dag.py for tasks to queue
[2021-10-29 07:13:52,356] {logging_mixin.py:109} INFO - [2021-10-29 07:13:52,355] {dagbag.py:500} INFO - Filling up the DagBag from /home/airflow/.local/lib/python3.6/site-packages/airflow/example_dags/example_trigger_target_dag.py
[2021-10-29 07:13:52,396] {processor.py:632} INFO - DAG(s) dict_keys(['example_trigger_target_dag']) retrieved from /home/airflow/.local/lib/python3.6/site-packages/airflow/example_dags/example_trigger_target_dag.py
[2021-10-29 07:13:52,410] {logging_mixin.py:109} INFO - [2021-10-29 07:13:52,410] {dag.py:2389} INFO - Sync 1 DAGs
[2021-10-29 07:13:52,423] {logging_mixin.py:109} INFO - [2021-10-29 07:13:52,422] {dag.py:2914} INFO - Setting next_dagrun for example_trigger_target_dag to None
[2021-10-29 07:13:52,438] {processor.py:171} INFO - Processing /home/airflow/.local/lib/python3.6/site-packages/airflow/example_dags/example_trigger_target_dag.py took 0.094 seconds
[2021-10-29 07:14:23,017] {processor.py:163} INFO - Started process (PID=1119) to work on /home/airflow/.local/lib/python3.6/site-packages/airflow/example_dags/example_trigger_target_dag.py
[2021-10-29 07:14:23,021] {processor.py:620} INFO - Processing file /home/airflow/.local/lib/python3.6/site-packages/airflow/example_dags/example_trigger_target_dag.py for tasks to queue
[2021-10-29 07:14:23,026] {logging_mixin.py:109} INFO - [2021-10-29 07:14:23,026] {dagbag.py:500} INFO - Filling up the DagBag from /home/airflow/.local/lib/python3.6/site-packages/airflow/example_dags/example_trigger_target_dag.py
[2021-10-29 07:14:23,090] {processor.py:632} INFO - DAG(s) dict_keys(['example_trigger_target_dag']) retrieved from /home/airflow/.local/lib/python3.6/site-packages/airflow/example_dags/example_trigger_target_dag.py
[2021-10-29 07:14:23,107] {logging_mixin.py:109} INFO - [2021-10-29 07:14:23,107] {dag.py:2389} INFO - Sync 1 DAGs
[2021-10-29 07:14:23,121] {logging_mixin.py:109} INFO - [2021-10-29 07:14:23,121] {dag.py:2914} INFO - Setting next_dagrun for example_trigger_target_dag to None
[2021-10-29 07:14:23,136] {processor.py:171} INFO - Processing /home/airflow/.local/lib/python3.6/site-packages/airflow/example_dags/example_trigger_target_dag.py took 0.137 seconds
[2021-10-29 07:14:53,612] {processor.py:163} INFO - Started process (PID=1179) to work on /home/airflow/.local/lib/python3.6/site-packages/airflow/example_dags/example_trigger_target_dag.py
[2021-10-29 07:14:53,614] {processor.py:620} INFO - Processing file /home/airflow/.local/lib/python3.6/site-packages/airflow/example_dags/example_trigger_target_dag.py for tasks to queue
[2021-10-29 07:14:53,616] {logging_mixin.py:109} INFO - [2021-10-29 07:14:53,616] {dagbag.py:500} INFO - Filling up the DagBag from /home/airflow/.local/lib/python3.6/site-packages/airflow/example_dags/example_trigger_target_dag.py
[2021-10-29 07:14:53,655] {processor.py:632} INFO - DAG(s) dict_keys(['example_trigger_target_dag']) retrieved from /home/airflow/.local/lib/python3.6/site-packages/airflow/example_dags/example_trigger_target_dag.py
[2021-10-29 07:14:53,669] {logging_mixin.py:109} INFO - [2021-10-29 07:14:53,669] {dag.py:2389} INFO - Sync 1 DAGs
[2021-10-29 07:14:53,682] {logging_mixin.py:109} INFO - [2021-10-29 07:14:53,682] {dag.py:2914} INFO - Setting next_dagrun for example_trigger_target_dag to None
[2021-10-29 07:14:53,700] {processor.py:171} INFO - Processing /home/airflow/.local/lib/python3.6/site-packages/airflow/example_dags/example_trigger_target_dag.py took 0.092 seconds
