[2021-10-29 07:07:15,278] {processor.py:163} INFO - Started process (PID=163) to work on /home/airflow/.local/lib/python3.6/site-packages/airflow/example_dags/example_trigger_controller_dag.py
[2021-10-29 07:07:15,287] {processor.py:620} INFO - Processing file /home/airflow/.local/lib/python3.6/site-packages/airflow/example_dags/example_trigger_controller_dag.py for tasks to queue
[2021-10-29 07:07:15,298] {logging_mixin.py:109} INFO - [2021-10-29 07:07:15,292] {dagbag.py:500} INFO - Filling up the DagBag from /home/airflow/.local/lib/python3.6/site-packages/airflow/example_dags/example_trigger_controller_dag.py
[2021-10-29 07:07:15,457] {processor.py:632} INFO - DAG(s) dict_keys(['example_trigger_controller_dag']) retrieved from /home/airflow/.local/lib/python3.6/site-packages/airflow/example_dags/example_trigger_controller_dag.py
[2021-10-29 07:07:19,453] {logging_mixin.py:109} INFO - [2021-10-29 07:07:19,453] {providers_manager.py:156} WARNING - Exception when importing 'airflow.providers.google.leveldb.hooks.leveldb.LevelDBHook' from 'apache-airflow-providers-google' package: No module named 'plyvel'
[2021-10-29 07:07:20,457] {logging_mixin.py:109} INFO - [2021-10-29 07:07:20,457] {providers_manager.py:156} WARNING - Exception when importing 'airflow.providers.google.leveldb.hooks.leveldb.LevelDBHook' from 'apache-airflow-providers-google' package: No module named 'plyvel'
[2021-10-29 07:07:20,509] {logging_mixin.py:109} INFO - [2021-10-29 07:07:20,509] {manager.py:496} INFO - Created Permission View: can read on DAG:example_trigger_controller_dag
[2021-10-29 07:07:20,541] {logging_mixin.py:109} INFO - [2021-10-29 07:07:20,541] {manager.py:496} INFO - Created Permission View: can edit on DAG:example_trigger_controller_dag
[2021-10-29 07:07:20,546] {logging_mixin.py:109} INFO - [2021-10-29 07:07:20,544] {dag.py:2389} INFO - Sync 1 DAGs
[2021-10-29 07:07:20,574] {logging_mixin.py:109} INFO - [2021-10-29 07:07:20,571] {dag.py:2408} INFO - Creating ORM DAG for example_trigger_controller_dag
[2021-10-29 07:07:20,587] {logging_mixin.py:109} INFO - [2021-10-29 07:07:20,586] {dag.py:2914} INFO - Setting next_dagrun for example_trigger_controller_dag to 2021-01-01T00:00:00+00:00
[2021-10-29 07:07:20,620] {processor.py:171} INFO - Processing /home/airflow/.local/lib/python3.6/site-packages/airflow/example_dags/example_trigger_controller_dag.py took 5.357 seconds
[2021-10-29 07:07:25,469] {processor.py:163} INFO - Started process (PID=186) to work on /home/airflow/.local/lib/python3.6/site-packages/airflow/example_dags/example_trigger_controller_dag.py
[2021-10-29 07:07:25,473] {processor.py:620} INFO - Processing file /home/airflow/.local/lib/python3.6/site-packages/airflow/example_dags/example_trigger_controller_dag.py for tasks to queue
[2021-10-29 07:07:25,476] {logging_mixin.py:109} INFO - [2021-10-29 07:07:25,475] {dagbag.py:500} INFO - Filling up the DagBag from /home/airflow/.local/lib/python3.6/site-packages/airflow/example_dags/example_trigger_controller_dag.py
[2021-10-29 07:07:25,591] {processor.py:632} INFO - DAG(s) dict_keys(['example_trigger_controller_dag']) retrieved from /home/airflow/.local/lib/python3.6/site-packages/airflow/example_dags/example_trigger_controller_dag.py
[2021-10-29 07:07:25,610] {logging_mixin.py:109} INFO - [2021-10-29 07:07:25,608] {dag.py:2389} INFO - Sync 1 DAGs
[2021-10-29 07:07:25,643] {logging_mixin.py:109} INFO - [2021-10-29 07:07:25,642] {dag.py:2914} INFO - Setting next_dagrun for example_trigger_controller_dag to 2021-01-01T00:00:00+00:00
[2021-10-29 07:07:25,668] {processor.py:171} INFO - Processing /home/airflow/.local/lib/python3.6/site-packages/airflow/example_dags/example_trigger_controller_dag.py took 0.206 seconds
[2021-10-29 07:07:56,217] {processor.py:163} INFO - Started process (PID=359) to work on /home/airflow/.local/lib/python3.6/site-packages/airflow/example_dags/example_trigger_controller_dag.py
[2021-10-29 07:07:56,221] {processor.py:620} INFO - Processing file /home/airflow/.local/lib/python3.6/site-packages/airflow/example_dags/example_trigger_controller_dag.py for tasks to queue
[2021-10-29 07:07:56,229] {logging_mixin.py:109} INFO - [2021-10-29 07:07:56,229] {dagbag.py:500} INFO - Filling up the DagBag from /home/airflow/.local/lib/python3.6/site-packages/airflow/example_dags/example_trigger_controller_dag.py
[2021-10-29 07:07:56,284] {processor.py:632} INFO - DAG(s) dict_keys(['example_trigger_controller_dag']) retrieved from /home/airflow/.local/lib/python3.6/site-packages/airflow/example_dags/example_trigger_controller_dag.py
[2021-10-29 07:07:56,335] {logging_mixin.py:109} INFO - [2021-10-29 07:07:56,334] {dag.py:2389} INFO - Sync 1 DAGs
[2021-10-29 07:07:56,363] {logging_mixin.py:109} INFO - [2021-10-29 07:07:56,363] {dag.py:2914} INFO - Setting next_dagrun for example_trigger_controller_dag to 2021-01-01T00:00:00+00:00
[2021-10-29 07:07:56,392] {processor.py:171} INFO - Processing /home/airflow/.local/lib/python3.6/site-packages/airflow/example_dags/example_trigger_controller_dag.py took 0.181 seconds
[2021-10-29 07:08:26,770] {processor.py:163} INFO - Started process (PID=423) to work on /home/airflow/.local/lib/python3.6/site-packages/airflow/example_dags/example_trigger_controller_dag.py
[2021-10-29 07:08:26,773] {processor.py:620} INFO - Processing file /home/airflow/.local/lib/python3.6/site-packages/airflow/example_dags/example_trigger_controller_dag.py for tasks to queue
[2021-10-29 07:08:26,775] {logging_mixin.py:109} INFO - [2021-10-29 07:08:26,775] {dagbag.py:500} INFO - Filling up the DagBag from /home/airflow/.local/lib/python3.6/site-packages/airflow/example_dags/example_trigger_controller_dag.py
[2021-10-29 07:08:26,829] {processor.py:632} INFO - DAG(s) dict_keys(['example_trigger_controller_dag']) retrieved from /home/airflow/.local/lib/python3.6/site-packages/airflow/example_dags/example_trigger_controller_dag.py
[2021-10-29 07:08:26,858] {logging_mixin.py:109} INFO - [2021-10-29 07:08:26,858] {dag.py:2389} INFO - Sync 1 DAGs
[2021-10-29 07:08:26,877] {logging_mixin.py:109} INFO - [2021-10-29 07:08:26,876] {dag.py:2914} INFO - Setting next_dagrun for example_trigger_controller_dag to 2021-01-01T00:00:00+00:00
[2021-10-29 07:08:26,898] {processor.py:171} INFO - Processing /home/airflow/.local/lib/python3.6/site-packages/airflow/example_dags/example_trigger_controller_dag.py took 0.135 seconds
[2021-10-29 07:08:57,322] {processor.py:163} INFO - Started process (PID=479) to work on /home/airflow/.local/lib/python3.6/site-packages/airflow/example_dags/example_trigger_controller_dag.py
[2021-10-29 07:08:57,325] {processor.py:620} INFO - Processing file /home/airflow/.local/lib/python3.6/site-packages/airflow/example_dags/example_trigger_controller_dag.py for tasks to queue
[2021-10-29 07:08:57,326] {logging_mixin.py:109} INFO - [2021-10-29 07:08:57,326] {dagbag.py:500} INFO - Filling up the DagBag from /home/airflow/.local/lib/python3.6/site-packages/airflow/example_dags/example_trigger_controller_dag.py
[2021-10-29 07:08:57,366] {processor.py:632} INFO - DAG(s) dict_keys(['example_trigger_controller_dag']) retrieved from /home/airflow/.local/lib/python3.6/site-packages/airflow/example_dags/example_trigger_controller_dag.py
[2021-10-29 07:08:57,380] {logging_mixin.py:109} INFO - [2021-10-29 07:08:57,380] {dag.py:2389} INFO - Sync 1 DAGs
[2021-10-29 07:08:57,394] {logging_mixin.py:109} INFO - [2021-10-29 07:08:57,394] {dag.py:2914} INFO - Setting next_dagrun for example_trigger_controller_dag to 2021-01-01T00:00:00+00:00
[2021-10-29 07:08:57,409] {processor.py:171} INFO - Processing /home/airflow/.local/lib/python3.6/site-packages/airflow/example_dags/example_trigger_controller_dag.py took 0.091 seconds
[2021-10-29 07:09:27,818] {processor.py:163} INFO - Started process (PID=544) to work on /home/airflow/.local/lib/python3.6/site-packages/airflow/example_dags/example_trigger_controller_dag.py
[2021-10-29 07:09:27,820] {processor.py:620} INFO - Processing file /home/airflow/.local/lib/python3.6/site-packages/airflow/example_dags/example_trigger_controller_dag.py for tasks to queue
[2021-10-29 07:09:27,822] {logging_mixin.py:109} INFO - [2021-10-29 07:09:27,822] {dagbag.py:500} INFO - Filling up the DagBag from /home/airflow/.local/lib/python3.6/site-packages/airflow/example_dags/example_trigger_controller_dag.py
[2021-10-29 07:09:27,858] {processor.py:632} INFO - DAG(s) dict_keys(['example_trigger_controller_dag']) retrieved from /home/airflow/.local/lib/python3.6/site-packages/airflow/example_dags/example_trigger_controller_dag.py
[2021-10-29 07:09:27,875] {logging_mixin.py:109} INFO - [2021-10-29 07:09:27,875] {dag.py:2389} INFO - Sync 1 DAGs
[2021-10-29 07:09:27,889] {logging_mixin.py:109} INFO - [2021-10-29 07:09:27,888] {dag.py:2914} INFO - Setting next_dagrun for example_trigger_controller_dag to 2021-01-01T00:00:00+00:00
[2021-10-29 07:09:27,902] {processor.py:171} INFO - Processing /home/airflow/.local/lib/python3.6/site-packages/airflow/example_dags/example_trigger_controller_dag.py took 0.089 seconds
[2021-10-29 07:09:58,213] {processor.py:163} INFO - Started process (PID=601) to work on /home/airflow/.local/lib/python3.6/site-packages/airflow/example_dags/example_trigger_controller_dag.py
[2021-10-29 07:09:58,215] {processor.py:620} INFO - Processing file /home/airflow/.local/lib/python3.6/site-packages/airflow/example_dags/example_trigger_controller_dag.py for tasks to queue
[2021-10-29 07:09:58,217] {logging_mixin.py:109} INFO - [2021-10-29 07:09:58,217] {dagbag.py:500} INFO - Filling up the DagBag from /home/airflow/.local/lib/python3.6/site-packages/airflow/example_dags/example_trigger_controller_dag.py
[2021-10-29 07:09:58,254] {processor.py:632} INFO - DAG(s) dict_keys(['example_trigger_controller_dag']) retrieved from /home/airflow/.local/lib/python3.6/site-packages/airflow/example_dags/example_trigger_controller_dag.py
[2021-10-29 07:09:58,268] {logging_mixin.py:109} INFO - [2021-10-29 07:09:58,268] {dag.py:2389} INFO - Sync 1 DAGs
[2021-10-29 07:09:58,281] {logging_mixin.py:109} INFO - [2021-10-29 07:09:58,281] {dag.py:2914} INFO - Setting next_dagrun for example_trigger_controller_dag to 2021-01-01T00:00:00+00:00
[2021-10-29 07:09:58,293] {processor.py:171} INFO - Processing /home/airflow/.local/lib/python3.6/site-packages/airflow/example_dags/example_trigger_controller_dag.py took 0.085 seconds
[2021-10-29 07:10:28,881] {processor.py:163} INFO - Started process (PID=667) to work on /home/airflow/.local/lib/python3.6/site-packages/airflow/example_dags/example_trigger_controller_dag.py
[2021-10-29 07:10:28,883] {processor.py:620} INFO - Processing file /home/airflow/.local/lib/python3.6/site-packages/airflow/example_dags/example_trigger_controller_dag.py for tasks to queue
[2021-10-29 07:10:28,885] {logging_mixin.py:109} INFO - [2021-10-29 07:10:28,885] {dagbag.py:500} INFO - Filling up the DagBag from /home/airflow/.local/lib/python3.6/site-packages/airflow/example_dags/example_trigger_controller_dag.py
[2021-10-29 07:10:28,931] {processor.py:632} INFO - DAG(s) dict_keys(['example_trigger_controller_dag']) retrieved from /home/airflow/.local/lib/python3.6/site-packages/airflow/example_dags/example_trigger_controller_dag.py
[2021-10-29 07:10:28,951] {logging_mixin.py:109} INFO - [2021-10-29 07:10:28,950] {dag.py:2389} INFO - Sync 1 DAGs
[2021-10-29 07:10:28,968] {logging_mixin.py:109} INFO - [2021-10-29 07:10:28,968] {dag.py:2914} INFO - Setting next_dagrun for example_trigger_controller_dag to 2021-01-01T00:00:00+00:00
[2021-10-29 07:10:28,989] {processor.py:171} INFO - Processing /home/airflow/.local/lib/python3.6/site-packages/airflow/example_dags/example_trigger_controller_dag.py took 0.113 seconds
[2021-10-29 07:10:59,555] {processor.py:163} INFO - Started process (PID=722) to work on /home/airflow/.local/lib/python3.6/site-packages/airflow/example_dags/example_trigger_controller_dag.py
[2021-10-29 07:10:59,557] {processor.py:620} INFO - Processing file /home/airflow/.local/lib/python3.6/site-packages/airflow/example_dags/example_trigger_controller_dag.py for tasks to queue
[2021-10-29 07:10:59,560] {logging_mixin.py:109} INFO - [2021-10-29 07:10:59,560] {dagbag.py:500} INFO - Filling up the DagBag from /home/airflow/.local/lib/python3.6/site-packages/airflow/example_dags/example_trigger_controller_dag.py
[2021-10-29 07:10:59,599] {processor.py:632} INFO - DAG(s) dict_keys(['example_trigger_controller_dag']) retrieved from /home/airflow/.local/lib/python3.6/site-packages/airflow/example_dags/example_trigger_controller_dag.py
[2021-10-29 07:10:59,614] {logging_mixin.py:109} INFO - [2021-10-29 07:10:59,614] {dag.py:2389} INFO - Sync 1 DAGs
[2021-10-29 07:10:59,628] {logging_mixin.py:109} INFO - [2021-10-29 07:10:59,628] {dag.py:2914} INFO - Setting next_dagrun for example_trigger_controller_dag to 2021-01-01T00:00:00+00:00
[2021-10-29 07:10:59,641] {processor.py:171} INFO - Processing /home/airflow/.local/lib/python3.6/site-packages/airflow/example_dags/example_trigger_controller_dag.py took 0.091 seconds
[2021-10-29 07:11:30,422] {processor.py:163} INFO - Started process (PID=788) to work on /home/airflow/.local/lib/python3.6/site-packages/airflow/example_dags/example_trigger_controller_dag.py
[2021-10-29 07:11:30,425] {processor.py:620} INFO - Processing file /home/airflow/.local/lib/python3.6/site-packages/airflow/example_dags/example_trigger_controller_dag.py for tasks to queue
[2021-10-29 07:11:30,427] {logging_mixin.py:109} INFO - [2021-10-29 07:11:30,427] {dagbag.py:500} INFO - Filling up the DagBag from /home/airflow/.local/lib/python3.6/site-packages/airflow/example_dags/example_trigger_controller_dag.py
[2021-10-29 07:11:30,468] {processor.py:632} INFO - DAG(s) dict_keys(['example_trigger_controller_dag']) retrieved from /home/airflow/.local/lib/python3.6/site-packages/airflow/example_dags/example_trigger_controller_dag.py
[2021-10-29 07:11:30,484] {logging_mixin.py:109} INFO - [2021-10-29 07:11:30,484] {dag.py:2389} INFO - Sync 1 DAGs
[2021-10-29 07:11:30,502] {logging_mixin.py:109} INFO - [2021-10-29 07:11:30,502] {dag.py:2914} INFO - Setting next_dagrun for example_trigger_controller_dag to 2021-01-01T00:00:00+00:00
[2021-10-29 07:11:30,524] {processor.py:171} INFO - Processing /home/airflow/.local/lib/python3.6/site-packages/airflow/example_dags/example_trigger_controller_dag.py took 0.107 seconds
[2021-10-29 07:12:00,559] {processor.py:163} INFO - Started process (PID=841) to work on /home/airflow/.local/lib/python3.6/site-packages/airflow/example_dags/example_trigger_controller_dag.py
[2021-10-29 07:12:00,562] {processor.py:620} INFO - Processing file /home/airflow/.local/lib/python3.6/site-packages/airflow/example_dags/example_trigger_controller_dag.py for tasks to queue
[2021-10-29 07:12:00,564] {logging_mixin.py:109} INFO - [2021-10-29 07:12:00,564] {dagbag.py:500} INFO - Filling up the DagBag from /home/airflow/.local/lib/python3.6/site-packages/airflow/example_dags/example_trigger_controller_dag.py
[2021-10-29 07:12:00,599] {processor.py:632} INFO - DAG(s) dict_keys(['example_trigger_controller_dag']) retrieved from /home/airflow/.local/lib/python3.6/site-packages/airflow/example_dags/example_trigger_controller_dag.py
[2021-10-29 07:12:00,614] {logging_mixin.py:109} INFO - [2021-10-29 07:12:00,613] {dag.py:2389} INFO - Sync 1 DAGs
[2021-10-29 07:12:00,627] {logging_mixin.py:109} INFO - [2021-10-29 07:12:00,627] {dag.py:2914} INFO - Setting next_dagrun for example_trigger_controller_dag to 2021-01-01T00:00:00+00:00
[2021-10-29 07:12:00,641] {processor.py:171} INFO - Processing /home/airflow/.local/lib/python3.6/site-packages/airflow/example_dags/example_trigger_controller_dag.py took 0.086 seconds
[2021-10-29 07:12:32,122] {processor.py:163} INFO - Started process (PID=907) to work on /home/airflow/.local/lib/python3.6/site-packages/airflow/example_dags/example_trigger_controller_dag.py
[2021-10-29 07:12:32,126] {processor.py:620} INFO - Processing file /home/airflow/.local/lib/python3.6/site-packages/airflow/example_dags/example_trigger_controller_dag.py for tasks to queue
[2021-10-29 07:12:32,129] {logging_mixin.py:109} INFO - [2021-10-29 07:12:32,128] {dagbag.py:500} INFO - Filling up the DagBag from /home/airflow/.local/lib/python3.6/site-packages/airflow/example_dags/example_trigger_controller_dag.py
[2021-10-29 07:12:32,181] {processor.py:632} INFO - DAG(s) dict_keys(['example_trigger_controller_dag']) retrieved from /home/airflow/.local/lib/python3.6/site-packages/airflow/example_dags/example_trigger_controller_dag.py
[2021-10-29 07:12:32,207] {logging_mixin.py:109} INFO - [2021-10-29 07:12:32,207] {dag.py:2389} INFO - Sync 1 DAGs
[2021-10-29 07:12:32,231] {logging_mixin.py:109} INFO - [2021-10-29 07:12:32,231] {dag.py:2914} INFO - Setting next_dagrun for example_trigger_controller_dag to 2021-01-01T00:00:00+00:00
[2021-10-29 07:12:32,250] {processor.py:171} INFO - Processing /home/airflow/.local/lib/python3.6/site-packages/airflow/example_dags/example_trigger_controller_dag.py took 0.134 seconds
[2021-10-29 07:13:03,011] {processor.py:163} INFO - Started process (PID=963) to work on /home/airflow/.local/lib/python3.6/site-packages/airflow/example_dags/example_trigger_controller_dag.py
[2021-10-29 07:13:03,013] {processor.py:620} INFO - Processing file /home/airflow/.local/lib/python3.6/site-packages/airflow/example_dags/example_trigger_controller_dag.py for tasks to queue
[2021-10-29 07:13:03,015] {logging_mixin.py:109} INFO - [2021-10-29 07:13:03,014] {dagbag.py:500} INFO - Filling up the DagBag from /home/airflow/.local/lib/python3.6/site-packages/airflow/example_dags/example_trigger_controller_dag.py
[2021-10-29 07:13:03,046] {processor.py:632} INFO - DAG(s) dict_keys(['example_trigger_controller_dag']) retrieved from /home/airflow/.local/lib/python3.6/site-packages/airflow/example_dags/example_trigger_controller_dag.py
[2021-10-29 07:13:03,058] {logging_mixin.py:109} INFO - [2021-10-29 07:13:03,058] {dag.py:2389} INFO - Sync 1 DAGs
[2021-10-29 07:13:03,071] {logging_mixin.py:109} INFO - [2021-10-29 07:13:03,071] {dag.py:2914} INFO - Setting next_dagrun for example_trigger_controller_dag to 2021-01-01T00:00:00+00:00
[2021-10-29 07:13:03,084] {processor.py:171} INFO - Processing /home/airflow/.local/lib/python3.6/site-packages/airflow/example_dags/example_trigger_controller_dag.py took 0.078 seconds
[2021-10-29 07:13:34,002] {processor.py:163} INFO - Started process (PID=1018) to work on /home/airflow/.local/lib/python3.6/site-packages/airflow/example_dags/example_trigger_controller_dag.py
[2021-10-29 07:13:34,005] {processor.py:620} INFO - Processing file /home/airflow/.local/lib/python3.6/site-packages/airflow/example_dags/example_trigger_controller_dag.py for tasks to queue
[2021-10-29 07:13:34,007] {logging_mixin.py:109} INFO - [2021-10-29 07:13:34,007] {dagbag.py:500} INFO - Filling up the DagBag from /home/airflow/.local/lib/python3.6/site-packages/airflow/example_dags/example_trigger_controller_dag.py
[2021-10-29 07:13:34,051] {processor.py:632} INFO - DAG(s) dict_keys(['example_trigger_controller_dag']) retrieved from /home/airflow/.local/lib/python3.6/site-packages/airflow/example_dags/example_trigger_controller_dag.py
[2021-10-29 07:13:34,064] {logging_mixin.py:109} INFO - [2021-10-29 07:13:34,064] {dag.py:2389} INFO - Sync 1 DAGs
[2021-10-29 07:13:34,079] {logging_mixin.py:109} INFO - [2021-10-29 07:13:34,079] {dag.py:2914} INFO - Setting next_dagrun for example_trigger_controller_dag to 2021-01-01T00:00:00+00:00
[2021-10-29 07:13:34,093] {processor.py:171} INFO - Processing /home/airflow/.local/lib/python3.6/site-packages/airflow/example_dags/example_trigger_controller_dag.py took 0.095 seconds
[2021-10-29 07:14:04,696] {processor.py:163} INFO - Started process (PID=1085) to work on /home/airflow/.local/lib/python3.6/site-packages/airflow/example_dags/example_trigger_controller_dag.py
[2021-10-29 07:14:04,699] {processor.py:620} INFO - Processing file /home/airflow/.local/lib/python3.6/site-packages/airflow/example_dags/example_trigger_controller_dag.py for tasks to queue
[2021-10-29 07:14:04,700] {logging_mixin.py:109} INFO - [2021-10-29 07:14:04,700] {dagbag.py:500} INFO - Filling up the DagBag from /home/airflow/.local/lib/python3.6/site-packages/airflow/example_dags/example_trigger_controller_dag.py
[2021-10-29 07:14:04,733] {processor.py:632} INFO - DAG(s) dict_keys(['example_trigger_controller_dag']) retrieved from /home/airflow/.local/lib/python3.6/site-packages/airflow/example_dags/example_trigger_controller_dag.py
[2021-10-29 07:14:04,747] {logging_mixin.py:109} INFO - [2021-10-29 07:14:04,747] {dag.py:2389} INFO - Sync 1 DAGs
[2021-10-29 07:14:04,759] {logging_mixin.py:109} INFO - [2021-10-29 07:14:04,759] {dag.py:2914} INFO - Setting next_dagrun for example_trigger_controller_dag to 2021-01-01T00:00:00+00:00
[2021-10-29 07:14:04,771] {processor.py:171} INFO - Processing /home/airflow/.local/lib/python3.6/site-packages/airflow/example_dags/example_trigger_controller_dag.py took 0.078 seconds
[2021-10-29 07:14:35,238] {processor.py:163} INFO - Started process (PID=1140) to work on /home/airflow/.local/lib/python3.6/site-packages/airflow/example_dags/example_trigger_controller_dag.py
[2021-10-29 07:14:35,243] {processor.py:620} INFO - Processing file /home/airflow/.local/lib/python3.6/site-packages/airflow/example_dags/example_trigger_controller_dag.py for tasks to queue
[2021-10-29 07:14:35,246] {logging_mixin.py:109} INFO - [2021-10-29 07:14:35,246] {dagbag.py:500} INFO - Filling up the DagBag from /home/airflow/.local/lib/python3.6/site-packages/airflow/example_dags/example_trigger_controller_dag.py
[2021-10-29 07:14:35,292] {processor.py:632} INFO - DAG(s) dict_keys(['example_trigger_controller_dag']) retrieved from /home/airflow/.local/lib/python3.6/site-packages/airflow/example_dags/example_trigger_controller_dag.py
[2021-10-29 07:14:35,307] {logging_mixin.py:109} INFO - [2021-10-29 07:14:35,307] {dag.py:2389} INFO - Sync 1 DAGs
[2021-10-29 07:14:35,320] {logging_mixin.py:109} INFO - [2021-10-29 07:14:35,320] {dag.py:2914} INFO - Setting next_dagrun for example_trigger_controller_dag to 2021-01-01T00:00:00+00:00
[2021-10-29 07:14:35,334] {processor.py:171} INFO - Processing /home/airflow/.local/lib/python3.6/site-packages/airflow/example_dags/example_trigger_controller_dag.py took 0.100 seconds
[2021-10-29 07:15:05,988] {processor.py:163} INFO - Started process (PID=1206) to work on /home/airflow/.local/lib/python3.6/site-packages/airflow/example_dags/example_trigger_controller_dag.py
[2021-10-29 07:15:05,991] {processor.py:620} INFO - Processing file /home/airflow/.local/lib/python3.6/site-packages/airflow/example_dags/example_trigger_controller_dag.py for tasks to queue
[2021-10-29 07:15:05,993] {logging_mixin.py:109} INFO - [2021-10-29 07:15:05,993] {dagbag.py:500} INFO - Filling up the DagBag from /home/airflow/.local/lib/python3.6/site-packages/airflow/example_dags/example_trigger_controller_dag.py
[2021-10-29 07:15:06,036] {processor.py:632} INFO - DAG(s) dict_keys(['example_trigger_controller_dag']) retrieved from /home/airflow/.local/lib/python3.6/site-packages/airflow/example_dags/example_trigger_controller_dag.py
[2021-10-29 07:15:06,052] {logging_mixin.py:109} INFO - [2021-10-29 07:15:06,052] {dag.py:2389} INFO - Sync 1 DAGs
[2021-10-29 07:15:06,068] {logging_mixin.py:109} INFO - [2021-10-29 07:15:06,067] {dag.py:2914} INFO - Setting next_dagrun for example_trigger_controller_dag to 2021-01-01T00:00:00+00:00
[2021-10-29 07:15:06,081] {processor.py:171} INFO - Processing /home/airflow/.local/lib/python3.6/site-packages/airflow/example_dags/example_trigger_controller_dag.py took 0.098 seconds
