[2021-10-29 07:06:09,726] {processor.py:163} INFO - Started process (PID=46) to work on /home/airflow/.local/lib/python3.6/site-packages/airflow/example_dags/example_bash_operator.py
[2021-10-29 07:06:09,744] {processor.py:620} INFO - Processing file /home/airflow/.local/lib/python3.6/site-packages/airflow/example_dags/example_bash_operator.py for tasks to queue
[2021-10-29 07:06:09,746] {logging_mixin.py:109} INFO - [2021-10-29 07:06:09,746] {dagbag.py:500} INFO - Filling up the DagBag from /home/airflow/.local/lib/python3.6/site-packages/airflow/example_dags/example_bash_operator.py
[2021-10-29 07:06:09,922] {processor.py:632} INFO - DAG(s) dict_keys(['example_bash_operator']) retrieved from /home/airflow/.local/lib/python3.6/site-packages/airflow/example_dags/example_bash_operator.py
[2021-10-29 07:06:15,731] {logging_mixin.py:109} INFO - [2021-10-29 07:06:15,731] {providers_manager.py:156} WARNING - Exception when importing 'airflow.providers.google.leveldb.hooks.leveldb.LevelDBHook' from 'apache-airflow-providers-google' package: No module named 'plyvel'
[2021-10-29 07:06:18,637] {logging_mixin.py:109} INFO - [2021-10-29 07:06:18,637] {providers_manager.py:156} WARNING - Exception when importing 'airflow.providers.google.leveldb.hooks.leveldb.LevelDBHook' from 'apache-airflow-providers-google' package: No module named 'plyvel'
[2021-10-29 07:06:18,730] {logging_mixin.py:109} INFO - [2021-10-29 07:06:18,730] {manager.py:496} INFO - Created Permission View: can read on DAG:example_bash_operator
[2021-10-29 07:06:18,750] {logging_mixin.py:109} INFO - [2021-10-29 07:06:18,750] {manager.py:496} INFO - Created Permission View: can edit on DAG:example_bash_operator
[2021-10-29 07:06:18,753] {logging_mixin.py:109} INFO - [2021-10-29 07:06:18,752] {dag.py:2389} INFO - Sync 1 DAGs
[2021-10-29 07:06:18,774] {logging_mixin.py:109} INFO - [2021-10-29 07:06:18,772] {dag.py:2408} INFO - Creating ORM DAG for example_bash_operator
[2021-10-29 07:06:18,796] {logging_mixin.py:109} INFO - [2021-10-29 07:06:18,796] {dag.py:2914} INFO - Setting next_dagrun for example_bash_operator to 2021-10-28 00:00:00+00:00
[2021-10-29 07:06:18,845] {processor.py:171} INFO - Processing /home/airflow/.local/lib/python3.6/site-packages/airflow/example_dags/example_bash_operator.py took 9.125 seconds
[2021-10-29 07:07:21,697] {processor.py:163} INFO - Started process (PID=171) to work on /home/airflow/.local/lib/python3.6/site-packages/airflow/example_dags/example_bash_operator.py
[2021-10-29 07:07:21,703] {processor.py:620} INFO - Processing file /home/airflow/.local/lib/python3.6/site-packages/airflow/example_dags/example_bash_operator.py for tasks to queue
[2021-10-29 07:07:21,710] {logging_mixin.py:109} INFO - [2021-10-29 07:07:21,709] {dagbag.py:500} INFO - Filling up the DagBag from /home/airflow/.local/lib/python3.6/site-packages/airflow/example_dags/example_bash_operator.py
[2021-10-29 07:07:21,872] {processor.py:632} INFO - DAG(s) dict_keys(['example_bash_operator']) retrieved from /home/airflow/.local/lib/python3.6/site-packages/airflow/example_dags/example_bash_operator.py
[2021-10-29 07:07:21,904] {logging_mixin.py:109} INFO - [2021-10-29 07:07:21,903] {dag.py:2389} INFO - Sync 1 DAGs
[2021-10-29 07:07:21,951] {logging_mixin.py:109} INFO - [2021-10-29 07:07:21,951] {dag.py:2914} INFO - Setting next_dagrun for example_bash_operator to 2021-10-28 00:00:00+00:00
[2021-10-29 07:07:21,973] {processor.py:171} INFO - Processing /home/airflow/.local/lib/python3.6/site-packages/airflow/example_dags/example_bash_operator.py took 0.284 seconds
[2021-10-29 07:07:52,445] {processor.py:163} INFO - Started process (PID=350) to work on /home/airflow/.local/lib/python3.6/site-packages/airflow/example_dags/example_bash_operator.py
[2021-10-29 07:07:52,448] {processor.py:620} INFO - Processing file /home/airflow/.local/lib/python3.6/site-packages/airflow/example_dags/example_bash_operator.py for tasks to queue
[2021-10-29 07:07:52,450] {logging_mixin.py:109} INFO - [2021-10-29 07:07:52,450] {dagbag.py:500} INFO - Filling up the DagBag from /home/airflow/.local/lib/python3.6/site-packages/airflow/example_dags/example_bash_operator.py
[2021-10-29 07:07:52,495] {processor.py:632} INFO - DAG(s) dict_keys(['example_bash_operator']) retrieved from /home/airflow/.local/lib/python3.6/site-packages/airflow/example_dags/example_bash_operator.py
[2021-10-29 07:07:52,510] {logging_mixin.py:109} INFO - [2021-10-29 07:07:52,509] {dag.py:2389} INFO - Sync 1 DAGs
[2021-10-29 07:07:52,525] {logging_mixin.py:109} INFO - [2021-10-29 07:07:52,525] {dag.py:2914} INFO - Setting next_dagrun for example_bash_operator to 2021-10-28 00:00:00+00:00
[2021-10-29 07:07:52,540] {processor.py:171} INFO - Processing /home/airflow/.local/lib/python3.6/site-packages/airflow/example_dags/example_bash_operator.py took 0.099 seconds
[2021-10-29 07:08:23,287] {processor.py:163} INFO - Started process (PID=414) to work on /home/airflow/.local/lib/python3.6/site-packages/airflow/example_dags/example_bash_operator.py
[2021-10-29 07:08:23,294] {processor.py:620} INFO - Processing file /home/airflow/.local/lib/python3.6/site-packages/airflow/example_dags/example_bash_operator.py for tasks to queue
[2021-10-29 07:08:23,299] {logging_mixin.py:109} INFO - [2021-10-29 07:08:23,298] {dagbag.py:500} INFO - Filling up the DagBag from /home/airflow/.local/lib/python3.6/site-packages/airflow/example_dags/example_bash_operator.py
[2021-10-29 07:08:23,420] {processor.py:632} INFO - DAG(s) dict_keys(['example_bash_operator']) retrieved from /home/airflow/.local/lib/python3.6/site-packages/airflow/example_dags/example_bash_operator.py
[2021-10-29 07:08:23,449] {logging_mixin.py:109} INFO - [2021-10-29 07:08:23,449] {dag.py:2389} INFO - Sync 1 DAGs
[2021-10-29 07:08:23,481] {logging_mixin.py:109} INFO - [2021-10-29 07:08:23,481] {dag.py:2914} INFO - Setting next_dagrun for example_bash_operator to 2021-10-28 00:00:00+00:00
[2021-10-29 07:08:23,521] {processor.py:171} INFO - Processing /home/airflow/.local/lib/python3.6/site-packages/airflow/example_dags/example_bash_operator.py took 0.254 seconds
[2021-10-29 07:08:53,620] {processor.py:163} INFO - Started process (PID=470) to work on /home/airflow/.local/lib/python3.6/site-packages/airflow/example_dags/example_bash_operator.py
[2021-10-29 07:08:53,623] {processor.py:620} INFO - Processing file /home/airflow/.local/lib/python3.6/site-packages/airflow/example_dags/example_bash_operator.py for tasks to queue
[2021-10-29 07:08:53,626] {logging_mixin.py:109} INFO - [2021-10-29 07:08:53,625] {dagbag.py:500} INFO - Filling up the DagBag from /home/airflow/.local/lib/python3.6/site-packages/airflow/example_dags/example_bash_operator.py
[2021-10-29 07:08:53,636] {processor.py:632} INFO - DAG(s) dict_keys(['example_bash_operator']) retrieved from /home/airflow/.local/lib/python3.6/site-packages/airflow/example_dags/example_bash_operator.py
[2021-10-29 07:08:53,653] {logging_mixin.py:109} INFO - [2021-10-29 07:08:53,652] {dag.py:2389} INFO - Sync 1 DAGs
[2021-10-29 07:08:53,673] {logging_mixin.py:109} INFO - [2021-10-29 07:08:53,673] {dag.py:2914} INFO - Setting next_dagrun for example_bash_operator to 2021-10-28 00:00:00+00:00
[2021-10-29 07:08:53,689] {processor.py:171} INFO - Processing /home/airflow/.local/lib/python3.6/site-packages/airflow/example_dags/example_bash_operator.py took 0.113 seconds
[2021-10-29 07:09:23,969] {processor.py:163} INFO - Started process (PID=534) to work on /home/airflow/.local/lib/python3.6/site-packages/airflow/example_dags/example_bash_operator.py
[2021-10-29 07:09:23,971] {processor.py:620} INFO - Processing file /home/airflow/.local/lib/python3.6/site-packages/airflow/example_dags/example_bash_operator.py for tasks to queue
[2021-10-29 07:09:23,974] {logging_mixin.py:109} INFO - [2021-10-29 07:09:23,973] {dagbag.py:500} INFO - Filling up the DagBag from /home/airflow/.local/lib/python3.6/site-packages/airflow/example_dags/example_bash_operator.py
[2021-10-29 07:09:24,022] {processor.py:632} INFO - DAG(s) dict_keys(['example_bash_operator']) retrieved from /home/airflow/.local/lib/python3.6/site-packages/airflow/example_dags/example_bash_operator.py
[2021-10-29 07:09:24,039] {logging_mixin.py:109} INFO - [2021-10-29 07:09:24,039] {dag.py:2389} INFO - Sync 1 DAGs
[2021-10-29 07:09:24,058] {logging_mixin.py:109} INFO - [2021-10-29 07:09:24,058] {dag.py:2914} INFO - Setting next_dagrun for example_bash_operator to 2021-10-28 00:00:00+00:00
[2021-10-29 07:09:24,075] {processor.py:171} INFO - Processing /home/airflow/.local/lib/python3.6/site-packages/airflow/example_dags/example_bash_operator.py took 0.111 seconds
[2021-10-29 07:09:54,270] {processor.py:163} INFO - Started process (PID=592) to work on /home/airflow/.local/lib/python3.6/site-packages/airflow/example_dags/example_bash_operator.py
[2021-10-29 07:09:54,273] {processor.py:620} INFO - Processing file /home/airflow/.local/lib/python3.6/site-packages/airflow/example_dags/example_bash_operator.py for tasks to queue
[2021-10-29 07:09:54,275] {logging_mixin.py:109} INFO - [2021-10-29 07:09:54,275] {dagbag.py:500} INFO - Filling up the DagBag from /home/airflow/.local/lib/python3.6/site-packages/airflow/example_dags/example_bash_operator.py
[2021-10-29 07:09:54,331] {processor.py:632} INFO - DAG(s) dict_keys(['example_bash_operator']) retrieved from /home/airflow/.local/lib/python3.6/site-packages/airflow/example_dags/example_bash_operator.py
[2021-10-29 07:09:54,348] {logging_mixin.py:109} INFO - [2021-10-29 07:09:54,348] {dag.py:2389} INFO - Sync 1 DAGs
[2021-10-29 07:09:54,367] {logging_mixin.py:109} INFO - [2021-10-29 07:09:54,367] {dag.py:2914} INFO - Setting next_dagrun for example_bash_operator to 2021-10-28 00:00:00+00:00
[2021-10-29 07:09:54,383] {processor.py:171} INFO - Processing /home/airflow/.local/lib/python3.6/site-packages/airflow/example_dags/example_bash_operator.py took 0.118 seconds
[2021-10-29 07:10:24,620] {processor.py:163} INFO - Started process (PID=647) to work on /home/airflow/.local/lib/python3.6/site-packages/airflow/example_dags/example_bash_operator.py
[2021-10-29 07:10:24,624] {processor.py:620} INFO - Processing file /home/airflow/.local/lib/python3.6/site-packages/airflow/example_dags/example_bash_operator.py for tasks to queue
[2021-10-29 07:10:24,626] {logging_mixin.py:109} INFO - [2021-10-29 07:10:24,626] {dagbag.py:500} INFO - Filling up the DagBag from /home/airflow/.local/lib/python3.6/site-packages/airflow/example_dags/example_bash_operator.py
[2021-10-29 07:10:24,686] {processor.py:632} INFO - DAG(s) dict_keys(['example_bash_operator']) retrieved from /home/airflow/.local/lib/python3.6/site-packages/airflow/example_dags/example_bash_operator.py
[2021-10-29 07:10:24,703] {logging_mixin.py:109} INFO - [2021-10-29 07:10:24,703] {dag.py:2389} INFO - Sync 1 DAGs
[2021-10-29 07:10:24,728] {logging_mixin.py:109} INFO - [2021-10-29 07:10:24,728] {dag.py:2914} INFO - Setting next_dagrun for example_bash_operator to 2021-10-28 00:00:00+00:00
[2021-10-29 07:10:24,766] {processor.py:171} INFO - Processing /home/airflow/.local/lib/python3.6/site-packages/airflow/example_dags/example_bash_operator.py took 0.155 seconds
[2021-10-29 07:10:54,912] {processor.py:163} INFO - Started process (PID=714) to work on /home/airflow/.local/lib/python3.6/site-packages/airflow/example_dags/example_bash_operator.py
[2021-10-29 07:10:54,914] {processor.py:620} INFO - Processing file /home/airflow/.local/lib/python3.6/site-packages/airflow/example_dags/example_bash_operator.py for tasks to queue
[2021-10-29 07:10:54,916] {logging_mixin.py:109} INFO - [2021-10-29 07:10:54,915] {dagbag.py:500} INFO - Filling up the DagBag from /home/airflow/.local/lib/python3.6/site-packages/airflow/example_dags/example_bash_operator.py
[2021-10-29 07:10:54,959] {processor.py:632} INFO - DAG(s) dict_keys(['example_bash_operator']) retrieved from /home/airflow/.local/lib/python3.6/site-packages/airflow/example_dags/example_bash_operator.py
[2021-10-29 07:10:54,975] {logging_mixin.py:109} INFO - [2021-10-29 07:10:54,975] {dag.py:2389} INFO - Sync 1 DAGs
[2021-10-29 07:10:54,989] {logging_mixin.py:109} INFO - [2021-10-29 07:10:54,989] {dag.py:2914} INFO - Setting next_dagrun for example_bash_operator to 2021-10-28 00:00:00+00:00
[2021-10-29 07:10:55,001] {processor.py:171} INFO - Processing /home/airflow/.local/lib/python3.6/site-packages/airflow/example_dags/example_bash_operator.py took 0.093 seconds
[2021-10-29 07:11:25,454] {processor.py:163} INFO - Started process (PID=768) to work on /home/airflow/.local/lib/python3.6/site-packages/airflow/example_dags/example_bash_operator.py
[2021-10-29 07:11:25,458] {processor.py:620} INFO - Processing file /home/airflow/.local/lib/python3.6/site-packages/airflow/example_dags/example_bash_operator.py for tasks to queue
[2021-10-29 07:11:25,460] {logging_mixin.py:109} INFO - [2021-10-29 07:11:25,459] {dagbag.py:500} INFO - Filling up the DagBag from /home/airflow/.local/lib/python3.6/site-packages/airflow/example_dags/example_bash_operator.py
[2021-10-29 07:11:25,543] {processor.py:632} INFO - DAG(s) dict_keys(['example_bash_operator']) retrieved from /home/airflow/.local/lib/python3.6/site-packages/airflow/example_dags/example_bash_operator.py
[2021-10-29 07:11:25,564] {logging_mixin.py:109} INFO - [2021-10-29 07:11:25,564] {dag.py:2389} INFO - Sync 1 DAGs
[2021-10-29 07:11:25,586] {logging_mixin.py:109} INFO - [2021-10-29 07:11:25,585] {dag.py:2914} INFO - Setting next_dagrun for example_bash_operator to 2021-10-28 00:00:00+00:00
[2021-10-29 07:11:25,605] {processor.py:171} INFO - Processing /home/airflow/.local/lib/python3.6/site-packages/airflow/example_dags/example_bash_operator.py took 0.158 seconds
[2021-10-29 07:11:55,744] {processor.py:163} INFO - Started process (PID=833) to work on /home/airflow/.local/lib/python3.6/site-packages/airflow/example_dags/example_bash_operator.py
[2021-10-29 07:11:55,747] {processor.py:620} INFO - Processing file /home/airflow/.local/lib/python3.6/site-packages/airflow/example_dags/example_bash_operator.py for tasks to queue
[2021-10-29 07:11:55,749] {logging_mixin.py:109} INFO - [2021-10-29 07:11:55,749] {dagbag.py:500} INFO - Filling up the DagBag from /home/airflow/.local/lib/python3.6/site-packages/airflow/example_dags/example_bash_operator.py
[2021-10-29 07:11:55,801] {processor.py:632} INFO - DAG(s) dict_keys(['example_bash_operator']) retrieved from /home/airflow/.local/lib/python3.6/site-packages/airflow/example_dags/example_bash_operator.py
[2021-10-29 07:11:55,825] {logging_mixin.py:109} INFO - [2021-10-29 07:11:55,825] {dag.py:2389} INFO - Sync 1 DAGs
[2021-10-29 07:11:55,846] {logging_mixin.py:109} INFO - [2021-10-29 07:11:55,846] {dag.py:2914} INFO - Setting next_dagrun for example_bash_operator to 2021-10-28 00:00:00+00:00
[2021-10-29 07:11:55,875] {processor.py:171} INFO - Processing /home/airflow/.local/lib/python3.6/site-packages/airflow/example_dags/example_bash_operator.py took 0.138 seconds
[2021-10-29 07:12:25,907] {processor.py:163} INFO - Started process (PID=887) to work on /home/airflow/.local/lib/python3.6/site-packages/airflow/example_dags/example_bash_operator.py
[2021-10-29 07:12:25,910] {processor.py:620} INFO - Processing file /home/airflow/.local/lib/python3.6/site-packages/airflow/example_dags/example_bash_operator.py for tasks to queue
[2021-10-29 07:12:25,911] {logging_mixin.py:109} INFO - [2021-10-29 07:12:25,911] {dagbag.py:500} INFO - Filling up the DagBag from /home/airflow/.local/lib/python3.6/site-packages/airflow/example_dags/example_bash_operator.py
[2021-10-29 07:12:25,957] {processor.py:632} INFO - DAG(s) dict_keys(['example_bash_operator']) retrieved from /home/airflow/.local/lib/python3.6/site-packages/airflow/example_dags/example_bash_operator.py
[2021-10-29 07:12:25,975] {logging_mixin.py:109} INFO - [2021-10-29 07:12:25,974] {dag.py:2389} INFO - Sync 1 DAGs
[2021-10-29 07:12:25,991] {logging_mixin.py:109} INFO - [2021-10-29 07:12:25,991] {dag.py:2914} INFO - Setting next_dagrun for example_bash_operator to 2021-10-28 00:00:00+00:00
[2021-10-29 07:12:26,006] {processor.py:171} INFO - Processing /home/airflow/.local/lib/python3.6/site-packages/airflow/example_dags/example_bash_operator.py took 0.104 seconds
[2021-10-29 07:12:56,060] {processor.py:163} INFO - Started process (PID=941) to work on /home/airflow/.local/lib/python3.6/site-packages/airflow/example_dags/example_bash_operator.py
[2021-10-29 07:12:56,067] {processor.py:620} INFO - Processing file /home/airflow/.local/lib/python3.6/site-packages/airflow/example_dags/example_bash_operator.py for tasks to queue
[2021-10-29 07:12:56,069] {logging_mixin.py:109} INFO - [2021-10-29 07:12:56,069] {dagbag.py:500} INFO - Filling up the DagBag from /home/airflow/.local/lib/python3.6/site-packages/airflow/example_dags/example_bash_operator.py
[2021-10-29 07:12:56,131] {processor.py:632} INFO - DAG(s) dict_keys(['example_bash_operator']) retrieved from /home/airflow/.local/lib/python3.6/site-packages/airflow/example_dags/example_bash_operator.py
[2021-10-29 07:12:56,156] {logging_mixin.py:109} INFO - [2021-10-29 07:12:56,156] {dag.py:2389} INFO - Sync 1 DAGs
[2021-10-29 07:12:56,183] {logging_mixin.py:109} INFO - [2021-10-29 07:12:56,183] {dag.py:2914} INFO - Setting next_dagrun for example_bash_operator to 2021-10-28 00:00:00+00:00
[2021-10-29 07:12:56,198] {processor.py:171} INFO - Processing /home/airflow/.local/lib/python3.6/site-packages/airflow/example_dags/example_bash_operator.py took 0.143 seconds
[2021-10-29 07:13:27,008] {processor.py:163} INFO - Started process (PID=1008) to work on /home/airflow/.local/lib/python3.6/site-packages/airflow/example_dags/example_bash_operator.py
[2021-10-29 07:13:27,010] {processor.py:620} INFO - Processing file /home/airflow/.local/lib/python3.6/site-packages/airflow/example_dags/example_bash_operator.py for tasks to queue
[2021-10-29 07:13:27,013] {logging_mixin.py:109} INFO - [2021-10-29 07:13:27,012] {dagbag.py:500} INFO - Filling up the DagBag from /home/airflow/.local/lib/python3.6/site-packages/airflow/example_dags/example_bash_operator.py
[2021-10-29 07:13:27,071] {processor.py:632} INFO - DAG(s) dict_keys(['example_bash_operator']) retrieved from /home/airflow/.local/lib/python3.6/site-packages/airflow/example_dags/example_bash_operator.py
[2021-10-29 07:13:27,097] {logging_mixin.py:109} INFO - [2021-10-29 07:13:27,097] {dag.py:2389} INFO - Sync 1 DAGs
[2021-10-29 07:13:27,114] {logging_mixin.py:109} INFO - [2021-10-29 07:13:27,114] {dag.py:2914} INFO - Setting next_dagrun for example_bash_operator to 2021-10-28 00:00:00+00:00
[2021-10-29 07:13:27,131] {processor.py:171} INFO - Processing /home/airflow/.local/lib/python3.6/site-packages/airflow/example_dags/example_bash_operator.py took 0.129 seconds
[2021-10-29 07:13:57,720] {processor.py:163} INFO - Started process (PID=1063) to work on /home/airflow/.local/lib/python3.6/site-packages/airflow/example_dags/example_bash_operator.py
[2021-10-29 07:13:57,723] {processor.py:620} INFO - Processing file /home/airflow/.local/lib/python3.6/site-packages/airflow/example_dags/example_bash_operator.py for tasks to queue
[2021-10-29 07:13:57,724] {logging_mixin.py:109} INFO - [2021-10-29 07:13:57,724] {dagbag.py:500} INFO - Filling up the DagBag from /home/airflow/.local/lib/python3.6/site-packages/airflow/example_dags/example_bash_operator.py
[2021-10-29 07:13:57,770] {processor.py:632} INFO - DAG(s) dict_keys(['example_bash_operator']) retrieved from /home/airflow/.local/lib/python3.6/site-packages/airflow/example_dags/example_bash_operator.py
[2021-10-29 07:13:57,784] {logging_mixin.py:109} INFO - [2021-10-29 07:13:57,784] {dag.py:2389} INFO - Sync 1 DAGs
[2021-10-29 07:13:57,798] {logging_mixin.py:109} INFO - [2021-10-29 07:13:57,798] {dag.py:2914} INFO - Setting next_dagrun for example_bash_operator to 2021-10-28 00:00:00+00:00
[2021-10-29 07:13:57,813] {processor.py:171} INFO - Processing /home/airflow/.local/lib/python3.6/site-packages/airflow/example_dags/example_bash_operator.py took 0.097 seconds
[2021-10-29 07:14:28,441] {processor.py:163} INFO - Started process (PID=1130) to work on /home/airflow/.local/lib/python3.6/site-packages/airflow/example_dags/example_bash_operator.py
[2021-10-29 07:14:28,444] {processor.py:620} INFO - Processing file /home/airflow/.local/lib/python3.6/site-packages/airflow/example_dags/example_bash_operator.py for tasks to queue
[2021-10-29 07:14:28,446] {logging_mixin.py:109} INFO - [2021-10-29 07:14:28,446] {dagbag.py:500} INFO - Filling up the DagBag from /home/airflow/.local/lib/python3.6/site-packages/airflow/example_dags/example_bash_operator.py
[2021-10-29 07:14:28,492] {processor.py:632} INFO - DAG(s) dict_keys(['example_bash_operator']) retrieved from /home/airflow/.local/lib/python3.6/site-packages/airflow/example_dags/example_bash_operator.py
[2021-10-29 07:14:28,507] {logging_mixin.py:109} INFO - [2021-10-29 07:14:28,507] {dag.py:2389} INFO - Sync 1 DAGs
[2021-10-29 07:14:28,523] {logging_mixin.py:109} INFO - [2021-10-29 07:14:28,522] {dag.py:2914} INFO - Setting next_dagrun for example_bash_operator to 2021-10-28 00:00:00+00:00
[2021-10-29 07:14:28,538] {processor.py:171} INFO - Processing /home/airflow/.local/lib/python3.6/site-packages/airflow/example_dags/example_bash_operator.py took 0.103 seconds
[2021-10-29 07:14:59,046] {processor.py:163} INFO - Started process (PID=1186) to work on /home/airflow/.local/lib/python3.6/site-packages/airflow/example_dags/example_bash_operator.py
[2021-10-29 07:14:59,048] {processor.py:620} INFO - Processing file /home/airflow/.local/lib/python3.6/site-packages/airflow/example_dags/example_bash_operator.py for tasks to queue
[2021-10-29 07:14:59,050] {logging_mixin.py:109} INFO - [2021-10-29 07:14:59,050] {dagbag.py:500} INFO - Filling up the DagBag from /home/airflow/.local/lib/python3.6/site-packages/airflow/example_dags/example_bash_operator.py
[2021-10-29 07:14:59,101] {processor.py:632} INFO - DAG(s) dict_keys(['example_bash_operator']) retrieved from /home/airflow/.local/lib/python3.6/site-packages/airflow/example_dags/example_bash_operator.py
[2021-10-29 07:14:59,116] {logging_mixin.py:109} INFO - [2021-10-29 07:14:59,116] {dag.py:2389} INFO - Sync 1 DAGs
[2021-10-29 07:14:59,131] {logging_mixin.py:109} INFO - [2021-10-29 07:14:59,131] {dag.py:2914} INFO - Setting next_dagrun for example_bash_operator to 2021-10-28 00:00:00+00:00
[2021-10-29 07:14:59,145] {processor.py:171} INFO - Processing /home/airflow/.local/lib/python3.6/site-packages/airflow/example_dags/example_bash_operator.py took 0.110 seconds
