[2021-10-29 07:07:25,749] {processor.py:163} INFO - Started process (PID=187) to work on /home/airflow/.local/lib/python3.6/site-packages/airflow/example_dags/example_xcom.py
[2021-10-29 07:07:25,753] {processor.py:620} INFO - Processing file /home/airflow/.local/lib/python3.6/site-packages/airflow/example_dags/example_xcom.py for tasks to queue
[2021-10-29 07:07:25,756] {logging_mixin.py:109} INFO - [2021-10-29 07:07:25,756] {dagbag.py:500} INFO - Filling up the DagBag from /home/airflow/.local/lib/python3.6/site-packages/airflow/example_dags/example_xcom.py
[2021-10-29 07:07:25,852] {processor.py:632} INFO - DAG(s) dict_keys(['example_xcom']) retrieved from /home/airflow/.local/lib/python3.6/site-packages/airflow/example_dags/example_xcom.py
[2021-10-29 07:07:29,286] {logging_mixin.py:109} INFO - [2021-10-29 07:07:29,286] {providers_manager.py:156} WARNING - Exception when importing 'airflow.providers.google.leveldb.hooks.leveldb.LevelDBHook' from 'apache-airflow-providers-google' package: No module named 'plyvel'
[2021-10-29 07:07:29,667] {logging_mixin.py:109} INFO - [2021-10-29 07:07:29,667] {providers_manager.py:156} WARNING - Exception when importing 'airflow.providers.google.leveldb.hooks.leveldb.LevelDBHook' from 'apache-airflow-providers-google' package: No module named 'plyvel'
[2021-10-29 07:07:29,701] {logging_mixin.py:109} INFO - [2021-10-29 07:07:29,701] {manager.py:496} INFO - Created Permission View: can read on DAG:example_xcom
[2021-10-29 07:07:29,723] {logging_mixin.py:109} INFO - [2021-10-29 07:07:29,723] {manager.py:496} INFO - Created Permission View: can edit on DAG:example_xcom
[2021-10-29 07:07:29,726] {logging_mixin.py:109} INFO - [2021-10-29 07:07:29,724] {dag.py:2389} INFO - Sync 1 DAGs
[2021-10-29 07:07:29,838] {logging_mixin.py:109} INFO - [2021-10-29 07:07:29,837] {dag.py:2408} INFO - Creating ORM DAG for example_xcom
[2021-10-29 07:07:29,850] {logging_mixin.py:109} INFO - [2021-10-29 07:07:29,850] {dag.py:2914} INFO - Setting next_dagrun for example_xcom to 2021-01-01T00:00:00+00:00
[2021-10-29 07:07:29,874] {processor.py:171} INFO - Processing /home/airflow/.local/lib/python3.6/site-packages/airflow/example_dags/example_xcom.py took 4.131 seconds
[2021-10-29 07:08:00,466] {processor.py:163} INFO - Started process (PID=371) to work on /home/airflow/.local/lib/python3.6/site-packages/airflow/example_dags/example_xcom.py
[2021-10-29 07:08:00,469] {processor.py:620} INFO - Processing file /home/airflow/.local/lib/python3.6/site-packages/airflow/example_dags/example_xcom.py for tasks to queue
[2021-10-29 07:08:00,470] {logging_mixin.py:109} INFO - [2021-10-29 07:08:00,470] {dagbag.py:500} INFO - Filling up the DagBag from /home/airflow/.local/lib/python3.6/site-packages/airflow/example_dags/example_xcom.py
[2021-10-29 07:08:00,511] {processor.py:632} INFO - DAG(s) dict_keys(['example_xcom']) retrieved from /home/airflow/.local/lib/python3.6/site-packages/airflow/example_dags/example_xcom.py
[2021-10-29 07:08:00,732] {logging_mixin.py:109} INFO - [2021-10-29 07:08:00,731] {dag.py:2389} INFO - Sync 1 DAGs
[2021-10-29 07:08:00,743] {logging_mixin.py:109} INFO - [2021-10-29 07:08:00,742] {dag.py:2914} INFO - Setting next_dagrun for example_xcom to 2021-01-01T00:00:00+00:00
[2021-10-29 07:08:00,757] {processor.py:171} INFO - Processing /home/airflow/.local/lib/python3.6/site-packages/airflow/example_dags/example_xcom.py took 0.297 seconds
[2021-10-29 07:08:30,958] {processor.py:163} INFO - Started process (PID=425) to work on /home/airflow/.local/lib/python3.6/site-packages/airflow/example_dags/example_xcom.py
[2021-10-29 07:08:30,965] {processor.py:620} INFO - Processing file /home/airflow/.local/lib/python3.6/site-packages/airflow/example_dags/example_xcom.py for tasks to queue
[2021-10-29 07:08:30,969] {logging_mixin.py:109} INFO - [2021-10-29 07:08:30,968] {dagbag.py:500} INFO - Filling up the DagBag from /home/airflow/.local/lib/python3.6/site-packages/airflow/example_dags/example_xcom.py
[2021-10-29 07:08:31,029] {processor.py:632} INFO - DAG(s) dict_keys(['example_xcom']) retrieved from /home/airflow/.local/lib/python3.6/site-packages/airflow/example_dags/example_xcom.py
[2021-10-29 07:08:31,378] {logging_mixin.py:109} INFO - [2021-10-29 07:08:31,378] {dag.py:2389} INFO - Sync 1 DAGs
[2021-10-29 07:08:31,392] {logging_mixin.py:109} INFO - [2021-10-29 07:08:31,392] {dag.py:2914} INFO - Setting next_dagrun for example_xcom to 2021-01-01T00:00:00+00:00
[2021-10-29 07:08:31,411] {processor.py:171} INFO - Processing /home/airflow/.local/lib/python3.6/site-packages/airflow/example_dags/example_xcom.py took 0.461 seconds
[2021-10-29 07:09:01,475] {processor.py:163} INFO - Started process (PID=491) to work on /home/airflow/.local/lib/python3.6/site-packages/airflow/example_dags/example_xcom.py
[2021-10-29 07:09:01,477] {processor.py:620} INFO - Processing file /home/airflow/.local/lib/python3.6/site-packages/airflow/example_dags/example_xcom.py for tasks to queue
[2021-10-29 07:09:01,479] {logging_mixin.py:109} INFO - [2021-10-29 07:09:01,478] {dagbag.py:500} INFO - Filling up the DagBag from /home/airflow/.local/lib/python3.6/site-packages/airflow/example_dags/example_xcom.py
[2021-10-29 07:09:01,524] {processor.py:632} INFO - DAG(s) dict_keys(['example_xcom']) retrieved from /home/airflow/.local/lib/python3.6/site-packages/airflow/example_dags/example_xcom.py
[2021-10-29 07:09:01,746] {logging_mixin.py:109} INFO - [2021-10-29 07:09:01,746] {dag.py:2389} INFO - Sync 1 DAGs
[2021-10-29 07:09:01,758] {logging_mixin.py:109} INFO - [2021-10-29 07:09:01,758] {dag.py:2914} INFO - Setting next_dagrun for example_xcom to 2021-01-01T00:00:00+00:00
[2021-10-29 07:09:01,771] {processor.py:171} INFO - Processing /home/airflow/.local/lib/python3.6/site-packages/airflow/example_dags/example_xcom.py took 0.300 seconds
[2021-10-29 07:09:31,971] {processor.py:163} INFO - Started process (PID=546) to work on /home/airflow/.local/lib/python3.6/site-packages/airflow/example_dags/example_xcom.py
[2021-10-29 07:09:31,973] {processor.py:620} INFO - Processing file /home/airflow/.local/lib/python3.6/site-packages/airflow/example_dags/example_xcom.py for tasks to queue
[2021-10-29 07:09:31,975] {logging_mixin.py:109} INFO - [2021-10-29 07:09:31,975] {dagbag.py:500} INFO - Filling up the DagBag from /home/airflow/.local/lib/python3.6/site-packages/airflow/example_dags/example_xcom.py
[2021-10-29 07:09:32,014] {processor.py:632} INFO - DAG(s) dict_keys(['example_xcom']) retrieved from /home/airflow/.local/lib/python3.6/site-packages/airflow/example_dags/example_xcom.py
[2021-10-29 07:09:32,204] {logging_mixin.py:109} INFO - [2021-10-29 07:09:32,204] {dag.py:2389} INFO - Sync 1 DAGs
[2021-10-29 07:09:32,217] {logging_mixin.py:109} INFO - [2021-10-29 07:09:32,217] {dag.py:2914} INFO - Setting next_dagrun for example_xcom to 2021-01-01T00:00:00+00:00
[2021-10-29 07:09:32,230] {processor.py:171} INFO - Processing /home/airflow/.local/lib/python3.6/site-packages/airflow/example_dags/example_xcom.py took 0.264 seconds
[2021-10-29 07:10:02,329] {processor.py:163} INFO - Started process (PID=615) to work on /home/airflow/.local/lib/python3.6/site-packages/airflow/example_dags/example_xcom.py
[2021-10-29 07:10:02,331] {processor.py:620} INFO - Processing file /home/airflow/.local/lib/python3.6/site-packages/airflow/example_dags/example_xcom.py for tasks to queue
[2021-10-29 07:10:02,333] {logging_mixin.py:109} INFO - [2021-10-29 07:10:02,333] {dagbag.py:500} INFO - Filling up the DagBag from /home/airflow/.local/lib/python3.6/site-packages/airflow/example_dags/example_xcom.py
[2021-10-29 07:10:02,375] {processor.py:632} INFO - DAG(s) dict_keys(['example_xcom']) retrieved from /home/airflow/.local/lib/python3.6/site-packages/airflow/example_dags/example_xcom.py
[2021-10-29 07:10:02,580] {logging_mixin.py:109} INFO - [2021-10-29 07:10:02,580] {dag.py:2389} INFO - Sync 1 DAGs
[2021-10-29 07:10:02,591] {logging_mixin.py:109} INFO - [2021-10-29 07:10:02,591] {dag.py:2914} INFO - Setting next_dagrun for example_xcom to 2021-01-01T00:00:00+00:00
[2021-10-29 07:10:02,606] {processor.py:171} INFO - Processing /home/airflow/.local/lib/python3.6/site-packages/airflow/example_dags/example_xcom.py took 0.281 seconds
[2021-10-29 07:10:33,101] {processor.py:163} INFO - Started process (PID=669) to work on /home/airflow/.local/lib/python3.6/site-packages/airflow/example_dags/example_xcom.py
[2021-10-29 07:10:33,105] {processor.py:620} INFO - Processing file /home/airflow/.local/lib/python3.6/site-packages/airflow/example_dags/example_xcom.py for tasks to queue
[2021-10-29 07:10:33,106] {logging_mixin.py:109} INFO - [2021-10-29 07:10:33,106] {dagbag.py:500} INFO - Filling up the DagBag from /home/airflow/.local/lib/python3.6/site-packages/airflow/example_dags/example_xcom.py
[2021-10-29 07:10:33,145] {processor.py:632} INFO - DAG(s) dict_keys(['example_xcom']) retrieved from /home/airflow/.local/lib/python3.6/site-packages/airflow/example_dags/example_xcom.py
[2021-10-29 07:10:33,380] {logging_mixin.py:109} INFO - [2021-10-29 07:10:33,380] {dag.py:2389} INFO - Sync 1 DAGs
[2021-10-29 07:10:33,396] {logging_mixin.py:109} INFO - [2021-10-29 07:10:33,396] {dag.py:2914} INFO - Setting next_dagrun for example_xcom to 2021-01-01T00:00:00+00:00
[2021-10-29 07:10:33,412] {processor.py:171} INFO - Processing /home/airflow/.local/lib/python3.6/site-packages/airflow/example_dags/example_xcom.py took 0.317 seconds
[2021-10-29 07:11:03,730] {processor.py:163} INFO - Started process (PID=724) to work on /home/airflow/.local/lib/python3.6/site-packages/airflow/example_dags/example_xcom.py
[2021-10-29 07:11:03,733] {processor.py:620} INFO - Processing file /home/airflow/.local/lib/python3.6/site-packages/airflow/example_dags/example_xcom.py for tasks to queue
[2021-10-29 07:11:03,735] {logging_mixin.py:109} INFO - [2021-10-29 07:11:03,735] {dagbag.py:500} INFO - Filling up the DagBag from /home/airflow/.local/lib/python3.6/site-packages/airflow/example_dags/example_xcom.py
[2021-10-29 07:11:03,777] {processor.py:632} INFO - DAG(s) dict_keys(['example_xcom']) retrieved from /home/airflow/.local/lib/python3.6/site-packages/airflow/example_dags/example_xcom.py
[2021-10-29 07:11:03,792] {logging_mixin.py:109} INFO - [2021-10-29 07:11:03,792] {dag.py:2389} INFO - Sync 1 DAGs
[2021-10-29 07:11:03,805] {logging_mixin.py:109} INFO - [2021-10-29 07:11:03,805] {dag.py:2914} INFO - Setting next_dagrun for example_xcom to 2021-01-01T00:00:00+00:00
[2021-10-29 07:11:03,817] {processor.py:171} INFO - Processing /home/airflow/.local/lib/python3.6/site-packages/airflow/example_dags/example_xcom.py took 0.093 seconds
[2021-10-29 07:11:34,628] {processor.py:163} INFO - Started process (PID=790) to work on /home/airflow/.local/lib/python3.6/site-packages/airflow/example_dags/example_xcom.py
[2021-10-29 07:11:34,631] {processor.py:620} INFO - Processing file /home/airflow/.local/lib/python3.6/site-packages/airflow/example_dags/example_xcom.py for tasks to queue
[2021-10-29 07:11:34,634] {logging_mixin.py:109} INFO - [2021-10-29 07:11:34,633] {dagbag.py:500} INFO - Filling up the DagBag from /home/airflow/.local/lib/python3.6/site-packages/airflow/example_dags/example_xcom.py
[2021-10-29 07:11:34,695] {processor.py:632} INFO - DAG(s) dict_keys(['example_xcom']) retrieved from /home/airflow/.local/lib/python3.6/site-packages/airflow/example_dags/example_xcom.py
[2021-10-29 07:11:35,111] {logging_mixin.py:109} INFO - [2021-10-29 07:11:35,111] {dag.py:2389} INFO - Sync 1 DAGs
[2021-10-29 07:11:35,133] {logging_mixin.py:109} INFO - [2021-10-29 07:11:35,133] {dag.py:2914} INFO - Setting next_dagrun for example_xcom to 2021-01-01T00:00:00+00:00
[2021-10-29 07:11:35,159] {processor.py:171} INFO - Processing /home/airflow/.local/lib/python3.6/site-packages/airflow/example_dags/example_xcom.py took 0.536 seconds
[2021-10-29 07:12:05,883] {processor.py:163} INFO - Started process (PID=844) to work on /home/airflow/.local/lib/python3.6/site-packages/airflow/example_dags/example_xcom.py
[2021-10-29 07:12:05,891] {processor.py:620} INFO - Processing file /home/airflow/.local/lib/python3.6/site-packages/airflow/example_dags/example_xcom.py for tasks to queue
[2021-10-29 07:12:05,895] {logging_mixin.py:109} INFO - [2021-10-29 07:12:05,895] {dagbag.py:500} INFO - Filling up the DagBag from /home/airflow/.local/lib/python3.6/site-packages/airflow/example_dags/example_xcom.py
[2021-10-29 07:12:05,983] {processor.py:632} INFO - DAG(s) dict_keys(['example_xcom']) retrieved from /home/airflow/.local/lib/python3.6/site-packages/airflow/example_dags/example_xcom.py
[2021-10-29 07:12:06,263] {logging_mixin.py:109} INFO - [2021-10-29 07:12:06,263] {dag.py:2389} INFO - Sync 1 DAGs
[2021-10-29 07:12:06,276] {logging_mixin.py:109} INFO - [2021-10-29 07:12:06,275] {dag.py:2914} INFO - Setting next_dagrun for example_xcom to 2021-01-01T00:00:00+00:00
[2021-10-29 07:12:06,293] {processor.py:171} INFO - Processing /home/airflow/.local/lib/python3.6/site-packages/airflow/example_dags/example_xcom.py took 0.415 seconds
[2021-10-29 07:12:37,275] {processor.py:163} INFO - Started process (PID=911) to work on /home/airflow/.local/lib/python3.6/site-packages/airflow/example_dags/example_xcom.py
[2021-10-29 07:12:37,279] {processor.py:620} INFO - Processing file /home/airflow/.local/lib/python3.6/site-packages/airflow/example_dags/example_xcom.py for tasks to queue
[2021-10-29 07:12:37,282] {logging_mixin.py:109} INFO - [2021-10-29 07:12:37,282] {dagbag.py:500} INFO - Filling up the DagBag from /home/airflow/.local/lib/python3.6/site-packages/airflow/example_dags/example_xcom.py
[2021-10-29 07:12:37,332] {processor.py:632} INFO - DAG(s) dict_keys(['example_xcom']) retrieved from /home/airflow/.local/lib/python3.6/site-packages/airflow/example_dags/example_xcom.py
[2021-10-29 07:12:37,547] {logging_mixin.py:109} INFO - [2021-10-29 07:12:37,547] {dag.py:2389} INFO - Sync 1 DAGs
[2021-10-29 07:12:37,559] {logging_mixin.py:109} INFO - [2021-10-29 07:12:37,559] {dag.py:2914} INFO - Setting next_dagrun for example_xcom to 2021-01-01T00:00:00+00:00
[2021-10-29 07:12:37,572] {processor.py:171} INFO - Processing /home/airflow/.local/lib/python3.6/site-packages/airflow/example_dags/example_xcom.py took 0.304 seconds
[2021-10-29 07:13:08,297] {processor.py:163} INFO - Started process (PID=966) to work on /home/airflow/.local/lib/python3.6/site-packages/airflow/example_dags/example_xcom.py
[2021-10-29 07:13:08,301] {processor.py:620} INFO - Processing file /home/airflow/.local/lib/python3.6/site-packages/airflow/example_dags/example_xcom.py for tasks to queue
[2021-10-29 07:13:08,303] {logging_mixin.py:109} INFO - [2021-10-29 07:13:08,303] {dagbag.py:500} INFO - Filling up the DagBag from /home/airflow/.local/lib/python3.6/site-packages/airflow/example_dags/example_xcom.py
[2021-10-29 07:13:08,350] {processor.py:632} INFO - DAG(s) dict_keys(['example_xcom']) retrieved from /home/airflow/.local/lib/python3.6/site-packages/airflow/example_dags/example_xcom.py
[2021-10-29 07:13:08,365] {logging_mixin.py:109} INFO - [2021-10-29 07:13:08,365] {dag.py:2389} INFO - Sync 1 DAGs
[2021-10-29 07:13:08,381] {logging_mixin.py:109} INFO - [2021-10-29 07:13:08,381] {dag.py:2914} INFO - Setting next_dagrun for example_xcom to 2021-01-01T00:00:00+00:00
[2021-10-29 07:13:08,394] {processor.py:171} INFO - Processing /home/airflow/.local/lib/python3.6/site-packages/airflow/example_dags/example_xcom.py took 0.105 seconds
[2021-10-29 07:13:39,156] {processor.py:163} INFO - Started process (PID=1032) to work on /home/airflow/.local/lib/python3.6/site-packages/airflow/example_dags/example_xcom.py
[2021-10-29 07:13:39,159] {processor.py:620} INFO - Processing file /home/airflow/.local/lib/python3.6/site-packages/airflow/example_dags/example_xcom.py for tasks to queue
[2021-10-29 07:13:39,161] {logging_mixin.py:109} INFO - [2021-10-29 07:13:39,161] {dagbag.py:500} INFO - Filling up the DagBag from /home/airflow/.local/lib/python3.6/site-packages/airflow/example_dags/example_xcom.py
[2021-10-29 07:13:39,201] {processor.py:632} INFO - DAG(s) dict_keys(['example_xcom']) retrieved from /home/airflow/.local/lib/python3.6/site-packages/airflow/example_dags/example_xcom.py
[2021-10-29 07:13:39,403] {logging_mixin.py:109} INFO - [2021-10-29 07:13:39,403] {dag.py:2389} INFO - Sync 1 DAGs
[2021-10-29 07:13:39,415] {logging_mixin.py:109} INFO - [2021-10-29 07:13:39,415] {dag.py:2914} INFO - Setting next_dagrun for example_xcom to 2021-01-01T00:00:00+00:00
[2021-10-29 07:13:39,430] {processor.py:171} INFO - Processing /home/airflow/.local/lib/python3.6/site-packages/airflow/example_dags/example_xcom.py took 0.281 seconds
[2021-10-29 07:14:09,852] {processor.py:163} INFO - Started process (PID=1088) to work on /home/airflow/.local/lib/python3.6/site-packages/airflow/example_dags/example_xcom.py
[2021-10-29 07:14:09,854] {processor.py:620} INFO - Processing file /home/airflow/.local/lib/python3.6/site-packages/airflow/example_dags/example_xcom.py for tasks to queue
[2021-10-29 07:14:09,857] {logging_mixin.py:109} INFO - [2021-10-29 07:14:09,856] {dagbag.py:500} INFO - Filling up the DagBag from /home/airflow/.local/lib/python3.6/site-packages/airflow/example_dags/example_xcom.py
[2021-10-29 07:14:09,899] {processor.py:632} INFO - DAG(s) dict_keys(['example_xcom']) retrieved from /home/airflow/.local/lib/python3.6/site-packages/airflow/example_dags/example_xcom.py
[2021-10-29 07:14:10,103] {logging_mixin.py:109} INFO - [2021-10-29 07:14:10,103] {dag.py:2389} INFO - Sync 1 DAGs
[2021-10-29 07:14:10,114] {logging_mixin.py:109} INFO - [2021-10-29 07:14:10,114] {dag.py:2914} INFO - Setting next_dagrun for example_xcom to 2021-01-01T00:00:00+00:00
[2021-10-29 07:14:10,128] {processor.py:171} INFO - Processing /home/airflow/.local/lib/python3.6/site-packages/airflow/example_dags/example_xcom.py took 0.281 seconds
[2021-10-29 07:14:40,441] {processor.py:163} INFO - Started process (PID=1154) to work on /home/airflow/.local/lib/python3.6/site-packages/airflow/example_dags/example_xcom.py
[2021-10-29 07:14:40,444] {processor.py:620} INFO - Processing file /home/airflow/.local/lib/python3.6/site-packages/airflow/example_dags/example_xcom.py for tasks to queue
[2021-10-29 07:14:40,446] {logging_mixin.py:109} INFO - [2021-10-29 07:14:40,446] {dagbag.py:500} INFO - Filling up the DagBag from /home/airflow/.local/lib/python3.6/site-packages/airflow/example_dags/example_xcom.py
[2021-10-29 07:14:40,503] {processor.py:632} INFO - DAG(s) dict_keys(['example_xcom']) retrieved from /home/airflow/.local/lib/python3.6/site-packages/airflow/example_dags/example_xcom.py
[2021-10-29 07:14:40,761] {logging_mixin.py:109} INFO - [2021-10-29 07:14:40,760] {dag.py:2389} INFO - Sync 1 DAGs
[2021-10-29 07:14:40,776] {logging_mixin.py:109} INFO - [2021-10-29 07:14:40,775] {dag.py:2914} INFO - Setting next_dagrun for example_xcom to 2021-01-01T00:00:00+00:00
[2021-10-29 07:14:40,794] {processor.py:171} INFO - Processing /home/airflow/.local/lib/python3.6/site-packages/airflow/example_dags/example_xcom.py took 0.360 seconds
[2021-10-29 07:15:11,163] {processor.py:163} INFO - Started process (PID=1209) to work on /home/airflow/.local/lib/python3.6/site-packages/airflow/example_dags/example_xcom.py
[2021-10-29 07:15:11,166] {processor.py:620} INFO - Processing file /home/airflow/.local/lib/python3.6/site-packages/airflow/example_dags/example_xcom.py for tasks to queue
[2021-10-29 07:15:11,169] {logging_mixin.py:109} INFO - [2021-10-29 07:15:11,169] {dagbag.py:500} INFO - Filling up the DagBag from /home/airflow/.local/lib/python3.6/site-packages/airflow/example_dags/example_xcom.py
[2021-10-29 07:15:11,227] {processor.py:632} INFO - DAG(s) dict_keys(['example_xcom']) retrieved from /home/airflow/.local/lib/python3.6/site-packages/airflow/example_dags/example_xcom.py
[2021-10-29 07:15:11,259] {logging_mixin.py:109} INFO - [2021-10-29 07:15:11,259] {dag.py:2389} INFO - Sync 1 DAGs
[2021-10-29 07:15:11,276] {logging_mixin.py:109} INFO - [2021-10-29 07:15:11,276] {dag.py:2914} INFO - Setting next_dagrun for example_xcom to 2021-01-01T00:00:00+00:00
[2021-10-29 07:15:11,292] {processor.py:171} INFO - Processing /home/airflow/.local/lib/python3.6/site-packages/airflow/example_dags/example_xcom.py took 0.133 seconds
