[2021-10-29 07:07:36,873] {processor.py:163} INFO - Started process (PID=254) to work on /home/airflow/.local/lib/python3.6/site-packages/airflow/example_dags/example_skip_dag.py
[2021-10-29 07:07:36,875] {processor.py:620} INFO - Processing file /home/airflow/.local/lib/python3.6/site-packages/airflow/example_dags/example_skip_dag.py for tasks to queue
[2021-10-29 07:07:36,877] {logging_mixin.py:109} INFO - [2021-10-29 07:07:36,877] {dagbag.py:500} INFO - Filling up the DagBag from /home/airflow/.local/lib/python3.6/site-packages/airflow/example_dags/example_skip_dag.py
[2021-10-29 07:07:36,919] {processor.py:632} INFO - DAG(s) dict_keys(['example_skip_dag']) retrieved from /home/airflow/.local/lib/python3.6/site-packages/airflow/example_dags/example_skip_dag.py
[2021-10-29 07:07:38,452] {logging_mixin.py:109} INFO - [2021-10-29 07:07:38,452] {providers_manager.py:156} WARNING - Exception when importing 'airflow.providers.google.leveldb.hooks.leveldb.LevelDBHook' from 'apache-airflow-providers-google' package: No module named 'plyvel'
[2021-10-29 07:07:38,785] {logging_mixin.py:109} INFO - [2021-10-29 07:07:38,785] {providers_manager.py:156} WARNING - Exception when importing 'airflow.providers.google.leveldb.hooks.leveldb.LevelDBHook' from 'apache-airflow-providers-google' package: No module named 'plyvel'
[2021-10-29 07:07:38,812] {logging_mixin.py:109} INFO - [2021-10-29 07:07:38,812] {manager.py:496} INFO - Created Permission View: can read on DAG:example_skip_dag
[2021-10-29 07:07:38,825] {logging_mixin.py:109} INFO - [2021-10-29 07:07:38,825] {manager.py:496} INFO - Created Permission View: can edit on DAG:example_skip_dag
[2021-10-29 07:07:38,828] {logging_mixin.py:109} INFO - [2021-10-29 07:07:38,826] {dag.py:2389} INFO - Sync 1 DAGs
[2021-10-29 07:07:38,838] {logging_mixin.py:109} INFO - [2021-10-29 07:07:38,837] {dag.py:2408} INFO - Creating ORM DAG for example_skip_dag
[2021-10-29 07:07:38,844] {logging_mixin.py:109} INFO - [2021-10-29 07:07:38,844] {dag.py:2914} INFO - Setting next_dagrun for example_skip_dag to 2021-10-28T07:07:38.844473+00:00
[2021-10-29 07:07:38,861] {processor.py:171} INFO - Processing /home/airflow/.local/lib/python3.6/site-packages/airflow/example_dags/example_skip_dag.py took 1.993 seconds
[2021-10-29 07:08:08,970] {processor.py:163} INFO - Started process (PID=379) to work on /home/airflow/.local/lib/python3.6/site-packages/airflow/example_dags/example_skip_dag.py
[2021-10-29 07:08:08,972] {processor.py:620} INFO - Processing file /home/airflow/.local/lib/python3.6/site-packages/airflow/example_dags/example_skip_dag.py for tasks to queue
[2021-10-29 07:08:08,974] {logging_mixin.py:109} INFO - [2021-10-29 07:08:08,974] {dagbag.py:500} INFO - Filling up the DagBag from /home/airflow/.local/lib/python3.6/site-packages/airflow/example_dags/example_skip_dag.py
[2021-10-29 07:08:09,013] {processor.py:632} INFO - DAG(s) dict_keys(['example_skip_dag']) retrieved from /home/airflow/.local/lib/python3.6/site-packages/airflow/example_dags/example_skip_dag.py
[2021-10-29 07:08:09,047] {logging_mixin.py:109} INFO - [2021-10-29 07:08:09,047] {dag.py:2389} INFO - Sync 1 DAGs
[2021-10-29 07:08:09,062] {logging_mixin.py:109} INFO - [2021-10-29 07:08:09,062] {dag.py:2914} INFO - Setting next_dagrun for example_skip_dag to 2021-10-28T07:08:09.062337+00:00
[2021-10-29 07:08:09,082] {processor.py:171} INFO - Processing /home/airflow/.local/lib/python3.6/site-packages/airflow/example_dags/example_skip_dag.py took 0.117 seconds
[2021-10-29 07:08:39,461] {processor.py:163} INFO - Started process (PID=445) to work on /home/airflow/.local/lib/python3.6/site-packages/airflow/example_dags/example_skip_dag.py
[2021-10-29 07:08:39,464] {processor.py:620} INFO - Processing file /home/airflow/.local/lib/python3.6/site-packages/airflow/example_dags/example_skip_dag.py for tasks to queue
[2021-10-29 07:08:39,467] {logging_mixin.py:109} INFO - [2021-10-29 07:08:39,466] {dagbag.py:500} INFO - Filling up the DagBag from /home/airflow/.local/lib/python3.6/site-packages/airflow/example_dags/example_skip_dag.py
[2021-10-29 07:08:39,513] {processor.py:632} INFO - DAG(s) dict_keys(['example_skip_dag']) retrieved from /home/airflow/.local/lib/python3.6/site-packages/airflow/example_dags/example_skip_dag.py
[2021-10-29 07:08:39,530] {logging_mixin.py:109} INFO - [2021-10-29 07:08:39,529] {dag.py:2389} INFO - Sync 1 DAGs
[2021-10-29 07:08:39,545] {logging_mixin.py:109} INFO - [2021-10-29 07:08:39,545] {dag.py:2914} INFO - Setting next_dagrun for example_skip_dag to 2021-10-28T07:08:39.544888+00:00
[2021-10-29 07:08:39,559] {processor.py:171} INFO - Processing /home/airflow/.local/lib/python3.6/site-packages/airflow/example_dags/example_skip_dag.py took 0.102 seconds
[2021-10-29 07:09:10,014] {processor.py:163} INFO - Started process (PID=499) to work on /home/airflow/.local/lib/python3.6/site-packages/airflow/example_dags/example_skip_dag.py
[2021-10-29 07:09:10,017] {processor.py:620} INFO - Processing file /home/airflow/.local/lib/python3.6/site-packages/airflow/example_dags/example_skip_dag.py for tasks to queue
[2021-10-29 07:09:10,019] {logging_mixin.py:109} INFO - [2021-10-29 07:09:10,019] {dagbag.py:500} INFO - Filling up the DagBag from /home/airflow/.local/lib/python3.6/site-packages/airflow/example_dags/example_skip_dag.py
[2021-10-29 07:09:10,052] {processor.py:632} INFO - DAG(s) dict_keys(['example_skip_dag']) retrieved from /home/airflow/.local/lib/python3.6/site-packages/airflow/example_dags/example_skip_dag.py
[2021-10-29 07:09:10,066] {logging_mixin.py:109} INFO - [2021-10-29 07:09:10,065] {dag.py:2389} INFO - Sync 1 DAGs
[2021-10-29 07:09:10,079] {logging_mixin.py:109} INFO - [2021-10-29 07:09:10,078] {dag.py:2914} INFO - Setting next_dagrun for example_skip_dag to 2021-10-28T07:09:10.078639+00:00
[2021-10-29 07:09:10,091] {processor.py:171} INFO - Processing /home/airflow/.local/lib/python3.6/site-packages/airflow/example_dags/example_skip_dag.py took 0.081 seconds
[2021-10-29 07:09:40,381] {processor.py:163} INFO - Started process (PID=566) to work on /home/airflow/.local/lib/python3.6/site-packages/airflow/example_dags/example_skip_dag.py
[2021-10-29 07:09:40,384] {processor.py:620} INFO - Processing file /home/airflow/.local/lib/python3.6/site-packages/airflow/example_dags/example_skip_dag.py for tasks to queue
[2021-10-29 07:09:40,385] {logging_mixin.py:109} INFO - [2021-10-29 07:09:40,385] {dagbag.py:500} INFO - Filling up the DagBag from /home/airflow/.local/lib/python3.6/site-packages/airflow/example_dags/example_skip_dag.py
[2021-10-29 07:09:40,423] {processor.py:632} INFO - DAG(s) dict_keys(['example_skip_dag']) retrieved from /home/airflow/.local/lib/python3.6/site-packages/airflow/example_dags/example_skip_dag.py
[2021-10-29 07:09:40,438] {logging_mixin.py:109} INFO - [2021-10-29 07:09:40,438] {dag.py:2389} INFO - Sync 1 DAGs
[2021-10-29 07:09:40,452] {logging_mixin.py:109} INFO - [2021-10-29 07:09:40,452] {dag.py:2914} INFO - Setting next_dagrun for example_skip_dag to 2021-10-28T07:09:40.451854+00:00
[2021-10-29 07:09:40,465] {processor.py:171} INFO - Processing /home/airflow/.local/lib/python3.6/site-packages/airflow/example_dags/example_skip_dag.py took 0.088 seconds
[2021-10-29 07:10:10,855] {processor.py:163} INFO - Started process (PID=623) to work on /home/airflow/.local/lib/python3.6/site-packages/airflow/example_dags/example_skip_dag.py
[2021-10-29 07:10:10,859] {processor.py:620} INFO - Processing file /home/airflow/.local/lib/python3.6/site-packages/airflow/example_dags/example_skip_dag.py for tasks to queue
[2021-10-29 07:10:10,861] {logging_mixin.py:109} INFO - [2021-10-29 07:10:10,861] {dagbag.py:500} INFO - Filling up the DagBag from /home/airflow/.local/lib/python3.6/site-packages/airflow/example_dags/example_skip_dag.py
[2021-10-29 07:10:10,897] {processor.py:632} INFO - DAG(s) dict_keys(['example_skip_dag']) retrieved from /home/airflow/.local/lib/python3.6/site-packages/airflow/example_dags/example_skip_dag.py
[2021-10-29 07:10:10,912] {logging_mixin.py:109} INFO - [2021-10-29 07:10:10,912] {dag.py:2389} INFO - Sync 1 DAGs
[2021-10-29 07:10:10,925] {logging_mixin.py:109} INFO - [2021-10-29 07:10:10,924] {dag.py:2914} INFO - Setting next_dagrun for example_skip_dag to 2021-10-28T07:10:10.924582+00:00
[2021-10-29 07:10:10,937] {processor.py:171} INFO - Processing /home/airflow/.local/lib/python3.6/site-packages/airflow/example_dags/example_skip_dag.py took 0.088 seconds
[2021-10-29 07:10:41,685] {processor.py:163} INFO - Started process (PID=688) to work on /home/airflow/.local/lib/python3.6/site-packages/airflow/example_dags/example_skip_dag.py
[2021-10-29 07:10:41,689] {processor.py:620} INFO - Processing file /home/airflow/.local/lib/python3.6/site-packages/airflow/example_dags/example_skip_dag.py for tasks to queue
[2021-10-29 07:10:41,691] {logging_mixin.py:109} INFO - [2021-10-29 07:10:41,691] {dagbag.py:500} INFO - Filling up the DagBag from /home/airflow/.local/lib/python3.6/site-packages/airflow/example_dags/example_skip_dag.py
[2021-10-29 07:10:41,736] {processor.py:632} INFO - DAG(s) dict_keys(['example_skip_dag']) retrieved from /home/airflow/.local/lib/python3.6/site-packages/airflow/example_dags/example_skip_dag.py
[2021-10-29 07:10:41,761] {logging_mixin.py:109} INFO - [2021-10-29 07:10:41,761] {dag.py:2389} INFO - Sync 1 DAGs
[2021-10-29 07:10:41,780] {logging_mixin.py:109} INFO - [2021-10-29 07:10:41,779] {dag.py:2914} INFO - Setting next_dagrun for example_skip_dag to 2021-10-28T07:10:41.779575+00:00
[2021-10-29 07:10:41,798] {processor.py:171} INFO - Processing /home/airflow/.local/lib/python3.6/site-packages/airflow/example_dags/example_skip_dag.py took 0.117 seconds
[2021-10-29 07:11:12,337] {processor.py:163} INFO - Started process (PID=743) to work on /home/airflow/.local/lib/python3.6/site-packages/airflow/example_dags/example_skip_dag.py
[2021-10-29 07:11:12,340] {processor.py:620} INFO - Processing file /home/airflow/.local/lib/python3.6/site-packages/airflow/example_dags/example_skip_dag.py for tasks to queue
[2021-10-29 07:11:12,342] {logging_mixin.py:109} INFO - [2021-10-29 07:11:12,342] {dagbag.py:500} INFO - Filling up the DagBag from /home/airflow/.local/lib/python3.6/site-packages/airflow/example_dags/example_skip_dag.py
[2021-10-29 07:11:12,382] {processor.py:632} INFO - DAG(s) dict_keys(['example_skip_dag']) retrieved from /home/airflow/.local/lib/python3.6/site-packages/airflow/example_dags/example_skip_dag.py
[2021-10-29 07:11:12,397] {logging_mixin.py:109} INFO - [2021-10-29 07:11:12,396] {dag.py:2389} INFO - Sync 1 DAGs
[2021-10-29 07:11:12,410] {logging_mixin.py:109} INFO - [2021-10-29 07:11:12,410] {dag.py:2914} INFO - Setting next_dagrun for example_skip_dag to 2021-10-28T07:11:12.409883+00:00
[2021-10-29 07:11:12,423] {processor.py:171} INFO - Processing /home/airflow/.local/lib/python3.6/site-packages/airflow/example_dags/example_skip_dag.py took 0.093 seconds
[2021-10-29 07:11:42,529] {processor.py:163} INFO - Started process (PID=809) to work on /home/airflow/.local/lib/python3.6/site-packages/airflow/example_dags/example_skip_dag.py
[2021-10-29 07:11:42,532] {processor.py:620} INFO - Processing file /home/airflow/.local/lib/python3.6/site-packages/airflow/example_dags/example_skip_dag.py for tasks to queue
[2021-10-29 07:11:42,534] {logging_mixin.py:109} INFO - [2021-10-29 07:11:42,534] {dagbag.py:500} INFO - Filling up the DagBag from /home/airflow/.local/lib/python3.6/site-packages/airflow/example_dags/example_skip_dag.py
[2021-10-29 07:11:42,573] {processor.py:632} INFO - DAG(s) dict_keys(['example_skip_dag']) retrieved from /home/airflow/.local/lib/python3.6/site-packages/airflow/example_dags/example_skip_dag.py
[2021-10-29 07:11:42,587] {logging_mixin.py:109} INFO - [2021-10-29 07:11:42,586] {dag.py:2389} INFO - Sync 1 DAGs
[2021-10-29 07:11:42,601] {logging_mixin.py:109} INFO - [2021-10-29 07:11:42,601] {dag.py:2914} INFO - Setting next_dagrun for example_skip_dag to 2021-10-28T07:11:42.600847+00:00
[2021-10-29 07:11:42,617] {processor.py:171} INFO - Processing /home/airflow/.local/lib/python3.6/site-packages/airflow/example_dags/example_skip_dag.py took 0.092 seconds
[2021-10-29 07:12:12,699] {processor.py:163} INFO - Started process (PID=862) to work on /home/airflow/.local/lib/python3.6/site-packages/airflow/example_dags/example_skip_dag.py
[2021-10-29 07:12:12,704] {processor.py:620} INFO - Processing file /home/airflow/.local/lib/python3.6/site-packages/airflow/example_dags/example_skip_dag.py for tasks to queue
[2021-10-29 07:12:12,705] {logging_mixin.py:109} INFO - [2021-10-29 07:12:12,705] {dagbag.py:500} INFO - Filling up the DagBag from /home/airflow/.local/lib/python3.6/site-packages/airflow/example_dags/example_skip_dag.py
[2021-10-29 07:12:12,748] {processor.py:632} INFO - DAG(s) dict_keys(['example_skip_dag']) retrieved from /home/airflow/.local/lib/python3.6/site-packages/airflow/example_dags/example_skip_dag.py
[2021-10-29 07:12:12,767] {logging_mixin.py:109} INFO - [2021-10-29 07:12:12,767] {dag.py:2389} INFO - Sync 1 DAGs
[2021-10-29 07:12:12,785] {logging_mixin.py:109} INFO - [2021-10-29 07:12:12,785] {dag.py:2914} INFO - Setting next_dagrun for example_skip_dag to 2021-10-28T07:12:12.784656+00:00
[2021-10-29 07:12:12,805] {processor.py:171} INFO - Processing /home/airflow/.local/lib/python3.6/site-packages/airflow/example_dags/example_skip_dag.py took 0.114 seconds
[2021-10-29 07:12:42,908] {processor.py:163} INFO - Started process (PID=918) to work on /home/airflow/.local/lib/python3.6/site-packages/airflow/example_dags/example_skip_dag.py
[2021-10-29 07:12:42,911] {processor.py:620} INFO - Processing file /home/airflow/.local/lib/python3.6/site-packages/airflow/example_dags/example_skip_dag.py for tasks to queue
[2021-10-29 07:12:42,912] {logging_mixin.py:109} INFO - [2021-10-29 07:12:42,912] {dagbag.py:500} INFO - Filling up the DagBag from /home/airflow/.local/lib/python3.6/site-packages/airflow/example_dags/example_skip_dag.py
[2021-10-29 07:12:42,945] {processor.py:632} INFO - DAG(s) dict_keys(['example_skip_dag']) retrieved from /home/airflow/.local/lib/python3.6/site-packages/airflow/example_dags/example_skip_dag.py
[2021-10-29 07:12:42,960] {logging_mixin.py:109} INFO - [2021-10-29 07:12:42,960] {dag.py:2389} INFO - Sync 1 DAGs
[2021-10-29 07:12:42,974] {logging_mixin.py:109} INFO - [2021-10-29 07:12:42,974] {dag.py:2914} INFO - Setting next_dagrun for example_skip_dag to 2021-10-28T07:12:42.973823+00:00
[2021-10-29 07:12:42,987] {processor.py:171} INFO - Processing /home/airflow/.local/lib/python3.6/site-packages/airflow/example_dags/example_skip_dag.py took 0.082 seconds
[2021-10-29 07:13:13,728] {processor.py:163} INFO - Started process (PID=984) to work on /home/airflow/.local/lib/python3.6/site-packages/airflow/example_dags/example_skip_dag.py
[2021-10-29 07:13:13,730] {processor.py:620} INFO - Processing file /home/airflow/.local/lib/python3.6/site-packages/airflow/example_dags/example_skip_dag.py for tasks to queue
[2021-10-29 07:13:13,732] {logging_mixin.py:109} INFO - [2021-10-29 07:13:13,732] {dagbag.py:500} INFO - Filling up the DagBag from /home/airflow/.local/lib/python3.6/site-packages/airflow/example_dags/example_skip_dag.py
[2021-10-29 07:13:13,768] {processor.py:632} INFO - DAG(s) dict_keys(['example_skip_dag']) retrieved from /home/airflow/.local/lib/python3.6/site-packages/airflow/example_dags/example_skip_dag.py
[2021-10-29 07:13:13,783] {logging_mixin.py:109} INFO - [2021-10-29 07:13:13,782] {dag.py:2389} INFO - Sync 1 DAGs
[2021-10-29 07:13:13,796] {logging_mixin.py:109} INFO - [2021-10-29 07:13:13,796] {dag.py:2914} INFO - Setting next_dagrun for example_skip_dag to 2021-10-28T07:13:13.796149+00:00
[2021-10-29 07:13:13,808] {processor.py:171} INFO - Processing /home/airflow/.local/lib/python3.6/site-packages/airflow/example_dags/example_skip_dag.py took 0.084 seconds
[2021-10-29 07:13:44,577] {processor.py:163} INFO - Started process (PID=1039) to work on /home/airflow/.local/lib/python3.6/site-packages/airflow/example_dags/example_skip_dag.py
[2021-10-29 07:13:44,581] {processor.py:620} INFO - Processing file /home/airflow/.local/lib/python3.6/site-packages/airflow/example_dags/example_skip_dag.py for tasks to queue
[2021-10-29 07:13:44,583] {logging_mixin.py:109} INFO - [2021-10-29 07:13:44,583] {dagbag.py:500} INFO - Filling up the DagBag from /home/airflow/.local/lib/python3.6/site-packages/airflow/example_dags/example_skip_dag.py
[2021-10-29 07:13:44,623] {processor.py:632} INFO - DAG(s) dict_keys(['example_skip_dag']) retrieved from /home/airflow/.local/lib/python3.6/site-packages/airflow/example_dags/example_skip_dag.py
[2021-10-29 07:13:44,639] {logging_mixin.py:109} INFO - [2021-10-29 07:13:44,639] {dag.py:2389} INFO - Sync 1 DAGs
[2021-10-29 07:13:44,653] {logging_mixin.py:109} INFO - [2021-10-29 07:13:44,653] {dag.py:2914} INFO - Setting next_dagrun for example_skip_dag to 2021-10-28T07:13:44.653422+00:00
[2021-10-29 07:13:44,669] {processor.py:171} INFO - Processing /home/airflow/.local/lib/python3.6/site-packages/airflow/example_dags/example_skip_dag.py took 0.095 seconds
[2021-10-29 07:14:15,251] {processor.py:163} INFO - Started process (PID=1106) to work on /home/airflow/.local/lib/python3.6/site-packages/airflow/example_dags/example_skip_dag.py
[2021-10-29 07:14:15,253] {processor.py:620} INFO - Processing file /home/airflow/.local/lib/python3.6/site-packages/airflow/example_dags/example_skip_dag.py for tasks to queue
[2021-10-29 07:14:15,255] {logging_mixin.py:109} INFO - [2021-10-29 07:14:15,255] {dagbag.py:500} INFO - Filling up the DagBag from /home/airflow/.local/lib/python3.6/site-packages/airflow/example_dags/example_skip_dag.py
[2021-10-29 07:14:15,289] {processor.py:632} INFO - DAG(s) dict_keys(['example_skip_dag']) retrieved from /home/airflow/.local/lib/python3.6/site-packages/airflow/example_dags/example_skip_dag.py
[2021-10-29 07:14:15,303] {logging_mixin.py:109} INFO - [2021-10-29 07:14:15,303] {dag.py:2389} INFO - Sync 1 DAGs
[2021-10-29 07:14:15,317] {logging_mixin.py:109} INFO - [2021-10-29 07:14:15,317] {dag.py:2914} INFO - Setting next_dagrun for example_skip_dag to 2021-10-28T07:14:15.316982+00:00
[2021-10-29 07:14:15,329] {processor.py:171} INFO - Processing /home/airflow/.local/lib/python3.6/site-packages/airflow/example_dags/example_skip_dag.py took 0.082 seconds
[2021-10-29 07:14:45,909] {processor.py:163} INFO - Started process (PID=1161) to work on /home/airflow/.local/lib/python3.6/site-packages/airflow/example_dags/example_skip_dag.py
[2021-10-29 07:14:45,912] {processor.py:620} INFO - Processing file /home/airflow/.local/lib/python3.6/site-packages/airflow/example_dags/example_skip_dag.py for tasks to queue
[2021-10-29 07:14:45,914] {logging_mixin.py:109} INFO - [2021-10-29 07:14:45,914] {dagbag.py:500} INFO - Filling up the DagBag from /home/airflow/.local/lib/python3.6/site-packages/airflow/example_dags/example_skip_dag.py
[2021-10-29 07:14:45,960] {processor.py:632} INFO - DAG(s) dict_keys(['example_skip_dag']) retrieved from /home/airflow/.local/lib/python3.6/site-packages/airflow/example_dags/example_skip_dag.py
[2021-10-29 07:14:45,978] {logging_mixin.py:109} INFO - [2021-10-29 07:14:45,978] {dag.py:2389} INFO - Sync 1 DAGs
[2021-10-29 07:14:45,995] {logging_mixin.py:109} INFO - [2021-10-29 07:14:45,995] {dag.py:2914} INFO - Setting next_dagrun for example_skip_dag to 2021-10-28T07:14:45.994867+00:00
[2021-10-29 07:14:46,010] {processor.py:171} INFO - Processing /home/airflow/.local/lib/python3.6/site-packages/airflow/example_dags/example_skip_dag.py took 0.106 seconds
[2021-10-29 07:15:16,700] {processor.py:163} INFO - Started process (PID=1226) to work on /home/airflow/.local/lib/python3.6/site-packages/airflow/example_dags/example_skip_dag.py
[2021-10-29 07:15:16,703] {processor.py:620} INFO - Processing file /home/airflow/.local/lib/python3.6/site-packages/airflow/example_dags/example_skip_dag.py for tasks to queue
[2021-10-29 07:15:16,706] {logging_mixin.py:109} INFO - [2021-10-29 07:15:16,705] {dagbag.py:500} INFO - Filling up the DagBag from /home/airflow/.local/lib/python3.6/site-packages/airflow/example_dags/example_skip_dag.py
[2021-10-29 07:15:16,761] {processor.py:632} INFO - DAG(s) dict_keys(['example_skip_dag']) retrieved from /home/airflow/.local/lib/python3.6/site-packages/airflow/example_dags/example_skip_dag.py
[2021-10-29 07:15:16,784] {logging_mixin.py:109} INFO - [2021-10-29 07:15:16,784] {dag.py:2389} INFO - Sync 1 DAGs
[2021-10-29 07:15:16,807] {logging_mixin.py:109} INFO - [2021-10-29 07:15:16,806] {dag.py:2914} INFO - Setting next_dagrun for example_skip_dag to 2021-10-28T07:15:16.806534+00:00
[2021-10-29 07:15:16,848] {processor.py:171} INFO - Processing /home/airflow/.local/lib/python3.6/site-packages/airflow/example_dags/example_skip_dag.py took 0.156 seconds
