[2021-10-29 07:07:27,753] {processor.py:163} INFO - Started process (PID=194) to work on /home/airflow/.local/lib/python3.6/site-packages/airflow/example_dags/example_branch_day_of_week_operator.py
[2021-10-29 07:07:27,764] {processor.py:620} INFO - Processing file /home/airflow/.local/lib/python3.6/site-packages/airflow/example_dags/example_branch_day_of_week_operator.py for tasks to queue
[2021-10-29 07:07:27,772] {logging_mixin.py:109} INFO - [2021-10-29 07:07:27,770] {dagbag.py:500} INFO - Filling up the DagBag from /home/airflow/.local/lib/python3.6/site-packages/airflow/example_dags/example_branch_day_of_week_operator.py
[2021-10-29 07:07:27,898] {processor.py:632} INFO - DAG(s) dict_keys(['example_weekday_branch_operator']) retrieved from /home/airflow/.local/lib/python3.6/site-packages/airflow/example_dags/example_branch_day_of_week_operator.py
[2021-10-29 07:07:30,186] {logging_mixin.py:109} INFO - [2021-10-29 07:07:30,186] {providers_manager.py:156} WARNING - Exception when importing 'airflow.providers.google.leveldb.hooks.leveldb.LevelDBHook' from 'apache-airflow-providers-google' package: No module named 'plyvel'
[2021-10-29 07:07:30,669] {logging_mixin.py:109} INFO - [2021-10-29 07:07:30,668] {providers_manager.py:156} WARNING - Exception when importing 'airflow.providers.google.leveldb.hooks.leveldb.LevelDBHook' from 'apache-airflow-providers-google' package: No module named 'plyvel'
[2021-10-29 07:07:30,702] {logging_mixin.py:109} INFO - [2021-10-29 07:07:30,702] {manager.py:496} INFO - Created Permission View: can read on DAG:example_weekday_branch_operator
[2021-10-29 07:07:30,738] {logging_mixin.py:109} INFO - [2021-10-29 07:07:30,738] {manager.py:496} INFO - Created Permission View: can edit on DAG:example_weekday_branch_operator
[2021-10-29 07:07:30,743] {logging_mixin.py:109} INFO - [2021-10-29 07:07:30,741] {dag.py:2389} INFO - Sync 1 DAGs
[2021-10-29 07:07:30,886] {logging_mixin.py:109} INFO - [2021-10-29 07:07:30,885] {dag.py:2408} INFO - Creating ORM DAG for example_weekday_branch_operator
[2021-10-29 07:07:30,899] {logging_mixin.py:109} INFO - [2021-10-29 07:07:30,899] {dag.py:2914} INFO - Setting next_dagrun for example_weekday_branch_operator to 2021-10-28 00:00:00+00:00
[2021-10-29 07:07:30,929] {processor.py:171} INFO - Processing /home/airflow/.local/lib/python3.6/site-packages/airflow/example_dags/example_branch_day_of_week_operator.py took 3.195 seconds
[2021-10-29 07:08:01,578] {processor.py:163} INFO - Started process (PID=372) to work on /home/airflow/.local/lib/python3.6/site-packages/airflow/example_dags/example_branch_day_of_week_operator.py
[2021-10-29 07:08:01,581] {processor.py:620} INFO - Processing file /home/airflow/.local/lib/python3.6/site-packages/airflow/example_dags/example_branch_day_of_week_operator.py for tasks to queue
[2021-10-29 07:08:01,583] {logging_mixin.py:109} INFO - [2021-10-29 07:08:01,583] {dagbag.py:500} INFO - Filling up the DagBag from /home/airflow/.local/lib/python3.6/site-packages/airflow/example_dags/example_branch_day_of_week_operator.py
[2021-10-29 07:08:01,617] {processor.py:632} INFO - DAG(s) dict_keys(['example_weekday_branch_operator']) retrieved from /home/airflow/.local/lib/python3.6/site-packages/airflow/example_dags/example_branch_day_of_week_operator.py
[2021-10-29 07:08:01,630] {logging_mixin.py:109} INFO - [2021-10-29 07:08:01,630] {dag.py:2389} INFO - Sync 1 DAGs
[2021-10-29 07:08:01,645] {logging_mixin.py:109} INFO - [2021-10-29 07:08:01,645] {dag.py:2914} INFO - Setting next_dagrun for example_weekday_branch_operator to 2021-10-28 00:00:00+00:00
[2021-10-29 07:08:01,657] {processor.py:171} INFO - Processing /home/airflow/.local/lib/python3.6/site-packages/airflow/example_dags/example_branch_day_of_week_operator.py took 0.085 seconds
[2021-10-29 07:08:32,104] {processor.py:163} INFO - Started process (PID=426) to work on /home/airflow/.local/lib/python3.6/site-packages/airflow/example_dags/example_branch_day_of_week_operator.py
[2021-10-29 07:08:32,106] {processor.py:620} INFO - Processing file /home/airflow/.local/lib/python3.6/site-packages/airflow/example_dags/example_branch_day_of_week_operator.py for tasks to queue
[2021-10-29 07:08:32,109] {logging_mixin.py:109} INFO - [2021-10-29 07:08:32,109] {dagbag.py:500} INFO - Filling up the DagBag from /home/airflow/.local/lib/python3.6/site-packages/airflow/example_dags/example_branch_day_of_week_operator.py
[2021-10-29 07:08:32,149] {processor.py:632} INFO - DAG(s) dict_keys(['example_weekday_branch_operator']) retrieved from /home/airflow/.local/lib/python3.6/site-packages/airflow/example_dags/example_branch_day_of_week_operator.py
[2021-10-29 07:08:32,166] {logging_mixin.py:109} INFO - [2021-10-29 07:08:32,166] {dag.py:2389} INFO - Sync 1 DAGs
[2021-10-29 07:08:32,180] {logging_mixin.py:109} INFO - [2021-10-29 07:08:32,180] {dag.py:2914} INFO - Setting next_dagrun for example_weekday_branch_operator to 2021-10-28 00:00:00+00:00
[2021-10-29 07:08:32,192] {processor.py:171} INFO - Processing /home/airflow/.local/lib/python3.6/site-packages/airflow/example_dags/example_branch_day_of_week_operator.py took 0.092 seconds
[2021-10-29 07:09:02,582] {processor.py:163} INFO - Started process (PID=492) to work on /home/airflow/.local/lib/python3.6/site-packages/airflow/example_dags/example_branch_day_of_week_operator.py
[2021-10-29 07:09:02,585] {processor.py:620} INFO - Processing file /home/airflow/.local/lib/python3.6/site-packages/airflow/example_dags/example_branch_day_of_week_operator.py for tasks to queue
[2021-10-29 07:09:02,587] {logging_mixin.py:109} INFO - [2021-10-29 07:09:02,586] {dagbag.py:500} INFO - Filling up the DagBag from /home/airflow/.local/lib/python3.6/site-packages/airflow/example_dags/example_branch_day_of_week_operator.py
[2021-10-29 07:09:02,622] {processor.py:632} INFO - DAG(s) dict_keys(['example_weekday_branch_operator']) retrieved from /home/airflow/.local/lib/python3.6/site-packages/airflow/example_dags/example_branch_day_of_week_operator.py
[2021-10-29 07:09:02,637] {logging_mixin.py:109} INFO - [2021-10-29 07:09:02,637] {dag.py:2389} INFO - Sync 1 DAGs
[2021-10-29 07:09:02,651] {logging_mixin.py:109} INFO - [2021-10-29 07:09:02,651] {dag.py:2914} INFO - Setting next_dagrun for example_weekday_branch_operator to 2021-10-28 00:00:00+00:00
[2021-10-29 07:09:02,663] {processor.py:171} INFO - Processing /home/airflow/.local/lib/python3.6/site-packages/airflow/example_dags/example_branch_day_of_week_operator.py took 0.087 seconds
[2021-10-29 07:09:33,086] {processor.py:163} INFO - Started process (PID=547) to work on /home/airflow/.local/lib/python3.6/site-packages/airflow/example_dags/example_branch_day_of_week_operator.py
[2021-10-29 07:09:33,090] {processor.py:620} INFO - Processing file /home/airflow/.local/lib/python3.6/site-packages/airflow/example_dags/example_branch_day_of_week_operator.py for tasks to queue
[2021-10-29 07:09:33,092] {logging_mixin.py:109} INFO - [2021-10-29 07:09:33,092] {dagbag.py:500} INFO - Filling up the DagBag from /home/airflow/.local/lib/python3.6/site-packages/airflow/example_dags/example_branch_day_of_week_operator.py
[2021-10-29 07:09:33,133] {processor.py:632} INFO - DAG(s) dict_keys(['example_weekday_branch_operator']) retrieved from /home/airflow/.local/lib/python3.6/site-packages/airflow/example_dags/example_branch_day_of_week_operator.py
[2021-10-29 07:09:33,147] {logging_mixin.py:109} INFO - [2021-10-29 07:09:33,147] {dag.py:2389} INFO - Sync 1 DAGs
[2021-10-29 07:09:33,161] {logging_mixin.py:109} INFO - [2021-10-29 07:09:33,161] {dag.py:2914} INFO - Setting next_dagrun for example_weekday_branch_operator to 2021-10-28 00:00:00+00:00
[2021-10-29 07:09:33,173] {processor.py:171} INFO - Processing /home/airflow/.local/lib/python3.6/site-packages/airflow/example_dags/example_branch_day_of_week_operator.py took 0.092 seconds
[2021-10-29 07:10:03,413] {processor.py:163} INFO - Started process (PID=616) to work on /home/airflow/.local/lib/python3.6/site-packages/airflow/example_dags/example_branch_day_of_week_operator.py
[2021-10-29 07:10:03,416] {processor.py:620} INFO - Processing file /home/airflow/.local/lib/python3.6/site-packages/airflow/example_dags/example_branch_day_of_week_operator.py for tasks to queue
[2021-10-29 07:10:03,419] {logging_mixin.py:109} INFO - [2021-10-29 07:10:03,419] {dagbag.py:500} INFO - Filling up the DagBag from /home/airflow/.local/lib/python3.6/site-packages/airflow/example_dags/example_branch_day_of_week_operator.py
[2021-10-29 07:10:03,453] {processor.py:632} INFO - DAG(s) dict_keys(['example_weekday_branch_operator']) retrieved from /home/airflow/.local/lib/python3.6/site-packages/airflow/example_dags/example_branch_day_of_week_operator.py
[2021-10-29 07:10:03,467] {logging_mixin.py:109} INFO - [2021-10-29 07:10:03,467] {dag.py:2389} INFO - Sync 1 DAGs
[2021-10-29 07:10:03,484] {logging_mixin.py:109} INFO - [2021-10-29 07:10:03,484] {dag.py:2914} INFO - Setting next_dagrun for example_weekday_branch_operator to 2021-10-28 00:00:00+00:00
[2021-10-29 07:10:03,496] {processor.py:171} INFO - Processing /home/airflow/.local/lib/python3.6/site-packages/airflow/example_dags/example_branch_day_of_week_operator.py took 0.086 seconds
[2021-10-29 07:10:34,206] {processor.py:163} INFO - Started process (PID=670) to work on /home/airflow/.local/lib/python3.6/site-packages/airflow/example_dags/example_branch_day_of_week_operator.py
[2021-10-29 07:10:34,209] {processor.py:620} INFO - Processing file /home/airflow/.local/lib/python3.6/site-packages/airflow/example_dags/example_branch_day_of_week_operator.py for tasks to queue
[2021-10-29 07:10:34,211] {logging_mixin.py:109} INFO - [2021-10-29 07:10:34,211] {dagbag.py:500} INFO - Filling up the DagBag from /home/airflow/.local/lib/python3.6/site-packages/airflow/example_dags/example_branch_day_of_week_operator.py
[2021-10-29 07:10:34,247] {processor.py:632} INFO - DAG(s) dict_keys(['example_weekday_branch_operator']) retrieved from /home/airflow/.local/lib/python3.6/site-packages/airflow/example_dags/example_branch_day_of_week_operator.py
[2021-10-29 07:10:34,262] {logging_mixin.py:109} INFO - [2021-10-29 07:10:34,262] {dag.py:2389} INFO - Sync 1 DAGs
[2021-10-29 07:10:34,279] {logging_mixin.py:109} INFO - [2021-10-29 07:10:34,279] {dag.py:2914} INFO - Setting next_dagrun for example_weekday_branch_operator to 2021-10-28 00:00:00+00:00
[2021-10-29 07:10:34,292] {processor.py:171} INFO - Processing /home/airflow/.local/lib/python3.6/site-packages/airflow/example_dags/example_branch_day_of_week_operator.py took 0.093 seconds
[2021-10-29 07:11:04,827] {processor.py:163} INFO - Started process (PID=736) to work on /home/airflow/.local/lib/python3.6/site-packages/airflow/example_dags/example_branch_day_of_week_operator.py
[2021-10-29 07:11:04,830] {processor.py:620} INFO - Processing file /home/airflow/.local/lib/python3.6/site-packages/airflow/example_dags/example_branch_day_of_week_operator.py for tasks to queue
[2021-10-29 07:11:04,833] {logging_mixin.py:109} INFO - [2021-10-29 07:11:04,833] {dagbag.py:500} INFO - Filling up the DagBag from /home/airflow/.local/lib/python3.6/site-packages/airflow/example_dags/example_branch_day_of_week_operator.py
[2021-10-29 07:11:04,879] {processor.py:632} INFO - DAG(s) dict_keys(['example_weekday_branch_operator']) retrieved from /home/airflow/.local/lib/python3.6/site-packages/airflow/example_dags/example_branch_day_of_week_operator.py
[2021-10-29 07:11:04,905] {logging_mixin.py:109} INFO - [2021-10-29 07:11:04,905] {dag.py:2389} INFO - Sync 1 DAGs
[2021-10-29 07:11:04,925] {logging_mixin.py:109} INFO - [2021-10-29 07:11:04,925] {dag.py:2914} INFO - Setting next_dagrun for example_weekday_branch_operator to 2021-10-28 00:00:00+00:00
[2021-10-29 07:11:04,945] {processor.py:171} INFO - Processing /home/airflow/.local/lib/python3.6/site-packages/airflow/example_dags/example_branch_day_of_week_operator.py took 0.125 seconds
[2021-10-29 07:11:35,205] {processor.py:163} INFO - Started process (PID=791) to work on /home/airflow/.local/lib/python3.6/site-packages/airflow/example_dags/example_branch_day_of_week_operator.py
[2021-10-29 07:11:35,210] {processor.py:620} INFO - Processing file /home/airflow/.local/lib/python3.6/site-packages/airflow/example_dags/example_branch_day_of_week_operator.py for tasks to queue
[2021-10-29 07:11:35,213] {logging_mixin.py:109} INFO - [2021-10-29 07:11:35,213] {dagbag.py:500} INFO - Filling up the DagBag from /home/airflow/.local/lib/python3.6/site-packages/airflow/example_dags/example_branch_day_of_week_operator.py
[2021-10-29 07:11:35,285] {processor.py:632} INFO - DAG(s) dict_keys(['example_weekday_branch_operator']) retrieved from /home/airflow/.local/lib/python3.6/site-packages/airflow/example_dags/example_branch_day_of_week_operator.py
[2021-10-29 07:11:35,317] {logging_mixin.py:109} INFO - [2021-10-29 07:11:35,317] {dag.py:2389} INFO - Sync 1 DAGs
[2021-10-29 07:11:35,348] {logging_mixin.py:109} INFO - [2021-10-29 07:11:35,348] {dag.py:2914} INFO - Setting next_dagrun for example_weekday_branch_operator to 2021-10-28 00:00:00+00:00
[2021-10-29 07:11:35,373] {processor.py:171} INFO - Processing /home/airflow/.local/lib/python3.6/site-packages/airflow/example_dags/example_branch_day_of_week_operator.py took 0.174 seconds
[2021-10-29 07:12:05,909] {processor.py:163} INFO - Started process (PID=845) to work on /home/airflow/.local/lib/python3.6/site-packages/airflow/example_dags/example_branch_day_of_week_operator.py
[2021-10-29 07:12:05,912] {processor.py:620} INFO - Processing file /home/airflow/.local/lib/python3.6/site-packages/airflow/example_dags/example_branch_day_of_week_operator.py for tasks to queue
[2021-10-29 07:12:05,915] {logging_mixin.py:109} INFO - [2021-10-29 07:12:05,915] {dagbag.py:500} INFO - Filling up the DagBag from /home/airflow/.local/lib/python3.6/site-packages/airflow/example_dags/example_branch_day_of_week_operator.py
[2021-10-29 07:12:05,991] {processor.py:632} INFO - DAG(s) dict_keys(['example_weekday_branch_operator']) retrieved from /home/airflow/.local/lib/python3.6/site-packages/airflow/example_dags/example_branch_day_of_week_operator.py
[2021-10-29 07:12:06,015] {logging_mixin.py:109} INFO - [2021-10-29 07:12:06,015] {dag.py:2389} INFO - Sync 1 DAGs
[2021-10-29 07:12:06,045] {logging_mixin.py:109} INFO - [2021-10-29 07:12:06,045] {dag.py:2914} INFO - Setting next_dagrun for example_weekday_branch_operator to 2021-10-28 00:00:00+00:00
[2021-10-29 07:12:06,067] {processor.py:171} INFO - Processing /home/airflow/.local/lib/python3.6/site-packages/airflow/example_dags/example_branch_day_of_week_operator.py took 0.165 seconds
[2021-10-29 07:12:36,149] {processor.py:163} INFO - Started process (PID=910) to work on /home/airflow/.local/lib/python3.6/site-packages/airflow/example_dags/example_branch_day_of_week_operator.py
[2021-10-29 07:12:36,152] {processor.py:620} INFO - Processing file /home/airflow/.local/lib/python3.6/site-packages/airflow/example_dags/example_branch_day_of_week_operator.py for tasks to queue
[2021-10-29 07:12:36,155] {logging_mixin.py:109} INFO - [2021-10-29 07:12:36,154] {dagbag.py:500} INFO - Filling up the DagBag from /home/airflow/.local/lib/python3.6/site-packages/airflow/example_dags/example_branch_day_of_week_operator.py
[2021-10-29 07:12:36,214] {processor.py:632} INFO - DAG(s) dict_keys(['example_weekday_branch_operator']) retrieved from /home/airflow/.local/lib/python3.6/site-packages/airflow/example_dags/example_branch_day_of_week_operator.py
[2021-10-29 07:12:36,231] {logging_mixin.py:109} INFO - [2021-10-29 07:12:36,231] {dag.py:2389} INFO - Sync 1 DAGs
[2021-10-29 07:12:36,249] {logging_mixin.py:109} INFO - [2021-10-29 07:12:36,248] {dag.py:2914} INFO - Setting next_dagrun for example_weekday_branch_operator to 2021-10-28 00:00:00+00:00
[2021-10-29 07:12:36,263] {processor.py:171} INFO - Processing /home/airflow/.local/lib/python3.6/site-packages/airflow/example_dags/example_branch_day_of_week_operator.py took 0.119 seconds
[2021-10-29 07:13:07,167] {processor.py:163} INFO - Started process (PID=965) to work on /home/airflow/.local/lib/python3.6/site-packages/airflow/example_dags/example_branch_day_of_week_operator.py
[2021-10-29 07:13:07,170] {processor.py:620} INFO - Processing file /home/airflow/.local/lib/python3.6/site-packages/airflow/example_dags/example_branch_day_of_week_operator.py for tasks to queue
[2021-10-29 07:13:07,175] {logging_mixin.py:109} INFO - [2021-10-29 07:13:07,174] {dagbag.py:500} INFO - Filling up the DagBag from /home/airflow/.local/lib/python3.6/site-packages/airflow/example_dags/example_branch_day_of_week_operator.py
[2021-10-29 07:13:07,215] {processor.py:632} INFO - DAG(s) dict_keys(['example_weekday_branch_operator']) retrieved from /home/airflow/.local/lib/python3.6/site-packages/airflow/example_dags/example_branch_day_of_week_operator.py
[2021-10-29 07:13:07,230] {logging_mixin.py:109} INFO - [2021-10-29 07:13:07,230] {dag.py:2389} INFO - Sync 1 DAGs
[2021-10-29 07:13:07,247] {logging_mixin.py:109} INFO - [2021-10-29 07:13:07,246] {dag.py:2914} INFO - Setting next_dagrun for example_weekday_branch_operator to 2021-10-28 00:00:00+00:00
[2021-10-29 07:13:07,261] {processor.py:171} INFO - Processing /home/airflow/.local/lib/python3.6/site-packages/airflow/example_dags/example_branch_day_of_week_operator.py took 0.098 seconds
[2021-10-29 07:13:38,062] {processor.py:163} INFO - Started process (PID=1031) to work on /home/airflow/.local/lib/python3.6/site-packages/airflow/example_dags/example_branch_day_of_week_operator.py
[2021-10-29 07:13:38,066] {processor.py:620} INFO - Processing file /home/airflow/.local/lib/python3.6/site-packages/airflow/example_dags/example_branch_day_of_week_operator.py for tasks to queue
[2021-10-29 07:13:38,068] {logging_mixin.py:109} INFO - [2021-10-29 07:13:38,067] {dagbag.py:500} INFO - Filling up the DagBag from /home/airflow/.local/lib/python3.6/site-packages/airflow/example_dags/example_branch_day_of_week_operator.py
[2021-10-29 07:13:38,101] {processor.py:632} INFO - DAG(s) dict_keys(['example_weekday_branch_operator']) retrieved from /home/airflow/.local/lib/python3.6/site-packages/airflow/example_dags/example_branch_day_of_week_operator.py
[2021-10-29 07:13:38,115] {logging_mixin.py:109} INFO - [2021-10-29 07:13:38,115] {dag.py:2389} INFO - Sync 1 DAGs
[2021-10-29 07:13:38,130] {logging_mixin.py:109} INFO - [2021-10-29 07:13:38,130] {dag.py:2914} INFO - Setting next_dagrun for example_weekday_branch_operator to 2021-10-28 00:00:00+00:00
[2021-10-29 07:13:38,142] {processor.py:171} INFO - Processing /home/airflow/.local/lib/python3.6/site-packages/airflow/example_dags/example_branch_day_of_week_operator.py took 0.085 seconds
[2021-10-29 07:14:08,839] {processor.py:163} INFO - Started process (PID=1087) to work on /home/airflow/.local/lib/python3.6/site-packages/airflow/example_dags/example_branch_day_of_week_operator.py
[2021-10-29 07:14:08,841] {processor.py:620} INFO - Processing file /home/airflow/.local/lib/python3.6/site-packages/airflow/example_dags/example_branch_day_of_week_operator.py for tasks to queue
[2021-10-29 07:14:08,842] {logging_mixin.py:109} INFO - [2021-10-29 07:14:08,842] {dagbag.py:500} INFO - Filling up the DagBag from /home/airflow/.local/lib/python3.6/site-packages/airflow/example_dags/example_branch_day_of_week_operator.py
[2021-10-29 07:14:08,876] {processor.py:632} INFO - DAG(s) dict_keys(['example_weekday_branch_operator']) retrieved from /home/airflow/.local/lib/python3.6/site-packages/airflow/example_dags/example_branch_day_of_week_operator.py
[2021-10-29 07:14:08,889] {logging_mixin.py:109} INFO - [2021-10-29 07:14:08,889] {dag.py:2389} INFO - Sync 1 DAGs
[2021-10-29 07:14:08,903] {logging_mixin.py:109} INFO - [2021-10-29 07:14:08,903] {dag.py:2914} INFO - Setting next_dagrun for example_weekday_branch_operator to 2021-10-28 00:00:00+00:00
[2021-10-29 07:14:08,915] {processor.py:171} INFO - Processing /home/airflow/.local/lib/python3.6/site-packages/airflow/example_dags/example_branch_day_of_week_operator.py took 0.080 seconds
[2021-10-29 07:14:39,384] {processor.py:163} INFO - Started process (PID=1153) to work on /home/airflow/.local/lib/python3.6/site-packages/airflow/example_dags/example_branch_day_of_week_operator.py
[2021-10-29 07:14:39,388] {processor.py:620} INFO - Processing file /home/airflow/.local/lib/python3.6/site-packages/airflow/example_dags/example_branch_day_of_week_operator.py for tasks to queue
[2021-10-29 07:14:39,391] {logging_mixin.py:109} INFO - [2021-10-29 07:14:39,390] {dagbag.py:500} INFO - Filling up the DagBag from /home/airflow/.local/lib/python3.6/site-packages/airflow/example_dags/example_branch_day_of_week_operator.py
[2021-10-29 07:14:39,430] {processor.py:632} INFO - DAG(s) dict_keys(['example_weekday_branch_operator']) retrieved from /home/airflow/.local/lib/python3.6/site-packages/airflow/example_dags/example_branch_day_of_week_operator.py
[2021-10-29 07:14:39,446] {logging_mixin.py:109} INFO - [2021-10-29 07:14:39,446] {dag.py:2389} INFO - Sync 1 DAGs
[2021-10-29 07:14:39,462] {logging_mixin.py:109} INFO - [2021-10-29 07:14:39,462] {dag.py:2914} INFO - Setting next_dagrun for example_weekday_branch_operator to 2021-10-28 00:00:00+00:00
[2021-10-29 07:14:39,477] {processor.py:171} INFO - Processing /home/airflow/.local/lib/python3.6/site-packages/airflow/example_dags/example_branch_day_of_week_operator.py took 0.096 seconds
[2021-10-29 07:15:10,148] {processor.py:163} INFO - Started process (PID=1208) to work on /home/airflow/.local/lib/python3.6/site-packages/airflow/example_dags/example_branch_day_of_week_operator.py
[2021-10-29 07:15:10,151] {processor.py:620} INFO - Processing file /home/airflow/.local/lib/python3.6/site-packages/airflow/example_dags/example_branch_day_of_week_operator.py for tasks to queue
[2021-10-29 07:15:10,153] {logging_mixin.py:109} INFO - [2021-10-29 07:15:10,152] {dagbag.py:500} INFO - Filling up the DagBag from /home/airflow/.local/lib/python3.6/site-packages/airflow/example_dags/example_branch_day_of_week_operator.py
[2021-10-29 07:15:10,192] {processor.py:632} INFO - DAG(s) dict_keys(['example_weekday_branch_operator']) retrieved from /home/airflow/.local/lib/python3.6/site-packages/airflow/example_dags/example_branch_day_of_week_operator.py
[2021-10-29 07:15:10,207] {logging_mixin.py:109} INFO - [2021-10-29 07:15:10,207] {dag.py:2389} INFO - Sync 1 DAGs
[2021-10-29 07:15:10,224] {logging_mixin.py:109} INFO - [2021-10-29 07:15:10,223] {dag.py:2914} INFO - Setting next_dagrun for example_weekday_branch_operator to 2021-10-28 00:00:00+00:00
[2021-10-29 07:15:10,237] {processor.py:171} INFO - Processing /home/airflow/.local/lib/python3.6/site-packages/airflow/example_dags/example_branch_day_of_week_operator.py took 0.094 seconds
