[2021-10-29 07:07:34,789] {processor.py:163} INFO - Started process (PID=240) to work on /home/airflow/.local/lib/python3.6/site-packages/airflow/example_dags/example_task_group.py
[2021-10-29 07:07:34,792] {processor.py:620} INFO - Processing file /home/airflow/.local/lib/python3.6/site-packages/airflow/example_dags/example_task_group.py for tasks to queue
[2021-10-29 07:07:34,794] {logging_mixin.py:109} INFO - [2021-10-29 07:07:34,794] {dagbag.py:500} INFO - Filling up the DagBag from /home/airflow/.local/lib/python3.6/site-packages/airflow/example_dags/example_task_group.py
[2021-10-29 07:07:34,839] {processor.py:632} INFO - DAG(s) dict_keys(['example_task_group']) retrieved from /home/airflow/.local/lib/python3.6/site-packages/airflow/example_dags/example_task_group.py
[2021-10-29 07:07:36,264] {logging_mixin.py:109} INFO - [2021-10-29 07:07:36,263] {providers_manager.py:156} WARNING - Exception when importing 'airflow.providers.google.leveldb.hooks.leveldb.LevelDBHook' from 'apache-airflow-providers-google' package: No module named 'plyvel'
[2021-10-29 07:07:36,593] {logging_mixin.py:109} INFO - [2021-10-29 07:07:36,593] {providers_manager.py:156} WARNING - Exception when importing 'airflow.providers.google.leveldb.hooks.leveldb.LevelDBHook' from 'apache-airflow-providers-google' package: No module named 'plyvel'
[2021-10-29 07:07:36,618] {logging_mixin.py:109} INFO - [2021-10-29 07:07:36,618] {manager.py:496} INFO - Created Permission View: can read on DAG:example_task_group
[2021-10-29 07:07:36,637] {logging_mixin.py:109} INFO - [2021-10-29 07:07:36,637] {manager.py:496} INFO - Created Permission View: can edit on DAG:example_task_group
[2021-10-29 07:07:36,640] {logging_mixin.py:109} INFO - [2021-10-29 07:07:36,638] {dag.py:2389} INFO - Sync 1 DAGs
[2021-10-29 07:07:36,660] {logging_mixin.py:109} INFO - [2021-10-29 07:07:36,658] {dag.py:2408} INFO - Creating ORM DAG for example_task_group
[2021-10-29 07:07:36,789] {logging_mixin.py:109} INFO - [2021-10-29 07:07:36,789] {dag.py:2914} INFO - Setting next_dagrun for example_task_group to 2021-10-28T07:07:36.788890+00:00
[2021-10-29 07:07:36,808] {processor.py:171} INFO - Processing /home/airflow/.local/lib/python3.6/site-packages/airflow/example_dags/example_task_group.py took 2.023 seconds
[2021-10-29 07:08:06,960] {processor.py:163} INFO - Started process (PID=377) to work on /home/airflow/.local/lib/python3.6/site-packages/airflow/example_dags/example_task_group.py
[2021-10-29 07:08:06,963] {processor.py:620} INFO - Processing file /home/airflow/.local/lib/python3.6/site-packages/airflow/example_dags/example_task_group.py for tasks to queue
[2021-10-29 07:08:06,965] {logging_mixin.py:109} INFO - [2021-10-29 07:08:06,965] {dagbag.py:500} INFO - Filling up the DagBag from /home/airflow/.local/lib/python3.6/site-packages/airflow/example_dags/example_task_group.py
[2021-10-29 07:08:07,003] {processor.py:632} INFO - DAG(s) dict_keys(['example_task_group']) retrieved from /home/airflow/.local/lib/python3.6/site-packages/airflow/example_dags/example_task_group.py
[2021-10-29 07:08:07,023] {logging_mixin.py:109} INFO - [2021-10-29 07:08:07,023] {dag.py:2389} INFO - Sync 1 DAGs
[2021-10-29 07:08:07,041] {logging_mixin.py:109} INFO - [2021-10-29 07:08:07,041] {dag.py:2914} INFO - Setting next_dagrun for example_task_group to 2021-10-28T07:08:07.040915+00:00
[2021-10-29 07:08:07,056] {processor.py:171} INFO - Processing /home/airflow/.local/lib/python3.6/site-packages/airflow/example_dags/example_task_group.py took 0.102 seconds
[2021-10-29 07:08:37,453] {processor.py:163} INFO - Started process (PID=443) to work on /home/airflow/.local/lib/python3.6/site-packages/airflow/example_dags/example_task_group.py
[2021-10-29 07:08:37,457] {processor.py:620} INFO - Processing file /home/airflow/.local/lib/python3.6/site-packages/airflow/example_dags/example_task_group.py for tasks to queue
[2021-10-29 07:08:37,462] {logging_mixin.py:109} INFO - [2021-10-29 07:08:37,461] {dagbag.py:500} INFO - Filling up the DagBag from /home/airflow/.local/lib/python3.6/site-packages/airflow/example_dags/example_task_group.py
[2021-10-29 07:08:37,522] {processor.py:632} INFO - DAG(s) dict_keys(['example_task_group']) retrieved from /home/airflow/.local/lib/python3.6/site-packages/airflow/example_dags/example_task_group.py
[2021-10-29 07:08:37,549] {logging_mixin.py:109} INFO - [2021-10-29 07:08:37,549] {dag.py:2389} INFO - Sync 1 DAGs
[2021-10-29 07:08:37,571] {logging_mixin.py:109} INFO - [2021-10-29 07:08:37,571] {dag.py:2914} INFO - Setting next_dagrun for example_task_group to 2021-10-28T07:08:37.570664+00:00
[2021-10-29 07:08:37,588] {processor.py:171} INFO - Processing /home/airflow/.local/lib/python3.6/site-packages/airflow/example_dags/example_task_group.py took 0.143 seconds
[2021-10-29 07:09:07,869] {processor.py:163} INFO - Started process (PID=497) to work on /home/airflow/.local/lib/python3.6/site-packages/airflow/example_dags/example_task_group.py
[2021-10-29 07:09:07,871] {processor.py:620} INFO - Processing file /home/airflow/.local/lib/python3.6/site-packages/airflow/example_dags/example_task_group.py for tasks to queue
[2021-10-29 07:09:07,873] {logging_mixin.py:109} INFO - [2021-10-29 07:09:07,873] {dagbag.py:500} INFO - Filling up the DagBag from /home/airflow/.local/lib/python3.6/site-packages/airflow/example_dags/example_task_group.py
[2021-10-29 07:09:07,914] {processor.py:632} INFO - DAG(s) dict_keys(['example_task_group']) retrieved from /home/airflow/.local/lib/python3.6/site-packages/airflow/example_dags/example_task_group.py
[2021-10-29 07:09:07,930] {logging_mixin.py:109} INFO - [2021-10-29 07:09:07,930] {dag.py:2389} INFO - Sync 1 DAGs
[2021-10-29 07:09:07,945] {logging_mixin.py:109} INFO - [2021-10-29 07:09:07,945] {dag.py:2914} INFO - Setting next_dagrun for example_task_group to 2021-10-28T07:09:07.945362+00:00
[2021-10-29 07:09:07,960] {processor.py:171} INFO - Processing /home/airflow/.local/lib/python3.6/site-packages/airflow/example_dags/example_task_group.py took 0.097 seconds
[2021-10-29 07:09:38,251] {processor.py:163} INFO - Started process (PID=564) to work on /home/airflow/.local/lib/python3.6/site-packages/airflow/example_dags/example_task_group.py
[2021-10-29 07:09:38,253] {processor.py:620} INFO - Processing file /home/airflow/.local/lib/python3.6/site-packages/airflow/example_dags/example_task_group.py for tasks to queue
[2021-10-29 07:09:38,255] {logging_mixin.py:109} INFO - [2021-10-29 07:09:38,255] {dagbag.py:500} INFO - Filling up the DagBag from /home/airflow/.local/lib/python3.6/site-packages/airflow/example_dags/example_task_group.py
[2021-10-29 07:09:38,295] {processor.py:632} INFO - DAG(s) dict_keys(['example_task_group']) retrieved from /home/airflow/.local/lib/python3.6/site-packages/airflow/example_dags/example_task_group.py
[2021-10-29 07:09:38,309] {logging_mixin.py:109} INFO - [2021-10-29 07:09:38,309] {dag.py:2389} INFO - Sync 1 DAGs
[2021-10-29 07:09:38,322] {logging_mixin.py:109} INFO - [2021-10-29 07:09:38,322] {dag.py:2914} INFO - Setting next_dagrun for example_task_group to 2021-10-28T07:09:38.321876+00:00
[2021-10-29 07:09:38,334] {processor.py:171} INFO - Processing /home/airflow/.local/lib/python3.6/site-packages/airflow/example_dags/example_task_group.py took 0.087 seconds
[2021-10-29 07:10:08,688] {processor.py:163} INFO - Started process (PID=621) to work on /home/airflow/.local/lib/python3.6/site-packages/airflow/example_dags/example_task_group.py
[2021-10-29 07:10:08,691] {processor.py:620} INFO - Processing file /home/airflow/.local/lib/python3.6/site-packages/airflow/example_dags/example_task_group.py for tasks to queue
[2021-10-29 07:10:08,693] {logging_mixin.py:109} INFO - [2021-10-29 07:10:08,693] {dagbag.py:500} INFO - Filling up the DagBag from /home/airflow/.local/lib/python3.6/site-packages/airflow/example_dags/example_task_group.py
[2021-10-29 07:10:08,735] {processor.py:632} INFO - DAG(s) dict_keys(['example_task_group']) retrieved from /home/airflow/.local/lib/python3.6/site-packages/airflow/example_dags/example_task_group.py
[2021-10-29 07:10:08,750] {logging_mixin.py:109} INFO - [2021-10-29 07:10:08,750] {dag.py:2389} INFO - Sync 1 DAGs
[2021-10-29 07:10:08,764] {logging_mixin.py:109} INFO - [2021-10-29 07:10:08,764] {dag.py:2914} INFO - Setting next_dagrun for example_task_group to 2021-10-28T07:10:08.764024+00:00
[2021-10-29 07:10:08,776] {processor.py:171} INFO - Processing /home/airflow/.local/lib/python3.6/site-packages/airflow/example_dags/example_task_group.py took 0.093 seconds
[2021-10-29 07:10:39,467] {processor.py:163} INFO - Started process (PID=685) to work on /home/airflow/.local/lib/python3.6/site-packages/airflow/example_dags/example_task_group.py
[2021-10-29 07:10:39,470] {processor.py:620} INFO - Processing file /home/airflow/.local/lib/python3.6/site-packages/airflow/example_dags/example_task_group.py for tasks to queue
[2021-10-29 07:10:39,473] {logging_mixin.py:109} INFO - [2021-10-29 07:10:39,472] {dagbag.py:500} INFO - Filling up the DagBag from /home/airflow/.local/lib/python3.6/site-packages/airflow/example_dags/example_task_group.py
[2021-10-29 07:10:39,539] {processor.py:632} INFO - DAG(s) dict_keys(['example_task_group']) retrieved from /home/airflow/.local/lib/python3.6/site-packages/airflow/example_dags/example_task_group.py
[2021-10-29 07:10:39,565] {logging_mixin.py:109} INFO - [2021-10-29 07:10:39,565] {dag.py:2389} INFO - Sync 1 DAGs
[2021-10-29 07:10:39,588] {logging_mixin.py:109} INFO - [2021-10-29 07:10:39,588] {dag.py:2914} INFO - Setting next_dagrun for example_task_group to 2021-10-28T07:10:39.588076+00:00
[2021-10-29 07:10:39,615] {processor.py:171} INFO - Processing /home/airflow/.local/lib/python3.6/site-packages/airflow/example_dags/example_task_group.py took 0.154 seconds
[2021-10-29 07:11:10,131] {processor.py:163} INFO - Started process (PID=741) to work on /home/airflow/.local/lib/python3.6/site-packages/airflow/example_dags/example_task_group.py
[2021-10-29 07:11:10,138] {processor.py:620} INFO - Processing file /home/airflow/.local/lib/python3.6/site-packages/airflow/example_dags/example_task_group.py for tasks to queue
[2021-10-29 07:11:10,141] {logging_mixin.py:109} INFO - [2021-10-29 07:11:10,140] {dagbag.py:500} INFO - Filling up the DagBag from /home/airflow/.local/lib/python3.6/site-packages/airflow/example_dags/example_task_group.py
[2021-10-29 07:11:10,206] {processor.py:632} INFO - DAG(s) dict_keys(['example_task_group']) retrieved from /home/airflow/.local/lib/python3.6/site-packages/airflow/example_dags/example_task_group.py
[2021-10-29 07:11:10,233] {logging_mixin.py:109} INFO - [2021-10-29 07:11:10,233] {dag.py:2389} INFO - Sync 1 DAGs
[2021-10-29 07:11:10,255] {logging_mixin.py:109} INFO - [2021-10-29 07:11:10,254] {dag.py:2914} INFO - Setting next_dagrun for example_task_group to 2021-10-28T07:11:10.254591+00:00
[2021-10-29 07:11:10,279] {processor.py:171} INFO - Processing /home/airflow/.local/lib/python3.6/site-packages/airflow/example_dags/example_task_group.py took 0.157 seconds
[2021-10-29 07:11:40,378] {processor.py:163} INFO - Started process (PID=796) to work on /home/airflow/.local/lib/python3.6/site-packages/airflow/example_dags/example_task_group.py
[2021-10-29 07:11:40,380] {processor.py:620} INFO - Processing file /home/airflow/.local/lib/python3.6/site-packages/airflow/example_dags/example_task_group.py for tasks to queue
[2021-10-29 07:11:40,382] {logging_mixin.py:109} INFO - [2021-10-29 07:11:40,382] {dagbag.py:500} INFO - Filling up the DagBag from /home/airflow/.local/lib/python3.6/site-packages/airflow/example_dags/example_task_group.py
[2021-10-29 07:11:40,434] {processor.py:632} INFO - DAG(s) dict_keys(['example_task_group']) retrieved from /home/airflow/.local/lib/python3.6/site-packages/airflow/example_dags/example_task_group.py
[2021-10-29 07:11:40,452] {logging_mixin.py:109} INFO - [2021-10-29 07:11:40,452] {dag.py:2389} INFO - Sync 1 DAGs
[2021-10-29 07:11:40,468] {logging_mixin.py:109} INFO - [2021-10-29 07:11:40,467] {dag.py:2914} INFO - Setting next_dagrun for example_task_group to 2021-10-28T07:11:40.467566+00:00
[2021-10-29 07:11:40,483] {processor.py:171} INFO - Processing /home/airflow/.local/lib/python3.6/site-packages/airflow/example_dags/example_task_group.py took 0.111 seconds
[2021-10-29 07:12:11,262] {processor.py:163} INFO - Started process (PID=860) to work on /home/airflow/.local/lib/python3.6/site-packages/airflow/example_dags/example_task_group.py
[2021-10-29 07:12:11,271] {processor.py:620} INFO - Processing file /home/airflow/.local/lib/python3.6/site-packages/airflow/example_dags/example_task_group.py for tasks to queue
[2021-10-29 07:12:11,273] {logging_mixin.py:109} INFO - [2021-10-29 07:12:11,273] {dagbag.py:500} INFO - Filling up the DagBag from /home/airflow/.local/lib/python3.6/site-packages/airflow/example_dags/example_task_group.py
[2021-10-29 07:12:11,336] {processor.py:632} INFO - DAG(s) dict_keys(['example_task_group']) retrieved from /home/airflow/.local/lib/python3.6/site-packages/airflow/example_dags/example_task_group.py
[2021-10-29 07:12:11,354] {logging_mixin.py:109} INFO - [2021-10-29 07:12:11,354] {dag.py:2389} INFO - Sync 1 DAGs
[2021-10-29 07:12:11,372] {logging_mixin.py:109} INFO - [2021-10-29 07:12:11,372] {dag.py:2914} INFO - Setting next_dagrun for example_task_group to 2021-10-28T07:12:11.372387+00:00
[2021-10-29 07:12:11,390] {processor.py:171} INFO - Processing /home/airflow/.local/lib/python3.6/site-packages/airflow/example_dags/example_task_group.py took 0.134 seconds
[2021-10-29 07:12:41,560] {processor.py:163} INFO - Started process (PID=915) to work on /home/airflow/.local/lib/python3.6/site-packages/airflow/example_dags/example_task_group.py
[2021-10-29 07:12:41,562] {processor.py:620} INFO - Processing file /home/airflow/.local/lib/python3.6/site-packages/airflow/example_dags/example_task_group.py for tasks to queue
[2021-10-29 07:12:41,564] {logging_mixin.py:109} INFO - [2021-10-29 07:12:41,564] {dagbag.py:500} INFO - Filling up the DagBag from /home/airflow/.local/lib/python3.6/site-packages/airflow/example_dags/example_task_group.py
[2021-10-29 07:12:41,600] {processor.py:632} INFO - DAG(s) dict_keys(['example_task_group']) retrieved from /home/airflow/.local/lib/python3.6/site-packages/airflow/example_dags/example_task_group.py
[2021-10-29 07:12:41,613] {logging_mixin.py:109} INFO - [2021-10-29 07:12:41,613] {dag.py:2389} INFO - Sync 1 DAGs
[2021-10-29 07:12:41,626] {logging_mixin.py:109} INFO - [2021-10-29 07:12:41,626] {dag.py:2914} INFO - Setting next_dagrun for example_task_group to 2021-10-28T07:12:41.626408+00:00
[2021-10-29 07:12:41,639] {processor.py:171} INFO - Processing /home/airflow/.local/lib/python3.6/site-packages/airflow/example_dags/example_task_group.py took 0.083 seconds
[2021-10-29 07:13:12,578] {processor.py:163} INFO - Started process (PID=981) to work on /home/airflow/.local/lib/python3.6/site-packages/airflow/example_dags/example_task_group.py
[2021-10-29 07:13:12,580] {processor.py:620} INFO - Processing file /home/airflow/.local/lib/python3.6/site-packages/airflow/example_dags/example_task_group.py for tasks to queue
[2021-10-29 07:13:12,582] {logging_mixin.py:109} INFO - [2021-10-29 07:13:12,582] {dagbag.py:500} INFO - Filling up the DagBag from /home/airflow/.local/lib/python3.6/site-packages/airflow/example_dags/example_task_group.py
[2021-10-29 07:13:12,617] {processor.py:632} INFO - DAG(s) dict_keys(['example_task_group']) retrieved from /home/airflow/.local/lib/python3.6/site-packages/airflow/example_dags/example_task_group.py
[2021-10-29 07:13:12,631] {logging_mixin.py:109} INFO - [2021-10-29 07:13:12,631] {dag.py:2389} INFO - Sync 1 DAGs
[2021-10-29 07:13:12,648] {logging_mixin.py:109} INFO - [2021-10-29 07:13:12,648] {dag.py:2914} INFO - Setting next_dagrun for example_task_group to 2021-10-28T07:13:12.647850+00:00
[2021-10-29 07:13:12,673] {processor.py:171} INFO - Processing /home/airflow/.local/lib/python3.6/site-packages/airflow/example_dags/example_task_group.py took 0.098 seconds
[2021-10-29 07:13:43,407] {processor.py:163} INFO - Started process (PID=1036) to work on /home/airflow/.local/lib/python3.6/site-packages/airflow/example_dags/example_task_group.py
[2021-10-29 07:13:43,410] {processor.py:620} INFO - Processing file /home/airflow/.local/lib/python3.6/site-packages/airflow/example_dags/example_task_group.py for tasks to queue
[2021-10-29 07:13:43,412] {logging_mixin.py:109} INFO - [2021-10-29 07:13:43,412] {dagbag.py:500} INFO - Filling up the DagBag from /home/airflow/.local/lib/python3.6/site-packages/airflow/example_dags/example_task_group.py
[2021-10-29 07:13:43,453] {processor.py:632} INFO - DAG(s) dict_keys(['example_task_group']) retrieved from /home/airflow/.local/lib/python3.6/site-packages/airflow/example_dags/example_task_group.py
[2021-10-29 07:13:43,468] {logging_mixin.py:109} INFO - [2021-10-29 07:13:43,467] {dag.py:2389} INFO - Sync 1 DAGs
[2021-10-29 07:13:43,480] {logging_mixin.py:109} INFO - [2021-10-29 07:13:43,480] {dag.py:2914} INFO - Setting next_dagrun for example_task_group to 2021-10-28T07:13:43.479939+00:00
[2021-10-29 07:13:43,494] {processor.py:171} INFO - Processing /home/airflow/.local/lib/python3.6/site-packages/airflow/example_dags/example_task_group.py took 0.091 seconds
[2021-10-29 07:14:14,118] {processor.py:163} INFO - Started process (PID=1103) to work on /home/airflow/.local/lib/python3.6/site-packages/airflow/example_dags/example_task_group.py
[2021-10-29 07:14:14,121] {processor.py:620} INFO - Processing file /home/airflow/.local/lib/python3.6/site-packages/airflow/example_dags/example_task_group.py for tasks to queue
[2021-10-29 07:14:14,122] {logging_mixin.py:109} INFO - [2021-10-29 07:14:14,122] {dagbag.py:500} INFO - Filling up the DagBag from /home/airflow/.local/lib/python3.6/site-packages/airflow/example_dags/example_task_group.py
[2021-10-29 07:14:14,158] {processor.py:632} INFO - DAG(s) dict_keys(['example_task_group']) retrieved from /home/airflow/.local/lib/python3.6/site-packages/airflow/example_dags/example_task_group.py
[2021-10-29 07:14:14,173] {logging_mixin.py:109} INFO - [2021-10-29 07:14:14,172] {dag.py:2389} INFO - Sync 1 DAGs
[2021-10-29 07:14:14,185] {logging_mixin.py:109} INFO - [2021-10-29 07:14:14,185] {dag.py:2914} INFO - Setting next_dagrun for example_task_group to 2021-10-28T07:14:14.184948+00:00
[2021-10-29 07:14:14,197] {processor.py:171} INFO - Processing /home/airflow/.local/lib/python3.6/site-packages/airflow/example_dags/example_task_group.py took 0.083 seconds
[2021-10-29 07:14:44,660] {processor.py:163} INFO - Started process (PID=1158) to work on /home/airflow/.local/lib/python3.6/site-packages/airflow/example_dags/example_task_group.py
[2021-10-29 07:14:44,663] {processor.py:620} INFO - Processing file /home/airflow/.local/lib/python3.6/site-packages/airflow/example_dags/example_task_group.py for tasks to queue
[2021-10-29 07:14:44,666] {logging_mixin.py:109} INFO - [2021-10-29 07:14:44,665] {dagbag.py:500} INFO - Filling up the DagBag from /home/airflow/.local/lib/python3.6/site-packages/airflow/example_dags/example_task_group.py
[2021-10-29 07:14:44,702] {processor.py:632} INFO - DAG(s) dict_keys(['example_task_group']) retrieved from /home/airflow/.local/lib/python3.6/site-packages/airflow/example_dags/example_task_group.py
[2021-10-29 07:14:44,715] {logging_mixin.py:109} INFO - [2021-10-29 07:14:44,715] {dag.py:2389} INFO - Sync 1 DAGs
[2021-10-29 07:14:44,728] {logging_mixin.py:109} INFO - [2021-10-29 07:14:44,728] {dag.py:2914} INFO - Setting next_dagrun for example_task_group to 2021-10-28T07:14:44.727770+00:00
[2021-10-29 07:14:44,740] {processor.py:171} INFO - Processing /home/airflow/.local/lib/python3.6/site-packages/airflow/example_dags/example_task_group.py took 0.085 seconds
[2021-10-29 07:15:15,401] {processor.py:163} INFO - Started process (PID=1223) to work on /home/airflow/.local/lib/python3.6/site-packages/airflow/example_dags/example_task_group.py
[2021-10-29 07:15:15,404] {processor.py:620} INFO - Processing file /home/airflow/.local/lib/python3.6/site-packages/airflow/example_dags/example_task_group.py for tasks to queue
[2021-10-29 07:15:15,405] {logging_mixin.py:109} INFO - [2021-10-29 07:15:15,405] {dagbag.py:500} INFO - Filling up the DagBag from /home/airflow/.local/lib/python3.6/site-packages/airflow/example_dags/example_task_group.py
[2021-10-29 07:15:15,442] {processor.py:632} INFO - DAG(s) dict_keys(['example_task_group']) retrieved from /home/airflow/.local/lib/python3.6/site-packages/airflow/example_dags/example_task_group.py
[2021-10-29 07:15:15,457] {logging_mixin.py:109} INFO - [2021-10-29 07:15:15,457] {dag.py:2389} INFO - Sync 1 DAGs
[2021-10-29 07:15:15,470] {logging_mixin.py:109} INFO - [2021-10-29 07:15:15,469] {dag.py:2914} INFO - Setting next_dagrun for example_task_group to 2021-10-28T07:15:15.469633+00:00
[2021-10-29 07:15:15,481] {processor.py:171} INFO - Processing /home/airflow/.local/lib/python3.6/site-packages/airflow/example_dags/example_task_group.py took 0.084 seconds
