[2021-10-29 07:07:48,516] {processor.py:163} INFO - Started process (PID=334) to work on /home/airflow/.local/lib/python3.6/site-packages/airflow/example_dags/example_latest_only_with_trigger.py
[2021-10-29 07:07:48,518] {processor.py:620} INFO - Processing file /home/airflow/.local/lib/python3.6/site-packages/airflow/example_dags/example_latest_only_with_trigger.py for tasks to queue
[2021-10-29 07:07:48,520] {logging_mixin.py:109} INFO - [2021-10-29 07:07:48,520] {dagbag.py:500} INFO - Filling up the DagBag from /home/airflow/.local/lib/python3.6/site-packages/airflow/example_dags/example_latest_only_with_trigger.py
[2021-10-29 07:07:48,571] {processor.py:632} INFO - DAG(s) dict_keys(['latest_only_with_trigger']) retrieved from /home/airflow/.local/lib/python3.6/site-packages/airflow/example_dags/example_latest_only_with_trigger.py
[2021-10-29 07:07:50,182] {logging_mixin.py:109} INFO - [2021-10-29 07:07:50,182] {providers_manager.py:156} WARNING - Exception when importing 'airflow.providers.google.leveldb.hooks.leveldb.LevelDBHook' from 'apache-airflow-providers-google' package: No module named 'plyvel'
[2021-10-29 07:07:50,553] {logging_mixin.py:109} INFO - [2021-10-29 07:07:50,553] {providers_manager.py:156} WARNING - Exception when importing 'airflow.providers.google.leveldb.hooks.leveldb.LevelDBHook' from 'apache-airflow-providers-google' package: No module named 'plyvel'
[2021-10-29 07:07:50,582] {logging_mixin.py:109} INFO - [2021-10-29 07:07:50,582] {manager.py:496} INFO - Created Permission View: can read on DAG:latest_only_with_trigger
[2021-10-29 07:07:50,599] {logging_mixin.py:109} INFO - [2021-10-29 07:07:50,598] {manager.py:496} INFO - Created Permission View: can edit on DAG:latest_only_with_trigger
[2021-10-29 07:07:50,601] {logging_mixin.py:109} INFO - [2021-10-29 07:07:50,600] {dag.py:2389} INFO - Sync 1 DAGs
[2021-10-29 07:07:50,722] {logging_mixin.py:109} INFO - [2021-10-29 07:07:50,720] {dag.py:2408} INFO - Creating ORM DAG for latest_only_with_trigger
[2021-10-29 07:07:50,732] {logging_mixin.py:109} INFO - [2021-10-29 07:07:50,732] {dag.py:2914} INFO - Setting next_dagrun for latest_only_with_trigger to 2021-10-29T03:07:50.731739+00:00
[2021-10-29 07:07:50,756] {processor.py:171} INFO - Processing /home/airflow/.local/lib/python3.6/site-packages/airflow/example_dags/example_latest_only_with_trigger.py took 2.245 seconds
[2021-10-29 07:08:21,041] {processor.py:163} INFO - Started process (PID=400) to work on /home/airflow/.local/lib/python3.6/site-packages/airflow/example_dags/example_latest_only_with_trigger.py
[2021-10-29 07:08:21,044] {processor.py:620} INFO - Processing file /home/airflow/.local/lib/python3.6/site-packages/airflow/example_dags/example_latest_only_with_trigger.py for tasks to queue
[2021-10-29 07:08:21,047] {logging_mixin.py:109} INFO - [2021-10-29 07:08:21,047] {dagbag.py:500} INFO - Filling up the DagBag from /home/airflow/.local/lib/python3.6/site-packages/airflow/example_dags/example_latest_only_with_trigger.py
[2021-10-29 07:08:21,101] {processor.py:632} INFO - DAG(s) dict_keys(['latest_only_with_trigger']) retrieved from /home/airflow/.local/lib/python3.6/site-packages/airflow/example_dags/example_latest_only_with_trigger.py
[2021-10-29 07:08:21,123] {logging_mixin.py:109} INFO - [2021-10-29 07:08:21,123] {dag.py:2389} INFO - Sync 1 DAGs
[2021-10-29 07:08:21,160] {logging_mixin.py:109} INFO - [2021-10-29 07:08:21,160] {dag.py:2914} INFO - Setting next_dagrun for latest_only_with_trigger to 2021-10-29T03:08:21.159927+00:00
[2021-10-29 07:08:21,184] {processor.py:171} INFO - Processing /home/airflow/.local/lib/python3.6/site-packages/airflow/example_dags/example_latest_only_with_trigger.py took 0.154 seconds
[2021-10-29 07:08:51,457] {processor.py:163} INFO - Started process (PID=466) to work on /home/airflow/.local/lib/python3.6/site-packages/airflow/example_dags/example_latest_only_with_trigger.py
[2021-10-29 07:08:51,460] {processor.py:620} INFO - Processing file /home/airflow/.local/lib/python3.6/site-packages/airflow/example_dags/example_latest_only_with_trigger.py for tasks to queue
[2021-10-29 07:08:51,462] {logging_mixin.py:109} INFO - [2021-10-29 07:08:51,462] {dagbag.py:500} INFO - Filling up the DagBag from /home/airflow/.local/lib/python3.6/site-packages/airflow/example_dags/example_latest_only_with_trigger.py
[2021-10-29 07:08:51,500] {processor.py:632} INFO - DAG(s) dict_keys(['latest_only_with_trigger']) retrieved from /home/airflow/.local/lib/python3.6/site-packages/airflow/example_dags/example_latest_only_with_trigger.py
[2021-10-29 07:08:51,514] {logging_mixin.py:109} INFO - [2021-10-29 07:08:51,514] {dag.py:2389} INFO - Sync 1 DAGs
[2021-10-29 07:08:51,530] {logging_mixin.py:109} INFO - [2021-10-29 07:08:51,530] {dag.py:2914} INFO - Setting next_dagrun for latest_only_with_trigger to 2021-10-29T03:08:51.529710+00:00
[2021-10-29 07:08:51,544] {processor.py:171} INFO - Processing /home/airflow/.local/lib/python3.6/site-packages/airflow/example_dags/example_latest_only_with_trigger.py took 0.096 seconds
[2021-10-29 07:09:21,843] {processor.py:163} INFO - Started process (PID=521) to work on /home/airflow/.local/lib/python3.6/site-packages/airflow/example_dags/example_latest_only_with_trigger.py
[2021-10-29 07:09:21,847] {processor.py:620} INFO - Processing file /home/airflow/.local/lib/python3.6/site-packages/airflow/example_dags/example_latest_only_with_trigger.py for tasks to queue
[2021-10-29 07:09:21,849] {logging_mixin.py:109} INFO - [2021-10-29 07:09:21,848] {dagbag.py:500} INFO - Filling up the DagBag from /home/airflow/.local/lib/python3.6/site-packages/airflow/example_dags/example_latest_only_with_trigger.py
[2021-10-29 07:09:21,911] {processor.py:632} INFO - DAG(s) dict_keys(['latest_only_with_trigger']) retrieved from /home/airflow/.local/lib/python3.6/site-packages/airflow/example_dags/example_latest_only_with_trigger.py
[2021-10-29 07:09:21,935] {logging_mixin.py:109} INFO - [2021-10-29 07:09:21,935] {dag.py:2389} INFO - Sync 1 DAGs
[2021-10-29 07:09:21,960] {logging_mixin.py:109} INFO - [2021-10-29 07:09:21,960] {dag.py:2914} INFO - Setting next_dagrun for latest_only_with_trigger to 2021-10-29T03:09:21.960508+00:00
[2021-10-29 07:09:21,971] {processor.py:171} INFO - Processing /home/airflow/.local/lib/python3.6/site-packages/airflow/example_dags/example_latest_only_with_trigger.py took 0.140 seconds
[2021-10-29 07:09:52,110] {processor.py:163} INFO - Started process (PID=588) to work on /home/airflow/.local/lib/python3.6/site-packages/airflow/example_dags/example_latest_only_with_trigger.py
[2021-10-29 07:09:52,113] {processor.py:620} INFO - Processing file /home/airflow/.local/lib/python3.6/site-packages/airflow/example_dags/example_latest_only_with_trigger.py for tasks to queue
[2021-10-29 07:09:52,115] {logging_mixin.py:109} INFO - [2021-10-29 07:09:52,115] {dagbag.py:500} INFO - Filling up the DagBag from /home/airflow/.local/lib/python3.6/site-packages/airflow/example_dags/example_latest_only_with_trigger.py
[2021-10-29 07:09:52,163] {processor.py:632} INFO - DAG(s) dict_keys(['latest_only_with_trigger']) retrieved from /home/airflow/.local/lib/python3.6/site-packages/airflow/example_dags/example_latest_only_with_trigger.py
[2021-10-29 07:09:52,186] {logging_mixin.py:109} INFO - [2021-10-29 07:09:52,184] {dag.py:2389} INFO - Sync 1 DAGs
[2021-10-29 07:09:52,212] {logging_mixin.py:109} INFO - [2021-10-29 07:09:52,211] {dag.py:2914} INFO - Setting next_dagrun for latest_only_with_trigger to 2021-10-29T03:09:52.211106+00:00
[2021-10-29 07:09:52,233] {processor.py:171} INFO - Processing /home/airflow/.local/lib/python3.6/site-packages/airflow/example_dags/example_latest_only_with_trigger.py took 0.130 seconds
[2021-10-29 07:10:22,485] {processor.py:163} INFO - Started process (PID=643) to work on /home/airflow/.local/lib/python3.6/site-packages/airflow/example_dags/example_latest_only_with_trigger.py
[2021-10-29 07:10:22,488] {processor.py:620} INFO - Processing file /home/airflow/.local/lib/python3.6/site-packages/airflow/example_dags/example_latest_only_with_trigger.py for tasks to queue
[2021-10-29 07:10:22,490] {logging_mixin.py:109} INFO - [2021-10-29 07:10:22,490] {dagbag.py:500} INFO - Filling up the DagBag from /home/airflow/.local/lib/python3.6/site-packages/airflow/example_dags/example_latest_only_with_trigger.py
[2021-10-29 07:10:22,527] {processor.py:632} INFO - DAG(s) dict_keys(['latest_only_with_trigger']) retrieved from /home/airflow/.local/lib/python3.6/site-packages/airflow/example_dags/example_latest_only_with_trigger.py
[2021-10-29 07:10:22,543] {logging_mixin.py:109} INFO - [2021-10-29 07:10:22,543] {dag.py:2389} INFO - Sync 1 DAGs
[2021-10-29 07:10:22,559] {logging_mixin.py:109} INFO - [2021-10-29 07:10:22,559] {dag.py:2914} INFO - Setting next_dagrun for latest_only_with_trigger to 2021-10-29T03:10:22.559182+00:00
[2021-10-29 07:10:22,573] {processor.py:171} INFO - Processing /home/airflow/.local/lib/python3.6/site-packages/airflow/example_dags/example_latest_only_with_trigger.py took 0.093 seconds
[2021-10-29 07:10:52,653] {processor.py:163} INFO - Started process (PID=709) to work on /home/airflow/.local/lib/python3.6/site-packages/airflow/example_dags/example_latest_only_with_trigger.py
[2021-10-29 07:10:52,657] {processor.py:620} INFO - Processing file /home/airflow/.local/lib/python3.6/site-packages/airflow/example_dags/example_latest_only_with_trigger.py for tasks to queue
[2021-10-29 07:10:52,658] {logging_mixin.py:109} INFO - [2021-10-29 07:10:52,658] {dagbag.py:500} INFO - Filling up the DagBag from /home/airflow/.local/lib/python3.6/site-packages/airflow/example_dags/example_latest_only_with_trigger.py
[2021-10-29 07:10:52,702] {processor.py:632} INFO - DAG(s) dict_keys(['latest_only_with_trigger']) retrieved from /home/airflow/.local/lib/python3.6/site-packages/airflow/example_dags/example_latest_only_with_trigger.py
[2021-10-29 07:10:52,723] {logging_mixin.py:109} INFO - [2021-10-29 07:10:52,722] {dag.py:2389} INFO - Sync 1 DAGs
[2021-10-29 07:10:52,741] {logging_mixin.py:109} INFO - [2021-10-29 07:10:52,741] {dag.py:2914} INFO - Setting next_dagrun for latest_only_with_trigger to 2021-10-29T03:10:52.740960+00:00
[2021-10-29 07:10:52,757] {processor.py:171} INFO - Processing /home/airflow/.local/lib/python3.6/site-packages/airflow/example_dags/example_latest_only_with_trigger.py took 0.109 seconds
[2021-10-29 07:11:23,275] {processor.py:163} INFO - Started process (PID=764) to work on /home/airflow/.local/lib/python3.6/site-packages/airflow/example_dags/example_latest_only_with_trigger.py
[2021-10-29 07:11:23,278] {processor.py:620} INFO - Processing file /home/airflow/.local/lib/python3.6/site-packages/airflow/example_dags/example_latest_only_with_trigger.py for tasks to queue
[2021-10-29 07:11:23,281] {logging_mixin.py:109} INFO - [2021-10-29 07:11:23,280] {dagbag.py:500} INFO - Filling up the DagBag from /home/airflow/.local/lib/python3.6/site-packages/airflow/example_dags/example_latest_only_with_trigger.py
[2021-10-29 07:11:23,329] {processor.py:632} INFO - DAG(s) dict_keys(['latest_only_with_trigger']) retrieved from /home/airflow/.local/lib/python3.6/site-packages/airflow/example_dags/example_latest_only_with_trigger.py
[2021-10-29 07:11:23,349] {logging_mixin.py:109} INFO - [2021-10-29 07:11:23,349] {dag.py:2389} INFO - Sync 1 DAGs
[2021-10-29 07:11:23,368] {logging_mixin.py:109} INFO - [2021-10-29 07:11:23,367] {dag.py:2914} INFO - Setting next_dagrun for latest_only_with_trigger to 2021-10-29T03:11:23.367588+00:00
[2021-10-29 07:11:23,385] {processor.py:171} INFO - Processing /home/airflow/.local/lib/python3.6/site-packages/airflow/example_dags/example_latest_only_with_trigger.py took 0.122 seconds
[2021-10-29 07:11:53,458] {processor.py:163} INFO - Started process (PID=819) to work on /home/airflow/.local/lib/python3.6/site-packages/airflow/example_dags/example_latest_only_with_trigger.py
[2021-10-29 07:11:53,460] {processor.py:620} INFO - Processing file /home/airflow/.local/lib/python3.6/site-packages/airflow/example_dags/example_latest_only_with_trigger.py for tasks to queue
[2021-10-29 07:11:53,462] {logging_mixin.py:109} INFO - [2021-10-29 07:11:53,462] {dagbag.py:500} INFO - Filling up the DagBag from /home/airflow/.local/lib/python3.6/site-packages/airflow/example_dags/example_latest_only_with_trigger.py
[2021-10-29 07:11:53,501] {processor.py:632} INFO - DAG(s) dict_keys(['latest_only_with_trigger']) retrieved from /home/airflow/.local/lib/python3.6/site-packages/airflow/example_dags/example_latest_only_with_trigger.py
[2021-10-29 07:11:53,517] {logging_mixin.py:109} INFO - [2021-10-29 07:11:53,517] {dag.py:2389} INFO - Sync 1 DAGs
[2021-10-29 07:11:53,534] {logging_mixin.py:109} INFO - [2021-10-29 07:11:53,533] {dag.py:2914} INFO - Setting next_dagrun for latest_only_with_trigger to 2021-10-29T03:11:53.533645+00:00
[2021-10-29 07:11:53,547] {processor.py:171} INFO - Processing /home/airflow/.local/lib/python3.6/site-packages/airflow/example_dags/example_latest_only_with_trigger.py took 0.096 seconds
[2021-10-29 07:12:23,731] {processor.py:163} INFO - Started process (PID=883) to work on /home/airflow/.local/lib/python3.6/site-packages/airflow/example_dags/example_latest_only_with_trigger.py
[2021-10-29 07:12:23,736] {processor.py:620} INFO - Processing file /home/airflow/.local/lib/python3.6/site-packages/airflow/example_dags/example_latest_only_with_trigger.py for tasks to queue
[2021-10-29 07:12:23,738] {logging_mixin.py:109} INFO - [2021-10-29 07:12:23,738] {dagbag.py:500} INFO - Filling up the DagBag from /home/airflow/.local/lib/python3.6/site-packages/airflow/example_dags/example_latest_only_with_trigger.py
[2021-10-29 07:12:23,780] {processor.py:632} INFO - DAG(s) dict_keys(['latest_only_with_trigger']) retrieved from /home/airflow/.local/lib/python3.6/site-packages/airflow/example_dags/example_latest_only_with_trigger.py
[2021-10-29 07:12:23,798] {logging_mixin.py:109} INFO - [2021-10-29 07:12:23,798] {dag.py:2389} INFO - Sync 1 DAGs
[2021-10-29 07:12:23,819] {logging_mixin.py:109} INFO - [2021-10-29 07:12:23,819] {dag.py:2914} INFO - Setting next_dagrun for latest_only_with_trigger to 2021-10-29T03:12:23.819317+00:00
[2021-10-29 07:12:23,836] {processor.py:171} INFO - Processing /home/airflow/.local/lib/python3.6/site-packages/airflow/example_dags/example_latest_only_with_trigger.py took 0.109 seconds
[2021-10-29 07:12:53,879] {processor.py:163} INFO - Started process (PID=938) to work on /home/airflow/.local/lib/python3.6/site-packages/airflow/example_dags/example_latest_only_with_trigger.py
[2021-10-29 07:12:53,882] {processor.py:620} INFO - Processing file /home/airflow/.local/lib/python3.6/site-packages/airflow/example_dags/example_latest_only_with_trigger.py for tasks to queue
[2021-10-29 07:12:53,883] {logging_mixin.py:109} INFO - [2021-10-29 07:12:53,883] {dagbag.py:500} INFO - Filling up the DagBag from /home/airflow/.local/lib/python3.6/site-packages/airflow/example_dags/example_latest_only_with_trigger.py
[2021-10-29 07:12:53,924] {processor.py:632} INFO - DAG(s) dict_keys(['latest_only_with_trigger']) retrieved from /home/airflow/.local/lib/python3.6/site-packages/airflow/example_dags/example_latest_only_with_trigger.py
[2021-10-29 07:12:53,941] {logging_mixin.py:109} INFO - [2021-10-29 07:12:53,941] {dag.py:2389} INFO - Sync 1 DAGs
[2021-10-29 07:12:53,958] {logging_mixin.py:109} INFO - [2021-10-29 07:12:53,958] {dag.py:2914} INFO - Setting next_dagrun for latest_only_with_trigger to 2021-10-29T03:12:53.958453+00:00
[2021-10-29 07:12:53,973] {processor.py:171} INFO - Processing /home/airflow/.local/lib/python3.6/site-packages/airflow/example_dags/example_latest_only_with_trigger.py took 0.099 seconds
[2021-10-29 07:13:24,782] {processor.py:163} INFO - Started process (PID=1005) to work on /home/airflow/.local/lib/python3.6/site-packages/airflow/example_dags/example_latest_only_with_trigger.py
[2021-10-29 07:13:24,785] {processor.py:620} INFO - Processing file /home/airflow/.local/lib/python3.6/site-packages/airflow/example_dags/example_latest_only_with_trigger.py for tasks to queue
[2021-10-29 07:13:24,787] {logging_mixin.py:109} INFO - [2021-10-29 07:13:24,787] {dagbag.py:500} INFO - Filling up the DagBag from /home/airflow/.local/lib/python3.6/site-packages/airflow/example_dags/example_latest_only_with_trigger.py
[2021-10-29 07:13:24,831] {processor.py:632} INFO - DAG(s) dict_keys(['latest_only_with_trigger']) retrieved from /home/airflow/.local/lib/python3.6/site-packages/airflow/example_dags/example_latest_only_with_trigger.py
[2021-10-29 07:13:24,859] {logging_mixin.py:109} INFO - [2021-10-29 07:13:24,859] {dag.py:2389} INFO - Sync 1 DAGs
[2021-10-29 07:13:24,887] {logging_mixin.py:109} INFO - [2021-10-29 07:13:24,887] {dag.py:2914} INFO - Setting next_dagrun for latest_only_with_trigger to 2021-10-29T03:13:24.886606+00:00
[2021-10-29 07:13:24,910] {processor.py:171} INFO - Processing /home/airflow/.local/lib/python3.6/site-packages/airflow/example_dags/example_latest_only_with_trigger.py took 0.133 seconds
[2021-10-29 07:13:55,583] {processor.py:163} INFO - Started process (PID=1060) to work on /home/airflow/.local/lib/python3.6/site-packages/airflow/example_dags/example_latest_only_with_trigger.py
[2021-10-29 07:13:55,586] {processor.py:620} INFO - Processing file /home/airflow/.local/lib/python3.6/site-packages/airflow/example_dags/example_latest_only_with_trigger.py for tasks to queue
[2021-10-29 07:13:55,589] {logging_mixin.py:109} INFO - [2021-10-29 07:13:55,589] {dagbag.py:500} INFO - Filling up the DagBag from /home/airflow/.local/lib/python3.6/site-packages/airflow/example_dags/example_latest_only_with_trigger.py
[2021-10-29 07:13:55,628] {processor.py:632} INFO - DAG(s) dict_keys(['latest_only_with_trigger']) retrieved from /home/airflow/.local/lib/python3.6/site-packages/airflow/example_dags/example_latest_only_with_trigger.py
[2021-10-29 07:13:55,645] {logging_mixin.py:109} INFO - [2021-10-29 07:13:55,645] {dag.py:2389} INFO - Sync 1 DAGs
[2021-10-29 07:13:55,660] {logging_mixin.py:109} INFO - [2021-10-29 07:13:55,660] {dag.py:2914} INFO - Setting next_dagrun for latest_only_with_trigger to 2021-10-29T03:13:55.660305+00:00
[2021-10-29 07:13:55,675] {processor.py:171} INFO - Processing /home/airflow/.local/lib/python3.6/site-packages/airflow/example_dags/example_latest_only_with_trigger.py took 0.097 seconds
[2021-10-29 07:14:26,278] {processor.py:163} INFO - Started process (PID=1127) to work on /home/airflow/.local/lib/python3.6/site-packages/airflow/example_dags/example_latest_only_with_trigger.py
[2021-10-29 07:14:26,282] {processor.py:620} INFO - Processing file /home/airflow/.local/lib/python3.6/site-packages/airflow/example_dags/example_latest_only_with_trigger.py for tasks to queue
[2021-10-29 07:14:26,284] {logging_mixin.py:109} INFO - [2021-10-29 07:14:26,283] {dagbag.py:500} INFO - Filling up the DagBag from /home/airflow/.local/lib/python3.6/site-packages/airflow/example_dags/example_latest_only_with_trigger.py
[2021-10-29 07:14:26,320] {processor.py:632} INFO - DAG(s) dict_keys(['latest_only_with_trigger']) retrieved from /home/airflow/.local/lib/python3.6/site-packages/airflow/example_dags/example_latest_only_with_trigger.py
[2021-10-29 07:14:26,335] {logging_mixin.py:109} INFO - [2021-10-29 07:14:26,335] {dag.py:2389} INFO - Sync 1 DAGs
[2021-10-29 07:14:26,349] {logging_mixin.py:109} INFO - [2021-10-29 07:14:26,349] {dag.py:2914} INFO - Setting next_dagrun for latest_only_with_trigger to 2021-10-29T03:14:26.349057+00:00
[2021-10-29 07:14:26,362] {processor.py:171} INFO - Processing /home/airflow/.local/lib/python3.6/site-packages/airflow/example_dags/example_latest_only_with_trigger.py took 0.090 seconds
[2021-10-29 07:14:56,864] {processor.py:163} INFO - Started process (PID=1183) to work on /home/airflow/.local/lib/python3.6/site-packages/airflow/example_dags/example_latest_only_with_trigger.py
[2021-10-29 07:14:56,866] {processor.py:620} INFO - Processing file /home/airflow/.local/lib/python3.6/site-packages/airflow/example_dags/example_latest_only_with_trigger.py for tasks to queue
[2021-10-29 07:14:56,868] {logging_mixin.py:109} INFO - [2021-10-29 07:14:56,868] {dagbag.py:500} INFO - Filling up the DagBag from /home/airflow/.local/lib/python3.6/site-packages/airflow/example_dags/example_latest_only_with_trigger.py
[2021-10-29 07:14:56,907] {processor.py:632} INFO - DAG(s) dict_keys(['latest_only_with_trigger']) retrieved from /home/airflow/.local/lib/python3.6/site-packages/airflow/example_dags/example_latest_only_with_trigger.py
[2021-10-29 07:14:56,924] {logging_mixin.py:109} INFO - [2021-10-29 07:14:56,924] {dag.py:2389} INFO - Sync 1 DAGs
[2021-10-29 07:14:56,940] {logging_mixin.py:109} INFO - [2021-10-29 07:14:56,940] {dag.py:2914} INFO - Setting next_dagrun for latest_only_with_trigger to 2021-10-29T03:14:56.940219+00:00
[2021-10-29 07:14:56,955] {processor.py:171} INFO - Processing /home/airflow/.local/lib/python3.6/site-packages/airflow/example_dags/example_latest_only_with_trigger.py took 0.098 seconds
