[2021-10-29 07:06:18,978] {processor.py:163} INFO - Started process (PID=72) to work on /home/airflow/.local/lib/python3.6/site-packages/airflow/example_dags/example_kubernetes_executor.py
[2021-10-29 07:06:18,985] {processor.py:620} INFO - Processing file /home/airflow/.local/lib/python3.6/site-packages/airflow/example_dags/example_kubernetes_executor.py for tasks to queue
[2021-10-29 07:06:18,990] {logging_mixin.py:109} INFO - [2021-10-29 07:06:18,990] {dagbag.py:500} INFO - Filling up the DagBag from /home/airflow/.local/lib/python3.6/site-packages/airflow/example_dags/example_kubernetes_executor.py
[2021-10-29 07:06:19,110] {processor.py:632} INFO - DAG(s) dict_keys(['example_kubernetes_executor']) retrieved from /home/airflow/.local/lib/python3.6/site-packages/airflow/example_dags/example_kubernetes_executor.py
[2021-10-29 07:06:22,664] {logging_mixin.py:109} INFO - [2021-10-29 07:06:22,664] {providers_manager.py:156} WARNING - Exception when importing 'airflow.providers.google.leveldb.hooks.leveldb.LevelDBHook' from 'apache-airflow-providers-google' package: No module named 'plyvel'
[2021-10-29 07:07:22,045] {processor.py:163} INFO - Started process (PID=173) to work on /home/airflow/.local/lib/python3.6/site-packages/airflow/example_dags/example_kubernetes_executor.py
[2021-10-29 07:07:22,050] {processor.py:620} INFO - Processing file /home/airflow/.local/lib/python3.6/site-packages/airflow/example_dags/example_kubernetes_executor.py for tasks to queue
[2021-10-29 07:07:22,054] {logging_mixin.py:109} INFO - [2021-10-29 07:07:22,053] {dagbag.py:500} INFO - Filling up the DagBag from /home/airflow/.local/lib/python3.6/site-packages/airflow/example_dags/example_kubernetes_executor.py
[2021-10-29 07:07:22,176] {processor.py:632} INFO - DAG(s) dict_keys(['example_kubernetes_executor']) retrieved from /home/airflow/.local/lib/python3.6/site-packages/airflow/example_dags/example_kubernetes_executor.py
[2021-10-29 07:07:26,152] {logging_mixin.py:109} INFO - [2021-10-29 07:07:26,152] {providers_manager.py:156} WARNING - Exception when importing 'airflow.providers.google.leveldb.hooks.leveldb.LevelDBHook' from 'apache-airflow-providers-google' package: No module named 'plyvel'
[2021-10-29 07:07:27,091] {logging_mixin.py:109} INFO - [2021-10-29 07:07:27,091] {providers_manager.py:156} WARNING - Exception when importing 'airflow.providers.google.leveldb.hooks.leveldb.LevelDBHook' from 'apache-airflow-providers-google' package: No module named 'plyvel'
[2021-10-29 07:07:27,153] {logging_mixin.py:109} INFO - [2021-10-29 07:07:27,153] {manager.py:496} INFO - Created Permission View: can read on DAG:example_kubernetes_executor
[2021-10-29 07:07:27,221] {logging_mixin.py:109} INFO - [2021-10-29 07:07:27,221] {manager.py:496} INFO - Created Permission View: can edit on DAG:example_kubernetes_executor
[2021-10-29 07:07:27,231] {logging_mixin.py:109} INFO - [2021-10-29 07:07:27,228] {dag.py:2389} INFO - Sync 1 DAGs
[2021-10-29 07:07:27,506] {logging_mixin.py:109} INFO - [2021-10-29 07:07:27,505] {dag.py:2408} INFO - Creating ORM DAG for example_kubernetes_executor
[2021-10-29 07:07:27,521] {logging_mixin.py:109} INFO - [2021-10-29 07:07:27,521] {dag.py:2914} INFO - Setting next_dagrun for example_kubernetes_executor to None
[2021-10-29 07:07:27,548] {processor.py:171} INFO - Processing /home/airflow/.local/lib/python3.6/site-packages/airflow/example_dags/example_kubernetes_executor.py took 5.551 seconds
[2021-10-29 07:07:58,421] {processor.py:163} INFO - Started process (PID=370) to work on /home/airflow/.local/lib/python3.6/site-packages/airflow/example_dags/example_kubernetes_executor.py
[2021-10-29 07:07:58,424] {processor.py:620} INFO - Processing file /home/airflow/.local/lib/python3.6/site-packages/airflow/example_dags/example_kubernetes_executor.py for tasks to queue
[2021-10-29 07:07:58,426] {logging_mixin.py:109} INFO - [2021-10-29 07:07:58,426] {dagbag.py:500} INFO - Filling up the DagBag from /home/airflow/.local/lib/python3.6/site-packages/airflow/example_dags/example_kubernetes_executor.py
[2021-10-29 07:07:58,467] {processor.py:632} INFO - DAG(s) dict_keys(['example_kubernetes_executor']) retrieved from /home/airflow/.local/lib/python3.6/site-packages/airflow/example_dags/example_kubernetes_executor.py
[2021-10-29 07:07:58,487] {logging_mixin.py:109} INFO - [2021-10-29 07:07:58,487] {dag.py:2389} INFO - Sync 1 DAGs
[2021-10-29 07:07:58,501] {logging_mixin.py:109} INFO - [2021-10-29 07:07:58,501] {dag.py:2914} INFO - Setting next_dagrun for example_kubernetes_executor to None
[2021-10-29 07:07:58,516] {processor.py:171} INFO - Processing /home/airflow/.local/lib/python3.6/site-packages/airflow/example_dags/example_kubernetes_executor.py took 0.100 seconds
[2021-10-29 07:08:28,938] {processor.py:163} INFO - Started process (PID=424) to work on /home/airflow/.local/lib/python3.6/site-packages/airflow/example_dags/example_kubernetes_executor.py
[2021-10-29 07:08:28,942] {processor.py:620} INFO - Processing file /home/airflow/.local/lib/python3.6/site-packages/airflow/example_dags/example_kubernetes_executor.py for tasks to queue
[2021-10-29 07:08:28,945] {logging_mixin.py:109} INFO - [2021-10-29 07:08:28,945] {dagbag.py:500} INFO - Filling up the DagBag from /home/airflow/.local/lib/python3.6/site-packages/airflow/example_dags/example_kubernetes_executor.py
[2021-10-29 07:08:29,011] {processor.py:632} INFO - DAG(s) dict_keys(['example_kubernetes_executor']) retrieved from /home/airflow/.local/lib/python3.6/site-packages/airflow/example_dags/example_kubernetes_executor.py
[2021-10-29 07:08:29,034] {logging_mixin.py:109} INFO - [2021-10-29 07:08:29,034] {dag.py:2389} INFO - Sync 1 DAGs
[2021-10-29 07:08:29,052] {logging_mixin.py:109} INFO - [2021-10-29 07:08:29,052] {dag.py:2914} INFO - Setting next_dagrun for example_kubernetes_executor to None
[2021-10-29 07:08:29,068] {processor.py:171} INFO - Processing /home/airflow/.local/lib/python3.6/site-packages/airflow/example_dags/example_kubernetes_executor.py took 0.135 seconds
[2021-10-29 07:08:59,447] {processor.py:163} INFO - Started process (PID=480) to work on /home/airflow/.local/lib/python3.6/site-packages/airflow/example_dags/example_kubernetes_executor.py
[2021-10-29 07:08:59,449] {processor.py:620} INFO - Processing file /home/airflow/.local/lib/python3.6/site-packages/airflow/example_dags/example_kubernetes_executor.py for tasks to queue
[2021-10-29 07:08:59,452] {logging_mixin.py:109} INFO - [2021-10-29 07:08:59,451] {dagbag.py:500} INFO - Filling up the DagBag from /home/airflow/.local/lib/python3.6/site-packages/airflow/example_dags/example_kubernetes_executor.py
[2021-10-29 07:08:59,489] {processor.py:632} INFO - DAG(s) dict_keys(['example_kubernetes_executor']) retrieved from /home/airflow/.local/lib/python3.6/site-packages/airflow/example_dags/example_kubernetes_executor.py
[2021-10-29 07:08:59,506] {logging_mixin.py:109} INFO - [2021-10-29 07:08:59,505] {dag.py:2389} INFO - Sync 1 DAGs
[2021-10-29 07:08:59,523] {logging_mixin.py:109} INFO - [2021-10-29 07:08:59,523] {dag.py:2914} INFO - Setting next_dagrun for example_kubernetes_executor to None
[2021-10-29 07:08:59,535] {processor.py:171} INFO - Processing /home/airflow/.local/lib/python3.6/site-packages/airflow/example_dags/example_kubernetes_executor.py took 0.093 seconds
[2021-10-29 07:09:29,961] {processor.py:163} INFO - Started process (PID=545) to work on /home/airflow/.local/lib/python3.6/site-packages/airflow/example_dags/example_kubernetes_executor.py
[2021-10-29 07:09:29,965] {processor.py:620} INFO - Processing file /home/airflow/.local/lib/python3.6/site-packages/airflow/example_dags/example_kubernetes_executor.py for tasks to queue
[2021-10-29 07:09:29,968] {logging_mixin.py:109} INFO - [2021-10-29 07:09:29,967] {dagbag.py:500} INFO - Filling up the DagBag from /home/airflow/.local/lib/python3.6/site-packages/airflow/example_dags/example_kubernetes_executor.py
[2021-10-29 07:09:30,001] {processor.py:632} INFO - DAG(s) dict_keys(['example_kubernetes_executor']) retrieved from /home/airflow/.local/lib/python3.6/site-packages/airflow/example_dags/example_kubernetes_executor.py
[2021-10-29 07:09:30,015] {logging_mixin.py:109} INFO - [2021-10-29 07:09:30,015] {dag.py:2389} INFO - Sync 1 DAGs
[2021-10-29 07:09:30,028] {logging_mixin.py:109} INFO - [2021-10-29 07:09:30,028] {dag.py:2914} INFO - Setting next_dagrun for example_kubernetes_executor to None
[2021-10-29 07:09:30,040] {processor.py:171} INFO - Processing /home/airflow/.local/lib/python3.6/site-packages/airflow/example_dags/example_kubernetes_executor.py took 0.090 seconds
[2021-10-29 07:10:00,287] {processor.py:163} INFO - Started process (PID=602) to work on /home/airflow/.local/lib/python3.6/site-packages/airflow/example_dags/example_kubernetes_executor.py
[2021-10-29 07:10:00,290] {processor.py:620} INFO - Processing file /home/airflow/.local/lib/python3.6/site-packages/airflow/example_dags/example_kubernetes_executor.py for tasks to queue
[2021-10-29 07:10:00,293] {logging_mixin.py:109} INFO - [2021-10-29 07:10:00,292] {dagbag.py:500} INFO - Filling up the DagBag from /home/airflow/.local/lib/python3.6/site-packages/airflow/example_dags/example_kubernetes_executor.py
[2021-10-29 07:10:00,335] {processor.py:632} INFO - DAG(s) dict_keys(['example_kubernetes_executor']) retrieved from /home/airflow/.local/lib/python3.6/site-packages/airflow/example_dags/example_kubernetes_executor.py
[2021-10-29 07:10:00,351] {logging_mixin.py:109} INFO - [2021-10-29 07:10:00,351] {dag.py:2389} INFO - Sync 1 DAGs
[2021-10-29 07:10:00,365] {logging_mixin.py:109} INFO - [2021-10-29 07:10:00,365] {dag.py:2914} INFO - Setting next_dagrun for example_kubernetes_executor to None
[2021-10-29 07:10:00,379] {processor.py:171} INFO - Processing /home/airflow/.local/lib/python3.6/site-packages/airflow/example_dags/example_kubernetes_executor.py took 0.098 seconds
[2021-10-29 07:10:31,058] {processor.py:163} INFO - Started process (PID=668) to work on /home/airflow/.local/lib/python3.6/site-packages/airflow/example_dags/example_kubernetes_executor.py
[2021-10-29 07:10:31,060] {processor.py:620} INFO - Processing file /home/airflow/.local/lib/python3.6/site-packages/airflow/example_dags/example_kubernetes_executor.py for tasks to queue
[2021-10-29 07:10:31,062] {logging_mixin.py:109} INFO - [2021-10-29 07:10:31,062] {dagbag.py:500} INFO - Filling up the DagBag from /home/airflow/.local/lib/python3.6/site-packages/airflow/example_dags/example_kubernetes_executor.py
[2021-10-29 07:10:31,097] {processor.py:632} INFO - DAG(s) dict_keys(['example_kubernetes_executor']) retrieved from /home/airflow/.local/lib/python3.6/site-packages/airflow/example_dags/example_kubernetes_executor.py
[2021-10-29 07:10:31,114] {logging_mixin.py:109} INFO - [2021-10-29 07:10:31,114] {dag.py:2389} INFO - Sync 1 DAGs
[2021-10-29 07:10:31,136] {logging_mixin.py:109} INFO - [2021-10-29 07:10:31,136] {dag.py:2914} INFO - Setting next_dagrun for example_kubernetes_executor to None
[2021-10-29 07:10:31,149] {processor.py:171} INFO - Processing /home/airflow/.local/lib/python3.6/site-packages/airflow/example_dags/example_kubernetes_executor.py took 0.095 seconds
[2021-10-29 07:11:01,686] {processor.py:163} INFO - Started process (PID=723) to work on /home/airflow/.local/lib/python3.6/site-packages/airflow/example_dags/example_kubernetes_executor.py
[2021-10-29 07:11:01,690] {processor.py:620} INFO - Processing file /home/airflow/.local/lib/python3.6/site-packages/airflow/example_dags/example_kubernetes_executor.py for tasks to queue
[2021-10-29 07:11:01,691] {logging_mixin.py:109} INFO - [2021-10-29 07:11:01,691] {dagbag.py:500} INFO - Filling up the DagBag from /home/airflow/.local/lib/python3.6/site-packages/airflow/example_dags/example_kubernetes_executor.py
[2021-10-29 07:11:01,739] {processor.py:632} INFO - DAG(s) dict_keys(['example_kubernetes_executor']) retrieved from /home/airflow/.local/lib/python3.6/site-packages/airflow/example_dags/example_kubernetes_executor.py
[2021-10-29 07:11:01,756] {logging_mixin.py:109} INFO - [2021-10-29 07:11:01,756] {dag.py:2389} INFO - Sync 1 DAGs
[2021-10-29 07:11:01,771] {logging_mixin.py:109} INFO - [2021-10-29 07:11:01,771] {dag.py:2914} INFO - Setting next_dagrun for example_kubernetes_executor to None
[2021-10-29 07:11:01,787] {processor.py:171} INFO - Processing /home/airflow/.local/lib/python3.6/site-packages/airflow/example_dags/example_kubernetes_executor.py took 0.105 seconds
[2021-10-29 07:11:32,567] {processor.py:163} INFO - Started process (PID=789) to work on /home/airflow/.local/lib/python3.6/site-packages/airflow/example_dags/example_kubernetes_executor.py
[2021-10-29 07:11:32,571] {processor.py:620} INFO - Processing file /home/airflow/.local/lib/python3.6/site-packages/airflow/example_dags/example_kubernetes_executor.py for tasks to queue
[2021-10-29 07:11:32,575] {logging_mixin.py:109} INFO - [2021-10-29 07:11:32,574] {dagbag.py:500} INFO - Filling up the DagBag from /home/airflow/.local/lib/python3.6/site-packages/airflow/example_dags/example_kubernetes_executor.py
[2021-10-29 07:11:32,651] {processor.py:632} INFO - DAG(s) dict_keys(['example_kubernetes_executor']) retrieved from /home/airflow/.local/lib/python3.6/site-packages/airflow/example_dags/example_kubernetes_executor.py
[2021-10-29 07:11:32,675] {logging_mixin.py:109} INFO - [2021-10-29 07:11:32,674] {dag.py:2389} INFO - Sync 1 DAGs
[2021-10-29 07:11:32,697] {logging_mixin.py:109} INFO - [2021-10-29 07:11:32,697] {dag.py:2914} INFO - Setting next_dagrun for example_kubernetes_executor to None
[2021-10-29 07:11:32,717] {processor.py:171} INFO - Processing /home/airflow/.local/lib/python3.6/site-packages/airflow/example_dags/example_kubernetes_executor.py took 0.156 seconds
[2021-10-29 07:12:02,854] {processor.py:163} INFO - Started process (PID=843) to work on /home/airflow/.local/lib/python3.6/site-packages/airflow/example_dags/example_kubernetes_executor.py
[2021-10-29 07:12:02,857] {processor.py:620} INFO - Processing file /home/airflow/.local/lib/python3.6/site-packages/airflow/example_dags/example_kubernetes_executor.py for tasks to queue
[2021-10-29 07:12:02,860] {logging_mixin.py:109} INFO - [2021-10-29 07:12:02,859] {dagbag.py:500} INFO - Filling up the DagBag from /home/airflow/.local/lib/python3.6/site-packages/airflow/example_dags/example_kubernetes_executor.py
[2021-10-29 07:12:02,904] {processor.py:632} INFO - DAG(s) dict_keys(['example_kubernetes_executor']) retrieved from /home/airflow/.local/lib/python3.6/site-packages/airflow/example_dags/example_kubernetes_executor.py
[2021-10-29 07:12:02,924] {logging_mixin.py:109} INFO - [2021-10-29 07:12:02,924] {dag.py:2389} INFO - Sync 1 DAGs
[2021-10-29 07:12:02,938] {logging_mixin.py:109} INFO - [2021-10-29 07:12:02,938] {dag.py:2914} INFO - Setting next_dagrun for example_kubernetes_executor to None
[2021-10-29 07:12:02,952] {processor.py:171} INFO - Processing /home/airflow/.local/lib/python3.6/site-packages/airflow/example_dags/example_kubernetes_executor.py took 0.103 seconds
[2021-10-29 07:12:33,117] {processor.py:163} INFO - Started process (PID=909) to work on /home/airflow/.local/lib/python3.6/site-packages/airflow/example_dags/example_kubernetes_executor.py
[2021-10-29 07:12:33,120] {processor.py:620} INFO - Processing file /home/airflow/.local/lib/python3.6/site-packages/airflow/example_dags/example_kubernetes_executor.py for tasks to queue
[2021-10-29 07:12:33,122] {logging_mixin.py:109} INFO - [2021-10-29 07:12:33,122] {dagbag.py:500} INFO - Filling up the DagBag from /home/airflow/.local/lib/python3.6/site-packages/airflow/example_dags/example_kubernetes_executor.py
[2021-10-29 07:12:33,165] {processor.py:632} INFO - DAG(s) dict_keys(['example_kubernetes_executor']) retrieved from /home/airflow/.local/lib/python3.6/site-packages/airflow/example_dags/example_kubernetes_executor.py
[2021-10-29 07:12:33,187] {logging_mixin.py:109} INFO - [2021-10-29 07:12:33,186] {dag.py:2389} INFO - Sync 1 DAGs
[2021-10-29 07:12:33,203] {logging_mixin.py:109} INFO - [2021-10-29 07:12:33,203] {dag.py:2914} INFO - Setting next_dagrun for example_kubernetes_executor to None
[2021-10-29 07:12:33,221] {processor.py:171} INFO - Processing /home/airflow/.local/lib/python3.6/site-packages/airflow/example_dags/example_kubernetes_executor.py took 0.108 seconds
[2021-10-29 07:13:04,142] {processor.py:163} INFO - Started process (PID=964) to work on /home/airflow/.local/lib/python3.6/site-packages/airflow/example_dags/example_kubernetes_executor.py
[2021-10-29 07:13:04,147] {processor.py:620} INFO - Processing file /home/airflow/.local/lib/python3.6/site-packages/airflow/example_dags/example_kubernetes_executor.py for tasks to queue
[2021-10-29 07:13:04,150] {logging_mixin.py:109} INFO - [2021-10-29 07:13:04,150] {dagbag.py:500} INFO - Filling up the DagBag from /home/airflow/.local/lib/python3.6/site-packages/airflow/example_dags/example_kubernetes_executor.py
[2021-10-29 07:13:04,198] {processor.py:632} INFO - DAG(s) dict_keys(['example_kubernetes_executor']) retrieved from /home/airflow/.local/lib/python3.6/site-packages/airflow/example_dags/example_kubernetes_executor.py
[2021-10-29 07:13:04,214] {logging_mixin.py:109} INFO - [2021-10-29 07:13:04,214] {dag.py:2389} INFO - Sync 1 DAGs
[2021-10-29 07:13:04,226] {logging_mixin.py:109} INFO - [2021-10-29 07:13:04,226] {dag.py:2914} INFO - Setting next_dagrun for example_kubernetes_executor to None
[2021-10-29 07:13:04,239] {processor.py:171} INFO - Processing /home/airflow/.local/lib/python3.6/site-packages/airflow/example_dags/example_kubernetes_executor.py took 0.104 seconds
[2021-10-29 07:13:35,011] {processor.py:163} INFO - Started process (PID=1030) to work on /home/airflow/.local/lib/python3.6/site-packages/airflow/example_dags/example_kubernetes_executor.py
[2021-10-29 07:13:35,014] {processor.py:620} INFO - Processing file /home/airflow/.local/lib/python3.6/site-packages/airflow/example_dags/example_kubernetes_executor.py for tasks to queue
[2021-10-29 07:13:35,020] {logging_mixin.py:109} INFO - [2021-10-29 07:13:35,020] {dagbag.py:500} INFO - Filling up the DagBag from /home/airflow/.local/lib/python3.6/site-packages/airflow/example_dags/example_kubernetes_executor.py
[2021-10-29 07:13:35,055] {processor.py:632} INFO - DAG(s) dict_keys(['example_kubernetes_executor']) retrieved from /home/airflow/.local/lib/python3.6/site-packages/airflow/example_dags/example_kubernetes_executor.py
[2021-10-29 07:13:35,069] {logging_mixin.py:109} INFO - [2021-10-29 07:13:35,069] {dag.py:2389} INFO - Sync 1 DAGs
[2021-10-29 07:13:35,081] {logging_mixin.py:109} INFO - [2021-10-29 07:13:35,081] {dag.py:2914} INFO - Setting next_dagrun for example_kubernetes_executor to None
[2021-10-29 07:13:35,094] {processor.py:171} INFO - Processing /home/airflow/.local/lib/python3.6/site-packages/airflow/example_dags/example_kubernetes_executor.py took 0.087 seconds
[2021-10-29 07:14:05,726] {processor.py:163} INFO - Started process (PID=1086) to work on /home/airflow/.local/lib/python3.6/site-packages/airflow/example_dags/example_kubernetes_executor.py
[2021-10-29 07:14:05,729] {processor.py:620} INFO - Processing file /home/airflow/.local/lib/python3.6/site-packages/airflow/example_dags/example_kubernetes_executor.py for tasks to queue
[2021-10-29 07:14:05,731] {logging_mixin.py:109} INFO - [2021-10-29 07:14:05,731] {dagbag.py:500} INFO - Filling up the DagBag from /home/airflow/.local/lib/python3.6/site-packages/airflow/example_dags/example_kubernetes_executor.py
[2021-10-29 07:14:05,770] {processor.py:632} INFO - DAG(s) dict_keys(['example_kubernetes_executor']) retrieved from /home/airflow/.local/lib/python3.6/site-packages/airflow/example_dags/example_kubernetes_executor.py
[2021-10-29 07:14:05,784] {logging_mixin.py:109} INFO - [2021-10-29 07:14:05,784] {dag.py:2389} INFO - Sync 1 DAGs
[2021-10-29 07:14:05,796] {logging_mixin.py:109} INFO - [2021-10-29 07:14:05,796] {dag.py:2914} INFO - Setting next_dagrun for example_kubernetes_executor to None
[2021-10-29 07:14:05,808] {processor.py:171} INFO - Processing /home/airflow/.local/lib/python3.6/site-packages/airflow/example_dags/example_kubernetes_executor.py took 0.087 seconds
[2021-10-29 07:14:36,249] {processor.py:163} INFO - Started process (PID=1152) to work on /home/airflow/.local/lib/python3.6/site-packages/airflow/example_dags/example_kubernetes_executor.py
[2021-10-29 07:14:36,252] {processor.py:620} INFO - Processing file /home/airflow/.local/lib/python3.6/site-packages/airflow/example_dags/example_kubernetes_executor.py for tasks to queue
[2021-10-29 07:14:36,255] {logging_mixin.py:109} INFO - [2021-10-29 07:14:36,255] {dagbag.py:500} INFO - Filling up the DagBag from /home/airflow/.local/lib/python3.6/site-packages/airflow/example_dags/example_kubernetes_executor.py
[2021-10-29 07:14:36,298] {processor.py:632} INFO - DAG(s) dict_keys(['example_kubernetes_executor']) retrieved from /home/airflow/.local/lib/python3.6/site-packages/airflow/example_dags/example_kubernetes_executor.py
[2021-10-29 07:14:36,317] {logging_mixin.py:109} INFO - [2021-10-29 07:14:36,317] {dag.py:2389} INFO - Sync 1 DAGs
[2021-10-29 07:14:36,335] {logging_mixin.py:109} INFO - [2021-10-29 07:14:36,335] {dag.py:2914} INFO - Setting next_dagrun for example_kubernetes_executor to None
[2021-10-29 07:14:36,354] {processor.py:171} INFO - Processing /home/airflow/.local/lib/python3.6/site-packages/airflow/example_dags/example_kubernetes_executor.py took 0.112 seconds
[2021-10-29 07:15:07,015] {processor.py:163} INFO - Started process (PID=1207) to work on /home/airflow/.local/lib/python3.6/site-packages/airflow/example_dags/example_kubernetes_executor.py
[2021-10-29 07:15:07,018] {processor.py:620} INFO - Processing file /home/airflow/.local/lib/python3.6/site-packages/airflow/example_dags/example_kubernetes_executor.py for tasks to queue
[2021-10-29 07:15:07,021] {logging_mixin.py:109} INFO - [2021-10-29 07:15:07,021] {dagbag.py:500} INFO - Filling up the DagBag from /home/airflow/.local/lib/python3.6/site-packages/airflow/example_dags/example_kubernetes_executor.py
[2021-10-29 07:15:07,063] {processor.py:632} INFO - DAG(s) dict_keys(['example_kubernetes_executor']) retrieved from /home/airflow/.local/lib/python3.6/site-packages/airflow/example_dags/example_kubernetes_executor.py
[2021-10-29 07:15:07,079] {logging_mixin.py:109} INFO - [2021-10-29 07:15:07,079] {dag.py:2389} INFO - Sync 1 DAGs
[2021-10-29 07:15:07,095] {logging_mixin.py:109} INFO - [2021-10-29 07:15:07,094] {dag.py:2914} INFO - Setting next_dagrun for example_kubernetes_executor to None
[2021-10-29 07:15:07,109] {processor.py:171} INFO - Processing /home/airflow/.local/lib/python3.6/site-packages/airflow/example_dags/example_kubernetes_executor.py took 0.100 seconds
