[2021-10-29 07:07:49,210] {processor.py:163} INFO - Started process (PID=340) to work on /home/airflow/.local/lib/python3.6/site-packages/airflow/example_dags/example_short_circuit_operator.py
[2021-10-29 07:07:49,213] {processor.py:620} INFO - Processing file /home/airflow/.local/lib/python3.6/site-packages/airflow/example_dags/example_short_circuit_operator.py for tasks to queue
[2021-10-29 07:07:49,216] {logging_mixin.py:109} INFO - [2021-10-29 07:07:49,216] {dagbag.py:500} INFO - Filling up the DagBag from /home/airflow/.local/lib/python3.6/site-packages/airflow/example_dags/example_short_circuit_operator.py
[2021-10-29 07:07:49,264] {processor.py:632} INFO - DAG(s) dict_keys(['example_short_circuit_operator']) retrieved from /home/airflow/.local/lib/python3.6/site-packages/airflow/example_dags/example_short_circuit_operator.py
[2021-10-29 07:07:50,806] {logging_mixin.py:109} INFO - [2021-10-29 07:07:50,806] {providers_manager.py:156} WARNING - Exception when importing 'airflow.providers.google.leveldb.hooks.leveldb.LevelDBHook' from 'apache-airflow-providers-google' package: No module named 'plyvel'
[2021-10-29 07:07:51,192] {logging_mixin.py:109} INFO - [2021-10-29 07:07:51,191] {providers_manager.py:156} WARNING - Exception when importing 'airflow.providers.google.leveldb.hooks.leveldb.LevelDBHook' from 'apache-airflow-providers-google' package: No module named 'plyvel'
[2021-10-29 07:07:51,217] {logging_mixin.py:109} INFO - [2021-10-29 07:07:51,217] {manager.py:496} INFO - Created Permission View: can read on DAG:example_short_circuit_operator
[2021-10-29 07:07:51,230] {logging_mixin.py:109} INFO - [2021-10-29 07:07:51,230] {manager.py:496} INFO - Created Permission View: can edit on DAG:example_short_circuit_operator
[2021-10-29 07:07:51,233] {logging_mixin.py:109} INFO - [2021-10-29 07:07:51,231] {dag.py:2389} INFO - Sync 1 DAGs
[2021-10-29 07:07:51,350] {logging_mixin.py:109} INFO - [2021-10-29 07:07:51,348] {dag.py:2408} INFO - Creating ORM DAG for example_short_circuit_operator
[2021-10-29 07:07:51,357] {logging_mixin.py:109} INFO - [2021-10-29 07:07:51,357] {dag.py:2914} INFO - Setting next_dagrun for example_short_circuit_operator to 2021-10-28T07:07:51.356734+00:00
[2021-10-29 07:07:51,373] {processor.py:171} INFO - Processing /home/airflow/.local/lib/python3.6/site-packages/airflow/example_dags/example_short_circuit_operator.py took 2.168 seconds
[2021-10-29 07:08:22,233] {processor.py:163} INFO - Started process (PID=413) to work on /home/airflow/.local/lib/python3.6/site-packages/airflow/example_dags/example_short_circuit_operator.py
[2021-10-29 07:08:22,238] {processor.py:620} INFO - Processing file /home/airflow/.local/lib/python3.6/site-packages/airflow/example_dags/example_short_circuit_operator.py for tasks to queue
[2021-10-29 07:08:22,243] {logging_mixin.py:109} INFO - [2021-10-29 07:08:22,242] {dagbag.py:500} INFO - Filling up the DagBag from /home/airflow/.local/lib/python3.6/site-packages/airflow/example_dags/example_short_circuit_operator.py
[2021-10-29 07:08:22,287] {processor.py:632} INFO - DAG(s) dict_keys(['example_short_circuit_operator']) retrieved from /home/airflow/.local/lib/python3.6/site-packages/airflow/example_dags/example_short_circuit_operator.py
[2021-10-29 07:08:22,306] {logging_mixin.py:109} INFO - [2021-10-29 07:08:22,306] {dag.py:2389} INFO - Sync 1 DAGs
[2021-10-29 07:08:22,325] {logging_mixin.py:109} INFO - [2021-10-29 07:08:22,325] {dag.py:2914} INFO - Setting next_dagrun for example_short_circuit_operator to 2021-10-28T07:08:22.324648+00:00
[2021-10-29 07:08:22,347] {processor.py:171} INFO - Processing /home/airflow/.local/lib/python3.6/site-packages/airflow/example_dags/example_short_circuit_operator.py took 0.124 seconds
[2021-10-29 07:08:52,578] {processor.py:163} INFO - Started process (PID=469) to work on /home/airflow/.local/lib/python3.6/site-packages/airflow/example_dags/example_short_circuit_operator.py
[2021-10-29 07:08:52,581] {processor.py:620} INFO - Processing file /home/airflow/.local/lib/python3.6/site-packages/airflow/example_dags/example_short_circuit_operator.py for tasks to queue
[2021-10-29 07:08:52,583] {logging_mixin.py:109} INFO - [2021-10-29 07:08:52,583] {dagbag.py:500} INFO - Filling up the DagBag from /home/airflow/.local/lib/python3.6/site-packages/airflow/example_dags/example_short_circuit_operator.py
[2021-10-29 07:08:52,619] {processor.py:632} INFO - DAG(s) dict_keys(['example_short_circuit_operator']) retrieved from /home/airflow/.local/lib/python3.6/site-packages/airflow/example_dags/example_short_circuit_operator.py
[2021-10-29 07:08:52,634] {logging_mixin.py:109} INFO - [2021-10-29 07:08:52,633] {dag.py:2389} INFO - Sync 1 DAGs
[2021-10-29 07:08:52,646] {logging_mixin.py:109} INFO - [2021-10-29 07:08:52,646] {dag.py:2914} INFO - Setting next_dagrun for example_short_circuit_operator to 2021-10-28T07:08:52.646153+00:00
[2021-10-29 07:08:52,658] {processor.py:171} INFO - Processing /home/airflow/.local/lib/python3.6/site-packages/airflow/example_dags/example_short_circuit_operator.py took 0.084 seconds
[2021-10-29 07:09:22,965] {processor.py:163} INFO - Started process (PID=524) to work on /home/airflow/.local/lib/python3.6/site-packages/airflow/example_dags/example_short_circuit_operator.py
[2021-10-29 07:09:22,967] {processor.py:620} INFO - Processing file /home/airflow/.local/lib/python3.6/site-packages/airflow/example_dags/example_short_circuit_operator.py for tasks to queue
[2021-10-29 07:09:22,969] {logging_mixin.py:109} INFO - [2021-10-29 07:09:22,968] {dagbag.py:500} INFO - Filling up the DagBag from /home/airflow/.local/lib/python3.6/site-packages/airflow/example_dags/example_short_circuit_operator.py
[2021-10-29 07:09:23,006] {processor.py:632} INFO - DAG(s) dict_keys(['example_short_circuit_operator']) retrieved from /home/airflow/.local/lib/python3.6/site-packages/airflow/example_dags/example_short_circuit_operator.py
[2021-10-29 07:09:23,021] {logging_mixin.py:109} INFO - [2021-10-29 07:09:23,021] {dag.py:2389} INFO - Sync 1 DAGs
[2021-10-29 07:09:23,035] {logging_mixin.py:109} INFO - [2021-10-29 07:09:23,035] {dag.py:2914} INFO - Setting next_dagrun for example_short_circuit_operator to 2021-10-28T07:09:23.034776+00:00
[2021-10-29 07:09:23,048] {processor.py:171} INFO - Processing /home/airflow/.local/lib/python3.6/site-packages/airflow/example_dags/example_short_circuit_operator.py took 0.088 seconds
[2021-10-29 07:09:53,272] {processor.py:163} INFO - Started process (PID=591) to work on /home/airflow/.local/lib/python3.6/site-packages/airflow/example_dags/example_short_circuit_operator.py
[2021-10-29 07:09:53,275] {processor.py:620} INFO - Processing file /home/airflow/.local/lib/python3.6/site-packages/airflow/example_dags/example_short_circuit_operator.py for tasks to queue
[2021-10-29 07:09:53,277] {logging_mixin.py:109} INFO - [2021-10-29 07:09:53,277] {dagbag.py:500} INFO - Filling up the DagBag from /home/airflow/.local/lib/python3.6/site-packages/airflow/example_dags/example_short_circuit_operator.py
[2021-10-29 07:09:53,322] {processor.py:632} INFO - DAG(s) dict_keys(['example_short_circuit_operator']) retrieved from /home/airflow/.local/lib/python3.6/site-packages/airflow/example_dags/example_short_circuit_operator.py
[2021-10-29 07:09:53,344] {logging_mixin.py:109} INFO - [2021-10-29 07:09:53,344] {dag.py:2389} INFO - Sync 1 DAGs
[2021-10-29 07:09:53,370] {logging_mixin.py:109} INFO - [2021-10-29 07:09:53,370] {dag.py:2914} INFO - Setting next_dagrun for example_short_circuit_operator to 2021-10-28T07:09:53.369983+00:00
[2021-10-29 07:09:53,400] {processor.py:171} INFO - Processing /home/airflow/.local/lib/python3.6/site-packages/airflow/example_dags/example_short_circuit_operator.py took 0.133 seconds
[2021-10-29 07:10:23,578] {processor.py:163} INFO - Started process (PID=646) to work on /home/airflow/.local/lib/python3.6/site-packages/airflow/example_dags/example_short_circuit_operator.py
[2021-10-29 07:10:23,581] {processor.py:620} INFO - Processing file /home/airflow/.local/lib/python3.6/site-packages/airflow/example_dags/example_short_circuit_operator.py for tasks to queue
[2021-10-29 07:10:23,585] {logging_mixin.py:109} INFO - [2021-10-29 07:10:23,585] {dagbag.py:500} INFO - Filling up the DagBag from /home/airflow/.local/lib/python3.6/site-packages/airflow/example_dags/example_short_circuit_operator.py
[2021-10-29 07:10:23,640] {processor.py:632} INFO - DAG(s) dict_keys(['example_short_circuit_operator']) retrieved from /home/airflow/.local/lib/python3.6/site-packages/airflow/example_dags/example_short_circuit_operator.py
[2021-10-29 07:10:23,655] {logging_mixin.py:109} INFO - [2021-10-29 07:10:23,655] {dag.py:2389} INFO - Sync 1 DAGs
[2021-10-29 07:10:23,671] {logging_mixin.py:109} INFO - [2021-10-29 07:10:23,671] {dag.py:2914} INFO - Setting next_dagrun for example_short_circuit_operator to 2021-10-28T07:10:23.670691+00:00
[2021-10-29 07:10:23,686] {processor.py:171} INFO - Processing /home/airflow/.local/lib/python3.6/site-packages/airflow/example_dags/example_short_circuit_operator.py took 0.114 seconds
[2021-10-29 07:10:53,760] {processor.py:163} INFO - Started process (PID=712) to work on /home/airflow/.local/lib/python3.6/site-packages/airflow/example_dags/example_short_circuit_operator.py
[2021-10-29 07:10:53,763] {processor.py:620} INFO - Processing file /home/airflow/.local/lib/python3.6/site-packages/airflow/example_dags/example_short_circuit_operator.py for tasks to queue
[2021-10-29 07:10:53,765] {logging_mixin.py:109} INFO - [2021-10-29 07:10:53,765] {dagbag.py:500} INFO - Filling up the DagBag from /home/airflow/.local/lib/python3.6/site-packages/airflow/example_dags/example_short_circuit_operator.py
[2021-10-29 07:10:53,821] {processor.py:632} INFO - DAG(s) dict_keys(['example_short_circuit_operator']) retrieved from /home/airflow/.local/lib/python3.6/site-packages/airflow/example_dags/example_short_circuit_operator.py
[2021-10-29 07:10:53,840] {logging_mixin.py:109} INFO - [2021-10-29 07:10:53,839] {dag.py:2389} INFO - Sync 1 DAGs
[2021-10-29 07:10:53,860] {logging_mixin.py:109} INFO - [2021-10-29 07:10:53,859] {dag.py:2914} INFO - Setting next_dagrun for example_short_circuit_operator to 2021-10-28T07:10:53.859625+00:00
[2021-10-29 07:10:53,873] {processor.py:171} INFO - Processing /home/airflow/.local/lib/python3.6/site-packages/airflow/example_dags/example_short_circuit_operator.py took 0.117 seconds
[2021-10-29 07:11:24,424] {processor.py:163} INFO - Started process (PID=767) to work on /home/airflow/.local/lib/python3.6/site-packages/airflow/example_dags/example_short_circuit_operator.py
[2021-10-29 07:11:24,428] {processor.py:620} INFO - Processing file /home/airflow/.local/lib/python3.6/site-packages/airflow/example_dags/example_short_circuit_operator.py for tasks to queue
[2021-10-29 07:11:24,431] {logging_mixin.py:109} INFO - [2021-10-29 07:11:24,431] {dagbag.py:500} INFO - Filling up the DagBag from /home/airflow/.local/lib/python3.6/site-packages/airflow/example_dags/example_short_circuit_operator.py
[2021-10-29 07:11:24,491] {processor.py:632} INFO - DAG(s) dict_keys(['example_short_circuit_operator']) retrieved from /home/airflow/.local/lib/python3.6/site-packages/airflow/example_dags/example_short_circuit_operator.py
[2021-10-29 07:11:24,510] {logging_mixin.py:109} INFO - [2021-10-29 07:11:24,510] {dag.py:2389} INFO - Sync 1 DAGs
[2021-10-29 07:11:24,540] {logging_mixin.py:109} INFO - [2021-10-29 07:11:24,539] {dag.py:2914} INFO - Setting next_dagrun for example_short_circuit_operator to 2021-10-28T07:11:24.539665+00:00
[2021-10-29 07:11:24,568] {processor.py:171} INFO - Processing /home/airflow/.local/lib/python3.6/site-packages/airflow/example_dags/example_short_circuit_operator.py took 0.150 seconds
[2021-10-29 07:11:54,602] {processor.py:163} INFO - Started process (PID=831) to work on /home/airflow/.local/lib/python3.6/site-packages/airflow/example_dags/example_short_circuit_operator.py
[2021-10-29 07:11:54,604] {processor.py:620} INFO - Processing file /home/airflow/.local/lib/python3.6/site-packages/airflow/example_dags/example_short_circuit_operator.py for tasks to queue
[2021-10-29 07:11:54,606] {logging_mixin.py:109} INFO - [2021-10-29 07:11:54,606] {dagbag.py:500} INFO - Filling up the DagBag from /home/airflow/.local/lib/python3.6/site-packages/airflow/example_dags/example_short_circuit_operator.py
[2021-10-29 07:11:54,648] {processor.py:632} INFO - DAG(s) dict_keys(['example_short_circuit_operator']) retrieved from /home/airflow/.local/lib/python3.6/site-packages/airflow/example_dags/example_short_circuit_operator.py
[2021-10-29 07:11:54,667] {logging_mixin.py:109} INFO - [2021-10-29 07:11:54,667] {dag.py:2389} INFO - Sync 1 DAGs
[2021-10-29 07:11:54,683] {logging_mixin.py:109} INFO - [2021-10-29 07:11:54,683] {dag.py:2914} INFO - Setting next_dagrun for example_short_circuit_operator to 2021-10-28T07:11:54.682876+00:00
[2021-10-29 07:11:54,697] {processor.py:171} INFO - Processing /home/airflow/.local/lib/python3.6/site-packages/airflow/example_dags/example_short_circuit_operator.py took 0.099 seconds
[2021-10-29 07:12:24,888] {processor.py:163} INFO - Started process (PID=886) to work on /home/airflow/.local/lib/python3.6/site-packages/airflow/example_dags/example_short_circuit_operator.py
[2021-10-29 07:12:24,891] {processor.py:620} INFO - Processing file /home/airflow/.local/lib/python3.6/site-packages/airflow/example_dags/example_short_circuit_operator.py for tasks to queue
[2021-10-29 07:12:24,894] {logging_mixin.py:109} INFO - [2021-10-29 07:12:24,894] {dagbag.py:500} INFO - Filling up the DagBag from /home/airflow/.local/lib/python3.6/site-packages/airflow/example_dags/example_short_circuit_operator.py
[2021-10-29 07:12:24,947] {processor.py:632} INFO - DAG(s) dict_keys(['example_short_circuit_operator']) retrieved from /home/airflow/.local/lib/python3.6/site-packages/airflow/example_dags/example_short_circuit_operator.py
[2021-10-29 07:12:24,965] {logging_mixin.py:109} INFO - [2021-10-29 07:12:24,964] {dag.py:2389} INFO - Sync 1 DAGs
[2021-10-29 07:12:24,980] {logging_mixin.py:109} INFO - [2021-10-29 07:12:24,980] {dag.py:2914} INFO - Setting next_dagrun for example_short_circuit_operator to 2021-10-28T07:12:24.980205+00:00
[2021-10-29 07:12:24,993] {processor.py:171} INFO - Processing /home/airflow/.local/lib/python3.6/site-packages/airflow/example_dags/example_short_circuit_operator.py took 0.112 seconds
[2021-10-29 07:12:56,066] {processor.py:163} INFO - Started process (PID=942) to work on /home/airflow/.local/lib/python3.6/site-packages/airflow/example_dags/example_short_circuit_operator.py
[2021-10-29 07:12:56,069] {processor.py:620} INFO - Processing file /home/airflow/.local/lib/python3.6/site-packages/airflow/example_dags/example_short_circuit_operator.py for tasks to queue
[2021-10-29 07:12:56,072] {logging_mixin.py:109} INFO - [2021-10-29 07:12:56,072] {dagbag.py:500} INFO - Filling up the DagBag from /home/airflow/.local/lib/python3.6/site-packages/airflow/example_dags/example_short_circuit_operator.py
[2021-10-29 07:12:56,119] {processor.py:632} INFO - DAG(s) dict_keys(['example_short_circuit_operator']) retrieved from /home/airflow/.local/lib/python3.6/site-packages/airflow/example_dags/example_short_circuit_operator.py
[2021-10-29 07:12:56,134] {logging_mixin.py:109} INFO - [2021-10-29 07:12:56,134] {dag.py:2389} INFO - Sync 1 DAGs
[2021-10-29 07:12:56,149] {logging_mixin.py:109} INFO - [2021-10-29 07:12:56,149] {dag.py:2914} INFO - Setting next_dagrun for example_short_circuit_operator to 2021-10-28T07:12:56.148690+00:00
[2021-10-29 07:12:56,165] {processor.py:171} INFO - Processing /home/airflow/.local/lib/python3.6/site-packages/airflow/example_dags/example_short_circuit_operator.py took 0.106 seconds
[2021-10-29 07:13:27,267] {processor.py:163} INFO - Started process (PID=1012) to work on /home/airflow/.local/lib/python3.6/site-packages/airflow/example_dags/example_short_circuit_operator.py
[2021-10-29 07:13:27,271] {processor.py:620} INFO - Processing file /home/airflow/.local/lib/python3.6/site-packages/airflow/example_dags/example_short_circuit_operator.py for tasks to queue
[2021-10-29 07:13:27,274] {logging_mixin.py:109} INFO - [2021-10-29 07:13:27,274] {dagbag.py:500} INFO - Filling up the DagBag from /home/airflow/.local/lib/python3.6/site-packages/airflow/example_dags/example_short_circuit_operator.py
[2021-10-29 07:13:27,314] {processor.py:632} INFO - DAG(s) dict_keys(['example_short_circuit_operator']) retrieved from /home/airflow/.local/lib/python3.6/site-packages/airflow/example_dags/example_short_circuit_operator.py
[2021-10-29 07:13:27,330] {logging_mixin.py:109} INFO - [2021-10-29 07:13:27,330] {dag.py:2389} INFO - Sync 1 DAGs
[2021-10-29 07:13:27,343] {logging_mixin.py:109} INFO - [2021-10-29 07:13:27,343] {dag.py:2914} INFO - Setting next_dagrun for example_short_circuit_operator to 2021-10-28T07:13:27.343403+00:00
[2021-10-29 07:13:27,357] {processor.py:171} INFO - Processing /home/airflow/.local/lib/python3.6/site-packages/airflow/example_dags/example_short_circuit_operator.py took 0.095 seconds
[2021-10-29 07:13:57,958] {processor.py:163} INFO - Started process (PID=1067) to work on /home/airflow/.local/lib/python3.6/site-packages/airflow/example_dags/example_short_circuit_operator.py
[2021-10-29 07:13:57,960] {processor.py:620} INFO - Processing file /home/airflow/.local/lib/python3.6/site-packages/airflow/example_dags/example_short_circuit_operator.py for tasks to queue
[2021-10-29 07:13:57,962] {logging_mixin.py:109} INFO - [2021-10-29 07:13:57,962] {dagbag.py:500} INFO - Filling up the DagBag from /home/airflow/.local/lib/python3.6/site-packages/airflow/example_dags/example_short_circuit_operator.py
[2021-10-29 07:13:58,001] {processor.py:632} INFO - DAG(s) dict_keys(['example_short_circuit_operator']) retrieved from /home/airflow/.local/lib/python3.6/site-packages/airflow/example_dags/example_short_circuit_operator.py
[2021-10-29 07:13:58,016] {logging_mixin.py:109} INFO - [2021-10-29 07:13:58,015] {dag.py:2389} INFO - Sync 1 DAGs
[2021-10-29 07:13:58,030] {logging_mixin.py:109} INFO - [2021-10-29 07:13:58,029] {dag.py:2914} INFO - Setting next_dagrun for example_short_circuit_operator to 2021-10-28T07:13:58.029620+00:00
[2021-10-29 07:13:58,045] {processor.py:171} INFO - Processing /home/airflow/.local/lib/python3.6/site-packages/airflow/example_dags/example_short_circuit_operator.py took 0.091 seconds
[2021-10-29 07:14:28,684] {processor.py:163} INFO - Started process (PID=1134) to work on /home/airflow/.local/lib/python3.6/site-packages/airflow/example_dags/example_short_circuit_operator.py
[2021-10-29 07:14:28,688] {processor.py:620} INFO - Processing file /home/airflow/.local/lib/python3.6/site-packages/airflow/example_dags/example_short_circuit_operator.py for tasks to queue
[2021-10-29 07:14:28,690] {logging_mixin.py:109} INFO - [2021-10-29 07:14:28,689] {dagbag.py:500} INFO - Filling up the DagBag from /home/airflow/.local/lib/python3.6/site-packages/airflow/example_dags/example_short_circuit_operator.py
[2021-10-29 07:14:28,736] {processor.py:632} INFO - DAG(s) dict_keys(['example_short_circuit_operator']) retrieved from /home/airflow/.local/lib/python3.6/site-packages/airflow/example_dags/example_short_circuit_operator.py
[2021-10-29 07:14:28,753] {logging_mixin.py:109} INFO - [2021-10-29 07:14:28,753] {dag.py:2389} INFO - Sync 1 DAGs
[2021-10-29 07:14:28,770] {logging_mixin.py:109} INFO - [2021-10-29 07:14:28,770] {dag.py:2914} INFO - Setting next_dagrun for example_short_circuit_operator to 2021-10-28T07:14:28.769835+00:00
[2021-10-29 07:14:28,785] {processor.py:171} INFO - Processing /home/airflow/.local/lib/python3.6/site-packages/airflow/example_dags/example_short_circuit_operator.py took 0.106 seconds
[2021-10-29 07:14:59,281] {processor.py:163} INFO - Started process (PID=1190) to work on /home/airflow/.local/lib/python3.6/site-packages/airflow/example_dags/example_short_circuit_operator.py
[2021-10-29 07:14:59,284] {processor.py:620} INFO - Processing file /home/airflow/.local/lib/python3.6/site-packages/airflow/example_dags/example_short_circuit_operator.py for tasks to queue
[2021-10-29 07:14:59,285] {logging_mixin.py:109} INFO - [2021-10-29 07:14:59,285] {dagbag.py:500} INFO - Filling up the DagBag from /home/airflow/.local/lib/python3.6/site-packages/airflow/example_dags/example_short_circuit_operator.py
[2021-10-29 07:14:59,323] {processor.py:632} INFO - DAG(s) dict_keys(['example_short_circuit_operator']) retrieved from /home/airflow/.local/lib/python3.6/site-packages/airflow/example_dags/example_short_circuit_operator.py
[2021-10-29 07:14:59,343] {logging_mixin.py:109} INFO - [2021-10-29 07:14:59,343] {dag.py:2389} INFO - Sync 1 DAGs
[2021-10-29 07:14:59,373] {logging_mixin.py:109} INFO - [2021-10-29 07:14:59,373] {dag.py:2914} INFO - Setting next_dagrun for example_short_circuit_operator to 2021-10-28T07:14:59.373250+00:00
[2021-10-29 07:14:59,389] {processor.py:171} INFO - Processing /home/airflow/.local/lib/python3.6/site-packages/airflow/example_dags/example_short_circuit_operator.py took 0.112 seconds
