[2021-10-29 07:07:46,172] {processor.py:163} INFO - Started process (PID=320) to work on /home/airflow/.local/lib/python3.6/site-packages/airflow/example_dags/example_python_operator.py
[2021-10-29 07:07:46,174] {processor.py:620} INFO - Processing file /home/airflow/.local/lib/python3.6/site-packages/airflow/example_dags/example_python_operator.py for tasks to queue
[2021-10-29 07:07:46,176] {logging_mixin.py:109} INFO - [2021-10-29 07:07:46,176] {dagbag.py:500} INFO - Filling up the DagBag from /home/airflow/.local/lib/python3.6/site-packages/airflow/example_dags/example_python_operator.py
[2021-10-29 07:07:46,226] {processor.py:632} INFO - DAG(s) dict_keys(['example_python_operator']) retrieved from /home/airflow/.local/lib/python3.6/site-packages/airflow/example_dags/example_python_operator.py
[2021-10-29 07:07:47,832] {logging_mixin.py:109} INFO - [2021-10-29 07:07:47,832] {providers_manager.py:156} WARNING - Exception when importing 'airflow.providers.google.leveldb.hooks.leveldb.LevelDBHook' from 'apache-airflow-providers-google' package: No module named 'plyvel'
[2021-10-29 07:07:48,255] {logging_mixin.py:109} INFO - [2021-10-29 07:07:48,255] {providers_manager.py:156} WARNING - Exception when importing 'airflow.providers.google.leveldb.hooks.leveldb.LevelDBHook' from 'apache-airflow-providers-google' package: No module named 'plyvel'
[2021-10-29 07:07:48,281] {logging_mixin.py:109} INFO - [2021-10-29 07:07:48,281] {manager.py:496} INFO - Created Permission View: can read on DAG:example_python_operator
[2021-10-29 07:07:48,295] {logging_mixin.py:109} INFO - [2021-10-29 07:07:48,295] {manager.py:496} INFO - Created Permission View: can edit on DAG:example_python_operator
[2021-10-29 07:07:48,298] {logging_mixin.py:109} INFO - [2021-10-29 07:07:48,297] {dag.py:2389} INFO - Sync 1 DAGs
[2021-10-29 07:07:48,414] {logging_mixin.py:109} INFO - [2021-10-29 07:07:48,413] {dag.py:2408} INFO - Creating ORM DAG for example_python_operator
[2021-10-29 07:07:48,421] {logging_mixin.py:109} INFO - [2021-10-29 07:07:48,420] {dag.py:2914} INFO - Setting next_dagrun for example_python_operator to None
[2021-10-29 07:07:48,441] {processor.py:171} INFO - Processing /home/airflow/.local/lib/python3.6/site-packages/airflow/example_dags/example_python_operator.py took 2.274 seconds
[2021-10-29 07:08:18,879] {processor.py:163} INFO - Started process (PID=398) to work on /home/airflow/.local/lib/python3.6/site-packages/airflow/example_dags/example_python_operator.py
[2021-10-29 07:08:18,881] {processor.py:620} INFO - Processing file /home/airflow/.local/lib/python3.6/site-packages/airflow/example_dags/example_python_operator.py for tasks to queue
[2021-10-29 07:08:18,883] {logging_mixin.py:109} INFO - [2021-10-29 07:08:18,883] {dagbag.py:500} INFO - Filling up the DagBag from /home/airflow/.local/lib/python3.6/site-packages/airflow/example_dags/example_python_operator.py
[2021-10-29 07:08:18,930] {processor.py:632} INFO - DAG(s) dict_keys(['example_python_operator']) retrieved from /home/airflow/.local/lib/python3.6/site-packages/airflow/example_dags/example_python_operator.py
[2021-10-29 07:08:18,959] {logging_mixin.py:109} INFO - [2021-10-29 07:08:18,959] {dag.py:2389} INFO - Sync 1 DAGs
[2021-10-29 07:08:18,973] {logging_mixin.py:109} INFO - [2021-10-29 07:08:18,973] {dag.py:2914} INFO - Setting next_dagrun for example_python_operator to None
[2021-10-29 07:08:18,988] {processor.py:171} INFO - Processing /home/airflow/.local/lib/python3.6/site-packages/airflow/example_dags/example_python_operator.py took 0.114 seconds
[2021-10-29 07:08:49,308] {processor.py:163} INFO - Started process (PID=464) to work on /home/airflow/.local/lib/python3.6/site-packages/airflow/example_dags/example_python_operator.py
[2021-10-29 07:08:49,311] {processor.py:620} INFO - Processing file /home/airflow/.local/lib/python3.6/site-packages/airflow/example_dags/example_python_operator.py for tasks to queue
[2021-10-29 07:08:49,315] {logging_mixin.py:109} INFO - [2021-10-29 07:08:49,315] {dagbag.py:500} INFO - Filling up the DagBag from /home/airflow/.local/lib/python3.6/site-packages/airflow/example_dags/example_python_operator.py
[2021-10-29 07:08:49,358] {processor.py:632} INFO - DAG(s) dict_keys(['example_python_operator']) retrieved from /home/airflow/.local/lib/python3.6/site-packages/airflow/example_dags/example_python_operator.py
[2021-10-29 07:08:49,374] {logging_mixin.py:109} INFO - [2021-10-29 07:08:49,374] {dag.py:2389} INFO - Sync 1 DAGs
[2021-10-29 07:08:49,388] {logging_mixin.py:109} INFO - [2021-10-29 07:08:49,388] {dag.py:2914} INFO - Setting next_dagrun for example_python_operator to None
[2021-10-29 07:08:49,401] {processor.py:171} INFO - Processing /home/airflow/.local/lib/python3.6/site-packages/airflow/example_dags/example_python_operator.py took 0.097 seconds
[2021-10-29 07:09:19,723] {processor.py:163} INFO - Started process (PID=519) to work on /home/airflow/.local/lib/python3.6/site-packages/airflow/example_dags/example_python_operator.py
[2021-10-29 07:09:19,725] {processor.py:620} INFO - Processing file /home/airflow/.local/lib/python3.6/site-packages/airflow/example_dags/example_python_operator.py for tasks to queue
[2021-10-29 07:09:19,727] {logging_mixin.py:109} INFO - [2021-10-29 07:09:19,726] {dagbag.py:500} INFO - Filling up the DagBag from /home/airflow/.local/lib/python3.6/site-packages/airflow/example_dags/example_python_operator.py
[2021-10-29 07:09:19,763] {processor.py:632} INFO - DAG(s) dict_keys(['example_python_operator']) retrieved from /home/airflow/.local/lib/python3.6/site-packages/airflow/example_dags/example_python_operator.py
[2021-10-29 07:09:19,776] {logging_mixin.py:109} INFO - [2021-10-29 07:09:19,776] {dag.py:2389} INFO - Sync 1 DAGs
[2021-10-29 07:09:19,789] {logging_mixin.py:109} INFO - [2021-10-29 07:09:19,789] {dag.py:2914} INFO - Setting next_dagrun for example_python_operator to None
[2021-10-29 07:09:19,800] {processor.py:171} INFO - Processing /home/airflow/.local/lib/python3.6/site-packages/airflow/example_dags/example_python_operator.py took 0.082 seconds
[2021-10-29 07:09:49,964] {processor.py:163} INFO - Started process (PID=586) to work on /home/airflow/.local/lib/python3.6/site-packages/airflow/example_dags/example_python_operator.py
[2021-10-29 07:09:49,967] {processor.py:620} INFO - Processing file /home/airflow/.local/lib/python3.6/site-packages/airflow/example_dags/example_python_operator.py for tasks to queue
[2021-10-29 07:09:49,969] {logging_mixin.py:109} INFO - [2021-10-29 07:09:49,969] {dagbag.py:500} INFO - Filling up the DagBag from /home/airflow/.local/lib/python3.6/site-packages/airflow/example_dags/example_python_operator.py
[2021-10-29 07:09:50,012] {processor.py:632} INFO - DAG(s) dict_keys(['example_python_operator']) retrieved from /home/airflow/.local/lib/python3.6/site-packages/airflow/example_dags/example_python_operator.py
[2021-10-29 07:09:50,029] {logging_mixin.py:109} INFO - [2021-10-29 07:09:50,029] {dag.py:2389} INFO - Sync 1 DAGs
[2021-10-29 07:09:50,044] {logging_mixin.py:109} INFO - [2021-10-29 07:09:50,044] {dag.py:2914} INFO - Setting next_dagrun for example_python_operator to None
[2021-10-29 07:09:50,060] {processor.py:171} INFO - Processing /home/airflow/.local/lib/python3.6/site-packages/airflow/example_dags/example_python_operator.py took 0.101 seconds
[2021-10-29 07:10:20,288] {processor.py:163} INFO - Started process (PID=641) to work on /home/airflow/.local/lib/python3.6/site-packages/airflow/example_dags/example_python_operator.py
[2021-10-29 07:10:20,291] {processor.py:620} INFO - Processing file /home/airflow/.local/lib/python3.6/site-packages/airflow/example_dags/example_python_operator.py for tasks to queue
[2021-10-29 07:10:20,293] {logging_mixin.py:109} INFO - [2021-10-29 07:10:20,292] {dagbag.py:500} INFO - Filling up the DagBag from /home/airflow/.local/lib/python3.6/site-packages/airflow/example_dags/example_python_operator.py
[2021-10-29 07:10:20,331] {processor.py:632} INFO - DAG(s) dict_keys(['example_python_operator']) retrieved from /home/airflow/.local/lib/python3.6/site-packages/airflow/example_dags/example_python_operator.py
[2021-10-29 07:10:20,365] {logging_mixin.py:109} INFO - [2021-10-29 07:10:20,365] {dag.py:2389} INFO - Sync 1 DAGs
[2021-10-29 07:10:20,392] {logging_mixin.py:109} INFO - [2021-10-29 07:10:20,392] {dag.py:2914} INFO - Setting next_dagrun for example_python_operator to None
[2021-10-29 07:10:20,426] {processor.py:171} INFO - Processing /home/airflow/.local/lib/python3.6/site-packages/airflow/example_dags/example_python_operator.py took 0.142 seconds
[2021-10-29 07:10:50,523] {processor.py:163} INFO - Started process (PID=696) to work on /home/airflow/.local/lib/python3.6/site-packages/airflow/example_dags/example_python_operator.py
[2021-10-29 07:10:50,526] {processor.py:620} INFO - Processing file /home/airflow/.local/lib/python3.6/site-packages/airflow/example_dags/example_python_operator.py for tasks to queue
[2021-10-29 07:10:50,527] {logging_mixin.py:109} INFO - [2021-10-29 07:10:50,527] {dagbag.py:500} INFO - Filling up the DagBag from /home/airflow/.local/lib/python3.6/site-packages/airflow/example_dags/example_python_operator.py
[2021-10-29 07:10:50,567] {processor.py:632} INFO - DAG(s) dict_keys(['example_python_operator']) retrieved from /home/airflow/.local/lib/python3.6/site-packages/airflow/example_dags/example_python_operator.py
[2021-10-29 07:10:50,581] {logging_mixin.py:109} INFO - [2021-10-29 07:10:50,580] {dag.py:2389} INFO - Sync 1 DAGs
[2021-10-29 07:10:50,593] {logging_mixin.py:109} INFO - [2021-10-29 07:10:50,593] {dag.py:2914} INFO - Setting next_dagrun for example_python_operator to None
[2021-10-29 07:10:50,605] {processor.py:171} INFO - Processing /home/airflow/.local/lib/python3.6/site-packages/airflow/example_dags/example_python_operator.py took 0.085 seconds
[2021-10-29 07:11:21,154] {processor.py:163} INFO - Started process (PID=762) to work on /home/airflow/.local/lib/python3.6/site-packages/airflow/example_dags/example_python_operator.py
[2021-10-29 07:11:21,164] {processor.py:620} INFO - Processing file /home/airflow/.local/lib/python3.6/site-packages/airflow/example_dags/example_python_operator.py for tasks to queue
[2021-10-29 07:11:21,169] {logging_mixin.py:109} INFO - [2021-10-29 07:11:21,169] {dagbag.py:500} INFO - Filling up the DagBag from /home/airflow/.local/lib/python3.6/site-packages/airflow/example_dags/example_python_operator.py
[2021-10-29 07:11:21,273] {processor.py:632} INFO - DAG(s) dict_keys(['example_python_operator']) retrieved from /home/airflow/.local/lib/python3.6/site-packages/airflow/example_dags/example_python_operator.py
[2021-10-29 07:11:21,296] {logging_mixin.py:109} INFO - [2021-10-29 07:11:21,295] {dag.py:2389} INFO - Sync 1 DAGs
[2021-10-29 07:11:21,321] {logging_mixin.py:109} INFO - [2021-10-29 07:11:21,321] {dag.py:2914} INFO - Setting next_dagrun for example_python_operator to None
[2021-10-29 07:11:21,343] {processor.py:171} INFO - Processing /home/airflow/.local/lib/python3.6/site-packages/airflow/example_dags/example_python_operator.py took 0.199 seconds
[2021-10-29 07:11:51,457] {processor.py:163} INFO - Started process (PID=817) to work on /home/airflow/.local/lib/python3.6/site-packages/airflow/example_dags/example_python_operator.py
[2021-10-29 07:11:51,460] {processor.py:620} INFO - Processing file /home/airflow/.local/lib/python3.6/site-packages/airflow/example_dags/example_python_operator.py for tasks to queue
[2021-10-29 07:11:51,462] {logging_mixin.py:109} INFO - [2021-10-29 07:11:51,462] {dagbag.py:500} INFO - Filling up the DagBag from /home/airflow/.local/lib/python3.6/site-packages/airflow/example_dags/example_python_operator.py
[2021-10-29 07:11:51,508] {processor.py:632} INFO - DAG(s) dict_keys(['example_python_operator']) retrieved from /home/airflow/.local/lib/python3.6/site-packages/airflow/example_dags/example_python_operator.py
[2021-10-29 07:11:51,525] {logging_mixin.py:109} INFO - [2021-10-29 07:11:51,525] {dag.py:2389} INFO - Sync 1 DAGs
[2021-10-29 07:11:51,541] {logging_mixin.py:109} INFO - [2021-10-29 07:11:51,541] {dag.py:2914} INFO - Setting next_dagrun for example_python_operator to None
[2021-10-29 07:11:51,557] {processor.py:171} INFO - Processing /home/airflow/.local/lib/python3.6/site-packages/airflow/example_dags/example_python_operator.py took 0.105 seconds
[2021-10-29 07:12:21,655] {processor.py:163} INFO - Started process (PID=881) to work on /home/airflow/.local/lib/python3.6/site-packages/airflow/example_dags/example_python_operator.py
[2021-10-29 07:12:21,658] {processor.py:620} INFO - Processing file /home/airflow/.local/lib/python3.6/site-packages/airflow/example_dags/example_python_operator.py for tasks to queue
[2021-10-29 07:12:21,660] {logging_mixin.py:109} INFO - [2021-10-29 07:12:21,660] {dagbag.py:500} INFO - Filling up the DagBag from /home/airflow/.local/lib/python3.6/site-packages/airflow/example_dags/example_python_operator.py
[2021-10-29 07:12:21,694] {processor.py:632} INFO - DAG(s) dict_keys(['example_python_operator']) retrieved from /home/airflow/.local/lib/python3.6/site-packages/airflow/example_dags/example_python_operator.py
[2021-10-29 07:12:21,708] {logging_mixin.py:109} INFO - [2021-10-29 07:12:21,708] {dag.py:2389} INFO - Sync 1 DAGs
[2021-10-29 07:12:21,720] {logging_mixin.py:109} INFO - [2021-10-29 07:12:21,720] {dag.py:2914} INFO - Setting next_dagrun for example_python_operator to None
[2021-10-29 07:12:21,732] {processor.py:171} INFO - Processing /home/airflow/.local/lib/python3.6/site-packages/airflow/example_dags/example_python_operator.py took 0.081 seconds
[2021-10-29 07:12:51,794] {processor.py:163} INFO - Started process (PID=936) to work on /home/airflow/.local/lib/python3.6/site-packages/airflow/example_dags/example_python_operator.py
[2021-10-29 07:12:51,797] {processor.py:620} INFO - Processing file /home/airflow/.local/lib/python3.6/site-packages/airflow/example_dags/example_python_operator.py for tasks to queue
[2021-10-29 07:12:51,799] {logging_mixin.py:109} INFO - [2021-10-29 07:12:51,799] {dagbag.py:500} INFO - Filling up the DagBag from /home/airflow/.local/lib/python3.6/site-packages/airflow/example_dags/example_python_operator.py
[2021-10-29 07:12:51,845] {processor.py:632} INFO - DAG(s) dict_keys(['example_python_operator']) retrieved from /home/airflow/.local/lib/python3.6/site-packages/airflow/example_dags/example_python_operator.py
[2021-10-29 07:12:51,861] {logging_mixin.py:109} INFO - [2021-10-29 07:12:51,861] {dag.py:2389} INFO - Sync 1 DAGs
[2021-10-29 07:12:51,876] {logging_mixin.py:109} INFO - [2021-10-29 07:12:51,876] {dag.py:2914} INFO - Setting next_dagrun for example_python_operator to None
[2021-10-29 07:12:51,906] {processor.py:171} INFO - Processing /home/airflow/.local/lib/python3.6/site-packages/airflow/example_dags/example_python_operator.py took 0.117 seconds
[2021-10-29 07:13:22,669] {processor.py:163} INFO - Started process (PID=1003) to work on /home/airflow/.local/lib/python3.6/site-packages/airflow/example_dags/example_python_operator.py
[2021-10-29 07:13:22,672] {processor.py:620} INFO - Processing file /home/airflow/.local/lib/python3.6/site-packages/airflow/example_dags/example_python_operator.py for tasks to queue
[2021-10-29 07:13:22,674] {logging_mixin.py:109} INFO - [2021-10-29 07:13:22,674] {dagbag.py:500} INFO - Filling up the DagBag from /home/airflow/.local/lib/python3.6/site-packages/airflow/example_dags/example_python_operator.py
[2021-10-29 07:13:22,716] {processor.py:632} INFO - DAG(s) dict_keys(['example_python_operator']) retrieved from /home/airflow/.local/lib/python3.6/site-packages/airflow/example_dags/example_python_operator.py
[2021-10-29 07:13:22,730] {logging_mixin.py:109} INFO - [2021-10-29 07:13:22,730] {dag.py:2389} INFO - Sync 1 DAGs
[2021-10-29 07:13:22,746] {logging_mixin.py:109} INFO - [2021-10-29 07:13:22,746] {dag.py:2914} INFO - Setting next_dagrun for example_python_operator to None
[2021-10-29 07:13:22,771] {processor.py:171} INFO - Processing /home/airflow/.local/lib/python3.6/site-packages/airflow/example_dags/example_python_operator.py took 0.106 seconds
[2021-10-29 07:13:53,452] {processor.py:163} INFO - Started process (PID=1058) to work on /home/airflow/.local/lib/python3.6/site-packages/airflow/example_dags/example_python_operator.py
[2021-10-29 07:13:53,454] {processor.py:620} INFO - Processing file /home/airflow/.local/lib/python3.6/site-packages/airflow/example_dags/example_python_operator.py for tasks to queue
[2021-10-29 07:13:53,457] {logging_mixin.py:109} INFO - [2021-10-29 07:13:53,457] {dagbag.py:500} INFO - Filling up the DagBag from /home/airflow/.local/lib/python3.6/site-packages/airflow/example_dags/example_python_operator.py
[2021-10-29 07:13:53,495] {processor.py:632} INFO - DAG(s) dict_keys(['example_python_operator']) retrieved from /home/airflow/.local/lib/python3.6/site-packages/airflow/example_dags/example_python_operator.py
[2021-10-29 07:13:53,508] {logging_mixin.py:109} INFO - [2021-10-29 07:13:53,508] {dag.py:2389} INFO - Sync 1 DAGs
[2021-10-29 07:13:53,521] {logging_mixin.py:109} INFO - [2021-10-29 07:13:53,521] {dag.py:2914} INFO - Setting next_dagrun for example_python_operator to None
[2021-10-29 07:13:53,533] {processor.py:171} INFO - Processing /home/airflow/.local/lib/python3.6/site-packages/airflow/example_dags/example_python_operator.py took 0.086 seconds
[2021-10-29 07:14:24,136] {processor.py:163} INFO - Started process (PID=1125) to work on /home/airflow/.local/lib/python3.6/site-packages/airflow/example_dags/example_python_operator.py
[2021-10-29 07:14:24,139] {processor.py:620} INFO - Processing file /home/airflow/.local/lib/python3.6/site-packages/airflow/example_dags/example_python_operator.py for tasks to queue
[2021-10-29 07:14:24,141] {logging_mixin.py:109} INFO - [2021-10-29 07:14:24,141] {dagbag.py:500} INFO - Filling up the DagBag from /home/airflow/.local/lib/python3.6/site-packages/airflow/example_dags/example_python_operator.py
[2021-10-29 07:14:24,182] {processor.py:632} INFO - DAG(s) dict_keys(['example_python_operator']) retrieved from /home/airflow/.local/lib/python3.6/site-packages/airflow/example_dags/example_python_operator.py
[2021-10-29 07:14:24,198] {logging_mixin.py:109} INFO - [2021-10-29 07:14:24,197] {dag.py:2389} INFO - Sync 1 DAGs
[2021-10-29 07:14:24,212] {logging_mixin.py:109} INFO - [2021-10-29 07:14:24,212] {dag.py:2914} INFO - Setting next_dagrun for example_python_operator to None
[2021-10-29 07:14:24,228] {processor.py:171} INFO - Processing /home/airflow/.local/lib/python3.6/site-packages/airflow/example_dags/example_python_operator.py took 0.095 seconds
[2021-10-29 07:14:54,734] {processor.py:163} INFO - Started process (PID=1181) to work on /home/airflow/.local/lib/python3.6/site-packages/airflow/example_dags/example_python_operator.py
[2021-10-29 07:14:54,736] {processor.py:620} INFO - Processing file /home/airflow/.local/lib/python3.6/site-packages/airflow/example_dags/example_python_operator.py for tasks to queue
[2021-10-29 07:14:54,738] {logging_mixin.py:109} INFO - [2021-10-29 07:14:54,738] {dagbag.py:500} INFO - Filling up the DagBag from /home/airflow/.local/lib/python3.6/site-packages/airflow/example_dags/example_python_operator.py
[2021-10-29 07:14:54,773] {processor.py:632} INFO - DAG(s) dict_keys(['example_python_operator']) retrieved from /home/airflow/.local/lib/python3.6/site-packages/airflow/example_dags/example_python_operator.py
[2021-10-29 07:14:54,788] {logging_mixin.py:109} INFO - [2021-10-29 07:14:54,788] {dag.py:2389} INFO - Sync 1 DAGs
[2021-10-29 07:14:54,801] {logging_mixin.py:109} INFO - [2021-10-29 07:14:54,800] {dag.py:2914} INFO - Setting next_dagrun for example_python_operator to None
[2021-10-29 07:14:54,812] {processor.py:171} INFO - Processing /home/airflow/.local/lib/python3.6/site-packages/airflow/example_dags/example_python_operator.py took 0.083 seconds
