[2021-10-29 07:07:41,157] {processor.py:163} INFO - Started process (PID=282) to work on /home/airflow/.local/lib/python3.6/site-packages/airflow/example_dags/example_external_task_marker_dag.py
[2021-10-29 07:07:41,159] {processor.py:620} INFO - Processing file /home/airflow/.local/lib/python3.6/site-packages/airflow/example_dags/example_external_task_marker_dag.py for tasks to queue
[2021-10-29 07:07:41,161] {logging_mixin.py:109} INFO - [2021-10-29 07:07:41,161] {dagbag.py:500} INFO - Filling up the DagBag from /home/airflow/.local/lib/python3.6/site-packages/airflow/example_dags/example_external_task_marker_dag.py
[2021-10-29 07:07:41,205] {processor.py:632} INFO - DAG(s) dict_keys(['example_external_task_marker_parent', 'example_external_task_marker_child']) retrieved from /home/airflow/.local/lib/python3.6/site-packages/airflow/example_dags/example_external_task_marker_dag.py
[2021-10-29 07:07:42,745] {logging_mixin.py:109} INFO - [2021-10-29 07:07:42,745] {providers_manager.py:156} WARNING - Exception when importing 'airflow.providers.google.leveldb.hooks.leveldb.LevelDBHook' from 'apache-airflow-providers-google' package: No module named 'plyvel'
[2021-10-29 07:07:43,195] {logging_mixin.py:109} INFO - [2021-10-29 07:07:43,195] {providers_manager.py:156} WARNING - Exception when importing 'airflow.providers.google.leveldb.hooks.leveldb.LevelDBHook' from 'apache-airflow-providers-google' package: No module named 'plyvel'
[2021-10-29 07:07:43,251] {logging_mixin.py:109} INFO - [2021-10-29 07:07:43,251] {manager.py:496} INFO - Created Permission View: can read on DAG:example_external_task_marker_parent
[2021-10-29 07:07:43,272] {logging_mixin.py:109} INFO - [2021-10-29 07:07:43,272] {manager.py:496} INFO - Created Permission View: can edit on DAG:example_external_task_marker_parent
[2021-10-29 07:07:43,320] {logging_mixin.py:109} INFO - [2021-10-29 07:07:43,320] {manager.py:496} INFO - Created Permission View: can read on DAG:example_external_task_marker_child
[2021-10-29 07:07:43,349] {logging_mixin.py:109} INFO - [2021-10-29 07:07:43,348] {manager.py:496} INFO - Created Permission View: can edit on DAG:example_external_task_marker_child
[2021-10-29 07:07:43,352] {logging_mixin.py:109} INFO - [2021-10-29 07:07:43,350] {dag.py:2389} INFO - Sync 2 DAGs
[2021-10-29 07:07:43,376] {logging_mixin.py:109} INFO - [2021-10-29 07:07:43,373] {dag.py:2408} INFO - Creating ORM DAG for example_external_task_marker_child
[2021-10-29 07:07:43,379] {logging_mixin.py:109} INFO - [2021-10-29 07:07:43,379] {dag.py:2408} INFO - Creating ORM DAG for example_external_task_marker_parent
[2021-10-29 07:07:43,389] {logging_mixin.py:109} INFO - [2021-10-29 07:07:43,389] {dag.py:2914} INFO - Setting next_dagrun for example_external_task_marker_child to None
[2021-10-29 07:07:43,392] {logging_mixin.py:109} INFO - [2021-10-29 07:07:43,391] {dag.py:2914} INFO - Setting next_dagrun for example_external_task_marker_parent to None
[2021-10-29 07:07:43,441] {processor.py:171} INFO - Processing /home/airflow/.local/lib/python3.6/site-packages/airflow/example_dags/example_external_task_marker_dag.py took 2.289 seconds
[2021-10-29 07:08:13,618] {processor.py:163} INFO - Started process (PID=394) to work on /home/airflow/.local/lib/python3.6/site-packages/airflow/example_dags/example_external_task_marker_dag.py
[2021-10-29 07:08:13,620] {processor.py:620} INFO - Processing file /home/airflow/.local/lib/python3.6/site-packages/airflow/example_dags/example_external_task_marker_dag.py for tasks to queue
[2021-10-29 07:08:13,622] {logging_mixin.py:109} INFO - [2021-10-29 07:08:13,622] {dagbag.py:500} INFO - Filling up the DagBag from /home/airflow/.local/lib/python3.6/site-packages/airflow/example_dags/example_external_task_marker_dag.py
[2021-10-29 07:08:13,660] {processor.py:632} INFO - DAG(s) dict_keys(['example_external_task_marker_parent', 'example_external_task_marker_child']) retrieved from /home/airflow/.local/lib/python3.6/site-packages/airflow/example_dags/example_external_task_marker_dag.py
[2021-10-29 07:08:13,685] {logging_mixin.py:109} INFO - [2021-10-29 07:08:13,685] {dag.py:2389} INFO - Sync 2 DAGs
[2021-10-29 07:08:13,700] {logging_mixin.py:109} INFO - [2021-10-29 07:08:13,700] {dag.py:2914} INFO - Setting next_dagrun for example_external_task_marker_child to None
[2021-10-29 07:08:13,702] {logging_mixin.py:109} INFO - [2021-10-29 07:08:13,702] {dag.py:2914} INFO - Setting next_dagrun for example_external_task_marker_parent to None
[2021-10-29 07:08:13,715] {processor.py:171} INFO - Processing /home/airflow/.local/lib/python3.6/site-packages/airflow/example_dags/example_external_task_marker_dag.py took 0.103 seconds
[2021-10-29 07:08:44,048] {processor.py:163} INFO - Started process (PID=449) to work on /home/airflow/.local/lib/python3.6/site-packages/airflow/example_dags/example_external_task_marker_dag.py
[2021-10-29 07:08:44,051] {processor.py:620} INFO - Processing file /home/airflow/.local/lib/python3.6/site-packages/airflow/example_dags/example_external_task_marker_dag.py for tasks to queue
[2021-10-29 07:08:44,053] {logging_mixin.py:109} INFO - [2021-10-29 07:08:44,053] {dagbag.py:500} INFO - Filling up the DagBag from /home/airflow/.local/lib/python3.6/site-packages/airflow/example_dags/example_external_task_marker_dag.py
[2021-10-29 07:08:44,092] {processor.py:632} INFO - DAG(s) dict_keys(['example_external_task_marker_parent', 'example_external_task_marker_child']) retrieved from /home/airflow/.local/lib/python3.6/site-packages/airflow/example_dags/example_external_task_marker_dag.py
[2021-10-29 07:08:44,111] {logging_mixin.py:109} INFO - [2021-10-29 07:08:44,111] {dag.py:2389} INFO - Sync 2 DAGs
[2021-10-29 07:08:44,126] {logging_mixin.py:109} INFO - [2021-10-29 07:08:44,126] {dag.py:2914} INFO - Setting next_dagrun for example_external_task_marker_child to None
[2021-10-29 07:08:44,127] {logging_mixin.py:109} INFO - [2021-10-29 07:08:44,127] {dag.py:2914} INFO - Setting next_dagrun for example_external_task_marker_parent to None
[2021-10-29 07:08:44,143] {processor.py:171} INFO - Processing /home/airflow/.local/lib/python3.6/site-packages/airflow/example_dags/example_external_task_marker_dag.py took 0.098 seconds
[2021-10-29 07:09:14,461] {processor.py:163} INFO - Started process (PID=515) to work on /home/airflow/.local/lib/python3.6/site-packages/airflow/example_dags/example_external_task_marker_dag.py
[2021-10-29 07:09:14,464] {processor.py:620} INFO - Processing file /home/airflow/.local/lib/python3.6/site-packages/airflow/example_dags/example_external_task_marker_dag.py for tasks to queue
[2021-10-29 07:09:14,468] {logging_mixin.py:109} INFO - [2021-10-29 07:09:14,467] {dagbag.py:500} INFO - Filling up the DagBag from /home/airflow/.local/lib/python3.6/site-packages/airflow/example_dags/example_external_task_marker_dag.py
[2021-10-29 07:09:14,505] {processor.py:632} INFO - DAG(s) dict_keys(['example_external_task_marker_parent', 'example_external_task_marker_child']) retrieved from /home/airflow/.local/lib/python3.6/site-packages/airflow/example_dags/example_external_task_marker_dag.py
[2021-10-29 07:09:14,524] {logging_mixin.py:109} INFO - [2021-10-29 07:09:14,524] {dag.py:2389} INFO - Sync 2 DAGs
[2021-10-29 07:09:14,538] {logging_mixin.py:109} INFO - [2021-10-29 07:09:14,537] {dag.py:2914} INFO - Setting next_dagrun for example_external_task_marker_child to None
[2021-10-29 07:09:14,539] {logging_mixin.py:109} INFO - [2021-10-29 07:09:14,539] {dag.py:2914} INFO - Setting next_dagrun for example_external_task_marker_parent to None
[2021-10-29 07:09:14,552] {processor.py:171} INFO - Processing /home/airflow/.local/lib/python3.6/site-packages/airflow/example_dags/example_external_task_marker_dag.py took 0.096 seconds
[2021-10-29 07:09:44,669] {processor.py:163} INFO - Started process (PID=570) to work on /home/airflow/.local/lib/python3.6/site-packages/airflow/example_dags/example_external_task_marker_dag.py
[2021-10-29 07:09:44,672] {processor.py:620} INFO - Processing file /home/airflow/.local/lib/python3.6/site-packages/airflow/example_dags/example_external_task_marker_dag.py for tasks to queue
[2021-10-29 07:09:44,674] {logging_mixin.py:109} INFO - [2021-10-29 07:09:44,673] {dagbag.py:500} INFO - Filling up the DagBag from /home/airflow/.local/lib/python3.6/site-packages/airflow/example_dags/example_external_task_marker_dag.py
[2021-10-29 07:09:44,710] {processor.py:632} INFO - DAG(s) dict_keys(['example_external_task_marker_parent', 'example_external_task_marker_child']) retrieved from /home/airflow/.local/lib/python3.6/site-packages/airflow/example_dags/example_external_task_marker_dag.py
[2021-10-29 07:09:44,728] {logging_mixin.py:109} INFO - [2021-10-29 07:09:44,727] {dag.py:2389} INFO - Sync 2 DAGs
[2021-10-29 07:09:44,741] {logging_mixin.py:109} INFO - [2021-10-29 07:09:44,741] {dag.py:2914} INFO - Setting next_dagrun for example_external_task_marker_child to None
[2021-10-29 07:09:44,742] {logging_mixin.py:109} INFO - [2021-10-29 07:09:44,742] {dag.py:2914} INFO - Setting next_dagrun for example_external_task_marker_parent to None
[2021-10-29 07:09:44,754] {processor.py:171} INFO - Processing /home/airflow/.local/lib/python3.6/site-packages/airflow/example_dags/example_external_task_marker_dag.py took 0.089 seconds
[2021-10-29 07:10:15,086] {processor.py:163} INFO - Started process (PID=637) to work on /home/airflow/.local/lib/python3.6/site-packages/airflow/example_dags/example_external_task_marker_dag.py
[2021-10-29 07:10:15,089] {processor.py:620} INFO - Processing file /home/airflow/.local/lib/python3.6/site-packages/airflow/example_dags/example_external_task_marker_dag.py for tasks to queue
[2021-10-29 07:10:15,092] {logging_mixin.py:109} INFO - [2021-10-29 07:10:15,091] {dagbag.py:500} INFO - Filling up the DagBag from /home/airflow/.local/lib/python3.6/site-packages/airflow/example_dags/example_external_task_marker_dag.py
[2021-10-29 07:10:15,156] {processor.py:632} INFO - DAG(s) dict_keys(['example_external_task_marker_parent', 'example_external_task_marker_child']) retrieved from /home/airflow/.local/lib/python3.6/site-packages/airflow/example_dags/example_external_task_marker_dag.py
[2021-10-29 07:10:15,200] {logging_mixin.py:109} INFO - [2021-10-29 07:10:15,200] {dag.py:2389} INFO - Sync 2 DAGs
[2021-10-29 07:10:15,225] {logging_mixin.py:109} INFO - [2021-10-29 07:10:15,225] {dag.py:2914} INFO - Setting next_dagrun for example_external_task_marker_child to None
[2021-10-29 07:10:15,228] {logging_mixin.py:109} INFO - [2021-10-29 07:10:15,228] {dag.py:2914} INFO - Setting next_dagrun for example_external_task_marker_parent to None
[2021-10-29 07:10:15,253] {processor.py:171} INFO - Processing /home/airflow/.local/lib/python3.6/site-packages/airflow/example_dags/example_external_task_marker_dag.py took 0.176 seconds
[2021-10-29 07:10:46,232] {processor.py:163} INFO - Started process (PID=692) to work on /home/airflow/.local/lib/python3.6/site-packages/airflow/example_dags/example_external_task_marker_dag.py
[2021-10-29 07:10:46,236] {processor.py:620} INFO - Processing file /home/airflow/.local/lib/python3.6/site-packages/airflow/example_dags/example_external_task_marker_dag.py for tasks to queue
[2021-10-29 07:10:46,239] {logging_mixin.py:109} INFO - [2021-10-29 07:10:46,238] {dagbag.py:500} INFO - Filling up the DagBag from /home/airflow/.local/lib/python3.6/site-packages/airflow/example_dags/example_external_task_marker_dag.py
[2021-10-29 07:10:46,290] {processor.py:632} INFO - DAG(s) dict_keys(['example_external_task_marker_parent', 'example_external_task_marker_child']) retrieved from /home/airflow/.local/lib/python3.6/site-packages/airflow/example_dags/example_external_task_marker_dag.py
[2021-10-29 07:10:46,312] {logging_mixin.py:109} INFO - [2021-10-29 07:10:46,312] {dag.py:2389} INFO - Sync 2 DAGs
[2021-10-29 07:10:46,328] {logging_mixin.py:109} INFO - [2021-10-29 07:10:46,327] {dag.py:2914} INFO - Setting next_dagrun for example_external_task_marker_child to None
[2021-10-29 07:10:46,329] {logging_mixin.py:109} INFO - [2021-10-29 07:10:46,329] {dag.py:2914} INFO - Setting next_dagrun for example_external_task_marker_parent to None
[2021-10-29 07:10:46,345] {processor.py:171} INFO - Processing /home/airflow/.local/lib/python3.6/site-packages/airflow/example_dags/example_external_task_marker_dag.py took 0.119 seconds
[2021-10-29 07:11:16,820] {processor.py:163} INFO - Started process (PID=757) to work on /home/airflow/.local/lib/python3.6/site-packages/airflow/example_dags/example_external_task_marker_dag.py
[2021-10-29 07:11:16,824] {processor.py:620} INFO - Processing file /home/airflow/.local/lib/python3.6/site-packages/airflow/example_dags/example_external_task_marker_dag.py for tasks to queue
[2021-10-29 07:11:16,826] {logging_mixin.py:109} INFO - [2021-10-29 07:11:16,826] {dagbag.py:500} INFO - Filling up the DagBag from /home/airflow/.local/lib/python3.6/site-packages/airflow/example_dags/example_external_task_marker_dag.py
[2021-10-29 07:11:16,878] {processor.py:632} INFO - DAG(s) dict_keys(['example_external_task_marker_parent', 'example_external_task_marker_child']) retrieved from /home/airflow/.local/lib/python3.6/site-packages/airflow/example_dags/example_external_task_marker_dag.py
[2021-10-29 07:11:16,908] {logging_mixin.py:109} INFO - [2021-10-29 07:11:16,907] {dag.py:2389} INFO - Sync 2 DAGs
[2021-10-29 07:11:16,934] {logging_mixin.py:109} INFO - [2021-10-29 07:11:16,934] {dag.py:2914} INFO - Setting next_dagrun for example_external_task_marker_child to None
[2021-10-29 07:11:16,936] {logging_mixin.py:109} INFO - [2021-10-29 07:11:16,936] {dag.py:2914} INFO - Setting next_dagrun for example_external_task_marker_parent to None
[2021-10-29 07:11:16,960] {processor.py:171} INFO - Processing /home/airflow/.local/lib/python3.6/site-packages/airflow/example_dags/example_external_task_marker_dag.py took 0.144 seconds
[2021-10-29 07:11:47,149] {processor.py:163} INFO - Started process (PID=813) to work on /home/airflow/.local/lib/python3.6/site-packages/airflow/example_dags/example_external_task_marker_dag.py
[2021-10-29 07:11:47,152] {processor.py:620} INFO - Processing file /home/airflow/.local/lib/python3.6/site-packages/airflow/example_dags/example_external_task_marker_dag.py for tasks to queue
[2021-10-29 07:11:47,154] {logging_mixin.py:109} INFO - [2021-10-29 07:11:47,154] {dagbag.py:500} INFO - Filling up the DagBag from /home/airflow/.local/lib/python3.6/site-packages/airflow/example_dags/example_external_task_marker_dag.py
[2021-10-29 07:11:47,193] {processor.py:632} INFO - DAG(s) dict_keys(['example_external_task_marker_parent', 'example_external_task_marker_child']) retrieved from /home/airflow/.local/lib/python3.6/site-packages/airflow/example_dags/example_external_task_marker_dag.py
[2021-10-29 07:11:47,214] {logging_mixin.py:109} INFO - [2021-10-29 07:11:47,214] {dag.py:2389} INFO - Sync 2 DAGs
[2021-10-29 07:11:47,228] {logging_mixin.py:109} INFO - [2021-10-29 07:11:47,228] {dag.py:2914} INFO - Setting next_dagrun for example_external_task_marker_child to None
[2021-10-29 07:11:47,230] {logging_mixin.py:109} INFO - [2021-10-29 07:11:47,230] {dag.py:2914} INFO - Setting next_dagrun for example_external_task_marker_parent to None
[2021-10-29 07:11:47,248] {processor.py:171} INFO - Processing /home/airflow/.local/lib/python3.6/site-packages/airflow/example_dags/example_external_task_marker_dag.py took 0.104 seconds
[2021-10-29 07:12:18,233] {processor.py:163} INFO - Started process (PID=866) to work on /home/airflow/.local/lib/python3.6/site-packages/airflow/example_dags/example_external_task_marker_dag.py
[2021-10-29 07:12:18,237] {processor.py:620} INFO - Processing file /home/airflow/.local/lib/python3.6/site-packages/airflow/example_dags/example_external_task_marker_dag.py for tasks to queue
[2021-10-29 07:12:18,239] {logging_mixin.py:109} INFO - [2021-10-29 07:12:18,239] {dagbag.py:500} INFO - Filling up the DagBag from /home/airflow/.local/lib/python3.6/site-packages/airflow/example_dags/example_external_task_marker_dag.py
[2021-10-29 07:12:18,283] {processor.py:632} INFO - DAG(s) dict_keys(['example_external_task_marker_parent', 'example_external_task_marker_child']) retrieved from /home/airflow/.local/lib/python3.6/site-packages/airflow/example_dags/example_external_task_marker_dag.py
[2021-10-29 07:12:18,301] {logging_mixin.py:109} INFO - [2021-10-29 07:12:18,301] {dag.py:2389} INFO - Sync 2 DAGs
[2021-10-29 07:12:18,317] {logging_mixin.py:109} INFO - [2021-10-29 07:12:18,317] {dag.py:2914} INFO - Setting next_dagrun for example_external_task_marker_child to None
[2021-10-29 07:12:18,319] {logging_mixin.py:109} INFO - [2021-10-29 07:12:18,319] {dag.py:2914} INFO - Setting next_dagrun for example_external_task_marker_parent to None
[2021-10-29 07:12:18,332] {processor.py:171} INFO - Processing /home/airflow/.local/lib/python3.6/site-packages/airflow/example_dags/example_external_task_marker_dag.py took 0.105 seconds
[2021-10-29 07:12:48,379] {processor.py:163} INFO - Started process (PID=932) to work on /home/airflow/.local/lib/python3.6/site-packages/airflow/example_dags/example_external_task_marker_dag.py
[2021-10-29 07:12:48,382] {processor.py:620} INFO - Processing file /home/airflow/.local/lib/python3.6/site-packages/airflow/example_dags/example_external_task_marker_dag.py for tasks to queue
[2021-10-29 07:12:48,384] {logging_mixin.py:109} INFO - [2021-10-29 07:12:48,383] {dagbag.py:500} INFO - Filling up the DagBag from /home/airflow/.local/lib/python3.6/site-packages/airflow/example_dags/example_external_task_marker_dag.py
[2021-10-29 07:12:48,428] {processor.py:632} INFO - DAG(s) dict_keys(['example_external_task_marker_parent', 'example_external_task_marker_child']) retrieved from /home/airflow/.local/lib/python3.6/site-packages/airflow/example_dags/example_external_task_marker_dag.py
[2021-10-29 07:12:48,446] {logging_mixin.py:109} INFO - [2021-10-29 07:12:48,445] {dag.py:2389} INFO - Sync 2 DAGs
[2021-10-29 07:12:48,459] {logging_mixin.py:109} INFO - [2021-10-29 07:12:48,459] {dag.py:2914} INFO - Setting next_dagrun for example_external_task_marker_child to None
[2021-10-29 07:12:48,461] {logging_mixin.py:109} INFO - [2021-10-29 07:12:48,461] {dag.py:2914} INFO - Setting next_dagrun for example_external_task_marker_parent to None
[2021-10-29 07:12:48,477] {processor.py:171} INFO - Processing /home/airflow/.local/lib/python3.6/site-packages/airflow/example_dags/example_external_task_marker_dag.py took 0.101 seconds
[2021-10-29 07:13:19,308] {processor.py:163} INFO - Started process (PID=988) to work on /home/airflow/.local/lib/python3.6/site-packages/airflow/example_dags/example_external_task_marker_dag.py
[2021-10-29 07:13:19,311] {processor.py:620} INFO - Processing file /home/airflow/.local/lib/python3.6/site-packages/airflow/example_dags/example_external_task_marker_dag.py for tasks to queue
[2021-10-29 07:13:19,313] {logging_mixin.py:109} INFO - [2021-10-29 07:13:19,313] {dagbag.py:500} INFO - Filling up the DagBag from /home/airflow/.local/lib/python3.6/site-packages/airflow/example_dags/example_external_task_marker_dag.py
[2021-10-29 07:13:19,359] {processor.py:632} INFO - DAG(s) dict_keys(['example_external_task_marker_parent', 'example_external_task_marker_child']) retrieved from /home/airflow/.local/lib/python3.6/site-packages/airflow/example_dags/example_external_task_marker_dag.py
[2021-10-29 07:13:19,380] {logging_mixin.py:109} INFO - [2021-10-29 07:13:19,380] {dag.py:2389} INFO - Sync 2 DAGs
[2021-10-29 07:13:19,395] {logging_mixin.py:109} INFO - [2021-10-29 07:13:19,394] {dag.py:2914} INFO - Setting next_dagrun for example_external_task_marker_child to None
[2021-10-29 07:13:19,396] {logging_mixin.py:109} INFO - [2021-10-29 07:13:19,396] {dag.py:2914} INFO - Setting next_dagrun for example_external_task_marker_parent to None
[2021-10-29 07:13:19,415] {processor.py:171} INFO - Processing /home/airflow/.local/lib/python3.6/site-packages/airflow/example_dags/example_external_task_marker_dag.py took 0.113 seconds
[2021-10-29 07:13:50,169] {processor.py:163} INFO - Started process (PID=1054) to work on /home/airflow/.local/lib/python3.6/site-packages/airflow/example_dags/example_external_task_marker_dag.py
[2021-10-29 07:13:50,173] {processor.py:620} INFO - Processing file /home/airflow/.local/lib/python3.6/site-packages/airflow/example_dags/example_external_task_marker_dag.py for tasks to queue
[2021-10-29 07:13:50,176] {logging_mixin.py:109} INFO - [2021-10-29 07:13:50,176] {dagbag.py:500} INFO - Filling up the DagBag from /home/airflow/.local/lib/python3.6/site-packages/airflow/example_dags/example_external_task_marker_dag.py
[2021-10-29 07:13:50,214] {processor.py:632} INFO - DAG(s) dict_keys(['example_external_task_marker_parent', 'example_external_task_marker_child']) retrieved from /home/airflow/.local/lib/python3.6/site-packages/airflow/example_dags/example_external_task_marker_dag.py
[2021-10-29 07:13:50,231] {logging_mixin.py:109} INFO - [2021-10-29 07:13:50,231] {dag.py:2389} INFO - Sync 2 DAGs
[2021-10-29 07:13:50,259] {logging_mixin.py:109} INFO - [2021-10-29 07:13:50,259] {dag.py:2914} INFO - Setting next_dagrun for example_external_task_marker_child to None
[2021-10-29 07:13:50,263] {logging_mixin.py:109} INFO - [2021-10-29 07:13:50,262] {dag.py:2914} INFO - Setting next_dagrun for example_external_task_marker_parent to None
[2021-10-29 07:13:50,289] {processor.py:171} INFO - Processing /home/airflow/.local/lib/python3.6/site-packages/airflow/example_dags/example_external_task_marker_dag.py took 0.131 seconds
[2021-10-29 07:14:20,855] {processor.py:163} INFO - Started process (PID=1110) to work on /home/airflow/.local/lib/python3.6/site-packages/airflow/example_dags/example_external_task_marker_dag.py
[2021-10-29 07:14:20,858] {processor.py:620} INFO - Processing file /home/airflow/.local/lib/python3.6/site-packages/airflow/example_dags/example_external_task_marker_dag.py for tasks to queue
[2021-10-29 07:14:20,860] {logging_mixin.py:109} INFO - [2021-10-29 07:14:20,859] {dagbag.py:500} INFO - Filling up the DagBag from /home/airflow/.local/lib/python3.6/site-packages/airflow/example_dags/example_external_task_marker_dag.py
[2021-10-29 07:14:20,906] {processor.py:632} INFO - DAG(s) dict_keys(['example_external_task_marker_parent', 'example_external_task_marker_child']) retrieved from /home/airflow/.local/lib/python3.6/site-packages/airflow/example_dags/example_external_task_marker_dag.py
[2021-10-29 07:14:20,927] {logging_mixin.py:109} INFO - [2021-10-29 07:14:20,927] {dag.py:2389} INFO - Sync 2 DAGs
[2021-10-29 07:14:20,942] {logging_mixin.py:109} INFO - [2021-10-29 07:14:20,942] {dag.py:2914} INFO - Setting next_dagrun for example_external_task_marker_child to None
[2021-10-29 07:14:20,944] {logging_mixin.py:109} INFO - [2021-10-29 07:14:20,944] {dag.py:2914} INFO - Setting next_dagrun for example_external_task_marker_parent to None
[2021-10-29 07:14:20,960] {processor.py:171} INFO - Processing /home/airflow/.local/lib/python3.6/site-packages/airflow/example_dags/example_external_task_marker_dag.py took 0.108 seconds
[2021-10-29 07:14:51,520] {processor.py:163} INFO - Started process (PID=1177) to work on /home/airflow/.local/lib/python3.6/site-packages/airflow/example_dags/example_external_task_marker_dag.py
[2021-10-29 07:14:51,522] {processor.py:620} INFO - Processing file /home/airflow/.local/lib/python3.6/site-packages/airflow/example_dags/example_external_task_marker_dag.py for tasks to queue
[2021-10-29 07:14:51,524] {logging_mixin.py:109} INFO - [2021-10-29 07:14:51,524] {dagbag.py:500} INFO - Filling up the DagBag from /home/airflow/.local/lib/python3.6/site-packages/airflow/example_dags/example_external_task_marker_dag.py
[2021-10-29 07:14:51,561] {processor.py:632} INFO - DAG(s) dict_keys(['example_external_task_marker_parent', 'example_external_task_marker_child']) retrieved from /home/airflow/.local/lib/python3.6/site-packages/airflow/example_dags/example_external_task_marker_dag.py
[2021-10-29 07:14:51,577] {logging_mixin.py:109} INFO - [2021-10-29 07:14:51,577] {dag.py:2389} INFO - Sync 2 DAGs
[2021-10-29 07:14:51,589] {logging_mixin.py:109} INFO - [2021-10-29 07:14:51,589] {dag.py:2914} INFO - Setting next_dagrun for example_external_task_marker_child to None
[2021-10-29 07:14:51,591] {logging_mixin.py:109} INFO - [2021-10-29 07:14:51,590] {dag.py:2914} INFO - Setting next_dagrun for example_external_task_marker_parent to None
[2021-10-29 07:14:51,601] {processor.py:171} INFO - Processing /home/airflow/.local/lib/python3.6/site-packages/airflow/example_dags/example_external_task_marker_dag.py took 0.084 seconds
