[2021-10-29 07:07:44,387] {processor.py:163} INFO - Started process (PID=312) to work on /home/airflow/.local/lib/python3.6/site-packages/airflow/example_dags/example_complex.py
[2021-10-29 07:07:44,390] {processor.py:620} INFO - Processing file /home/airflow/.local/lib/python3.6/site-packages/airflow/example_dags/example_complex.py for tasks to queue
[2021-10-29 07:07:44,392] {logging_mixin.py:109} INFO - [2021-10-29 07:07:44,392] {dagbag.py:500} INFO - Filling up the DagBag from /home/airflow/.local/lib/python3.6/site-packages/airflow/example_dags/example_complex.py
[2021-10-29 07:07:44,450] {processor.py:632} INFO - DAG(s) dict_keys(['example_complex']) retrieved from /home/airflow/.local/lib/python3.6/site-packages/airflow/example_dags/example_complex.py
[2021-10-29 07:07:46,244] {logging_mixin.py:109} INFO - [2021-10-29 07:07:46,244] {providers_manager.py:156} WARNING - Exception when importing 'airflow.providers.google.leveldb.hooks.leveldb.LevelDBHook' from 'apache-airflow-providers-google' package: No module named 'plyvel'
[2021-10-29 07:07:46,663] {logging_mixin.py:109} INFO - [2021-10-29 07:07:46,663] {providers_manager.py:156} WARNING - Exception when importing 'airflow.providers.google.leveldb.hooks.leveldb.LevelDBHook' from 'apache-airflow-providers-google' package: No module named 'plyvel'
[2021-10-29 07:07:46,801] {logging_mixin.py:109} INFO - [2021-10-29 07:07:46,801] {manager.py:496} INFO - Created Permission View: can read on DAG:example_complex
[2021-10-29 07:07:46,813] {logging_mixin.py:109} INFO - [2021-10-29 07:07:46,813] {manager.py:496} INFO - Created Permission View: can edit on DAG:example_complex
[2021-10-29 07:07:46,815] {logging_mixin.py:109} INFO - [2021-10-29 07:07:46,814] {dag.py:2389} INFO - Sync 1 DAGs
[2021-10-29 07:07:46,826] {logging_mixin.py:109} INFO - [2021-10-29 07:07:46,825] {dag.py:2408} INFO - Creating ORM DAG for example_complex
[2021-10-29 07:07:46,832] {logging_mixin.py:109} INFO - [2021-10-29 07:07:46,832] {dag.py:2914} INFO - Setting next_dagrun for example_complex to None
[2021-10-29 07:07:46,848] {processor.py:171} INFO - Processing /home/airflow/.local/lib/python3.6/site-packages/airflow/example_dags/example_complex.py took 2.466 seconds
[2021-10-29 07:08:17,763] {processor.py:163} INFO - Started process (PID=397) to work on /home/airflow/.local/lib/python3.6/site-packages/airflow/example_dags/example_complex.py
[2021-10-29 07:08:17,765] {processor.py:620} INFO - Processing file /home/airflow/.local/lib/python3.6/site-packages/airflow/example_dags/example_complex.py for tasks to queue
[2021-10-29 07:08:17,766] {logging_mixin.py:109} INFO - [2021-10-29 07:08:17,766] {dagbag.py:500} INFO - Filling up the DagBag from /home/airflow/.local/lib/python3.6/site-packages/airflow/example_dags/example_complex.py
[2021-10-29 07:08:17,824] {processor.py:632} INFO - DAG(s) dict_keys(['example_complex']) retrieved from /home/airflow/.local/lib/python3.6/site-packages/airflow/example_dags/example_complex.py
[2021-10-29 07:08:17,842] {logging_mixin.py:109} INFO - [2021-10-29 07:08:17,842] {dag.py:2389} INFO - Sync 1 DAGs
[2021-10-29 07:08:17,855] {logging_mixin.py:109} INFO - [2021-10-29 07:08:17,855] {dag.py:2914} INFO - Setting next_dagrun for example_complex to None
[2021-10-29 07:08:17,867] {processor.py:171} INFO - Processing /home/airflow/.local/lib/python3.6/site-packages/airflow/example_dags/example_complex.py took 0.108 seconds
[2021-10-29 07:08:48,226] {processor.py:163} INFO - Started process (PID=463) to work on /home/airflow/.local/lib/python3.6/site-packages/airflow/example_dags/example_complex.py
[2021-10-29 07:08:48,233] {processor.py:620} INFO - Processing file /home/airflow/.local/lib/python3.6/site-packages/airflow/example_dags/example_complex.py for tasks to queue
[2021-10-29 07:08:48,239] {logging_mixin.py:109} INFO - [2021-10-29 07:08:48,238] {dagbag.py:500} INFO - Filling up the DagBag from /home/airflow/.local/lib/python3.6/site-packages/airflow/example_dags/example_complex.py
[2021-10-29 07:08:48,296] {processor.py:632} INFO - DAG(s) dict_keys(['example_complex']) retrieved from /home/airflow/.local/lib/python3.6/site-packages/airflow/example_dags/example_complex.py
[2021-10-29 07:08:48,323] {logging_mixin.py:109} INFO - [2021-10-29 07:08:48,323] {dag.py:2389} INFO - Sync 1 DAGs
[2021-10-29 07:08:48,349] {logging_mixin.py:109} INFO - [2021-10-29 07:08:48,349] {dag.py:2914} INFO - Setting next_dagrun for example_complex to None
[2021-10-29 07:08:48,369] {processor.py:171} INFO - Processing /home/airflow/.local/lib/python3.6/site-packages/airflow/example_dags/example_complex.py took 0.150 seconds
[2021-10-29 07:09:18,629] {processor.py:163} INFO - Started process (PID=518) to work on /home/airflow/.local/lib/python3.6/site-packages/airflow/example_dags/example_complex.py
[2021-10-29 07:09:18,632] {processor.py:620} INFO - Processing file /home/airflow/.local/lib/python3.6/site-packages/airflow/example_dags/example_complex.py for tasks to queue
[2021-10-29 07:09:18,634] {logging_mixin.py:109} INFO - [2021-10-29 07:09:18,634] {dagbag.py:500} INFO - Filling up the DagBag from /home/airflow/.local/lib/python3.6/site-packages/airflow/example_dags/example_complex.py
[2021-10-29 07:09:18,682] {processor.py:632} INFO - DAG(s) dict_keys(['example_complex']) retrieved from /home/airflow/.local/lib/python3.6/site-packages/airflow/example_dags/example_complex.py
[2021-10-29 07:09:18,700] {logging_mixin.py:109} INFO - [2021-10-29 07:09:18,700] {dag.py:2389} INFO - Sync 1 DAGs
[2021-10-29 07:09:18,712] {logging_mixin.py:109} INFO - [2021-10-29 07:09:18,712] {dag.py:2914} INFO - Setting next_dagrun for example_complex to None
[2021-10-29 07:09:18,725] {processor.py:171} INFO - Processing /home/airflow/.local/lib/python3.6/site-packages/airflow/example_dags/example_complex.py took 0.103 seconds
[2021-10-29 07:09:48,889] {processor.py:163} INFO - Started process (PID=585) to work on /home/airflow/.local/lib/python3.6/site-packages/airflow/example_dags/example_complex.py
[2021-10-29 07:09:48,893] {processor.py:620} INFO - Processing file /home/airflow/.local/lib/python3.6/site-packages/airflow/example_dags/example_complex.py for tasks to queue
[2021-10-29 07:09:48,896] {logging_mixin.py:109} INFO - [2021-10-29 07:09:48,896] {dagbag.py:500} INFO - Filling up the DagBag from /home/airflow/.local/lib/python3.6/site-packages/airflow/example_dags/example_complex.py
[2021-10-29 07:09:48,962] {processor.py:632} INFO - DAG(s) dict_keys(['example_complex']) retrieved from /home/airflow/.local/lib/python3.6/site-packages/airflow/example_dags/example_complex.py
[2021-10-29 07:09:48,986] {logging_mixin.py:109} INFO - [2021-10-29 07:09:48,986] {dag.py:2389} INFO - Sync 1 DAGs
[2021-10-29 07:09:49,008] {logging_mixin.py:109} INFO - [2021-10-29 07:09:49,008] {dag.py:2914} INFO - Setting next_dagrun for example_complex to None
[2021-10-29 07:09:49,024] {processor.py:171} INFO - Processing /home/airflow/.local/lib/python3.6/site-packages/airflow/example_dags/example_complex.py took 0.143 seconds
[2021-10-29 07:10:19,246] {processor.py:163} INFO - Started process (PID=640) to work on /home/airflow/.local/lib/python3.6/site-packages/airflow/example_dags/example_complex.py
[2021-10-29 07:10:19,251] {processor.py:620} INFO - Processing file /home/airflow/.local/lib/python3.6/site-packages/airflow/example_dags/example_complex.py for tasks to queue
[2021-10-29 07:10:19,253] {logging_mixin.py:109} INFO - [2021-10-29 07:10:19,253] {dagbag.py:500} INFO - Filling up the DagBag from /home/airflow/.local/lib/python3.6/site-packages/airflow/example_dags/example_complex.py
[2021-10-29 07:10:19,305] {processor.py:632} INFO - DAG(s) dict_keys(['example_complex']) retrieved from /home/airflow/.local/lib/python3.6/site-packages/airflow/example_dags/example_complex.py
[2021-10-29 07:10:19,324] {logging_mixin.py:109} INFO - [2021-10-29 07:10:19,324] {dag.py:2389} INFO - Sync 1 DAGs
[2021-10-29 07:10:19,338] {logging_mixin.py:109} INFO - [2021-10-29 07:10:19,337] {dag.py:2914} INFO - Setting next_dagrun for example_complex to None
[2021-10-29 07:10:19,352] {processor.py:171} INFO - Processing /home/airflow/.local/lib/python3.6/site-packages/airflow/example_dags/example_complex.py took 0.112 seconds
[2021-10-29 07:10:49,417] {processor.py:163} INFO - Started process (PID=695) to work on /home/airflow/.local/lib/python3.6/site-packages/airflow/example_dags/example_complex.py
[2021-10-29 07:10:49,420] {processor.py:620} INFO - Processing file /home/airflow/.local/lib/python3.6/site-packages/airflow/example_dags/example_complex.py for tasks to queue
[2021-10-29 07:10:49,422] {logging_mixin.py:109} INFO - [2021-10-29 07:10:49,421] {dagbag.py:500} INFO - Filling up the DagBag from /home/airflow/.local/lib/python3.6/site-packages/airflow/example_dags/example_complex.py
[2021-10-29 07:10:49,464] {processor.py:632} INFO - DAG(s) dict_keys(['example_complex']) retrieved from /home/airflow/.local/lib/python3.6/site-packages/airflow/example_dags/example_complex.py
[2021-10-29 07:10:49,485] {logging_mixin.py:109} INFO - [2021-10-29 07:10:49,485] {dag.py:2389} INFO - Sync 1 DAGs
[2021-10-29 07:10:49,499] {logging_mixin.py:109} INFO - [2021-10-29 07:10:49,499] {dag.py:2914} INFO - Setting next_dagrun for example_complex to None
[2021-10-29 07:10:49,512] {processor.py:171} INFO - Processing /home/airflow/.local/lib/python3.6/site-packages/airflow/example_dags/example_complex.py took 0.101 seconds
[2021-10-29 07:11:20,046] {processor.py:163} INFO - Started process (PID=761) to work on /home/airflow/.local/lib/python3.6/site-packages/airflow/example_dags/example_complex.py
[2021-10-29 07:11:20,055] {processor.py:620} INFO - Processing file /home/airflow/.local/lib/python3.6/site-packages/airflow/example_dags/example_complex.py for tasks to queue
[2021-10-29 07:11:20,060] {logging_mixin.py:109} INFO - [2021-10-29 07:11:20,059] {dagbag.py:500} INFO - Filling up the DagBag from /home/airflow/.local/lib/python3.6/site-packages/airflow/example_dags/example_complex.py
[2021-10-29 07:11:20,143] {processor.py:632} INFO - DAG(s) dict_keys(['example_complex']) retrieved from /home/airflow/.local/lib/python3.6/site-packages/airflow/example_dags/example_complex.py
[2021-10-29 07:11:20,171] {logging_mixin.py:109} INFO - [2021-10-29 07:11:20,171] {dag.py:2389} INFO - Sync 1 DAGs
[2021-10-29 07:11:20,191] {logging_mixin.py:109} INFO - [2021-10-29 07:11:20,191] {dag.py:2914} INFO - Setting next_dagrun for example_complex to None
[2021-10-29 07:11:20,211] {processor.py:171} INFO - Processing /home/airflow/.local/lib/python3.6/site-packages/airflow/example_dags/example_complex.py took 0.178 seconds
[2021-10-29 07:11:50,297] {processor.py:163} INFO - Started process (PID=816) to work on /home/airflow/.local/lib/python3.6/site-packages/airflow/example_dags/example_complex.py
[2021-10-29 07:11:50,301] {processor.py:620} INFO - Processing file /home/airflow/.local/lib/python3.6/site-packages/airflow/example_dags/example_complex.py for tasks to queue
[2021-10-29 07:11:50,304] {logging_mixin.py:109} INFO - [2021-10-29 07:11:50,303] {dagbag.py:500} INFO - Filling up the DagBag from /home/airflow/.local/lib/python3.6/site-packages/airflow/example_dags/example_complex.py
[2021-10-29 07:11:50,352] {processor.py:632} INFO - DAG(s) dict_keys(['example_complex']) retrieved from /home/airflow/.local/lib/python3.6/site-packages/airflow/example_dags/example_complex.py
[2021-10-29 07:11:50,372] {logging_mixin.py:109} INFO - [2021-10-29 07:11:50,372] {dag.py:2389} INFO - Sync 1 DAGs
[2021-10-29 07:11:50,387] {logging_mixin.py:109} INFO - [2021-10-29 07:11:50,386] {dag.py:2914} INFO - Setting next_dagrun for example_complex to None
[2021-10-29 07:11:50,403] {processor.py:171} INFO - Processing /home/airflow/.local/lib/python3.6/site-packages/airflow/example_dags/example_complex.py took 0.111 seconds
[2021-10-29 07:12:20,495] {processor.py:163} INFO - Started process (PID=880) to work on /home/airflow/.local/lib/python3.6/site-packages/airflow/example_dags/example_complex.py
[2021-10-29 07:12:20,498] {processor.py:620} INFO - Processing file /home/airflow/.local/lib/python3.6/site-packages/airflow/example_dags/example_complex.py for tasks to queue
[2021-10-29 07:12:20,500] {logging_mixin.py:109} INFO - [2021-10-29 07:12:20,499] {dagbag.py:500} INFO - Filling up the DagBag from /home/airflow/.local/lib/python3.6/site-packages/airflow/example_dags/example_complex.py
[2021-10-29 07:12:20,550] {processor.py:632} INFO - DAG(s) dict_keys(['example_complex']) retrieved from /home/airflow/.local/lib/python3.6/site-packages/airflow/example_dags/example_complex.py
[2021-10-29 07:12:20,570] {logging_mixin.py:109} INFO - [2021-10-29 07:12:20,570] {dag.py:2389} INFO - Sync 1 DAGs
[2021-10-29 07:12:20,583] {logging_mixin.py:109} INFO - [2021-10-29 07:12:20,582] {dag.py:2914} INFO - Setting next_dagrun for example_complex to None
[2021-10-29 07:12:20,596] {processor.py:171} INFO - Processing /home/airflow/.local/lib/python3.6/site-packages/airflow/example_dags/example_complex.py took 0.105 seconds
[2021-10-29 07:12:50,651] {processor.py:163} INFO - Started process (PID=935) to work on /home/airflow/.local/lib/python3.6/site-packages/airflow/example_dags/example_complex.py
[2021-10-29 07:12:50,654] {processor.py:620} INFO - Processing file /home/airflow/.local/lib/python3.6/site-packages/airflow/example_dags/example_complex.py for tasks to queue
[2021-10-29 07:12:50,656] {logging_mixin.py:109} INFO - [2021-10-29 07:12:50,655] {dagbag.py:500} INFO - Filling up the DagBag from /home/airflow/.local/lib/python3.6/site-packages/airflow/example_dags/example_complex.py
[2021-10-29 07:12:50,703] {processor.py:632} INFO - DAG(s) dict_keys(['example_complex']) retrieved from /home/airflow/.local/lib/python3.6/site-packages/airflow/example_dags/example_complex.py
[2021-10-29 07:12:50,721] {logging_mixin.py:109} INFO - [2021-10-29 07:12:50,721] {dag.py:2389} INFO - Sync 1 DAGs
[2021-10-29 07:12:50,734] {logging_mixin.py:109} INFO - [2021-10-29 07:12:50,734] {dag.py:2914} INFO - Setting next_dagrun for example_complex to None
[2021-10-29 07:12:50,746] {processor.py:171} INFO - Processing /home/airflow/.local/lib/python3.6/site-packages/airflow/example_dags/example_complex.py took 0.099 seconds
[2021-10-29 07:13:21,461] {processor.py:163} INFO - Started process (PID=991) to work on /home/airflow/.local/lib/python3.6/site-packages/airflow/example_dags/example_complex.py
[2021-10-29 07:13:21,469] {processor.py:620} INFO - Processing file /home/airflow/.local/lib/python3.6/site-packages/airflow/example_dags/example_complex.py for tasks to queue
[2021-10-29 07:13:21,474] {logging_mixin.py:109} INFO - [2021-10-29 07:13:21,473] {dagbag.py:500} INFO - Filling up the DagBag from /home/airflow/.local/lib/python3.6/site-packages/airflow/example_dags/example_complex.py
[2021-10-29 07:13:21,572] {processor.py:632} INFO - DAG(s) dict_keys(['example_complex']) retrieved from /home/airflow/.local/lib/python3.6/site-packages/airflow/example_dags/example_complex.py
[2021-10-29 07:13:21,602] {logging_mixin.py:109} INFO - [2021-10-29 07:13:21,602] {dag.py:2389} INFO - Sync 1 DAGs
[2021-10-29 07:13:21,623] {logging_mixin.py:109} INFO - [2021-10-29 07:13:21,623] {dag.py:2914} INFO - Setting next_dagrun for example_complex to None
[2021-10-29 07:13:21,646] {processor.py:171} INFO - Processing /home/airflow/.local/lib/python3.6/site-packages/airflow/example_dags/example_complex.py took 0.191 seconds
[2021-10-29 07:13:52,354] {processor.py:163} INFO - Started process (PID=1057) to work on /home/airflow/.local/lib/python3.6/site-packages/airflow/example_dags/example_complex.py
[2021-10-29 07:13:52,356] {processor.py:620} INFO - Processing file /home/airflow/.local/lib/python3.6/site-packages/airflow/example_dags/example_complex.py for tasks to queue
[2021-10-29 07:13:52,358] {logging_mixin.py:109} INFO - [2021-10-29 07:13:52,357] {dagbag.py:500} INFO - Filling up the DagBag from /home/airflow/.local/lib/python3.6/site-packages/airflow/example_dags/example_complex.py
[2021-10-29 07:13:52,404] {processor.py:632} INFO - DAG(s) dict_keys(['example_complex']) retrieved from /home/airflow/.local/lib/python3.6/site-packages/airflow/example_dags/example_complex.py
[2021-10-29 07:13:52,421] {logging_mixin.py:109} INFO - [2021-10-29 07:13:52,421] {dag.py:2389} INFO - Sync 1 DAGs
[2021-10-29 07:13:52,436] {logging_mixin.py:109} INFO - [2021-10-29 07:13:52,436] {dag.py:2914} INFO - Setting next_dagrun for example_complex to None
[2021-10-29 07:13:52,454] {processor.py:171} INFO - Processing /home/airflow/.local/lib/python3.6/site-packages/airflow/example_dags/example_complex.py took 0.105 seconds
[2021-10-29 07:14:23,012] {processor.py:163} INFO - Started process (PID=1120) to work on /home/airflow/.local/lib/python3.6/site-packages/airflow/example_dags/example_complex.py
[2021-10-29 07:14:23,019] {processor.py:620} INFO - Processing file /home/airflow/.local/lib/python3.6/site-packages/airflow/example_dags/example_complex.py for tasks to queue
[2021-10-29 07:14:23,021] {logging_mixin.py:109} INFO - [2021-10-29 07:14:23,021] {dagbag.py:500} INFO - Filling up the DagBag from /home/airflow/.local/lib/python3.6/site-packages/airflow/example_dags/example_complex.py
[2021-10-29 07:14:23,089] {processor.py:632} INFO - DAG(s) dict_keys(['example_complex']) retrieved from /home/airflow/.local/lib/python3.6/site-packages/airflow/example_dags/example_complex.py
[2021-10-29 07:14:23,114] {logging_mixin.py:109} INFO - [2021-10-29 07:14:23,114] {dag.py:2389} INFO - Sync 1 DAGs
[2021-10-29 07:14:23,128] {logging_mixin.py:109} INFO - [2021-10-29 07:14:23,128] {dag.py:2914} INFO - Setting next_dagrun for example_complex to None
[2021-10-29 07:14:23,142] {processor.py:171} INFO - Processing /home/airflow/.local/lib/python3.6/site-packages/airflow/example_dags/example_complex.py took 0.136 seconds
[2021-10-29 07:14:53,616] {processor.py:163} INFO - Started process (PID=1180) to work on /home/airflow/.local/lib/python3.6/site-packages/airflow/example_dags/example_complex.py
[2021-10-29 07:14:53,619] {processor.py:620} INFO - Processing file /home/airflow/.local/lib/python3.6/site-packages/airflow/example_dags/example_complex.py for tasks to queue
[2021-10-29 07:14:53,620] {logging_mixin.py:109} INFO - [2021-10-29 07:14:53,620] {dagbag.py:500} INFO - Filling up the DagBag from /home/airflow/.local/lib/python3.6/site-packages/airflow/example_dags/example_complex.py
[2021-10-29 07:14:53,668] {processor.py:632} INFO - DAG(s) dict_keys(['example_complex']) retrieved from /home/airflow/.local/lib/python3.6/site-packages/airflow/example_dags/example_complex.py
[2021-10-29 07:14:53,687] {logging_mixin.py:109} INFO - [2021-10-29 07:14:53,687] {dag.py:2389} INFO - Sync 1 DAGs
[2021-10-29 07:14:53,707] {logging_mixin.py:109} INFO - [2021-10-29 07:14:53,706] {dag.py:2914} INFO - Setting next_dagrun for example_complex to None
[2021-10-29 07:14:53,730] {processor.py:171} INFO - Processing /home/airflow/.local/lib/python3.6/site-packages/airflow/example_dags/example_complex.py took 0.119 seconds
