[2021-10-29 07:07:37,405] {processor.py:163} INFO - Started process (PID=260) to work on /home/airflow/.local/lib/python3.6/site-packages/airflow/example_dags/example_branch_operator.py
[2021-10-29 07:07:37,407] {processor.py:620} INFO - Processing file /home/airflow/.local/lib/python3.6/site-packages/airflow/example_dags/example_branch_operator.py for tasks to queue
[2021-10-29 07:07:37,410] {logging_mixin.py:109} INFO - [2021-10-29 07:07:37,409] {dagbag.py:500} INFO - Filling up the DagBag from /home/airflow/.local/lib/python3.6/site-packages/airflow/example_dags/example_branch_operator.py
[2021-10-29 07:07:37,462] {processor.py:632} INFO - DAG(s) dict_keys(['example_branch_operator']) retrieved from /home/airflow/.local/lib/python3.6/site-packages/airflow/example_dags/example_branch_operator.py
[2021-10-29 07:07:38,881] {logging_mixin.py:109} INFO - [2021-10-29 07:07:38,881] {providers_manager.py:156} WARNING - Exception when importing 'airflow.providers.google.leveldb.hooks.leveldb.LevelDBHook' from 'apache-airflow-providers-google' package: No module named 'plyvel'
[2021-10-29 07:07:39,220] {logging_mixin.py:109} INFO - [2021-10-29 07:07:39,220] {providers_manager.py:156} WARNING - Exception when importing 'airflow.providers.google.leveldb.hooks.leveldb.LevelDBHook' from 'apache-airflow-providers-google' package: No module named 'plyvel'
[2021-10-29 07:07:39,248] {logging_mixin.py:109} INFO - [2021-10-29 07:07:39,248] {manager.py:496} INFO - Created Permission View: can read on DAG:example_branch_operator
[2021-10-29 07:07:39,264] {logging_mixin.py:109} INFO - [2021-10-29 07:07:39,264] {manager.py:496} INFO - Created Permission View: can edit on DAG:example_branch_operator
[2021-10-29 07:07:39,268] {logging_mixin.py:109} INFO - [2021-10-29 07:07:39,266] {dag.py:2389} INFO - Sync 1 DAGs
[2021-10-29 07:07:39,287] {logging_mixin.py:109} INFO - [2021-10-29 07:07:39,285] {dag.py:2408} INFO - Creating ORM DAG for example_branch_operator
[2021-10-29 07:07:39,407] {logging_mixin.py:109} INFO - [2021-10-29 07:07:39,407] {dag.py:2914} INFO - Setting next_dagrun for example_branch_operator to 2021-10-28 00:00:00+00:00
[2021-10-29 07:07:39,428] {processor.py:171} INFO - Processing /home/airflow/.local/lib/python3.6/site-packages/airflow/example_dags/example_branch_operator.py took 2.027 seconds
[2021-10-29 07:08:10,086] {processor.py:163} INFO - Started process (PID=391) to work on /home/airflow/.local/lib/python3.6/site-packages/airflow/example_dags/example_branch_operator.py
[2021-10-29 07:08:10,090] {processor.py:620} INFO - Processing file /home/airflow/.local/lib/python3.6/site-packages/airflow/example_dags/example_branch_operator.py for tasks to queue
[2021-10-29 07:08:10,094] {logging_mixin.py:109} INFO - [2021-10-29 07:08:10,093] {dagbag.py:500} INFO - Filling up the DagBag from /home/airflow/.local/lib/python3.6/site-packages/airflow/example_dags/example_branch_operator.py
[2021-10-29 07:08:10,150] {processor.py:632} INFO - DAG(s) dict_keys(['example_branch_operator']) retrieved from /home/airflow/.local/lib/python3.6/site-packages/airflow/example_dags/example_branch_operator.py
[2021-10-29 07:08:10,167] {logging_mixin.py:109} INFO - [2021-10-29 07:08:10,167] {dag.py:2389} INFO - Sync 1 DAGs
[2021-10-29 07:08:10,192] {logging_mixin.py:109} INFO - [2021-10-29 07:08:10,192] {dag.py:2914} INFO - Setting next_dagrun for example_branch_operator to 2021-10-28 00:00:00+00:00
[2021-10-29 07:08:10,214] {processor.py:171} INFO - Processing /home/airflow/.local/lib/python3.6/site-packages/airflow/example_dags/example_branch_operator.py took 0.138 seconds
[2021-10-29 07:08:40,474] {processor.py:163} INFO - Started process (PID=446) to work on /home/airflow/.local/lib/python3.6/site-packages/airflow/example_dags/example_branch_operator.py
[2021-10-29 07:08:40,478] {processor.py:620} INFO - Processing file /home/airflow/.local/lib/python3.6/site-packages/airflow/example_dags/example_branch_operator.py for tasks to queue
[2021-10-29 07:08:40,481] {logging_mixin.py:109} INFO - [2021-10-29 07:08:40,480] {dagbag.py:500} INFO - Filling up the DagBag from /home/airflow/.local/lib/python3.6/site-packages/airflow/example_dags/example_branch_operator.py
[2021-10-29 07:08:40,527] {processor.py:632} INFO - DAG(s) dict_keys(['example_branch_operator']) retrieved from /home/airflow/.local/lib/python3.6/site-packages/airflow/example_dags/example_branch_operator.py
[2021-10-29 07:08:40,545] {logging_mixin.py:109} INFO - [2021-10-29 07:08:40,545] {dag.py:2389} INFO - Sync 1 DAGs
[2021-10-29 07:08:40,563] {logging_mixin.py:109} INFO - [2021-10-29 07:08:40,563] {dag.py:2914} INFO - Setting next_dagrun for example_branch_operator to 2021-10-28 00:00:00+00:00
[2021-10-29 07:08:40,578] {processor.py:171} INFO - Processing /home/airflow/.local/lib/python3.6/site-packages/airflow/example_dags/example_branch_operator.py took 0.110 seconds
[2021-10-29 07:09:11,039] {processor.py:163} INFO - Started process (PID=500) to work on /home/airflow/.local/lib/python3.6/site-packages/airflow/example_dags/example_branch_operator.py
[2021-10-29 07:09:11,042] {processor.py:620} INFO - Processing file /home/airflow/.local/lib/python3.6/site-packages/airflow/example_dags/example_branch_operator.py for tasks to queue
[2021-10-29 07:09:11,044] {logging_mixin.py:109} INFO - [2021-10-29 07:09:11,043] {dagbag.py:500} INFO - Filling up the DagBag from /home/airflow/.local/lib/python3.6/site-packages/airflow/example_dags/example_branch_operator.py
[2021-10-29 07:09:11,084] {processor.py:632} INFO - DAG(s) dict_keys(['example_branch_operator']) retrieved from /home/airflow/.local/lib/python3.6/site-packages/airflow/example_dags/example_branch_operator.py
[2021-10-29 07:09:11,098] {logging_mixin.py:109} INFO - [2021-10-29 07:09:11,098] {dag.py:2389} INFO - Sync 1 DAGs
[2021-10-29 07:09:11,112] {logging_mixin.py:109} INFO - [2021-10-29 07:09:11,111] {dag.py:2914} INFO - Setting next_dagrun for example_branch_operator to 2021-10-28 00:00:00+00:00
[2021-10-29 07:09:11,123] {processor.py:171} INFO - Processing /home/airflow/.local/lib/python3.6/site-packages/airflow/example_dags/example_branch_operator.py took 0.090 seconds
[2021-10-29 07:09:41,388] {processor.py:163} INFO - Started process (PID=567) to work on /home/airflow/.local/lib/python3.6/site-packages/airflow/example_dags/example_branch_operator.py
[2021-10-29 07:09:41,391] {processor.py:620} INFO - Processing file /home/airflow/.local/lib/python3.6/site-packages/airflow/example_dags/example_branch_operator.py for tasks to queue
[2021-10-29 07:09:41,392] {logging_mixin.py:109} INFO - [2021-10-29 07:09:41,392] {dagbag.py:500} INFO - Filling up the DagBag from /home/airflow/.local/lib/python3.6/site-packages/airflow/example_dags/example_branch_operator.py
[2021-10-29 07:09:41,429] {processor.py:632} INFO - DAG(s) dict_keys(['example_branch_operator']) retrieved from /home/airflow/.local/lib/python3.6/site-packages/airflow/example_dags/example_branch_operator.py
[2021-10-29 07:09:41,444] {logging_mixin.py:109} INFO - [2021-10-29 07:09:41,444] {dag.py:2389} INFO - Sync 1 DAGs
[2021-10-29 07:09:41,459] {logging_mixin.py:109} INFO - [2021-10-29 07:09:41,459] {dag.py:2914} INFO - Setting next_dagrun for example_branch_operator to 2021-10-28 00:00:00+00:00
[2021-10-29 07:09:41,475] {processor.py:171} INFO - Processing /home/airflow/.local/lib/python3.6/site-packages/airflow/example_dags/example_branch_operator.py took 0.090 seconds
[2021-10-29 07:10:11,944] {processor.py:163} INFO - Started process (PID=624) to work on /home/airflow/.local/lib/python3.6/site-packages/airflow/example_dags/example_branch_operator.py
[2021-10-29 07:10:11,947] {processor.py:620} INFO - Processing file /home/airflow/.local/lib/python3.6/site-packages/airflow/example_dags/example_branch_operator.py for tasks to queue
[2021-10-29 07:10:11,949] {logging_mixin.py:109} INFO - [2021-10-29 07:10:11,949] {dagbag.py:500} INFO - Filling up the DagBag from /home/airflow/.local/lib/python3.6/site-packages/airflow/example_dags/example_branch_operator.py
[2021-10-29 07:10:11,990] {processor.py:632} INFO - DAG(s) dict_keys(['example_branch_operator']) retrieved from /home/airflow/.local/lib/python3.6/site-packages/airflow/example_dags/example_branch_operator.py
[2021-10-29 07:10:12,008] {logging_mixin.py:109} INFO - [2021-10-29 07:10:12,007] {dag.py:2389} INFO - Sync 1 DAGs
[2021-10-29 07:10:12,023] {logging_mixin.py:109} INFO - [2021-10-29 07:10:12,023] {dag.py:2914} INFO - Setting next_dagrun for example_branch_operator to 2021-10-28 00:00:00+00:00
[2021-10-29 07:10:12,035] {processor.py:171} INFO - Processing /home/airflow/.local/lib/python3.6/site-packages/airflow/example_dags/example_branch_operator.py took 0.095 seconds
[2021-10-29 07:10:42,800] {processor.py:163} INFO - Started process (PID=689) to work on /home/airflow/.local/lib/python3.6/site-packages/airflow/example_dags/example_branch_operator.py
[2021-10-29 07:10:42,803] {processor.py:620} INFO - Processing file /home/airflow/.local/lib/python3.6/site-packages/airflow/example_dags/example_branch_operator.py for tasks to queue
[2021-10-29 07:10:42,806] {logging_mixin.py:109} INFO - [2021-10-29 07:10:42,806] {dagbag.py:500} INFO - Filling up the DagBag from /home/airflow/.local/lib/python3.6/site-packages/airflow/example_dags/example_branch_operator.py
[2021-10-29 07:10:42,850] {processor.py:632} INFO - DAG(s) dict_keys(['example_branch_operator']) retrieved from /home/airflow/.local/lib/python3.6/site-packages/airflow/example_dags/example_branch_operator.py
[2021-10-29 07:10:42,867] {logging_mixin.py:109} INFO - [2021-10-29 07:10:42,867] {dag.py:2389} INFO - Sync 1 DAGs
[2021-10-29 07:10:42,882] {logging_mixin.py:109} INFO - [2021-10-29 07:10:42,882] {dag.py:2914} INFO - Setting next_dagrun for example_branch_operator to 2021-10-28 00:00:00+00:00
[2021-10-29 07:10:42,895] {processor.py:171} INFO - Processing /home/airflow/.local/lib/python3.6/site-packages/airflow/example_dags/example_branch_operator.py took 0.103 seconds
[2021-10-29 07:11:13,440] {processor.py:163} INFO - Started process (PID=744) to work on /home/airflow/.local/lib/python3.6/site-packages/airflow/example_dags/example_branch_operator.py
[2021-10-29 07:11:13,442] {processor.py:620} INFO - Processing file /home/airflow/.local/lib/python3.6/site-packages/airflow/example_dags/example_branch_operator.py for tasks to queue
[2021-10-29 07:11:13,444] {logging_mixin.py:109} INFO - [2021-10-29 07:11:13,443] {dagbag.py:500} INFO - Filling up the DagBag from /home/airflow/.local/lib/python3.6/site-packages/airflow/example_dags/example_branch_operator.py
[2021-10-29 07:11:13,486] {processor.py:632} INFO - DAG(s) dict_keys(['example_branch_operator']) retrieved from /home/airflow/.local/lib/python3.6/site-packages/airflow/example_dags/example_branch_operator.py
[2021-10-29 07:11:13,501] {logging_mixin.py:109} INFO - [2021-10-29 07:11:13,501] {dag.py:2389} INFO - Sync 1 DAGs
[2021-10-29 07:11:13,515] {logging_mixin.py:109} INFO - [2021-10-29 07:11:13,514] {dag.py:2914} INFO - Setting next_dagrun for example_branch_operator to 2021-10-28 00:00:00+00:00
[2021-10-29 07:11:13,527] {processor.py:171} INFO - Processing /home/airflow/.local/lib/python3.6/site-packages/airflow/example_dags/example_branch_operator.py took 0.091 seconds
[2021-10-29 07:11:43,654] {processor.py:163} INFO - Started process (PID=810) to work on /home/airflow/.local/lib/python3.6/site-packages/airflow/example_dags/example_branch_operator.py
[2021-10-29 07:11:43,658] {processor.py:620} INFO - Processing file /home/airflow/.local/lib/python3.6/site-packages/airflow/example_dags/example_branch_operator.py for tasks to queue
[2021-10-29 07:11:43,661] {logging_mixin.py:109} INFO - [2021-10-29 07:11:43,661] {dagbag.py:500} INFO - Filling up the DagBag from /home/airflow/.local/lib/python3.6/site-packages/airflow/example_dags/example_branch_operator.py
[2021-10-29 07:11:43,718] {processor.py:632} INFO - DAG(s) dict_keys(['example_branch_operator']) retrieved from /home/airflow/.local/lib/python3.6/site-packages/airflow/example_dags/example_branch_operator.py
[2021-10-29 07:11:43,740] {logging_mixin.py:109} INFO - [2021-10-29 07:11:43,740] {dag.py:2389} INFO - Sync 1 DAGs
[2021-10-29 07:11:43,757] {logging_mixin.py:109} INFO - [2021-10-29 07:11:43,757] {dag.py:2914} INFO - Setting next_dagrun for example_branch_operator to 2021-10-28 00:00:00+00:00
[2021-10-29 07:11:43,775] {processor.py:171} INFO - Processing /home/airflow/.local/lib/python3.6/site-packages/airflow/example_dags/example_branch_operator.py took 0.126 seconds
[2021-10-29 07:12:13,822] {processor.py:163} INFO - Started process (PID=863) to work on /home/airflow/.local/lib/python3.6/site-packages/airflow/example_dags/example_branch_operator.py
[2021-10-29 07:12:13,825] {processor.py:620} INFO - Processing file /home/airflow/.local/lib/python3.6/site-packages/airflow/example_dags/example_branch_operator.py for tasks to queue
[2021-10-29 07:12:13,827] {logging_mixin.py:109} INFO - [2021-10-29 07:12:13,827] {dagbag.py:500} INFO - Filling up the DagBag from /home/airflow/.local/lib/python3.6/site-packages/airflow/example_dags/example_branch_operator.py
[2021-10-29 07:12:13,876] {processor.py:632} INFO - DAG(s) dict_keys(['example_branch_operator']) retrieved from /home/airflow/.local/lib/python3.6/site-packages/airflow/example_dags/example_branch_operator.py
[2021-10-29 07:12:13,895] {logging_mixin.py:109} INFO - [2021-10-29 07:12:13,895] {dag.py:2389} INFO - Sync 1 DAGs
[2021-10-29 07:12:13,916] {logging_mixin.py:109} INFO - [2021-10-29 07:12:13,916] {dag.py:2914} INFO - Setting next_dagrun for example_branch_operator to 2021-10-28 00:00:00+00:00
[2021-10-29 07:12:13,933] {processor.py:171} INFO - Processing /home/airflow/.local/lib/python3.6/site-packages/airflow/example_dags/example_branch_operator.py took 0.115 seconds
[2021-10-29 07:12:44,031] {processor.py:163} INFO - Started process (PID=919) to work on /home/airflow/.local/lib/python3.6/site-packages/airflow/example_dags/example_branch_operator.py
[2021-10-29 07:12:44,034] {processor.py:620} INFO - Processing file /home/airflow/.local/lib/python3.6/site-packages/airflow/example_dags/example_branch_operator.py for tasks to queue
[2021-10-29 07:12:44,036] {logging_mixin.py:109} INFO - [2021-10-29 07:12:44,036] {dagbag.py:500} INFO - Filling up the DagBag from /home/airflow/.local/lib/python3.6/site-packages/airflow/example_dags/example_branch_operator.py
[2021-10-29 07:12:44,075] {processor.py:632} INFO - DAG(s) dict_keys(['example_branch_operator']) retrieved from /home/airflow/.local/lib/python3.6/site-packages/airflow/example_dags/example_branch_operator.py
[2021-10-29 07:12:44,089] {logging_mixin.py:109} INFO - [2021-10-29 07:12:44,089] {dag.py:2389} INFO - Sync 1 DAGs
[2021-10-29 07:12:44,104] {logging_mixin.py:109} INFO - [2021-10-29 07:12:44,103] {dag.py:2914} INFO - Setting next_dagrun for example_branch_operator to 2021-10-28 00:00:00+00:00
[2021-10-29 07:12:44,115] {processor.py:171} INFO - Processing /home/airflow/.local/lib/python3.6/site-packages/airflow/example_dags/example_branch_operator.py took 0.090 seconds
[2021-10-29 07:13:14,757] {processor.py:163} INFO - Started process (PID=985) to work on /home/airflow/.local/lib/python3.6/site-packages/airflow/example_dags/example_branch_operator.py
[2021-10-29 07:13:14,761] {processor.py:620} INFO - Processing file /home/airflow/.local/lib/python3.6/site-packages/airflow/example_dags/example_branch_operator.py for tasks to queue
[2021-10-29 07:13:14,763] {logging_mixin.py:109} INFO - [2021-10-29 07:13:14,763] {dagbag.py:500} INFO - Filling up the DagBag from /home/airflow/.local/lib/python3.6/site-packages/airflow/example_dags/example_branch_operator.py
[2021-10-29 07:13:14,803] {processor.py:632} INFO - DAG(s) dict_keys(['example_branch_operator']) retrieved from /home/airflow/.local/lib/python3.6/site-packages/airflow/example_dags/example_branch_operator.py
[2021-10-29 07:13:14,818] {logging_mixin.py:109} INFO - [2021-10-29 07:13:14,817] {dag.py:2389} INFO - Sync 1 DAGs
[2021-10-29 07:13:14,832] {logging_mixin.py:109} INFO - [2021-10-29 07:13:14,832] {dag.py:2914} INFO - Setting next_dagrun for example_branch_operator to 2021-10-28 00:00:00+00:00
[2021-10-29 07:13:14,845] {processor.py:171} INFO - Processing /home/airflow/.local/lib/python3.6/site-packages/airflow/example_dags/example_branch_operator.py took 0.093 seconds
[2021-10-29 07:13:45,703] {processor.py:163} INFO - Started process (PID=1040) to work on /home/airflow/.local/lib/python3.6/site-packages/airflow/example_dags/example_branch_operator.py
[2021-10-29 07:13:45,706] {processor.py:620} INFO - Processing file /home/airflow/.local/lib/python3.6/site-packages/airflow/example_dags/example_branch_operator.py for tasks to queue
[2021-10-29 07:13:45,708] {logging_mixin.py:109} INFO - [2021-10-29 07:13:45,708] {dagbag.py:500} INFO - Filling up the DagBag from /home/airflow/.local/lib/python3.6/site-packages/airflow/example_dags/example_branch_operator.py
[2021-10-29 07:13:45,751] {processor.py:632} INFO - DAG(s) dict_keys(['example_branch_operator']) retrieved from /home/airflow/.local/lib/python3.6/site-packages/airflow/example_dags/example_branch_operator.py
[2021-10-29 07:13:45,776] {logging_mixin.py:109} INFO - [2021-10-29 07:13:45,776] {dag.py:2389} INFO - Sync 1 DAGs
[2021-10-29 07:13:45,790] {logging_mixin.py:109} INFO - [2021-10-29 07:13:45,790] {dag.py:2914} INFO - Setting next_dagrun for example_branch_operator to 2021-10-28 00:00:00+00:00
[2021-10-29 07:13:45,803] {processor.py:171} INFO - Processing /home/airflow/.local/lib/python3.6/site-packages/airflow/example_dags/example_branch_operator.py took 0.104 seconds
[2021-10-29 07:14:16,373] {processor.py:163} INFO - Started process (PID=1107) to work on /home/airflow/.local/lib/python3.6/site-packages/airflow/example_dags/example_branch_operator.py
[2021-10-29 07:14:16,375] {processor.py:620} INFO - Processing file /home/airflow/.local/lib/python3.6/site-packages/airflow/example_dags/example_branch_operator.py for tasks to queue
[2021-10-29 07:14:16,377] {logging_mixin.py:109} INFO - [2021-10-29 07:14:16,377] {dagbag.py:500} INFO - Filling up the DagBag from /home/airflow/.local/lib/python3.6/site-packages/airflow/example_dags/example_branch_operator.py
[2021-10-29 07:14:16,417] {processor.py:632} INFO - DAG(s) dict_keys(['example_branch_operator']) retrieved from /home/airflow/.local/lib/python3.6/site-packages/airflow/example_dags/example_branch_operator.py
[2021-10-29 07:14:16,431] {logging_mixin.py:109} INFO - [2021-10-29 07:14:16,431] {dag.py:2389} INFO - Sync 1 DAGs
[2021-10-29 07:14:16,445] {logging_mixin.py:109} INFO - [2021-10-29 07:14:16,445] {dag.py:2914} INFO - Setting next_dagrun for example_branch_operator to 2021-10-28 00:00:00+00:00
[2021-10-29 07:14:16,459] {processor.py:171} INFO - Processing /home/airflow/.local/lib/python3.6/site-packages/airflow/example_dags/example_branch_operator.py took 0.091 seconds
[2021-10-29 07:14:47,061] {processor.py:163} INFO - Started process (PID=1162) to work on /home/airflow/.local/lib/python3.6/site-packages/airflow/example_dags/example_branch_operator.py
[2021-10-29 07:14:47,064] {processor.py:620} INFO - Processing file /home/airflow/.local/lib/python3.6/site-packages/airflow/example_dags/example_branch_operator.py for tasks to queue
[2021-10-29 07:14:47,067] {logging_mixin.py:109} INFO - [2021-10-29 07:14:47,067] {dagbag.py:500} INFO - Filling up the DagBag from /home/airflow/.local/lib/python3.6/site-packages/airflow/example_dags/example_branch_operator.py
[2021-10-29 07:14:47,110] {processor.py:632} INFO - DAG(s) dict_keys(['example_branch_operator']) retrieved from /home/airflow/.local/lib/python3.6/site-packages/airflow/example_dags/example_branch_operator.py
[2021-10-29 07:14:47,126] {logging_mixin.py:109} INFO - [2021-10-29 07:14:47,126] {dag.py:2389} INFO - Sync 1 DAGs
[2021-10-29 07:14:47,143] {logging_mixin.py:109} INFO - [2021-10-29 07:14:47,143] {dag.py:2914} INFO - Setting next_dagrun for example_branch_operator to 2021-10-28 00:00:00+00:00
[2021-10-29 07:14:47,158] {processor.py:171} INFO - Processing /home/airflow/.local/lib/python3.6/site-packages/airflow/example_dags/example_branch_operator.py took 0.103 seconds
[2021-10-29 07:15:17,889] {processor.py:163} INFO - Started process (PID=1227) to work on /home/airflow/.local/lib/python3.6/site-packages/airflow/example_dags/example_branch_operator.py
[2021-10-29 07:15:17,893] {processor.py:620} INFO - Processing file /home/airflow/.local/lib/python3.6/site-packages/airflow/example_dags/example_branch_operator.py for tasks to queue
[2021-10-29 07:15:17,895] {logging_mixin.py:109} INFO - [2021-10-29 07:15:17,895] {dagbag.py:500} INFO - Filling up the DagBag from /home/airflow/.local/lib/python3.6/site-packages/airflow/example_dags/example_branch_operator.py
[2021-10-29 07:15:17,943] {processor.py:632} INFO - DAG(s) dict_keys(['example_branch_operator']) retrieved from /home/airflow/.local/lib/python3.6/site-packages/airflow/example_dags/example_branch_operator.py
[2021-10-29 07:15:17,959] {logging_mixin.py:109} INFO - [2021-10-29 07:15:17,959] {dag.py:2389} INFO - Sync 1 DAGs
[2021-10-29 07:15:17,977] {logging_mixin.py:109} INFO - [2021-10-29 07:15:17,977] {dag.py:2914} INFO - Setting next_dagrun for example_branch_operator to 2021-10-28 00:00:00+00:00
[2021-10-29 07:15:17,993] {processor.py:171} INFO - Processing /home/airflow/.local/lib/python3.6/site-packages/airflow/example_dags/example_branch_operator.py took 0.109 seconds
