[2021-10-29 07:07:31,020] {processor.py:163} INFO - Started process (PID=218) to work on /home/airflow/.local/lib/python3.6/site-packages/airflow/example_dags/example_latest_only.py
[2021-10-29 07:07:31,025] {processor.py:620} INFO - Processing file /home/airflow/.local/lib/python3.6/site-packages/airflow/example_dags/example_latest_only.py for tasks to queue
[2021-10-29 07:07:31,029] {logging_mixin.py:109} INFO - [2021-10-29 07:07:31,029] {dagbag.py:500} INFO - Filling up the DagBag from /home/airflow/.local/lib/python3.6/site-packages/airflow/example_dags/example_latest_only.py
[2021-10-29 07:07:31,081] {processor.py:632} INFO - DAG(s) dict_keys(['latest_only']) retrieved from /home/airflow/.local/lib/python3.6/site-packages/airflow/example_dags/example_latest_only.py
[2021-10-29 07:07:32,829] {logging_mixin.py:109} INFO - [2021-10-29 07:07:32,829] {providers_manager.py:156} WARNING - Exception when importing 'airflow.providers.google.leveldb.hooks.leveldb.LevelDBHook' from 'apache-airflow-providers-google' package: No module named 'plyvel'
[2021-10-29 07:07:33,261] {logging_mixin.py:109} INFO - [2021-10-29 07:07:33,261] {providers_manager.py:156} WARNING - Exception when importing 'airflow.providers.google.leveldb.hooks.leveldb.LevelDBHook' from 'apache-airflow-providers-google' package: No module named 'plyvel'
[2021-10-29 07:07:33,285] {logging_mixin.py:109} INFO - [2021-10-29 07:07:33,284] {manager.py:496} INFO - Created Permission View: can read on DAG:latest_only
[2021-10-29 07:07:33,295] {logging_mixin.py:109} INFO - [2021-10-29 07:07:33,295] {manager.py:496} INFO - Created Permission View: can edit on DAG:latest_only
[2021-10-29 07:07:33,297] {logging_mixin.py:109} INFO - [2021-10-29 07:07:33,296] {dag.py:2389} INFO - Sync 1 DAGs
[2021-10-29 07:07:33,307] {logging_mixin.py:109} INFO - [2021-10-29 07:07:33,306] {dag.py:2408} INFO - Creating ORM DAG for latest_only
[2021-10-29 07:07:33,313] {logging_mixin.py:109} INFO - [2021-10-29 07:07:33,313] {dag.py:2914} INFO - Setting next_dagrun for latest_only to 2021-10-29T03:07:33.313013+00:00
[2021-10-29 07:07:33,329] {processor.py:171} INFO - Processing /home/airflow/.local/lib/python3.6/site-packages/airflow/example_dags/example_latest_only.py took 2.315 seconds
[2021-10-29 07:08:03,692] {processor.py:163} INFO - Started process (PID=374) to work on /home/airflow/.local/lib/python3.6/site-packages/airflow/example_dags/example_latest_only.py
[2021-10-29 07:08:03,694] {processor.py:620} INFO - Processing file /home/airflow/.local/lib/python3.6/site-packages/airflow/example_dags/example_latest_only.py for tasks to queue
[2021-10-29 07:08:03,696] {logging_mixin.py:109} INFO - [2021-10-29 07:08:03,696] {dagbag.py:500} INFO - Filling up the DagBag from /home/airflow/.local/lib/python3.6/site-packages/airflow/example_dags/example_latest_only.py
[2021-10-29 07:08:03,730] {processor.py:632} INFO - DAG(s) dict_keys(['latest_only']) retrieved from /home/airflow/.local/lib/python3.6/site-packages/airflow/example_dags/example_latest_only.py
[2021-10-29 07:08:03,744] {logging_mixin.py:109} INFO - [2021-10-29 07:08:03,743] {dag.py:2389} INFO - Sync 1 DAGs
[2021-10-29 07:08:03,757] {logging_mixin.py:109} INFO - [2021-10-29 07:08:03,757] {dag.py:2914} INFO - Setting next_dagrun for latest_only to 2021-10-29T03:08:03.757301+00:00
[2021-10-29 07:08:03,770] {processor.py:171} INFO - Processing /home/airflow/.local/lib/python3.6/site-packages/airflow/example_dags/example_latest_only.py took 0.082 seconds
[2021-10-29 07:08:34,256] {processor.py:163} INFO - Started process (PID=437) to work on /home/airflow/.local/lib/python3.6/site-packages/airflow/example_dags/example_latest_only.py
[2021-10-29 07:08:34,260] {processor.py:620} INFO - Processing file /home/airflow/.local/lib/python3.6/site-packages/airflow/example_dags/example_latest_only.py for tasks to queue
[2021-10-29 07:08:34,262] {logging_mixin.py:109} INFO - [2021-10-29 07:08:34,262] {dagbag.py:500} INFO - Filling up the DagBag from /home/airflow/.local/lib/python3.6/site-packages/airflow/example_dags/example_latest_only.py
[2021-10-29 07:08:34,305] {processor.py:632} INFO - DAG(s) dict_keys(['latest_only']) retrieved from /home/airflow/.local/lib/python3.6/site-packages/airflow/example_dags/example_latest_only.py
[2021-10-29 07:08:34,321] {logging_mixin.py:109} INFO - [2021-10-29 07:08:34,321] {dag.py:2389} INFO - Sync 1 DAGs
[2021-10-29 07:08:34,337] {logging_mixin.py:109} INFO - [2021-10-29 07:08:34,337] {dag.py:2914} INFO - Setting next_dagrun for latest_only to 2021-10-29T03:08:34.337244+00:00
[2021-10-29 07:08:34,353] {processor.py:171} INFO - Processing /home/airflow/.local/lib/python3.6/site-packages/airflow/example_dags/example_latest_only.py took 0.106 seconds
[2021-10-29 07:09:04,712] {processor.py:163} INFO - Started process (PID=494) to work on /home/airflow/.local/lib/python3.6/site-packages/airflow/example_dags/example_latest_only.py
[2021-10-29 07:09:04,715] {processor.py:620} INFO - Processing file /home/airflow/.local/lib/python3.6/site-packages/airflow/example_dags/example_latest_only.py for tasks to queue
[2021-10-29 07:09:04,718] {logging_mixin.py:109} INFO - [2021-10-29 07:09:04,717] {dagbag.py:500} INFO - Filling up the DagBag from /home/airflow/.local/lib/python3.6/site-packages/airflow/example_dags/example_latest_only.py
[2021-10-29 07:09:04,752] {processor.py:632} INFO - DAG(s) dict_keys(['latest_only']) retrieved from /home/airflow/.local/lib/python3.6/site-packages/airflow/example_dags/example_latest_only.py
[2021-10-29 07:09:04,766] {logging_mixin.py:109} INFO - [2021-10-29 07:09:04,766] {dag.py:2389} INFO - Sync 1 DAGs
[2021-10-29 07:09:04,779] {logging_mixin.py:109} INFO - [2021-10-29 07:09:04,779] {dag.py:2914} INFO - Setting next_dagrun for latest_only to 2021-10-29T03:09:04.779191+00:00
[2021-10-29 07:09:04,791] {processor.py:171} INFO - Processing /home/airflow/.local/lib/python3.6/site-packages/airflow/example_dags/example_latest_only.py took 0.085 seconds
[2021-10-29 07:09:35,098] {processor.py:163} INFO - Started process (PID=549) to work on /home/airflow/.local/lib/python3.6/site-packages/airflow/example_dags/example_latest_only.py
[2021-10-29 07:09:35,100] {processor.py:620} INFO - Processing file /home/airflow/.local/lib/python3.6/site-packages/airflow/example_dags/example_latest_only.py for tasks to queue
[2021-10-29 07:09:35,102] {logging_mixin.py:109} INFO - [2021-10-29 07:09:35,102] {dagbag.py:500} INFO - Filling up the DagBag from /home/airflow/.local/lib/python3.6/site-packages/airflow/example_dags/example_latest_only.py
[2021-10-29 07:09:35,137] {processor.py:632} INFO - DAG(s) dict_keys(['latest_only']) retrieved from /home/airflow/.local/lib/python3.6/site-packages/airflow/example_dags/example_latest_only.py
[2021-10-29 07:09:35,152] {logging_mixin.py:109} INFO - [2021-10-29 07:09:35,152] {dag.py:2389} INFO - Sync 1 DAGs
[2021-10-29 07:09:35,167] {logging_mixin.py:109} INFO - [2021-10-29 07:09:35,167] {dag.py:2914} INFO - Setting next_dagrun for latest_only to 2021-10-29T03:09:35.167256+00:00
[2021-10-29 07:09:35,184] {processor.py:171} INFO - Processing /home/airflow/.local/lib/python3.6/site-packages/airflow/example_dags/example_latest_only.py took 0.091 seconds
[2021-10-29 07:10:05,545] {processor.py:163} INFO - Started process (PID=618) to work on /home/airflow/.local/lib/python3.6/site-packages/airflow/example_dags/example_latest_only.py
[2021-10-29 07:10:05,548] {processor.py:620} INFO - Processing file /home/airflow/.local/lib/python3.6/site-packages/airflow/example_dags/example_latest_only.py for tasks to queue
[2021-10-29 07:10:05,550] {logging_mixin.py:109} INFO - [2021-10-29 07:10:05,550] {dagbag.py:500} INFO - Filling up the DagBag from /home/airflow/.local/lib/python3.6/site-packages/airflow/example_dags/example_latest_only.py
[2021-10-29 07:10:05,588] {processor.py:632} INFO - DAG(s) dict_keys(['latest_only']) retrieved from /home/airflow/.local/lib/python3.6/site-packages/airflow/example_dags/example_latest_only.py
[2021-10-29 07:10:05,603] {logging_mixin.py:109} INFO - [2021-10-29 07:10:05,603] {dag.py:2389} INFO - Sync 1 DAGs
[2021-10-29 07:10:05,616] {logging_mixin.py:109} INFO - [2021-10-29 07:10:05,616] {dag.py:2914} INFO - Setting next_dagrun for latest_only to 2021-10-29T03:10:05.616388+00:00
[2021-10-29 07:10:05,630] {processor.py:171} INFO - Processing /home/airflow/.local/lib/python3.6/site-packages/airflow/example_dags/example_latest_only.py took 0.091 seconds
[2021-10-29 07:10:36,322] {processor.py:163} INFO - Started process (PID=672) to work on /home/airflow/.local/lib/python3.6/site-packages/airflow/example_dags/example_latest_only.py
[2021-10-29 07:10:36,325] {processor.py:620} INFO - Processing file /home/airflow/.local/lib/python3.6/site-packages/airflow/example_dags/example_latest_only.py for tasks to queue
[2021-10-29 07:10:36,327] {logging_mixin.py:109} INFO - [2021-10-29 07:10:36,327] {dagbag.py:500} INFO - Filling up the DagBag from /home/airflow/.local/lib/python3.6/site-packages/airflow/example_dags/example_latest_only.py
[2021-10-29 07:10:36,366] {processor.py:632} INFO - DAG(s) dict_keys(['latest_only']) retrieved from /home/airflow/.local/lib/python3.6/site-packages/airflow/example_dags/example_latest_only.py
[2021-10-29 07:10:36,385] {logging_mixin.py:109} INFO - [2021-10-29 07:10:36,384] {dag.py:2389} INFO - Sync 1 DAGs
[2021-10-29 07:10:36,401] {logging_mixin.py:109} INFO - [2021-10-29 07:10:36,401] {dag.py:2914} INFO - Setting next_dagrun for latest_only to 2021-10-29T03:10:36.400927+00:00
[2021-10-29 07:10:36,415] {processor.py:171} INFO - Processing /home/airflow/.local/lib/python3.6/site-packages/airflow/example_dags/example_latest_only.py took 0.097 seconds
[2021-10-29 07:11:06,986] {processor.py:163} INFO - Started process (PID=738) to work on /home/airflow/.local/lib/python3.6/site-packages/airflow/example_dags/example_latest_only.py
[2021-10-29 07:11:06,988] {processor.py:620} INFO - Processing file /home/airflow/.local/lib/python3.6/site-packages/airflow/example_dags/example_latest_only.py for tasks to queue
[2021-10-29 07:11:06,990] {logging_mixin.py:109} INFO - [2021-10-29 07:11:06,990] {dagbag.py:500} INFO - Filling up the DagBag from /home/airflow/.local/lib/python3.6/site-packages/airflow/example_dags/example_latest_only.py
[2021-10-29 07:11:07,028] {processor.py:632} INFO - DAG(s) dict_keys(['latest_only']) retrieved from /home/airflow/.local/lib/python3.6/site-packages/airflow/example_dags/example_latest_only.py
[2021-10-29 07:11:07,042] {logging_mixin.py:109} INFO - [2021-10-29 07:11:07,042] {dag.py:2389} INFO - Sync 1 DAGs
[2021-10-29 07:11:07,055] {logging_mixin.py:109} INFO - [2021-10-29 07:11:07,055] {dag.py:2914} INFO - Setting next_dagrun for latest_only to 2021-10-29T03:11:07.055557+00:00
[2021-10-29 07:11:07,069] {processor.py:171} INFO - Processing /home/airflow/.local/lib/python3.6/site-packages/airflow/example_dags/example_latest_only.py took 0.086 seconds
[2021-10-29 07:11:37,222] {processor.py:163} INFO - Started process (PID=793) to work on /home/airflow/.local/lib/python3.6/site-packages/airflow/example_dags/example_latest_only.py
[2021-10-29 07:11:37,225] {processor.py:620} INFO - Processing file /home/airflow/.local/lib/python3.6/site-packages/airflow/example_dags/example_latest_only.py for tasks to queue
[2021-10-29 07:11:37,227] {logging_mixin.py:109} INFO - [2021-10-29 07:11:37,227] {dagbag.py:500} INFO - Filling up the DagBag from /home/airflow/.local/lib/python3.6/site-packages/airflow/example_dags/example_latest_only.py
[2021-10-29 07:11:37,277] {processor.py:632} INFO - DAG(s) dict_keys(['latest_only']) retrieved from /home/airflow/.local/lib/python3.6/site-packages/airflow/example_dags/example_latest_only.py
[2021-10-29 07:11:37,294] {logging_mixin.py:109} INFO - [2021-10-29 07:11:37,294] {dag.py:2389} INFO - Sync 1 DAGs
[2021-10-29 07:11:37,309] {logging_mixin.py:109} INFO - [2021-10-29 07:11:37,308] {dag.py:2914} INFO - Setting next_dagrun for latest_only to 2021-10-29T03:11:37.308676+00:00
[2021-10-29 07:11:37,321] {processor.py:171} INFO - Processing /home/airflow/.local/lib/python3.6/site-packages/airflow/example_dags/example_latest_only.py took 0.105 seconds
[2021-10-29 07:12:08,112] {processor.py:163} INFO - Started process (PID=857) to work on /home/airflow/.local/lib/python3.6/site-packages/airflow/example_dags/example_latest_only.py
[2021-10-29 07:12:08,116] {processor.py:620} INFO - Processing file /home/airflow/.local/lib/python3.6/site-packages/airflow/example_dags/example_latest_only.py for tasks to queue
[2021-10-29 07:12:08,117] {logging_mixin.py:109} INFO - [2021-10-29 07:12:08,117] {dagbag.py:500} INFO - Filling up the DagBag from /home/airflow/.local/lib/python3.6/site-packages/airflow/example_dags/example_latest_only.py
[2021-10-29 07:12:08,159] {processor.py:632} INFO - DAG(s) dict_keys(['latest_only']) retrieved from /home/airflow/.local/lib/python3.6/site-packages/airflow/example_dags/example_latest_only.py
[2021-10-29 07:12:08,175] {logging_mixin.py:109} INFO - [2021-10-29 07:12:08,175] {dag.py:2389} INFO - Sync 1 DAGs
[2021-10-29 07:12:08,190] {logging_mixin.py:109} INFO - [2021-10-29 07:12:08,190] {dag.py:2914} INFO - Setting next_dagrun for latest_only to 2021-10-29T03:12:08.189869+00:00
[2021-10-29 07:12:08,207] {processor.py:171} INFO - Processing /home/airflow/.local/lib/python3.6/site-packages/airflow/example_dags/example_latest_only.py took 0.100 seconds
[2021-10-29 07:12:38,432] {processor.py:163} INFO - Started process (PID=913) to work on /home/airflow/.local/lib/python3.6/site-packages/airflow/example_dags/example_latest_only.py
[2021-10-29 07:12:38,436] {processor.py:620} INFO - Processing file /home/airflow/.local/lib/python3.6/site-packages/airflow/example_dags/example_latest_only.py for tasks to queue
[2021-10-29 07:12:38,438] {logging_mixin.py:109} INFO - [2021-10-29 07:12:38,438] {dagbag.py:500} INFO - Filling up the DagBag from /home/airflow/.local/lib/python3.6/site-packages/airflow/example_dags/example_latest_only.py
[2021-10-29 07:12:38,476] {processor.py:632} INFO - DAG(s) dict_keys(['latest_only']) retrieved from /home/airflow/.local/lib/python3.6/site-packages/airflow/example_dags/example_latest_only.py
[2021-10-29 07:12:38,490] {logging_mixin.py:109} INFO - [2021-10-29 07:12:38,490] {dag.py:2389} INFO - Sync 1 DAGs
[2021-10-29 07:12:38,505] {logging_mixin.py:109} INFO - [2021-10-29 07:12:38,505] {dag.py:2914} INFO - Setting next_dagrun for latest_only to 2021-10-29T03:12:38.505388+00:00
[2021-10-29 07:12:38,520] {processor.py:171} INFO - Processing /home/airflow/.local/lib/python3.6/site-packages/airflow/example_dags/example_latest_only.py took 0.093 seconds
[2021-10-29 07:13:09,424] {processor.py:163} INFO - Started process (PID=978) to work on /home/airflow/.local/lib/python3.6/site-packages/airflow/example_dags/example_latest_only.py
[2021-10-29 07:13:09,427] {processor.py:620} INFO - Processing file /home/airflow/.local/lib/python3.6/site-packages/airflow/example_dags/example_latest_only.py for tasks to queue
[2021-10-29 07:13:09,429] {logging_mixin.py:109} INFO - [2021-10-29 07:13:09,429] {dagbag.py:500} INFO - Filling up the DagBag from /home/airflow/.local/lib/python3.6/site-packages/airflow/example_dags/example_latest_only.py
[2021-10-29 07:13:09,485] {processor.py:632} INFO - DAG(s) dict_keys(['latest_only']) retrieved from /home/airflow/.local/lib/python3.6/site-packages/airflow/example_dags/example_latest_only.py
[2021-10-29 07:13:09,500] {logging_mixin.py:109} INFO - [2021-10-29 07:13:09,500] {dag.py:2389} INFO - Sync 1 DAGs
[2021-10-29 07:13:09,516] {logging_mixin.py:109} INFO - [2021-10-29 07:13:09,516] {dag.py:2914} INFO - Setting next_dagrun for latest_only to 2021-10-29T03:13:09.515839+00:00
[2021-10-29 07:13:09,531] {processor.py:171} INFO - Processing /home/airflow/.local/lib/python3.6/site-packages/airflow/example_dags/example_latest_only.py took 0.112 seconds
[2021-10-29 07:13:40,287] {processor.py:163} INFO - Started process (PID=1034) to work on /home/airflow/.local/lib/python3.6/site-packages/airflow/example_dags/example_latest_only.py
[2021-10-29 07:13:40,291] {processor.py:620} INFO - Processing file /home/airflow/.local/lib/python3.6/site-packages/airflow/example_dags/example_latest_only.py for tasks to queue
[2021-10-29 07:13:40,293] {logging_mixin.py:109} INFO - [2021-10-29 07:13:40,293] {dagbag.py:500} INFO - Filling up the DagBag from /home/airflow/.local/lib/python3.6/site-packages/airflow/example_dags/example_latest_only.py
[2021-10-29 07:13:40,327] {processor.py:632} INFO - DAG(s) dict_keys(['latest_only']) retrieved from /home/airflow/.local/lib/python3.6/site-packages/airflow/example_dags/example_latest_only.py
[2021-10-29 07:13:40,340] {logging_mixin.py:109} INFO - [2021-10-29 07:13:40,340] {dag.py:2389} INFO - Sync 1 DAGs
[2021-10-29 07:13:40,353] {logging_mixin.py:109} INFO - [2021-10-29 07:13:40,353] {dag.py:2914} INFO - Setting next_dagrun for latest_only to 2021-10-29T03:13:40.353465+00:00
[2021-10-29 07:13:40,366] {processor.py:171} INFO - Processing /home/airflow/.local/lib/python3.6/site-packages/airflow/example_dags/example_latest_only.py took 0.084 seconds
[2021-10-29 07:14:10,978] {processor.py:163} INFO - Started process (PID=1100) to work on /home/airflow/.local/lib/python3.6/site-packages/airflow/example_dags/example_latest_only.py
[2021-10-29 07:14:10,981] {processor.py:620} INFO - Processing file /home/airflow/.local/lib/python3.6/site-packages/airflow/example_dags/example_latest_only.py for tasks to queue
[2021-10-29 07:14:10,983] {logging_mixin.py:109} INFO - [2021-10-29 07:14:10,983] {dagbag.py:500} INFO - Filling up the DagBag from /home/airflow/.local/lib/python3.6/site-packages/airflow/example_dags/example_latest_only.py
[2021-10-29 07:14:11,019] {processor.py:632} INFO - DAG(s) dict_keys(['latest_only']) retrieved from /home/airflow/.local/lib/python3.6/site-packages/airflow/example_dags/example_latest_only.py
[2021-10-29 07:14:11,034] {logging_mixin.py:109} INFO - [2021-10-29 07:14:11,034] {dag.py:2389} INFO - Sync 1 DAGs
[2021-10-29 07:14:11,048] {logging_mixin.py:109} INFO - [2021-10-29 07:14:11,048] {dag.py:2914} INFO - Setting next_dagrun for latest_only to 2021-10-29T03:14:11.048049+00:00
[2021-10-29 07:14:11,062] {processor.py:171} INFO - Processing /home/airflow/.local/lib/python3.6/site-packages/airflow/example_dags/example_latest_only.py took 0.088 seconds
[2021-10-29 07:14:41,632] {processor.py:163} INFO - Started process (PID=1156) to work on /home/airflow/.local/lib/python3.6/site-packages/airflow/example_dags/example_latest_only.py
[2021-10-29 07:14:41,636] {processor.py:620} INFO - Processing file /home/airflow/.local/lib/python3.6/site-packages/airflow/example_dags/example_latest_only.py for tasks to queue
[2021-10-29 07:14:41,637] {logging_mixin.py:109} INFO - [2021-10-29 07:14:41,637] {dagbag.py:500} INFO - Filling up the DagBag from /home/airflow/.local/lib/python3.6/site-packages/airflow/example_dags/example_latest_only.py
[2021-10-29 07:14:41,673] {processor.py:632} INFO - DAG(s) dict_keys(['latest_only']) retrieved from /home/airflow/.local/lib/python3.6/site-packages/airflow/example_dags/example_latest_only.py
[2021-10-29 07:14:41,688] {logging_mixin.py:109} INFO - [2021-10-29 07:14:41,687] {dag.py:2389} INFO - Sync 1 DAGs
[2021-10-29 07:14:41,703] {logging_mixin.py:109} INFO - [2021-10-29 07:14:41,703] {dag.py:2914} INFO - Setting next_dagrun for latest_only to 2021-10-29T03:14:41.702942+00:00
[2021-10-29 07:14:41,729] {processor.py:171} INFO - Processing /home/airflow/.local/lib/python3.6/site-packages/airflow/example_dags/example_latest_only.py took 0.102 seconds
[2021-10-29 07:15:12,289] {processor.py:163} INFO - Started process (PID=1211) to work on /home/airflow/.local/lib/python3.6/site-packages/airflow/example_dags/example_latest_only.py
[2021-10-29 07:15:12,293] {processor.py:620} INFO - Processing file /home/airflow/.local/lib/python3.6/site-packages/airflow/example_dags/example_latest_only.py for tasks to queue
[2021-10-29 07:15:12,295] {logging_mixin.py:109} INFO - [2021-10-29 07:15:12,294] {dagbag.py:500} INFO - Filling up the DagBag from /home/airflow/.local/lib/python3.6/site-packages/airflow/example_dags/example_latest_only.py
[2021-10-29 07:15:12,328] {processor.py:632} INFO - DAG(s) dict_keys(['latest_only']) retrieved from /home/airflow/.local/lib/python3.6/site-packages/airflow/example_dags/example_latest_only.py
[2021-10-29 07:15:12,341] {logging_mixin.py:109} INFO - [2021-10-29 07:15:12,341] {dag.py:2389} INFO - Sync 1 DAGs
[2021-10-29 07:15:12,354] {logging_mixin.py:109} INFO - [2021-10-29 07:15:12,354] {dag.py:2914} INFO - Setting next_dagrun for latest_only to 2021-10-29T03:15:12.354449+00:00
[2021-10-29 07:15:12,367] {processor.py:171} INFO - Processing /home/airflow/.local/lib/python3.6/site-packages/airflow/example_dags/example_latest_only.py took 0.083 seconds
