[2021-10-29 07:06:44,659] {processor.py:163} INFO - Started process (PID=112) to work on /home/airflow/.local/lib/python3.6/site-packages/airflow/example_dags/example_task_group_decorator.py
[2021-10-29 07:06:44,667] {processor.py:620} INFO - Processing file /home/airflow/.local/lib/python3.6/site-packages/airflow/example_dags/example_task_group_decorator.py for tasks to queue
[2021-10-29 07:06:44,682] {logging_mixin.py:109} INFO - [2021-10-29 07:06:44,681] {dagbag.py:500} INFO - Filling up the DagBag from /home/airflow/.local/lib/python3.6/site-packages/airflow/example_dags/example_task_group_decorator.py
[2021-10-29 07:06:44,914] {processor.py:632} INFO - DAG(s) dict_keys(['example_task_group_decorator']) retrieved from /home/airflow/.local/lib/python3.6/site-packages/airflow/example_dags/example_task_group_decorator.py
[2021-10-29 07:06:50,843] {logging_mixin.py:109} INFO - [2021-10-29 07:06:50,843] {providers_manager.py:156} WARNING - Exception when importing 'airflow.providers.google.leveldb.hooks.leveldb.LevelDBHook' from 'apache-airflow-providers-google' package: No module named 'plyvel'
[2021-10-29 07:06:52,355] {logging_mixin.py:109} INFO - [2021-10-29 07:06:52,355] {providers_manager.py:156} WARNING - Exception when importing 'airflow.providers.google.leveldb.hooks.leveldb.LevelDBHook' from 'apache-airflow-providers-google' package: No module named 'plyvel'
[2021-10-29 07:06:52,477] {logging_mixin.py:109} INFO - [2021-10-29 07:06:52,477] {manager.py:496} INFO - Created Permission View: can read on DAG:example_task_group_decorator
[2021-10-29 07:06:52,508] {logging_mixin.py:109} INFO - [2021-10-29 07:06:52,508] {manager.py:496} INFO - Created Permission View: can edit on DAG:example_task_group_decorator
[2021-10-29 07:06:52,528] {logging_mixin.py:109} INFO - [2021-10-29 07:06:52,518] {dag.py:2389} INFO - Sync 1 DAGs
[2021-10-29 07:06:52,605] {logging_mixin.py:109} INFO - [2021-10-29 07:06:52,603] {dag.py:2408} INFO - Creating ORM DAG for example_task_group_decorator
[2021-10-29 07:06:52,636] {logging_mixin.py:109} INFO - [2021-10-29 07:06:52,634] {dag.py:2914} INFO - Setting next_dagrun for example_task_group_decorator to 2021-10-28T07:06:52.633397+00:00
[2021-10-29 07:06:52,754] {processor.py:171} INFO - Processing /home/airflow/.local/lib/python3.6/site-packages/airflow/example_dags/example_task_group_decorator.py took 8.076 seconds
[2021-10-29 07:07:23,474] {processor.py:163} INFO - Started process (PID=182) to work on /home/airflow/.local/lib/python3.6/site-packages/airflow/example_dags/example_task_group_decorator.py
[2021-10-29 07:07:23,480] {processor.py:620} INFO - Processing file /home/airflow/.local/lib/python3.6/site-packages/airflow/example_dags/example_task_group_decorator.py for tasks to queue
[2021-10-29 07:07:23,484] {logging_mixin.py:109} INFO - [2021-10-29 07:07:23,483] {dagbag.py:500} INFO - Filling up the DagBag from /home/airflow/.local/lib/python3.6/site-packages/airflow/example_dags/example_task_group_decorator.py
[2021-10-29 07:07:23,599] {processor.py:632} INFO - DAG(s) dict_keys(['example_task_group_decorator']) retrieved from /home/airflow/.local/lib/python3.6/site-packages/airflow/example_dags/example_task_group_decorator.py
[2021-10-29 07:07:24,099] {logging_mixin.py:109} INFO - [2021-10-29 07:07:24,099] {dag.py:2389} INFO - Sync 1 DAGs
[2021-10-29 07:07:24,123] {logging_mixin.py:109} INFO - [2021-10-29 07:07:24,122] {dag.py:2914} INFO - Setting next_dagrun for example_task_group_decorator to 2021-10-28T07:07:24.120576+00:00
[2021-10-29 07:07:24,149] {processor.py:171} INFO - Processing /home/airflow/.local/lib/python3.6/site-packages/airflow/example_dags/example_task_group_decorator.py took 0.718 seconds
[2021-10-29 07:07:54,788] {processor.py:163} INFO - Started process (PID=355) to work on /home/airflow/.local/lib/python3.6/site-packages/airflow/example_dags/example_task_group_decorator.py
[2021-10-29 07:07:54,793] {processor.py:620} INFO - Processing file /home/airflow/.local/lib/python3.6/site-packages/airflow/example_dags/example_task_group_decorator.py for tasks to queue
[2021-10-29 07:07:54,794] {logging_mixin.py:109} INFO - [2021-10-29 07:07:54,794] {dagbag.py:500} INFO - Filling up the DagBag from /home/airflow/.local/lib/python3.6/site-packages/airflow/example_dags/example_task_group_decorator.py
[2021-10-29 07:07:54,878] {processor.py:632} INFO - DAG(s) dict_keys(['example_task_group_decorator']) retrieved from /home/airflow/.local/lib/python3.6/site-packages/airflow/example_dags/example_task_group_decorator.py
[2021-10-29 07:07:55,240] {logging_mixin.py:109} INFO - [2021-10-29 07:07:55,240] {dag.py:2389} INFO - Sync 1 DAGs
[2021-10-29 07:07:55,253] {logging_mixin.py:109} INFO - [2021-10-29 07:07:55,253] {dag.py:2914} INFO - Setting next_dagrun for example_task_group_decorator to 2021-10-28T07:07:55.253267+00:00
[2021-10-29 07:07:55,274] {processor.py:171} INFO - Processing /home/airflow/.local/lib/python3.6/site-packages/airflow/example_dags/example_task_group_decorator.py took 0.496 seconds
[2021-10-29 07:08:25,375] {processor.py:163} INFO - Started process (PID=421) to work on /home/airflow/.local/lib/python3.6/site-packages/airflow/example_dags/example_task_group_decorator.py
[2021-10-29 07:08:25,377] {processor.py:620} INFO - Processing file /home/airflow/.local/lib/python3.6/site-packages/airflow/example_dags/example_task_group_decorator.py for tasks to queue
[2021-10-29 07:08:25,380] {logging_mixin.py:109} INFO - [2021-10-29 07:08:25,379] {dagbag.py:500} INFO - Filling up the DagBag from /home/airflow/.local/lib/python3.6/site-packages/airflow/example_dags/example_task_group_decorator.py
[2021-10-29 07:08:25,441] {processor.py:632} INFO - DAG(s) dict_keys(['example_task_group_decorator']) retrieved from /home/airflow/.local/lib/python3.6/site-packages/airflow/example_dags/example_task_group_decorator.py
[2021-10-29 07:08:25,681] {logging_mixin.py:109} INFO - [2021-10-29 07:08:25,681] {dag.py:2389} INFO - Sync 1 DAGs
[2021-10-29 07:08:25,693] {logging_mixin.py:109} INFO - [2021-10-29 07:08:25,693] {dag.py:2914} INFO - Setting next_dagrun for example_task_group_decorator to 2021-10-28T07:08:25.693218+00:00
[2021-10-29 07:08:25,718] {processor.py:171} INFO - Processing /home/airflow/.local/lib/python3.6/site-packages/airflow/example_dags/example_task_group_decorator.py took 0.347 seconds
[2021-10-29 07:08:55,874] {processor.py:163} INFO - Started process (PID=475) to work on /home/airflow/.local/lib/python3.6/site-packages/airflow/example_dags/example_task_group_decorator.py
[2021-10-29 07:08:55,877] {processor.py:620} INFO - Processing file /home/airflow/.local/lib/python3.6/site-packages/airflow/example_dags/example_task_group_decorator.py for tasks to queue
[2021-10-29 07:08:55,879] {logging_mixin.py:109} INFO - [2021-10-29 07:08:55,879] {dagbag.py:500} INFO - Filling up the DagBag from /home/airflow/.local/lib/python3.6/site-packages/airflow/example_dags/example_task_group_decorator.py
[2021-10-29 07:08:55,952] {processor.py:632} INFO - DAG(s) dict_keys(['example_task_group_decorator']) retrieved from /home/airflow/.local/lib/python3.6/site-packages/airflow/example_dags/example_task_group_decorator.py
[2021-10-29 07:08:56,178] {logging_mixin.py:109} INFO - [2021-10-29 07:08:56,178] {dag.py:2389} INFO - Sync 1 DAGs
[2021-10-29 07:08:56,190] {logging_mixin.py:109} INFO - [2021-10-29 07:08:56,190] {dag.py:2914} INFO - Setting next_dagrun for example_task_group_decorator to 2021-10-28T07:08:56.189715+00:00
[2021-10-29 07:08:56,206] {processor.py:171} INFO - Processing /home/airflow/.local/lib/python3.6/site-packages/airflow/example_dags/example_task_group_decorator.py took 0.338 seconds
[2021-10-29 07:09:26,520] {processor.py:163} INFO - Started process (PID=540) to work on /home/airflow/.local/lib/python3.6/site-packages/airflow/example_dags/example_task_group_decorator.py
[2021-10-29 07:09:26,522] {processor.py:620} INFO - Processing file /home/airflow/.local/lib/python3.6/site-packages/airflow/example_dags/example_task_group_decorator.py for tasks to queue
[2021-10-29 07:09:26,524] {logging_mixin.py:109} INFO - [2021-10-29 07:09:26,524] {dagbag.py:500} INFO - Filling up the DagBag from /home/airflow/.local/lib/python3.6/site-packages/airflow/example_dags/example_task_group_decorator.py
[2021-10-29 07:09:26,582] {processor.py:632} INFO - DAG(s) dict_keys(['example_task_group_decorator']) retrieved from /home/airflow/.local/lib/python3.6/site-packages/airflow/example_dags/example_task_group_decorator.py
[2021-10-29 07:09:26,793] {logging_mixin.py:109} INFO - [2021-10-29 07:09:26,793] {dag.py:2389} INFO - Sync 1 DAGs
[2021-10-29 07:09:26,806] {logging_mixin.py:109} INFO - [2021-10-29 07:09:26,806] {dag.py:2914} INFO - Setting next_dagrun for example_task_group_decorator to 2021-10-28T07:09:26.805749+00:00
[2021-10-29 07:09:26,821] {processor.py:171} INFO - Processing /home/airflow/.local/lib/python3.6/site-packages/airflow/example_dags/example_task_group_decorator.py took 0.305 seconds
[2021-10-29 07:09:56,872] {processor.py:163} INFO - Started process (PID=597) to work on /home/airflow/.local/lib/python3.6/site-packages/airflow/example_dags/example_task_group_decorator.py
[2021-10-29 07:09:56,875] {processor.py:620} INFO - Processing file /home/airflow/.local/lib/python3.6/site-packages/airflow/example_dags/example_task_group_decorator.py for tasks to queue
[2021-10-29 07:09:56,877] {logging_mixin.py:109} INFO - [2021-10-29 07:09:56,877] {dagbag.py:500} INFO - Filling up the DagBag from /home/airflow/.local/lib/python3.6/site-packages/airflow/example_dags/example_task_group_decorator.py
[2021-10-29 07:09:56,930] {processor.py:632} INFO - DAG(s) dict_keys(['example_task_group_decorator']) retrieved from /home/airflow/.local/lib/python3.6/site-packages/airflow/example_dags/example_task_group_decorator.py
[2021-10-29 07:09:57,196] {logging_mixin.py:109} INFO - [2021-10-29 07:09:57,196] {dag.py:2389} INFO - Sync 1 DAGs
[2021-10-29 07:09:57,210] {logging_mixin.py:109} INFO - [2021-10-29 07:09:57,209] {dag.py:2914} INFO - Setting next_dagrun for example_task_group_decorator to 2021-10-28T07:09:57.209621+00:00
[2021-10-29 07:09:57,226] {processor.py:171} INFO - Processing /home/airflow/.local/lib/python3.6/site-packages/airflow/example_dags/example_task_group_decorator.py took 0.358 seconds
[2021-10-29 07:10:27,461] {processor.py:163} INFO - Started process (PID=663) to work on /home/airflow/.local/lib/python3.6/site-packages/airflow/example_dags/example_task_group_decorator.py
[2021-10-29 07:10:27,466] {processor.py:620} INFO - Processing file /home/airflow/.local/lib/python3.6/site-packages/airflow/example_dags/example_task_group_decorator.py for tasks to queue
[2021-10-29 07:10:27,469] {logging_mixin.py:109} INFO - [2021-10-29 07:10:27,469] {dagbag.py:500} INFO - Filling up the DagBag from /home/airflow/.local/lib/python3.6/site-packages/airflow/example_dags/example_task_group_decorator.py
[2021-10-29 07:10:27,535] {processor.py:632} INFO - DAG(s) dict_keys(['example_task_group_decorator']) retrieved from /home/airflow/.local/lib/python3.6/site-packages/airflow/example_dags/example_task_group_decorator.py
[2021-10-29 07:10:27,871] {logging_mixin.py:109} INFO - [2021-10-29 07:10:27,871] {dag.py:2389} INFO - Sync 1 DAGs
[2021-10-29 07:10:27,889] {logging_mixin.py:109} INFO - [2021-10-29 07:10:27,889] {dag.py:2914} INFO - Setting next_dagrun for example_task_group_decorator to 2021-10-28T07:10:27.889124+00:00
[2021-10-29 07:10:27,926] {processor.py:171} INFO - Processing /home/airflow/.local/lib/python3.6/site-packages/airflow/example_dags/example_task_group_decorator.py took 0.473 seconds
[2021-10-29 07:10:58,081] {processor.py:163} INFO - Started process (PID=718) to work on /home/airflow/.local/lib/python3.6/site-packages/airflow/example_dags/example_task_group_decorator.py
[2021-10-29 07:10:58,083] {processor.py:620} INFO - Processing file /home/airflow/.local/lib/python3.6/site-packages/airflow/example_dags/example_task_group_decorator.py for tasks to queue
[2021-10-29 07:10:58,085] {logging_mixin.py:109} INFO - [2021-10-29 07:10:58,085] {dagbag.py:500} INFO - Filling up the DagBag from /home/airflow/.local/lib/python3.6/site-packages/airflow/example_dags/example_task_group_decorator.py
[2021-10-29 07:10:58,135] {processor.py:632} INFO - DAG(s) dict_keys(['example_task_group_decorator']) retrieved from /home/airflow/.local/lib/python3.6/site-packages/airflow/example_dags/example_task_group_decorator.py
[2021-10-29 07:10:58,370] {logging_mixin.py:109} INFO - [2021-10-29 07:10:58,369] {dag.py:2389} INFO - Sync 1 DAGs
[2021-10-29 07:10:58,383] {logging_mixin.py:109} INFO - [2021-10-29 07:10:58,382] {dag.py:2914} INFO - Setting next_dagrun for example_task_group_decorator to 2021-10-28T07:10:58.382621+00:00
[2021-10-29 07:10:58,398] {processor.py:171} INFO - Processing /home/airflow/.local/lib/python3.6/site-packages/airflow/example_dags/example_task_group_decorator.py took 0.323 seconds
[2021-10-29 07:11:28,804] {processor.py:163} INFO - Started process (PID=773) to work on /home/airflow/.local/lib/python3.6/site-packages/airflow/example_dags/example_task_group_decorator.py
[2021-10-29 07:11:28,809] {processor.py:620} INFO - Processing file /home/airflow/.local/lib/python3.6/site-packages/airflow/example_dags/example_task_group_decorator.py for tasks to queue
[2021-10-29 07:11:28,811] {logging_mixin.py:109} INFO - [2021-10-29 07:11:28,811] {dagbag.py:500} INFO - Filling up the DagBag from /home/airflow/.local/lib/python3.6/site-packages/airflow/example_dags/example_task_group_decorator.py
[2021-10-29 07:11:28,938] {processor.py:632} INFO - DAG(s) dict_keys(['example_task_group_decorator']) retrieved from /home/airflow/.local/lib/python3.6/site-packages/airflow/example_dags/example_task_group_decorator.py
[2021-10-29 07:11:29,182] {logging_mixin.py:109} INFO - [2021-10-29 07:11:29,182] {dag.py:2389} INFO - Sync 1 DAGs
[2021-10-29 07:11:29,194] {logging_mixin.py:109} INFO - [2021-10-29 07:11:29,194] {dag.py:2914} INFO - Setting next_dagrun for example_task_group_decorator to 2021-10-28T07:11:29.194255+00:00
[2021-10-29 07:11:29,209] {processor.py:171} INFO - Processing /home/airflow/.local/lib/python3.6/site-packages/airflow/example_dags/example_task_group_decorator.py took 0.410 seconds
[2021-10-29 07:12:00,077] {processor.py:163} INFO - Started process (PID=838) to work on /home/airflow/.local/lib/python3.6/site-packages/airflow/example_dags/example_task_group_decorator.py
[2021-10-29 07:12:00,080] {processor.py:620} INFO - Processing file /home/airflow/.local/lib/python3.6/site-packages/airflow/example_dags/example_task_group_decorator.py for tasks to queue
[2021-10-29 07:12:00,082] {logging_mixin.py:109} INFO - [2021-10-29 07:12:00,081] {dagbag.py:500} INFO - Filling up the DagBag from /home/airflow/.local/lib/python3.6/site-packages/airflow/example_dags/example_task_group_decorator.py
[2021-10-29 07:12:00,142] {processor.py:632} INFO - DAG(s) dict_keys(['example_task_group_decorator']) retrieved from /home/airflow/.local/lib/python3.6/site-packages/airflow/example_dags/example_task_group_decorator.py
[2021-10-29 07:12:00,353] {logging_mixin.py:109} INFO - [2021-10-29 07:12:00,353] {dag.py:2389} INFO - Sync 1 DAGs
[2021-10-29 07:12:00,366] {logging_mixin.py:109} INFO - [2021-10-29 07:12:00,366] {dag.py:2914} INFO - Setting next_dagrun for example_task_group_decorator to 2021-10-28T07:12:00.366400+00:00
[2021-10-29 07:12:00,383] {processor.py:171} INFO - Processing /home/airflow/.local/lib/python3.6/site-packages/airflow/example_dags/example_task_group_decorator.py took 0.311 seconds
[2021-10-29 07:12:31,331] {processor.py:163} INFO - Started process (PID=892) to work on /home/airflow/.local/lib/python3.6/site-packages/airflow/example_dags/example_task_group_decorator.py
[2021-10-29 07:12:31,334] {processor.py:620} INFO - Processing file /home/airflow/.local/lib/python3.6/site-packages/airflow/example_dags/example_task_group_decorator.py for tasks to queue
[2021-10-29 07:12:31,336] {logging_mixin.py:109} INFO - [2021-10-29 07:12:31,336] {dagbag.py:500} INFO - Filling up the DagBag from /home/airflow/.local/lib/python3.6/site-packages/airflow/example_dags/example_task_group_decorator.py
[2021-10-29 07:12:31,401] {processor.py:632} INFO - DAG(s) dict_keys(['example_task_group_decorator']) retrieved from /home/airflow/.local/lib/python3.6/site-packages/airflow/example_dags/example_task_group_decorator.py
[2021-10-29 07:12:31,756] {logging_mixin.py:109} INFO - [2021-10-29 07:12:31,756] {dag.py:2389} INFO - Sync 1 DAGs
[2021-10-29 07:12:31,813] {logging_mixin.py:109} INFO - [2021-10-29 07:12:31,813] {dag.py:2914} INFO - Setting next_dagrun for example_task_group_decorator to 2021-10-28T07:12:31.812128+00:00
[2021-10-29 07:12:31,843] {processor.py:171} INFO - Processing /home/airflow/.local/lib/python3.6/site-packages/airflow/example_dags/example_task_group_decorator.py took 0.520 seconds
[2021-10-29 07:13:02,514] {processor.py:163} INFO - Started process (PID=959) to work on /home/airflow/.local/lib/python3.6/site-packages/airflow/example_dags/example_task_group_decorator.py
[2021-10-29 07:13:02,516] {processor.py:620} INFO - Processing file /home/airflow/.local/lib/python3.6/site-packages/airflow/example_dags/example_task_group_decorator.py for tasks to queue
[2021-10-29 07:13:02,518] {logging_mixin.py:109} INFO - [2021-10-29 07:13:02,517] {dagbag.py:500} INFO - Filling up the DagBag from /home/airflow/.local/lib/python3.6/site-packages/airflow/example_dags/example_task_group_decorator.py
[2021-10-29 07:13:02,572] {processor.py:632} INFO - DAG(s) dict_keys(['example_task_group_decorator']) retrieved from /home/airflow/.local/lib/python3.6/site-packages/airflow/example_dags/example_task_group_decorator.py
[2021-10-29 07:13:02,809] {logging_mixin.py:109} INFO - [2021-10-29 07:13:02,809] {dag.py:2389} INFO - Sync 1 DAGs
[2021-10-29 07:13:02,834] {logging_mixin.py:109} INFO - [2021-10-29 07:13:02,834] {dag.py:2914} INFO - Setting next_dagrun for example_task_group_decorator to 2021-10-28T07:13:02.833704+00:00
[2021-10-29 07:13:02,854] {processor.py:171} INFO - Processing /home/airflow/.local/lib/python3.6/site-packages/airflow/example_dags/example_task_group_decorator.py took 0.345 seconds
[2021-10-29 07:13:33,327] {processor.py:163} INFO - Started process (PID=1014) to work on /home/airflow/.local/lib/python3.6/site-packages/airflow/example_dags/example_task_group_decorator.py
[2021-10-29 07:13:33,330] {processor.py:620} INFO - Processing file /home/airflow/.local/lib/python3.6/site-packages/airflow/example_dags/example_task_group_decorator.py for tasks to queue
[2021-10-29 07:13:33,332] {logging_mixin.py:109} INFO - [2021-10-29 07:13:33,332] {dagbag.py:500} INFO - Filling up the DagBag from /home/airflow/.local/lib/python3.6/site-packages/airflow/example_dags/example_task_group_decorator.py
[2021-10-29 07:13:33,393] {processor.py:632} INFO - DAG(s) dict_keys(['example_task_group_decorator']) retrieved from /home/airflow/.local/lib/python3.6/site-packages/airflow/example_dags/example_task_group_decorator.py
[2021-10-29 07:13:33,638] {logging_mixin.py:109} INFO - [2021-10-29 07:13:33,638] {dag.py:2389} INFO - Sync 1 DAGs
[2021-10-29 07:13:33,664] {logging_mixin.py:109} INFO - [2021-10-29 07:13:33,664] {dag.py:2914} INFO - Setting next_dagrun for example_task_group_decorator to 2021-10-28T07:13:33.664201+00:00
[2021-10-29 07:13:33,684] {processor.py:171} INFO - Processing /home/airflow/.local/lib/python3.6/site-packages/airflow/example_dags/example_task_group_decorator.py took 0.363 seconds
[2021-10-29 07:14:04,118] {processor.py:163} INFO - Started process (PID=1081) to work on /home/airflow/.local/lib/python3.6/site-packages/airflow/example_dags/example_task_group_decorator.py
[2021-10-29 07:14:04,120] {processor.py:620} INFO - Processing file /home/airflow/.local/lib/python3.6/site-packages/airflow/example_dags/example_task_group_decorator.py for tasks to queue
[2021-10-29 07:14:04,122] {logging_mixin.py:109} INFO - [2021-10-29 07:14:04,122] {dagbag.py:500} INFO - Filling up the DagBag from /home/airflow/.local/lib/python3.6/site-packages/airflow/example_dags/example_task_group_decorator.py
[2021-10-29 07:14:04,173] {processor.py:632} INFO - DAG(s) dict_keys(['example_task_group_decorator']) retrieved from /home/airflow/.local/lib/python3.6/site-packages/airflow/example_dags/example_task_group_decorator.py
[2021-10-29 07:14:04,378] {logging_mixin.py:109} INFO - [2021-10-29 07:14:04,377] {dag.py:2389} INFO - Sync 1 DAGs
[2021-10-29 07:14:04,391] {logging_mixin.py:109} INFO - [2021-10-29 07:14:04,390] {dag.py:2914} INFO - Setting next_dagrun for example_task_group_decorator to 2021-10-28T07:14:04.390605+00:00
[2021-10-29 07:14:04,406] {processor.py:171} INFO - Processing /home/airflow/.local/lib/python3.6/site-packages/airflow/example_dags/example_task_group_decorator.py took 0.293 seconds
[2021-10-29 07:14:34,888] {processor.py:163} INFO - Started process (PID=1136) to work on /home/airflow/.local/lib/python3.6/site-packages/airflow/example_dags/example_task_group_decorator.py
[2021-10-29 07:14:34,891] {processor.py:620} INFO - Processing file /home/airflow/.local/lib/python3.6/site-packages/airflow/example_dags/example_task_group_decorator.py for tasks to queue
[2021-10-29 07:14:34,892] {logging_mixin.py:109} INFO - [2021-10-29 07:14:34,892] {dagbag.py:500} INFO - Filling up the DagBag from /home/airflow/.local/lib/python3.6/site-packages/airflow/example_dags/example_task_group_decorator.py
[2021-10-29 07:14:34,941] {processor.py:632} INFO - DAG(s) dict_keys(['example_task_group_decorator']) retrieved from /home/airflow/.local/lib/python3.6/site-packages/airflow/example_dags/example_task_group_decorator.py
[2021-10-29 07:14:34,957] {logging_mixin.py:109} INFO - [2021-10-29 07:14:34,957] {dag.py:2389} INFO - Sync 1 DAGs
[2021-10-29 07:14:34,972] {logging_mixin.py:109} INFO - [2021-10-29 07:14:34,971] {dag.py:2914} INFO - Setting next_dagrun for example_task_group_decorator to 2021-10-28T07:14:34.971627+00:00
[2021-10-29 07:14:34,986] {processor.py:171} INFO - Processing /home/airflow/.local/lib/python3.6/site-packages/airflow/example_dags/example_task_group_decorator.py took 0.103 seconds
[2021-10-29 07:15:05,340] {processor.py:163} INFO - Started process (PID=1202) to work on /home/airflow/.local/lib/python3.6/site-packages/airflow/example_dags/example_task_group_decorator.py
[2021-10-29 07:15:05,343] {processor.py:620} INFO - Processing file /home/airflow/.local/lib/python3.6/site-packages/airflow/example_dags/example_task_group_decorator.py for tasks to queue
[2021-10-29 07:15:05,345] {logging_mixin.py:109} INFO - [2021-10-29 07:15:05,345] {dagbag.py:500} INFO - Filling up the DagBag from /home/airflow/.local/lib/python3.6/site-packages/airflow/example_dags/example_task_group_decorator.py
[2021-10-29 07:15:05,411] {processor.py:632} INFO - DAG(s) dict_keys(['example_task_group_decorator']) retrieved from /home/airflow/.local/lib/python3.6/site-packages/airflow/example_dags/example_task_group_decorator.py
[2021-10-29 07:15:05,660] {logging_mixin.py:109} INFO - [2021-10-29 07:15:05,659] {dag.py:2389} INFO - Sync 1 DAGs
[2021-10-29 07:15:05,675] {logging_mixin.py:109} INFO - [2021-10-29 07:15:05,675] {dag.py:2914} INFO - Setting next_dagrun for example_task_group_decorator to 2021-10-28T07:15:05.674992+00:00
[2021-10-29 07:15:05,705] {processor.py:171} INFO - Processing /home/airflow/.local/lib/python3.6/site-packages/airflow/example_dags/example_task_group_decorator.py took 0.371 seconds
