[2021-10-29 07:07:02,041] {processor.py:163} INFO - Started process (PID=137) to work on /home/airflow/.local/lib/python3.6/site-packages/airflow/example_dags/example_kubernetes_executor_config.py
[2021-10-29 07:07:02,046] {processor.py:620} INFO - Processing file /home/airflow/.local/lib/python3.6/site-packages/airflow/example_dags/example_kubernetes_executor_config.py for tasks to queue
[2021-10-29 07:07:02,051] {logging_mixin.py:109} INFO - [2021-10-29 07:07:02,050] {dagbag.py:500} INFO - Filling up the DagBag from /home/airflow/.local/lib/python3.6/site-packages/airflow/example_dags/example_kubernetes_executor_config.py
[2021-10-29 07:07:02,384] {processor.py:632} INFO - DAG(s) dict_keys(['example_kubernetes_executor_config']) retrieved from /home/airflow/.local/lib/python3.6/site-packages/airflow/example_dags/example_kubernetes_executor_config.py
[2021-10-29 07:07:07,931] {logging_mixin.py:109} INFO - [2021-10-29 07:07:07,930] {providers_manager.py:156} WARNING - Exception when importing 'airflow.providers.google.leveldb.hooks.leveldb.LevelDBHook' from 'apache-airflow-providers-google' package: No module named 'plyvel'
[2021-10-29 07:07:09,016] {logging_mixin.py:109} INFO - [2021-10-29 07:07:09,016] {providers_manager.py:156} WARNING - Exception when importing 'airflow.providers.google.leveldb.hooks.leveldb.LevelDBHook' from 'apache-airflow-providers-google' package: No module named 'plyvel'
[2021-10-29 07:07:09,100] {logging_mixin.py:109} INFO - [2021-10-29 07:07:09,100] {manager.py:496} INFO - Created Permission View: can read on DAG:example_kubernetes_executor_config
[2021-10-29 07:07:09,147] {logging_mixin.py:109} INFO - [2021-10-29 07:07:09,147] {manager.py:496} INFO - Created Permission View: can edit on DAG:example_kubernetes_executor_config
[2021-10-29 07:07:09,152] {logging_mixin.py:109} INFO - [2021-10-29 07:07:09,149] {dag.py:2389} INFO - Sync 1 DAGs
[2021-10-29 07:07:09,183] {logging_mixin.py:109} INFO - [2021-10-29 07:07:09,181] {dag.py:2408} INFO - Creating ORM DAG for example_kubernetes_executor_config
[2021-10-29 07:07:09,206] {logging_mixin.py:109} INFO - [2021-10-29 07:07:09,205] {dag.py:2914} INFO - Setting next_dagrun for example_kubernetes_executor_config to None
[2021-10-29 07:07:09,259] {processor.py:171} INFO - Processing /home/airflow/.local/lib/python3.6/site-packages/airflow/example_dags/example_kubernetes_executor_config.py took 7.225 seconds
[2021-10-29 07:07:24,554] {processor.py:163} INFO - Started process (PID=184) to work on /home/airflow/.local/lib/python3.6/site-packages/airflow/example_dags/example_kubernetes_executor_config.py
[2021-10-29 07:07:24,560] {processor.py:620} INFO - Processing file /home/airflow/.local/lib/python3.6/site-packages/airflow/example_dags/example_kubernetes_executor_config.py for tasks to queue
[2021-10-29 07:07:24,565] {logging_mixin.py:109} INFO - [2021-10-29 07:07:24,565] {dagbag.py:500} INFO - Filling up the DagBag from /home/airflow/.local/lib/python3.6/site-packages/airflow/example_dags/example_kubernetes_executor_config.py
[2021-10-29 07:07:24,712] {processor.py:632} INFO - DAG(s) dict_keys(['example_kubernetes_executor_config']) retrieved from /home/airflow/.local/lib/python3.6/site-packages/airflow/example_dags/example_kubernetes_executor_config.py
[2021-10-29 07:07:24,734] {logging_mixin.py:109} INFO - [2021-10-29 07:07:24,734] {dag.py:2389} INFO - Sync 1 DAGs
[2021-10-29 07:07:24,782] {logging_mixin.py:109} INFO - [2021-10-29 07:07:24,781] {dag.py:2914} INFO - Setting next_dagrun for example_kubernetes_executor_config to None
[2021-10-29 07:07:24,823] {processor.py:171} INFO - Processing /home/airflow/.local/lib/python3.6/site-packages/airflow/example_dags/example_kubernetes_executor_config.py took 0.275 seconds
[2021-10-29 07:07:54,999] {processor.py:163} INFO - Started process (PID=357) to work on /home/airflow/.local/lib/python3.6/site-packages/airflow/example_dags/example_kubernetes_executor_config.py
[2021-10-29 07:07:55,002] {processor.py:620} INFO - Processing file /home/airflow/.local/lib/python3.6/site-packages/airflow/example_dags/example_kubernetes_executor_config.py for tasks to queue
[2021-10-29 07:07:55,005] {logging_mixin.py:109} INFO - [2021-10-29 07:07:55,005] {dagbag.py:500} INFO - Filling up the DagBag from /home/airflow/.local/lib/python3.6/site-packages/airflow/example_dags/example_kubernetes_executor_config.py
[2021-10-29 07:07:55,058] {processor.py:632} INFO - DAG(s) dict_keys(['example_kubernetes_executor_config']) retrieved from /home/airflow/.local/lib/python3.6/site-packages/airflow/example_dags/example_kubernetes_executor_config.py
[2021-10-29 07:07:55,085] {logging_mixin.py:109} INFO - [2021-10-29 07:07:55,084] {dag.py:2389} INFO - Sync 1 DAGs
[2021-10-29 07:07:55,119] {logging_mixin.py:109} INFO - [2021-10-29 07:07:55,119] {dag.py:2914} INFO - Setting next_dagrun for example_kubernetes_executor_config to None
[2021-10-29 07:07:55,138] {processor.py:171} INFO - Processing /home/airflow/.local/lib/python3.6/site-packages/airflow/example_dags/example_kubernetes_executor_config.py took 0.146 seconds
[2021-10-29 07:08:25,237] {processor.py:163} INFO - Started process (PID=420) to work on /home/airflow/.local/lib/python3.6/site-packages/airflow/example_dags/example_kubernetes_executor_config.py
[2021-10-29 07:08:25,239] {processor.py:620} INFO - Processing file /home/airflow/.local/lib/python3.6/site-packages/airflow/example_dags/example_kubernetes_executor_config.py for tasks to queue
[2021-10-29 07:08:25,241] {logging_mixin.py:109} INFO - [2021-10-29 07:08:25,241] {dagbag.py:500} INFO - Filling up the DagBag from /home/airflow/.local/lib/python3.6/site-packages/airflow/example_dags/example_kubernetes_executor_config.py
[2021-10-29 07:08:25,289] {processor.py:632} INFO - DAG(s) dict_keys(['example_kubernetes_executor_config']) retrieved from /home/airflow/.local/lib/python3.6/site-packages/airflow/example_dags/example_kubernetes_executor_config.py
[2021-10-29 07:08:25,314] {logging_mixin.py:109} INFO - [2021-10-29 07:08:25,314] {dag.py:2389} INFO - Sync 1 DAGs
[2021-10-29 07:08:25,334] {logging_mixin.py:109} INFO - [2021-10-29 07:08:25,334] {dag.py:2914} INFO - Setting next_dagrun for example_kubernetes_executor_config to None
[2021-10-29 07:08:25,348] {processor.py:171} INFO - Processing /home/airflow/.local/lib/python3.6/site-packages/airflow/example_dags/example_kubernetes_executor_config.py took 0.115 seconds
[2021-10-29 07:08:56,239] {processor.py:163} INFO - Started process (PID=477) to work on /home/airflow/.local/lib/python3.6/site-packages/airflow/example_dags/example_kubernetes_executor_config.py
[2021-10-29 07:08:56,242] {processor.py:620} INFO - Processing file /home/airflow/.local/lib/python3.6/site-packages/airflow/example_dags/example_kubernetes_executor_config.py for tasks to queue
[2021-10-29 07:08:56,244] {logging_mixin.py:109} INFO - [2021-10-29 07:08:56,244] {dagbag.py:500} INFO - Filling up the DagBag from /home/airflow/.local/lib/python3.6/site-packages/airflow/example_dags/example_kubernetes_executor_config.py
[2021-10-29 07:08:56,285] {processor.py:632} INFO - DAG(s) dict_keys(['example_kubernetes_executor_config']) retrieved from /home/airflow/.local/lib/python3.6/site-packages/airflow/example_dags/example_kubernetes_executor_config.py
[2021-10-29 07:08:56,302] {logging_mixin.py:109} INFO - [2021-10-29 07:08:56,302] {dag.py:2389} INFO - Sync 1 DAGs
[2021-10-29 07:08:56,314] {logging_mixin.py:109} INFO - [2021-10-29 07:08:56,314] {dag.py:2914} INFO - Setting next_dagrun for example_kubernetes_executor_config to None
[2021-10-29 07:08:56,326] {processor.py:171} INFO - Processing /home/airflow/.local/lib/python3.6/site-packages/airflow/example_dags/example_kubernetes_executor_config.py took 0.090 seconds
[2021-10-29 07:09:26,667] {processor.py:163} INFO - Started process (PID=542) to work on /home/airflow/.local/lib/python3.6/site-packages/airflow/example_dags/example_kubernetes_executor_config.py
[2021-10-29 07:09:26,669] {processor.py:620} INFO - Processing file /home/airflow/.local/lib/python3.6/site-packages/airflow/example_dags/example_kubernetes_executor_config.py for tasks to queue
[2021-10-29 07:09:26,671] {logging_mixin.py:109} INFO - [2021-10-29 07:09:26,671] {dagbag.py:500} INFO - Filling up the DagBag from /home/airflow/.local/lib/python3.6/site-packages/airflow/example_dags/example_kubernetes_executor_config.py
[2021-10-29 07:09:26,713] {processor.py:632} INFO - DAG(s) dict_keys(['example_kubernetes_executor_config']) retrieved from /home/airflow/.local/lib/python3.6/site-packages/airflow/example_dags/example_kubernetes_executor_config.py
[2021-10-29 07:09:26,728] {logging_mixin.py:109} INFO - [2021-10-29 07:09:26,728] {dag.py:2389} INFO - Sync 1 DAGs
[2021-10-29 07:09:26,740] {logging_mixin.py:109} INFO - [2021-10-29 07:09:26,740] {dag.py:2914} INFO - Setting next_dagrun for example_kubernetes_executor_config to None
[2021-10-29 07:09:26,753] {processor.py:171} INFO - Processing /home/airflow/.local/lib/python3.6/site-packages/airflow/example_dags/example_kubernetes_executor_config.py took 0.090 seconds
[2021-10-29 07:09:57,038] {processor.py:163} INFO - Started process (PID=599) to work on /home/airflow/.local/lib/python3.6/site-packages/airflow/example_dags/example_kubernetes_executor_config.py
[2021-10-29 07:09:57,041] {processor.py:620} INFO - Processing file /home/airflow/.local/lib/python3.6/site-packages/airflow/example_dags/example_kubernetes_executor_config.py for tasks to queue
[2021-10-29 07:09:57,043] {logging_mixin.py:109} INFO - [2021-10-29 07:09:57,043] {dagbag.py:500} INFO - Filling up the DagBag from /home/airflow/.local/lib/python3.6/site-packages/airflow/example_dags/example_kubernetes_executor_config.py
[2021-10-29 07:09:57,087] {processor.py:632} INFO - DAG(s) dict_keys(['example_kubernetes_executor_config']) retrieved from /home/airflow/.local/lib/python3.6/site-packages/airflow/example_dags/example_kubernetes_executor_config.py
[2021-10-29 07:09:57,108] {logging_mixin.py:109} INFO - [2021-10-29 07:09:57,108] {dag.py:2389} INFO - Sync 1 DAGs
[2021-10-29 07:09:57,123] {logging_mixin.py:109} INFO - [2021-10-29 07:09:57,123] {dag.py:2914} INFO - Setting next_dagrun for example_kubernetes_executor_config to None
[2021-10-29 07:09:57,140] {processor.py:171} INFO - Processing /home/airflow/.local/lib/python3.6/site-packages/airflow/example_dags/example_kubernetes_executor_config.py took 0.107 seconds
[2021-10-29 07:10:27,674] {processor.py:163} INFO - Started process (PID=665) to work on /home/airflow/.local/lib/python3.6/site-packages/airflow/example_dags/example_kubernetes_executor_config.py
[2021-10-29 07:10:27,677] {processor.py:620} INFO - Processing file /home/airflow/.local/lib/python3.6/site-packages/airflow/example_dags/example_kubernetes_executor_config.py for tasks to queue
[2021-10-29 07:10:27,682] {logging_mixin.py:109} INFO - [2021-10-29 07:10:27,681] {dagbag.py:500} INFO - Filling up the DagBag from /home/airflow/.local/lib/python3.6/site-packages/airflow/example_dags/example_kubernetes_executor_config.py
[2021-10-29 07:10:27,744] {processor.py:632} INFO - DAG(s) dict_keys(['example_kubernetes_executor_config']) retrieved from /home/airflow/.local/lib/python3.6/site-packages/airflow/example_dags/example_kubernetes_executor_config.py
[2021-10-29 07:10:27,783] {logging_mixin.py:109} INFO - [2021-10-29 07:10:27,783] {dag.py:2389} INFO - Sync 1 DAGs
[2021-10-29 07:10:27,812] {logging_mixin.py:109} INFO - [2021-10-29 07:10:27,812] {dag.py:2914} INFO - Setting next_dagrun for example_kubernetes_executor_config to None
[2021-10-29 07:10:27,832] {processor.py:171} INFO - Processing /home/airflow/.local/lib/python3.6/site-packages/airflow/example_dags/example_kubernetes_executor_config.py took 0.164 seconds
[2021-10-29 07:10:58,430] {processor.py:163} INFO - Started process (PID=720) to work on /home/airflow/.local/lib/python3.6/site-packages/airflow/example_dags/example_kubernetes_executor_config.py
[2021-10-29 07:10:58,433] {processor.py:620} INFO - Processing file /home/airflow/.local/lib/python3.6/site-packages/airflow/example_dags/example_kubernetes_executor_config.py for tasks to queue
[2021-10-29 07:10:58,434] {logging_mixin.py:109} INFO - [2021-10-29 07:10:58,434] {dagbag.py:500} INFO - Filling up the DagBag from /home/airflow/.local/lib/python3.6/site-packages/airflow/example_dags/example_kubernetes_executor_config.py
[2021-10-29 07:10:58,473] {processor.py:632} INFO - DAG(s) dict_keys(['example_kubernetes_executor_config']) retrieved from /home/airflow/.local/lib/python3.6/site-packages/airflow/example_dags/example_kubernetes_executor_config.py
[2021-10-29 07:10:58,487] {logging_mixin.py:109} INFO - [2021-10-29 07:10:58,487] {dag.py:2389} INFO - Sync 1 DAGs
[2021-10-29 07:10:58,500] {logging_mixin.py:109} INFO - [2021-10-29 07:10:58,500] {dag.py:2914} INFO - Setting next_dagrun for example_kubernetes_executor_config to None
[2021-10-29 07:10:58,514] {processor.py:171} INFO - Processing /home/airflow/.local/lib/python3.6/site-packages/airflow/example_dags/example_kubernetes_executor_config.py took 0.088 seconds
[2021-10-29 07:11:29,404] {processor.py:163} INFO - Started process (PID=786) to work on /home/airflow/.local/lib/python3.6/site-packages/airflow/example_dags/example_kubernetes_executor_config.py
[2021-10-29 07:11:29,407] {processor.py:620} INFO - Processing file /home/airflow/.local/lib/python3.6/site-packages/airflow/example_dags/example_kubernetes_executor_config.py for tasks to queue
[2021-10-29 07:11:29,409] {logging_mixin.py:109} INFO - [2021-10-29 07:11:29,408] {dagbag.py:500} INFO - Filling up the DagBag from /home/airflow/.local/lib/python3.6/site-packages/airflow/example_dags/example_kubernetes_executor_config.py
[2021-10-29 07:11:29,445] {processor.py:632} INFO - DAG(s) dict_keys(['example_kubernetes_executor_config']) retrieved from /home/airflow/.local/lib/python3.6/site-packages/airflow/example_dags/example_kubernetes_executor_config.py
[2021-10-29 07:11:29,461] {logging_mixin.py:109} INFO - [2021-10-29 07:11:29,460] {dag.py:2389} INFO - Sync 1 DAGs
[2021-10-29 07:11:29,473] {logging_mixin.py:109} INFO - [2021-10-29 07:11:29,473] {dag.py:2914} INFO - Setting next_dagrun for example_kubernetes_executor_config to None
[2021-10-29 07:11:29,486] {processor.py:171} INFO - Processing /home/airflow/.local/lib/python3.6/site-packages/airflow/example_dags/example_kubernetes_executor_config.py took 0.086 seconds
[2021-10-29 07:12:00,420] {processor.py:163} INFO - Started process (PID=840) to work on /home/airflow/.local/lib/python3.6/site-packages/airflow/example_dags/example_kubernetes_executor_config.py
[2021-10-29 07:12:00,423] {processor.py:620} INFO - Processing file /home/airflow/.local/lib/python3.6/site-packages/airflow/example_dags/example_kubernetes_executor_config.py for tasks to queue
[2021-10-29 07:12:00,425] {logging_mixin.py:109} INFO - [2021-10-29 07:12:00,424] {dagbag.py:500} INFO - Filling up the DagBag from /home/airflow/.local/lib/python3.6/site-packages/airflow/example_dags/example_kubernetes_executor_config.py
[2021-10-29 07:12:00,468] {processor.py:632} INFO - DAG(s) dict_keys(['example_kubernetes_executor_config']) retrieved from /home/airflow/.local/lib/python3.6/site-packages/airflow/example_dags/example_kubernetes_executor_config.py
[2021-10-29 07:12:00,485] {logging_mixin.py:109} INFO - [2021-10-29 07:12:00,485] {dag.py:2389} INFO - Sync 1 DAGs
[2021-10-29 07:12:00,500] {logging_mixin.py:109} INFO - [2021-10-29 07:12:00,499] {dag.py:2914} INFO - Setting next_dagrun for example_kubernetes_executor_config to None
[2021-10-29 07:12:00,515] {processor.py:171} INFO - Processing /home/airflow/.local/lib/python3.6/site-packages/airflow/example_dags/example_kubernetes_executor_config.py took 0.100 seconds
[2021-10-29 07:12:31,910] {processor.py:163} INFO - Started process (PID=903) to work on /home/airflow/.local/lib/python3.6/site-packages/airflow/example_dags/example_kubernetes_executor_config.py
[2021-10-29 07:12:31,914] {processor.py:620} INFO - Processing file /home/airflow/.local/lib/python3.6/site-packages/airflow/example_dags/example_kubernetes_executor_config.py for tasks to queue
[2021-10-29 07:12:31,917] {logging_mixin.py:109} INFO - [2021-10-29 07:12:31,917] {dagbag.py:500} INFO - Filling up the DagBag from /home/airflow/.local/lib/python3.6/site-packages/airflow/example_dags/example_kubernetes_executor_config.py
[2021-10-29 07:12:31,991] {processor.py:632} INFO - DAG(s) dict_keys(['example_kubernetes_executor_config']) retrieved from /home/airflow/.local/lib/python3.6/site-packages/airflow/example_dags/example_kubernetes_executor_config.py
[2021-10-29 07:12:32,012] {logging_mixin.py:109} INFO - [2021-10-29 07:12:32,012] {dag.py:2389} INFO - Sync 1 DAGs
[2021-10-29 07:12:32,035] {logging_mixin.py:109} INFO - [2021-10-29 07:12:32,035] {dag.py:2914} INFO - Setting next_dagrun for example_kubernetes_executor_config to None
[2021-10-29 07:12:32,059] {processor.py:171} INFO - Processing /home/airflow/.local/lib/python3.6/site-packages/airflow/example_dags/example_kubernetes_executor_config.py took 0.156 seconds
[2021-10-29 07:13:02,888] {processor.py:163} INFO - Started process (PID=961) to work on /home/airflow/.local/lib/python3.6/site-packages/airflow/example_dags/example_kubernetes_executor_config.py
[2021-10-29 07:13:02,891] {processor.py:620} INFO - Processing file /home/airflow/.local/lib/python3.6/site-packages/airflow/example_dags/example_kubernetes_executor_config.py for tasks to queue
[2021-10-29 07:13:02,893] {logging_mixin.py:109} INFO - [2021-10-29 07:13:02,893] {dagbag.py:500} INFO - Filling up the DagBag from /home/airflow/.local/lib/python3.6/site-packages/airflow/example_dags/example_kubernetes_executor_config.py
[2021-10-29 07:13:02,934] {processor.py:632} INFO - DAG(s) dict_keys(['example_kubernetes_executor_config']) retrieved from /home/airflow/.local/lib/python3.6/site-packages/airflow/example_dags/example_kubernetes_executor_config.py
[2021-10-29 07:13:02,951] {logging_mixin.py:109} INFO - [2021-10-29 07:13:02,951] {dag.py:2389} INFO - Sync 1 DAGs
[2021-10-29 07:13:02,965] {logging_mixin.py:109} INFO - [2021-10-29 07:13:02,965] {dag.py:2914} INFO - Setting next_dagrun for example_kubernetes_executor_config to None
[2021-10-29 07:13:02,978] {processor.py:171} INFO - Processing /home/airflow/.local/lib/python3.6/site-packages/airflow/example_dags/example_kubernetes_executor_config.py took 0.094 seconds
[2021-10-29 07:13:33,748] {processor.py:163} INFO - Started process (PID=1016) to work on /home/airflow/.local/lib/python3.6/site-packages/airflow/example_dags/example_kubernetes_executor_config.py
[2021-10-29 07:13:33,753] {processor.py:620} INFO - Processing file /home/airflow/.local/lib/python3.6/site-packages/airflow/example_dags/example_kubernetes_executor_config.py for tasks to queue
[2021-10-29 07:13:33,755] {logging_mixin.py:109} INFO - [2021-10-29 07:13:33,755] {dagbag.py:500} INFO - Filling up the DagBag from /home/airflow/.local/lib/python3.6/site-packages/airflow/example_dags/example_kubernetes_executor_config.py
[2021-10-29 07:13:33,817] {processor.py:632} INFO - DAG(s) dict_keys(['example_kubernetes_executor_config']) retrieved from /home/airflow/.local/lib/python3.6/site-packages/airflow/example_dags/example_kubernetes_executor_config.py
[2021-10-29 07:13:33,835] {logging_mixin.py:109} INFO - [2021-10-29 07:13:33,835] {dag.py:2389} INFO - Sync 1 DAGs
[2021-10-29 07:13:33,848] {logging_mixin.py:109} INFO - [2021-10-29 07:13:33,848] {dag.py:2914} INFO - Setting next_dagrun for example_kubernetes_executor_config to None
[2021-10-29 07:13:33,864] {processor.py:171} INFO - Processing /home/airflow/.local/lib/python3.6/site-packages/airflow/example_dags/example_kubernetes_executor_config.py took 0.123 seconds
[2021-10-29 07:14:04,442] {processor.py:163} INFO - Started process (PID=1083) to work on /home/airflow/.local/lib/python3.6/site-packages/airflow/example_dags/example_kubernetes_executor_config.py
[2021-10-29 07:14:04,445] {processor.py:620} INFO - Processing file /home/airflow/.local/lib/python3.6/site-packages/airflow/example_dags/example_kubernetes_executor_config.py for tasks to queue
[2021-10-29 07:14:04,447] {logging_mixin.py:109} INFO - [2021-10-29 07:14:04,446] {dagbag.py:500} INFO - Filling up the DagBag from /home/airflow/.local/lib/python3.6/site-packages/airflow/example_dags/example_kubernetes_executor_config.py
[2021-10-29 07:14:04,491] {processor.py:632} INFO - DAG(s) dict_keys(['example_kubernetes_executor_config']) retrieved from /home/airflow/.local/lib/python3.6/site-packages/airflow/example_dags/example_kubernetes_executor_config.py
[2021-10-29 07:14:04,518] {logging_mixin.py:109} INFO - [2021-10-29 07:14:04,518] {dag.py:2389} INFO - Sync 1 DAGs
[2021-10-29 07:14:04,541] {logging_mixin.py:109} INFO - [2021-10-29 07:14:04,541] {dag.py:2914} INFO - Setting next_dagrun for example_kubernetes_executor_config to None
[2021-10-29 07:14:04,561] {processor.py:171} INFO - Processing /home/airflow/.local/lib/python3.6/site-packages/airflow/example_dags/example_kubernetes_executor_config.py took 0.123 seconds
[2021-10-29 07:14:35,012] {processor.py:163} INFO - Started process (PID=1138) to work on /home/airflow/.local/lib/python3.6/site-packages/airflow/example_dags/example_kubernetes_executor_config.py
[2021-10-29 07:14:35,014] {processor.py:620} INFO - Processing file /home/airflow/.local/lib/python3.6/site-packages/airflow/example_dags/example_kubernetes_executor_config.py for tasks to queue
[2021-10-29 07:14:35,017] {logging_mixin.py:109} INFO - [2021-10-29 07:14:35,016] {dagbag.py:500} INFO - Filling up the DagBag from /home/airflow/.local/lib/python3.6/site-packages/airflow/example_dags/example_kubernetes_executor_config.py
[2021-10-29 07:14:35,055] {processor.py:632} INFO - DAG(s) dict_keys(['example_kubernetes_executor_config']) retrieved from /home/airflow/.local/lib/python3.6/site-packages/airflow/example_dags/example_kubernetes_executor_config.py
[2021-10-29 07:14:35,070] {logging_mixin.py:109} INFO - [2021-10-29 07:14:35,070] {dag.py:2389} INFO - Sync 1 DAGs
[2021-10-29 07:14:35,086] {logging_mixin.py:109} INFO - [2021-10-29 07:14:35,085] {dag.py:2914} INFO - Setting next_dagrun for example_kubernetes_executor_config to None
[2021-10-29 07:14:35,099] {processor.py:171} INFO - Processing /home/airflow/.local/lib/python3.6/site-packages/airflow/example_dags/example_kubernetes_executor_config.py took 0.091 seconds
[2021-10-29 07:15:05,743] {processor.py:163} INFO - Started process (PID=1204) to work on /home/airflow/.local/lib/python3.6/site-packages/airflow/example_dags/example_kubernetes_executor_config.py
[2021-10-29 07:15:05,746] {processor.py:620} INFO - Processing file /home/airflow/.local/lib/python3.6/site-packages/airflow/example_dags/example_kubernetes_executor_config.py for tasks to queue
[2021-10-29 07:15:05,748] {logging_mixin.py:109} INFO - [2021-10-29 07:15:05,748] {dagbag.py:500} INFO - Filling up the DagBag from /home/airflow/.local/lib/python3.6/site-packages/airflow/example_dags/example_kubernetes_executor_config.py
[2021-10-29 07:15:05,796] {processor.py:632} INFO - DAG(s) dict_keys(['example_kubernetes_executor_config']) retrieved from /home/airflow/.local/lib/python3.6/site-packages/airflow/example_dags/example_kubernetes_executor_config.py
[2021-10-29 07:15:05,812] {logging_mixin.py:109} INFO - [2021-10-29 07:15:05,812] {dag.py:2389} INFO - Sync 1 DAGs
[2021-10-29 07:15:05,827] {logging_mixin.py:109} INFO - [2021-10-29 07:15:05,827] {dag.py:2914} INFO - Setting next_dagrun for example_kubernetes_executor_config to None
[2021-10-29 07:15:05,842] {processor.py:171} INFO - Processing /home/airflow/.local/lib/python3.6/site-packages/airflow/example_dags/example_kubernetes_executor_config.py took 0.103 seconds
