[2021-10-29 07:07:09,686] {processor.py:163} INFO - Started process (PID=144) to work on /home/airflow/.local/lib/python3.6/site-packages/airflow/example_dags/example_branch_python_dop_operator_3.py
[2021-10-29 07:07:09,705] {processor.py:620} INFO - Processing file /home/airflow/.local/lib/python3.6/site-packages/airflow/example_dags/example_branch_python_dop_operator_3.py for tasks to queue
[2021-10-29 07:07:09,727] {logging_mixin.py:109} INFO - [2021-10-29 07:07:09,726] {dagbag.py:500} INFO - Filling up the DagBag from /home/airflow/.local/lib/python3.6/site-packages/airflow/example_dags/example_branch_python_dop_operator_3.py
[2021-10-29 07:07:09,910] {processor.py:632} INFO - DAG(s) dict_keys(['example_branch_dop_operator_v3']) retrieved from /home/airflow/.local/lib/python3.6/site-packages/airflow/example_dags/example_branch_python_dop_operator_3.py
[2021-10-29 07:07:13,342] {logging_mixin.py:109} INFO - [2021-10-29 07:07:13,342] {providers_manager.py:156} WARNING - Exception when importing 'airflow.providers.google.leveldb.hooks.leveldb.LevelDBHook' from 'apache-airflow-providers-google' package: No module named 'plyvel'
[2021-10-29 07:07:14,590] {logging_mixin.py:109} INFO - [2021-10-29 07:07:14,590] {providers_manager.py:156} WARNING - Exception when importing 'airflow.providers.google.leveldb.hooks.leveldb.LevelDBHook' from 'apache-airflow-providers-google' package: No module named 'plyvel'
[2021-10-29 07:07:14,657] {logging_mixin.py:109} INFO - [2021-10-29 07:07:14,657] {manager.py:496} INFO - Created Permission View: can read on DAG:example_branch_dop_operator_v3
[2021-10-29 07:07:14,672] {logging_mixin.py:109} INFO - [2021-10-29 07:07:14,671] {manager.py:496} INFO - Created Permission View: can edit on DAG:example_branch_dop_operator_v3
[2021-10-29 07:07:14,677] {logging_mixin.py:109} INFO - [2021-10-29 07:07:14,674] {dag.py:2389} INFO - Sync 1 DAGs
[2021-10-29 07:07:14,722] {logging_mixin.py:109} INFO - [2021-10-29 07:07:14,719] {dag.py:2408} INFO - Creating ORM DAG for example_branch_dop_operator_v3
[2021-10-29 07:07:14,765] {logging_mixin.py:109} INFO - [2021-10-29 07:07:14,765] {dag.py:2914} INFO - Setting next_dagrun for example_branch_dop_operator_v3 to 2021-10-29T07:06:00+00:00
[2021-10-29 07:07:14,836] {processor.py:171} INFO - Processing /home/airflow/.local/lib/python3.6/site-packages/airflow/example_dags/example_branch_python_dop_operator_3.py took 5.181 seconds
[2021-10-29 07:07:24,917] {processor.py:163} INFO - Started process (PID=185) to work on /home/airflow/.local/lib/python3.6/site-packages/airflow/example_dags/example_branch_python_dop_operator_3.py
[2021-10-29 07:07:24,921] {processor.py:620} INFO - Processing file /home/airflow/.local/lib/python3.6/site-packages/airflow/example_dags/example_branch_python_dop_operator_3.py for tasks to queue
[2021-10-29 07:07:24,927] {logging_mixin.py:109} INFO - [2021-10-29 07:07:24,926] {dagbag.py:500} INFO - Filling up the DagBag from /home/airflow/.local/lib/python3.6/site-packages/airflow/example_dags/example_branch_python_dop_operator_3.py
[2021-10-29 07:07:25,211] {processor.py:632} INFO - DAG(s) dict_keys(['example_branch_dop_operator_v3']) retrieved from /home/airflow/.local/lib/python3.6/site-packages/airflow/example_dags/example_branch_python_dop_operator_3.py
[2021-10-29 07:07:25,228] {logging_mixin.py:109} INFO - [2021-10-29 07:07:25,228] {dag.py:2389} INFO - Sync 1 DAGs
[2021-10-29 07:07:25,292] {logging_mixin.py:109} INFO - [2021-10-29 07:07:25,291] {dag.py:2914} INFO - Setting next_dagrun for example_branch_dop_operator_v3 to 2021-10-29T07:06:00+00:00
[2021-10-29 07:07:25,346] {processor.py:171} INFO - Processing /home/airflow/.local/lib/python3.6/site-packages/airflow/example_dags/example_branch_python_dop_operator_3.py took 0.455 seconds
[2021-10-29 07:07:56,186] {processor.py:163} INFO - Started process (PID=358) to work on /home/airflow/.local/lib/python3.6/site-packages/airflow/example_dags/example_branch_python_dop_operator_3.py
[2021-10-29 07:07:56,190] {processor.py:620} INFO - Processing file /home/airflow/.local/lib/python3.6/site-packages/airflow/example_dags/example_branch_python_dop_operator_3.py for tasks to queue
[2021-10-29 07:07:56,194] {logging_mixin.py:109} INFO - [2021-10-29 07:07:56,194] {dagbag.py:500} INFO - Filling up the DagBag from /home/airflow/.local/lib/python3.6/site-packages/airflow/example_dags/example_branch_python_dop_operator_3.py
[2021-10-29 07:07:56,263] {processor.py:632} INFO - DAG(s) dict_keys(['example_branch_dop_operator_v3']) retrieved from /home/airflow/.local/lib/python3.6/site-packages/airflow/example_dags/example_branch_python_dop_operator_3.py
[2021-10-29 07:07:56,284] {logging_mixin.py:109} INFO - [2021-10-29 07:07:56,284] {dag.py:2389} INFO - Sync 1 DAGs
[2021-10-29 07:07:56,352] {logging_mixin.py:109} INFO - [2021-10-29 07:07:56,352] {dag.py:2914} INFO - Setting next_dagrun for example_branch_dop_operator_v3 to 2021-10-29T07:06:00+00:00
[2021-10-29 07:07:56,372] {processor.py:171} INFO - Processing /home/airflow/.local/lib/python3.6/site-packages/airflow/example_dags/example_branch_python_dop_operator_3.py took 0.191 seconds
[2021-10-29 07:08:26,763] {processor.py:163} INFO - Started process (PID=422) to work on /home/airflow/.local/lib/python3.6/site-packages/airflow/example_dags/example_branch_python_dop_operator_3.py
[2021-10-29 07:08:26,766] {processor.py:620} INFO - Processing file /home/airflow/.local/lib/python3.6/site-packages/airflow/example_dags/example_branch_python_dop_operator_3.py for tasks to queue
[2021-10-29 07:08:26,769] {logging_mixin.py:109} INFO - [2021-10-29 07:08:26,768] {dagbag.py:500} INFO - Filling up the DagBag from /home/airflow/.local/lib/python3.6/site-packages/airflow/example_dags/example_branch_python_dop_operator_3.py
[2021-10-29 07:08:26,835] {processor.py:632} INFO - DAG(s) dict_keys(['example_branch_dop_operator_v3']) retrieved from /home/airflow/.local/lib/python3.6/site-packages/airflow/example_dags/example_branch_python_dop_operator_3.py
[2021-10-29 07:08:26,858] {logging_mixin.py:109} INFO - [2021-10-29 07:08:26,858] {dag.py:2389} INFO - Sync 1 DAGs
[2021-10-29 07:08:26,885] {logging_mixin.py:109} INFO - [2021-10-29 07:08:26,884] {dag.py:2914} INFO - Setting next_dagrun for example_branch_dop_operator_v3 to 2021-10-29T07:07:00+00:00
[2021-10-29 07:08:26,903] {processor.py:171} INFO - Processing /home/airflow/.local/lib/python3.6/site-packages/airflow/example_dags/example_branch_python_dop_operator_3.py took 0.149 seconds
[2021-10-29 07:08:57,322] {processor.py:163} INFO - Started process (PID=478) to work on /home/airflow/.local/lib/python3.6/site-packages/airflow/example_dags/example_branch_python_dop_operator_3.py
[2021-10-29 07:08:57,325] {processor.py:620} INFO - Processing file /home/airflow/.local/lib/python3.6/site-packages/airflow/example_dags/example_branch_python_dop_operator_3.py for tasks to queue
[2021-10-29 07:08:57,326] {logging_mixin.py:109} INFO - [2021-10-29 07:08:57,326] {dagbag.py:500} INFO - Filling up the DagBag from /home/airflow/.local/lib/python3.6/site-packages/airflow/example_dags/example_branch_python_dop_operator_3.py
[2021-10-29 07:08:57,371] {processor.py:632} INFO - DAG(s) dict_keys(['example_branch_dop_operator_v3']) retrieved from /home/airflow/.local/lib/python3.6/site-packages/airflow/example_dags/example_branch_python_dop_operator_3.py
[2021-10-29 07:08:57,387] {logging_mixin.py:109} INFO - [2021-10-29 07:08:57,387] {dag.py:2389} INFO - Sync 1 DAGs
[2021-10-29 07:08:57,408] {logging_mixin.py:109} INFO - [2021-10-29 07:08:57,408] {dag.py:2914} INFO - Setting next_dagrun for example_branch_dop_operator_v3 to 2021-10-29T07:07:00+00:00
[2021-10-29 07:08:57,426] {processor.py:171} INFO - Processing /home/airflow/.local/lib/python3.6/site-packages/airflow/example_dags/example_branch_python_dop_operator_3.py took 0.108 seconds
[2021-10-29 07:09:27,813] {processor.py:163} INFO - Started process (PID=543) to work on /home/airflow/.local/lib/python3.6/site-packages/airflow/example_dags/example_branch_python_dop_operator_3.py
[2021-10-29 07:09:27,816] {processor.py:620} INFO - Processing file /home/airflow/.local/lib/python3.6/site-packages/airflow/example_dags/example_branch_python_dop_operator_3.py for tasks to queue
[2021-10-29 07:09:27,818] {logging_mixin.py:109} INFO - [2021-10-29 07:09:27,818] {dagbag.py:500} INFO - Filling up the DagBag from /home/airflow/.local/lib/python3.6/site-packages/airflow/example_dags/example_branch_python_dop_operator_3.py
[2021-10-29 07:09:27,858] {processor.py:632} INFO - DAG(s) dict_keys(['example_branch_dop_operator_v3']) retrieved from /home/airflow/.local/lib/python3.6/site-packages/airflow/example_dags/example_branch_python_dop_operator_3.py
[2021-10-29 07:09:27,872] {logging_mixin.py:109} INFO - [2021-10-29 07:09:27,872] {dag.py:2389} INFO - Sync 1 DAGs
[2021-10-29 07:09:27,892] {logging_mixin.py:109} INFO - [2021-10-29 07:09:27,891] {dag.py:2914} INFO - Setting next_dagrun for example_branch_dop_operator_v3 to 2021-10-29T07:08:00+00:00
[2021-10-29 07:09:27,905] {processor.py:171} INFO - Processing /home/airflow/.local/lib/python3.6/site-packages/airflow/example_dags/example_branch_python_dop_operator_3.py took 0.097 seconds
[2021-10-29 07:09:58,198] {processor.py:163} INFO - Started process (PID=600) to work on /home/airflow/.local/lib/python3.6/site-packages/airflow/example_dags/example_branch_python_dop_operator_3.py
[2021-10-29 07:09:58,202] {processor.py:620} INFO - Processing file /home/airflow/.local/lib/python3.6/site-packages/airflow/example_dags/example_branch_python_dop_operator_3.py for tasks to queue
[2021-10-29 07:09:58,204] {logging_mixin.py:109} INFO - [2021-10-29 07:09:58,204] {dagbag.py:500} INFO - Filling up the DagBag from /home/airflow/.local/lib/python3.6/site-packages/airflow/example_dags/example_branch_python_dop_operator_3.py
[2021-10-29 07:09:58,247] {processor.py:632} INFO - DAG(s) dict_keys(['example_branch_dop_operator_v3']) retrieved from /home/airflow/.local/lib/python3.6/site-packages/airflow/example_dags/example_branch_python_dop_operator_3.py
[2021-10-29 07:09:58,262] {logging_mixin.py:109} INFO - [2021-10-29 07:09:58,261] {dag.py:2389} INFO - Sync 1 DAGs
[2021-10-29 07:09:58,280] {logging_mixin.py:109} INFO - [2021-10-29 07:09:58,280] {dag.py:2914} INFO - Setting next_dagrun for example_branch_dop_operator_v3 to 2021-10-29T07:08:00+00:00
[2021-10-29 07:09:58,291] {processor.py:171} INFO - Processing /home/airflow/.local/lib/python3.6/site-packages/airflow/example_dags/example_branch_python_dop_operator_3.py took 0.098 seconds
[2021-10-29 07:10:28,871] {processor.py:163} INFO - Started process (PID=666) to work on /home/airflow/.local/lib/python3.6/site-packages/airflow/example_dags/example_branch_python_dop_operator_3.py
[2021-10-29 07:10:28,875] {processor.py:620} INFO - Processing file /home/airflow/.local/lib/python3.6/site-packages/airflow/example_dags/example_branch_python_dop_operator_3.py for tasks to queue
[2021-10-29 07:10:28,877] {logging_mixin.py:109} INFO - [2021-10-29 07:10:28,877] {dagbag.py:500} INFO - Filling up the DagBag from /home/airflow/.local/lib/python3.6/site-packages/airflow/example_dags/example_branch_python_dop_operator_3.py
[2021-10-29 07:10:28,919] {processor.py:632} INFO - DAG(s) dict_keys(['example_branch_dop_operator_v3']) retrieved from /home/airflow/.local/lib/python3.6/site-packages/airflow/example_dags/example_branch_python_dop_operator_3.py
[2021-10-29 07:10:28,949] {logging_mixin.py:109} INFO - [2021-10-29 07:10:28,949] {dag.py:2389} INFO - Sync 1 DAGs
[2021-10-29 07:10:28,985] {logging_mixin.py:109} INFO - [2021-10-29 07:10:28,985] {dag.py:2914} INFO - Setting next_dagrun for example_branch_dop_operator_v3 to 2021-10-29T07:09:00+00:00
[2021-10-29 07:10:29,004] {processor.py:171} INFO - Processing /home/airflow/.local/lib/python3.6/site-packages/airflow/example_dags/example_branch_python_dop_operator_3.py took 0.139 seconds
[2021-10-29 07:10:59,553] {processor.py:163} INFO - Started process (PID=721) to work on /home/airflow/.local/lib/python3.6/site-packages/airflow/example_dags/example_branch_python_dop_operator_3.py
[2021-10-29 07:10:59,556] {processor.py:620} INFO - Processing file /home/airflow/.local/lib/python3.6/site-packages/airflow/example_dags/example_branch_python_dop_operator_3.py for tasks to queue
[2021-10-29 07:10:59,559] {logging_mixin.py:109} INFO - [2021-10-29 07:10:59,558] {dagbag.py:500} INFO - Filling up the DagBag from /home/airflow/.local/lib/python3.6/site-packages/airflow/example_dags/example_branch_python_dop_operator_3.py
[2021-10-29 07:10:59,600] {processor.py:632} INFO - DAG(s) dict_keys(['example_branch_dop_operator_v3']) retrieved from /home/airflow/.local/lib/python3.6/site-packages/airflow/example_dags/example_branch_python_dop_operator_3.py
[2021-10-29 07:10:59,614] {logging_mixin.py:109} INFO - [2021-10-29 07:10:59,614] {dag.py:2389} INFO - Sync 1 DAGs
[2021-10-29 07:10:59,633] {logging_mixin.py:109} INFO - [2021-10-29 07:10:59,632] {dag.py:2914} INFO - Setting next_dagrun for example_branch_dop_operator_v3 to 2021-10-29T07:09:00+00:00
[2021-10-29 07:10:59,647] {processor.py:171} INFO - Processing /home/airflow/.local/lib/python3.6/site-packages/airflow/example_dags/example_branch_python_dop_operator_3.py took 0.100 seconds
[2021-10-29 07:11:30,421] {processor.py:163} INFO - Started process (PID=787) to work on /home/airflow/.local/lib/python3.6/site-packages/airflow/example_dags/example_branch_python_dop_operator_3.py
[2021-10-29 07:11:30,425] {processor.py:620} INFO - Processing file /home/airflow/.local/lib/python3.6/site-packages/airflow/example_dags/example_branch_python_dop_operator_3.py for tasks to queue
[2021-10-29 07:11:30,428] {logging_mixin.py:109} INFO - [2021-10-29 07:11:30,427] {dagbag.py:500} INFO - Filling up the DagBag from /home/airflow/.local/lib/python3.6/site-packages/airflow/example_dags/example_branch_python_dop_operator_3.py
[2021-10-29 07:11:30,484] {processor.py:632} INFO - DAG(s) dict_keys(['example_branch_dop_operator_v3']) retrieved from /home/airflow/.local/lib/python3.6/site-packages/airflow/example_dags/example_branch_python_dop_operator_3.py
[2021-10-29 07:11:30,505] {logging_mixin.py:109} INFO - [2021-10-29 07:11:30,505] {dag.py:2389} INFO - Sync 1 DAGs
[2021-10-29 07:11:30,537] {logging_mixin.py:109} INFO - [2021-10-29 07:11:30,537] {dag.py:2914} INFO - Setting next_dagrun for example_branch_dop_operator_v3 to 2021-10-29T07:10:00+00:00
[2021-10-29 07:11:30,554] {processor.py:171} INFO - Processing /home/airflow/.local/lib/python3.6/site-packages/airflow/example_dags/example_branch_python_dop_operator_3.py took 0.142 seconds
[2021-10-29 07:12:00,687] {processor.py:163} INFO - Started process (PID=842) to work on /home/airflow/.local/lib/python3.6/site-packages/airflow/example_dags/example_branch_python_dop_operator_3.py
[2021-10-29 07:12:00,691] {processor.py:620} INFO - Processing file /home/airflow/.local/lib/python3.6/site-packages/airflow/example_dags/example_branch_python_dop_operator_3.py for tasks to queue
[2021-10-29 07:12:00,693] {logging_mixin.py:109} INFO - [2021-10-29 07:12:00,693] {dagbag.py:500} INFO - Filling up the DagBag from /home/airflow/.local/lib/python3.6/site-packages/airflow/example_dags/example_branch_python_dop_operator_3.py
[2021-10-29 07:12:00,737] {processor.py:632} INFO - DAG(s) dict_keys(['example_branch_dop_operator_v3']) retrieved from /home/airflow/.local/lib/python3.6/site-packages/airflow/example_dags/example_branch_python_dop_operator_3.py
[2021-10-29 07:12:00,754] {logging_mixin.py:109} INFO - [2021-10-29 07:12:00,753] {dag.py:2389} INFO - Sync 1 DAGs
[2021-10-29 07:12:00,780] {logging_mixin.py:109} INFO - [2021-10-29 07:12:00,780] {dag.py:2914} INFO - Setting next_dagrun for example_branch_dop_operator_v3 to 2021-10-29T07:11:00+00:00
[2021-10-29 07:12:00,808] {processor.py:171} INFO - Processing /home/airflow/.local/lib/python3.6/site-packages/airflow/example_dags/example_branch_python_dop_operator_3.py took 0.124 seconds
[2021-10-29 07:12:32,099] {processor.py:163} INFO - Started process (PID=906) to work on /home/airflow/.local/lib/python3.6/site-packages/airflow/example_dags/example_branch_python_dop_operator_3.py
[2021-10-29 07:12:32,109] {processor.py:620} INFO - Processing file /home/airflow/.local/lib/python3.6/site-packages/airflow/example_dags/example_branch_python_dop_operator_3.py for tasks to queue
[2021-10-29 07:12:32,113] {logging_mixin.py:109} INFO - [2021-10-29 07:12:32,113] {dagbag.py:500} INFO - Filling up the DagBag from /home/airflow/.local/lib/python3.6/site-packages/airflow/example_dags/example_branch_python_dop_operator_3.py
[2021-10-29 07:12:32,175] {processor.py:632} INFO - DAG(s) dict_keys(['example_branch_dop_operator_v3']) retrieved from /home/airflow/.local/lib/python3.6/site-packages/airflow/example_dags/example_branch_python_dop_operator_3.py
[2021-10-29 07:12:32,199] {logging_mixin.py:109} INFO - [2021-10-29 07:12:32,199] {dag.py:2389} INFO - Sync 1 DAGs
[2021-10-29 07:12:32,234] {logging_mixin.py:109} INFO - [2021-10-29 07:12:32,233] {dag.py:2914} INFO - Setting next_dagrun for example_branch_dop_operator_v3 to 2021-10-29T07:11:00+00:00
[2021-10-29 07:12:32,251] {processor.py:171} INFO - Processing /home/airflow/.local/lib/python3.6/site-packages/airflow/example_dags/example_branch_python_dop_operator_3.py took 0.160 seconds
[2021-10-29 07:13:03,005] {processor.py:163} INFO - Started process (PID=962) to work on /home/airflow/.local/lib/python3.6/site-packages/airflow/example_dags/example_branch_python_dop_operator_3.py
[2021-10-29 07:13:03,008] {processor.py:620} INFO - Processing file /home/airflow/.local/lib/python3.6/site-packages/airflow/example_dags/example_branch_python_dop_operator_3.py for tasks to queue
[2021-10-29 07:13:03,010] {logging_mixin.py:109} INFO - [2021-10-29 07:13:03,009] {dagbag.py:500} INFO - Filling up the DagBag from /home/airflow/.local/lib/python3.6/site-packages/airflow/example_dags/example_branch_python_dop_operator_3.py
[2021-10-29 07:13:03,046] {processor.py:632} INFO - DAG(s) dict_keys(['example_branch_dop_operator_v3']) retrieved from /home/airflow/.local/lib/python3.6/site-packages/airflow/example_dags/example_branch_python_dop_operator_3.py
[2021-10-29 07:13:03,059] {logging_mixin.py:109} INFO - [2021-10-29 07:13:03,058] {dag.py:2389} INFO - Sync 1 DAGs
[2021-10-29 07:13:03,076] {logging_mixin.py:109} INFO - [2021-10-29 07:13:03,076] {dag.py:2914} INFO - Setting next_dagrun for example_branch_dop_operator_v3 to 2021-10-29T07:12:00+00:00
[2021-10-29 07:13:03,088] {processor.py:171} INFO - Processing /home/airflow/.local/lib/python3.6/site-packages/airflow/example_dags/example_branch_python_dop_operator_3.py took 0.087 seconds
[2021-10-29 07:13:33,889] {processor.py:163} INFO - Started process (PID=1017) to work on /home/airflow/.local/lib/python3.6/site-packages/airflow/example_dags/example_branch_python_dop_operator_3.py
[2021-10-29 07:13:33,891] {processor.py:620} INFO - Processing file /home/airflow/.local/lib/python3.6/site-packages/airflow/example_dags/example_branch_python_dop_operator_3.py for tasks to queue
[2021-10-29 07:13:33,893] {logging_mixin.py:109} INFO - [2021-10-29 07:13:33,893] {dagbag.py:500} INFO - Filling up the DagBag from /home/airflow/.local/lib/python3.6/site-packages/airflow/example_dags/example_branch_python_dop_operator_3.py
[2021-10-29 07:13:33,933] {processor.py:632} INFO - DAG(s) dict_keys(['example_branch_dop_operator_v3']) retrieved from /home/airflow/.local/lib/python3.6/site-packages/airflow/example_dags/example_branch_python_dop_operator_3.py
[2021-10-29 07:13:33,947] {logging_mixin.py:109} INFO - [2021-10-29 07:13:33,947] {dag.py:2389} INFO - Sync 1 DAGs
[2021-10-29 07:13:33,964] {logging_mixin.py:109} INFO - [2021-10-29 07:13:33,964] {dag.py:2914} INFO - Setting next_dagrun for example_branch_dop_operator_v3 to 2021-10-29T07:12:00+00:00
[2021-10-29 07:13:33,977] {processor.py:171} INFO - Processing /home/airflow/.local/lib/python3.6/site-packages/airflow/example_dags/example_branch_python_dop_operator_3.py took 0.091 seconds
[2021-10-29 07:14:04,589] {processor.py:163} INFO - Started process (PID=1084) to work on /home/airflow/.local/lib/python3.6/site-packages/airflow/example_dags/example_branch_python_dop_operator_3.py
[2021-10-29 07:14:04,591] {processor.py:620} INFO - Processing file /home/airflow/.local/lib/python3.6/site-packages/airflow/example_dags/example_branch_python_dop_operator_3.py for tasks to queue
[2021-10-29 07:14:04,593] {logging_mixin.py:109} INFO - [2021-10-29 07:14:04,593] {dagbag.py:500} INFO - Filling up the DagBag from /home/airflow/.local/lib/python3.6/site-packages/airflow/example_dags/example_branch_python_dop_operator_3.py
[2021-10-29 07:14:04,625] {processor.py:632} INFO - DAG(s) dict_keys(['example_branch_dop_operator_v3']) retrieved from /home/airflow/.local/lib/python3.6/site-packages/airflow/example_dags/example_branch_python_dop_operator_3.py
[2021-10-29 07:14:04,639] {logging_mixin.py:109} INFO - [2021-10-29 07:14:04,639] {dag.py:2389} INFO - Sync 1 DAGs
[2021-10-29 07:14:04,657] {logging_mixin.py:109} INFO - [2021-10-29 07:14:04,657] {dag.py:2914} INFO - Setting next_dagrun for example_branch_dop_operator_v3 to 2021-10-29T07:13:00+00:00
[2021-10-29 07:14:04,670] {processor.py:171} INFO - Processing /home/airflow/.local/lib/python3.6/site-packages/airflow/example_dags/example_branch_python_dop_operator_3.py took 0.085 seconds
[2021-10-29 07:14:35,126] {processor.py:163} INFO - Started process (PID=1139) to work on /home/airflow/.local/lib/python3.6/site-packages/airflow/example_dags/example_branch_python_dop_operator_3.py
[2021-10-29 07:14:35,128] {processor.py:620} INFO - Processing file /home/airflow/.local/lib/python3.6/site-packages/airflow/example_dags/example_branch_python_dop_operator_3.py for tasks to queue
[2021-10-29 07:14:35,130] {logging_mixin.py:109} INFO - [2021-10-29 07:14:35,129] {dagbag.py:500} INFO - Filling up the DagBag from /home/airflow/.local/lib/python3.6/site-packages/airflow/example_dags/example_branch_python_dop_operator_3.py
[2021-10-29 07:14:35,167] {processor.py:632} INFO - DAG(s) dict_keys(['example_branch_dop_operator_v3']) retrieved from /home/airflow/.local/lib/python3.6/site-packages/airflow/example_dags/example_branch_python_dop_operator_3.py
[2021-10-29 07:14:35,181] {logging_mixin.py:109} INFO - [2021-10-29 07:14:35,181] {dag.py:2389} INFO - Sync 1 DAGs
[2021-10-29 07:14:35,198] {logging_mixin.py:109} INFO - [2021-10-29 07:14:35,198] {dag.py:2914} INFO - Setting next_dagrun for example_branch_dop_operator_v3 to 2021-10-29T07:13:00+00:00
[2021-10-29 07:14:35,209] {processor.py:171} INFO - Processing /home/airflow/.local/lib/python3.6/site-packages/airflow/example_dags/example_branch_python_dop_operator_3.py took 0.087 seconds
[2021-10-29 07:15:05,868] {processor.py:163} INFO - Started process (PID=1205) to work on /home/airflow/.local/lib/python3.6/site-packages/airflow/example_dags/example_branch_python_dop_operator_3.py
[2021-10-29 07:15:05,871] {processor.py:620} INFO - Processing file /home/airflow/.local/lib/python3.6/site-packages/airflow/example_dags/example_branch_python_dop_operator_3.py for tasks to queue
[2021-10-29 07:15:05,873] {logging_mixin.py:109} INFO - [2021-10-29 07:15:05,873] {dagbag.py:500} INFO - Filling up the DagBag from /home/airflow/.local/lib/python3.6/site-packages/airflow/example_dags/example_branch_python_dop_operator_3.py
[2021-10-29 07:15:05,914] {processor.py:632} INFO - DAG(s) dict_keys(['example_branch_dop_operator_v3']) retrieved from /home/airflow/.local/lib/python3.6/site-packages/airflow/example_dags/example_branch_python_dop_operator_3.py
[2021-10-29 07:15:05,929] {logging_mixin.py:109} INFO - [2021-10-29 07:15:05,929] {dag.py:2389} INFO - Sync 1 DAGs
[2021-10-29 07:15:05,946] {logging_mixin.py:109} INFO - [2021-10-29 07:15:05,946] {dag.py:2914} INFO - Setting next_dagrun for example_branch_dop_operator_v3 to 2021-10-29T07:14:00+00:00
[2021-10-29 07:15:05,959] {processor.py:171} INFO - Processing /home/airflow/.local/lib/python3.6/site-packages/airflow/example_dags/example_branch_python_dop_operator_3.py took 0.095 seconds
