[2021-10-29 07:07:41,799] {processor.py:163} INFO - Started process (PID=288) to work on /home/airflow/.local/lib/python3.6/site-packages/airflow/example_dags/example_branch_datetime_operator.py
[2021-10-29 07:07:41,802] {processor.py:620} INFO - Processing file /home/airflow/.local/lib/python3.6/site-packages/airflow/example_dags/example_branch_datetime_operator.py for tasks to queue
[2021-10-29 07:07:41,805] {logging_mixin.py:109} INFO - [2021-10-29 07:07:41,804] {dagbag.py:500} INFO - Filling up the DagBag from /home/airflow/.local/lib/python3.6/site-packages/airflow/example_dags/example_branch_datetime_operator.py
[2021-10-29 07:07:41,860] {processor.py:632} INFO - DAG(s) dict_keys(['example_branch_datetime_operator_2']) retrieved from /home/airflow/.local/lib/python3.6/site-packages/airflow/example_dags/example_branch_datetime_operator.py
[2021-10-29 07:07:43,595] {logging_mixin.py:109} INFO - [2021-10-29 07:07:43,595] {providers_manager.py:156} WARNING - Exception when importing 'airflow.providers.google.leveldb.hooks.leveldb.LevelDBHook' from 'apache-airflow-providers-google' package: No module named 'plyvel'
[2021-10-29 07:07:44,106] {logging_mixin.py:109} INFO - [2021-10-29 07:07:44,106] {providers_manager.py:156} WARNING - Exception when importing 'airflow.providers.google.leveldb.hooks.leveldb.LevelDBHook' from 'apache-airflow-providers-google' package: No module named 'plyvel'
[2021-10-29 07:07:44,140] {logging_mixin.py:109} INFO - [2021-10-29 07:07:44,140] {manager.py:496} INFO - Created Permission View: can read on DAG:example_branch_datetime_operator_2
[2021-10-29 07:07:44,170] {logging_mixin.py:109} INFO - [2021-10-29 07:07:44,170] {manager.py:496} INFO - Created Permission View: can edit on DAG:example_branch_datetime_operator_2
[2021-10-29 07:07:44,173] {logging_mixin.py:109} INFO - [2021-10-29 07:07:44,172] {dag.py:2389} INFO - Sync 1 DAGs
[2021-10-29 07:07:44,292] {logging_mixin.py:109} INFO - [2021-10-29 07:07:44,291] {dag.py:2408} INFO - Creating ORM DAG for example_branch_datetime_operator_2
[2021-10-29 07:07:44,301] {logging_mixin.py:109} INFO - [2021-10-29 07:07:44,300] {dag.py:2914} INFO - Setting next_dagrun for example_branch_datetime_operator_2 to 2021-10-28 00:00:00+00:00
[2021-10-29 07:07:44,319] {processor.py:171} INFO - Processing /home/airflow/.local/lib/python3.6/site-packages/airflow/example_dags/example_branch_datetime_operator.py took 2.525 seconds
[2021-10-29 07:08:14,635] {processor.py:163} INFO - Started process (PID=395) to work on /home/airflow/.local/lib/python3.6/site-packages/airflow/example_dags/example_branch_datetime_operator.py
[2021-10-29 07:08:14,637] {processor.py:620} INFO - Processing file /home/airflow/.local/lib/python3.6/site-packages/airflow/example_dags/example_branch_datetime_operator.py for tasks to queue
[2021-10-29 07:08:14,639] {logging_mixin.py:109} INFO - [2021-10-29 07:08:14,639] {dagbag.py:500} INFO - Filling up the DagBag from /home/airflow/.local/lib/python3.6/site-packages/airflow/example_dags/example_branch_datetime_operator.py
[2021-10-29 07:08:14,679] {processor.py:632} INFO - DAG(s) dict_keys(['example_branch_datetime_operator_2']) retrieved from /home/airflow/.local/lib/python3.6/site-packages/airflow/example_dags/example_branch_datetime_operator.py
[2021-10-29 07:08:14,693] {logging_mixin.py:109} INFO - [2021-10-29 07:08:14,693] {dag.py:2389} INFO - Sync 1 DAGs
[2021-10-29 07:08:14,709] {logging_mixin.py:109} INFO - [2021-10-29 07:08:14,709] {dag.py:2914} INFO - Setting next_dagrun for example_branch_datetime_operator_2 to 2021-10-28 00:00:00+00:00
[2021-10-29 07:08:14,722] {processor.py:171} INFO - Processing /home/airflow/.local/lib/python3.6/site-packages/airflow/example_dags/example_branch_datetime_operator.py took 0.093 seconds
[2021-10-29 07:08:45,072] {processor.py:163} INFO - Started process (PID=450) to work on /home/airflow/.local/lib/python3.6/site-packages/airflow/example_dags/example_branch_datetime_operator.py
[2021-10-29 07:08:45,075] {processor.py:620} INFO - Processing file /home/airflow/.local/lib/python3.6/site-packages/airflow/example_dags/example_branch_datetime_operator.py for tasks to queue
[2021-10-29 07:08:45,084] {logging_mixin.py:109} INFO - [2021-10-29 07:08:45,084] {dagbag.py:500} INFO - Filling up the DagBag from /home/airflow/.local/lib/python3.6/site-packages/airflow/example_dags/example_branch_datetime_operator.py
[2021-10-29 07:08:45,144] {processor.py:632} INFO - DAG(s) dict_keys(['example_branch_datetime_operator_2']) retrieved from /home/airflow/.local/lib/python3.6/site-packages/airflow/example_dags/example_branch_datetime_operator.py
[2021-10-29 07:08:45,159] {logging_mixin.py:109} INFO - [2021-10-29 07:08:45,159] {dag.py:2389} INFO - Sync 1 DAGs
[2021-10-29 07:08:45,174] {logging_mixin.py:109} INFO - [2021-10-29 07:08:45,173] {dag.py:2914} INFO - Setting next_dagrun for example_branch_datetime_operator_2 to 2021-10-28 00:00:00+00:00
[2021-10-29 07:08:45,186] {processor.py:171} INFO - Processing /home/airflow/.local/lib/python3.6/site-packages/airflow/example_dags/example_branch_datetime_operator.py took 0.119 seconds
[2021-10-29 07:09:15,495] {processor.py:163} INFO - Started process (PID=516) to work on /home/airflow/.local/lib/python3.6/site-packages/airflow/example_dags/example_branch_datetime_operator.py
[2021-10-29 07:09:15,498] {processor.py:620} INFO - Processing file /home/airflow/.local/lib/python3.6/site-packages/airflow/example_dags/example_branch_datetime_operator.py for tasks to queue
[2021-10-29 07:09:15,500] {logging_mixin.py:109} INFO - [2021-10-29 07:09:15,500] {dagbag.py:500} INFO - Filling up the DagBag from /home/airflow/.local/lib/python3.6/site-packages/airflow/example_dags/example_branch_datetime_operator.py
[2021-10-29 07:09:15,537] {processor.py:632} INFO - DAG(s) dict_keys(['example_branch_datetime_operator_2']) retrieved from /home/airflow/.local/lib/python3.6/site-packages/airflow/example_dags/example_branch_datetime_operator.py
[2021-10-29 07:09:15,550] {logging_mixin.py:109} INFO - [2021-10-29 07:09:15,550] {dag.py:2389} INFO - Sync 1 DAGs
[2021-10-29 07:09:15,564] {logging_mixin.py:109} INFO - [2021-10-29 07:09:15,564] {dag.py:2914} INFO - Setting next_dagrun for example_branch_datetime_operator_2 to 2021-10-28 00:00:00+00:00
[2021-10-29 07:09:15,576] {processor.py:171} INFO - Processing /home/airflow/.local/lib/python3.6/site-packages/airflow/example_dags/example_branch_datetime_operator.py took 0.087 seconds
[2021-10-29 07:09:45,692] {processor.py:163} INFO - Started process (PID=571) to work on /home/airflow/.local/lib/python3.6/site-packages/airflow/example_dags/example_branch_datetime_operator.py
[2021-10-29 07:09:45,695] {processor.py:620} INFO - Processing file /home/airflow/.local/lib/python3.6/site-packages/airflow/example_dags/example_branch_datetime_operator.py for tasks to queue
[2021-10-29 07:09:45,698] {logging_mixin.py:109} INFO - [2021-10-29 07:09:45,698] {dagbag.py:500} INFO - Filling up the DagBag from /home/airflow/.local/lib/python3.6/site-packages/airflow/example_dags/example_branch_datetime_operator.py
[2021-10-29 07:09:45,741] {processor.py:632} INFO - DAG(s) dict_keys(['example_branch_datetime_operator_2']) retrieved from /home/airflow/.local/lib/python3.6/site-packages/airflow/example_dags/example_branch_datetime_operator.py
[2021-10-29 07:09:45,758] {logging_mixin.py:109} INFO - [2021-10-29 07:09:45,758] {dag.py:2389} INFO - Sync 1 DAGs
[2021-10-29 07:09:45,776] {logging_mixin.py:109} INFO - [2021-10-29 07:09:45,776] {dag.py:2914} INFO - Setting next_dagrun for example_branch_datetime_operator_2 to 2021-10-28 00:00:00+00:00
[2021-10-29 07:09:45,796] {processor.py:171} INFO - Processing /home/airflow/.local/lib/python3.6/site-packages/airflow/example_dags/example_branch_datetime_operator.py took 0.110 seconds
[2021-10-29 07:10:16,098] {processor.py:163} INFO - Started process (PID=638) to work on /home/airflow/.local/lib/python3.6/site-packages/airflow/example_dags/example_branch_datetime_operator.py
[2021-10-29 07:10:16,101] {processor.py:620} INFO - Processing file /home/airflow/.local/lib/python3.6/site-packages/airflow/example_dags/example_branch_datetime_operator.py for tasks to queue
[2021-10-29 07:10:16,104] {logging_mixin.py:109} INFO - [2021-10-29 07:10:16,104] {dagbag.py:500} INFO - Filling up the DagBag from /home/airflow/.local/lib/python3.6/site-packages/airflow/example_dags/example_branch_datetime_operator.py
[2021-10-29 07:10:16,148] {processor.py:632} INFO - DAG(s) dict_keys(['example_branch_datetime_operator_2']) retrieved from /home/airflow/.local/lib/python3.6/site-packages/airflow/example_dags/example_branch_datetime_operator.py
[2021-10-29 07:10:16,161] {logging_mixin.py:109} INFO - [2021-10-29 07:10:16,161] {dag.py:2389} INFO - Sync 1 DAGs
[2021-10-29 07:10:16,176] {logging_mixin.py:109} INFO - [2021-10-29 07:10:16,176] {dag.py:2914} INFO - Setting next_dagrun for example_branch_datetime_operator_2 to 2021-10-28 00:00:00+00:00
[2021-10-29 07:10:16,188] {processor.py:171} INFO - Processing /home/airflow/.local/lib/python3.6/site-packages/airflow/example_dags/example_branch_datetime_operator.py took 0.093 seconds
[2021-10-29 07:10:46,241] {processor.py:163} INFO - Started process (PID=693) to work on /home/airflow/.local/lib/python3.6/site-packages/airflow/example_dags/example_branch_datetime_operator.py
[2021-10-29 07:10:46,244] {processor.py:620} INFO - Processing file /home/airflow/.local/lib/python3.6/site-packages/airflow/example_dags/example_branch_datetime_operator.py for tasks to queue
[2021-10-29 07:10:46,247] {logging_mixin.py:109} INFO - [2021-10-29 07:10:46,246] {dagbag.py:500} INFO - Filling up the DagBag from /home/airflow/.local/lib/python3.6/site-packages/airflow/example_dags/example_branch_datetime_operator.py
[2021-10-29 07:10:46,296] {processor.py:632} INFO - DAG(s) dict_keys(['example_branch_datetime_operator_2']) retrieved from /home/airflow/.local/lib/python3.6/site-packages/airflow/example_dags/example_branch_datetime_operator.py
[2021-10-29 07:10:46,313] {logging_mixin.py:109} INFO - [2021-10-29 07:10:46,312] {dag.py:2389} INFO - Sync 1 DAGs
[2021-10-29 07:10:46,329] {logging_mixin.py:109} INFO - [2021-10-29 07:10:46,329] {dag.py:2914} INFO - Setting next_dagrun for example_branch_datetime_operator_2 to 2021-10-28 00:00:00+00:00
[2021-10-29 07:10:46,344] {processor.py:171} INFO - Processing /home/airflow/.local/lib/python3.6/site-packages/airflow/example_dags/example_branch_datetime_operator.py took 0.109 seconds
[2021-10-29 07:11:16,824] {processor.py:163} INFO - Started process (PID=758) to work on /home/airflow/.local/lib/python3.6/site-packages/airflow/example_dags/example_branch_datetime_operator.py
[2021-10-29 07:11:16,827] {processor.py:620} INFO - Processing file /home/airflow/.local/lib/python3.6/site-packages/airflow/example_dags/example_branch_datetime_operator.py for tasks to queue
[2021-10-29 07:11:16,829] {logging_mixin.py:109} INFO - [2021-10-29 07:11:16,829] {dagbag.py:500} INFO - Filling up the DagBag from /home/airflow/.local/lib/python3.6/site-packages/airflow/example_dags/example_branch_datetime_operator.py
[2021-10-29 07:11:16,878] {processor.py:632} INFO - DAG(s) dict_keys(['example_branch_datetime_operator_2']) retrieved from /home/airflow/.local/lib/python3.6/site-packages/airflow/example_dags/example_branch_datetime_operator.py
[2021-10-29 07:11:16,897] {logging_mixin.py:109} INFO - [2021-10-29 07:11:16,897] {dag.py:2389} INFO - Sync 1 DAGs
[2021-10-29 07:11:16,922] {logging_mixin.py:109} INFO - [2021-10-29 07:11:16,922] {dag.py:2914} INFO - Setting next_dagrun for example_branch_datetime_operator_2 to 2021-10-28 00:00:00+00:00
[2021-10-29 07:11:16,942] {processor.py:171} INFO - Processing /home/airflow/.local/lib/python3.6/site-packages/airflow/example_dags/example_branch_datetime_operator.py took 0.122 seconds
[2021-10-29 07:11:47,152] {processor.py:163} INFO - Started process (PID=814) to work on /home/airflow/.local/lib/python3.6/site-packages/airflow/example_dags/example_branch_datetime_operator.py
[2021-10-29 07:11:47,155] {processor.py:620} INFO - Processing file /home/airflow/.local/lib/python3.6/site-packages/airflow/example_dags/example_branch_datetime_operator.py for tasks to queue
[2021-10-29 07:11:47,156] {logging_mixin.py:109} INFO - [2021-10-29 07:11:47,156] {dagbag.py:500} INFO - Filling up the DagBag from /home/airflow/.local/lib/python3.6/site-packages/airflow/example_dags/example_branch_datetime_operator.py
[2021-10-29 07:11:47,195] {processor.py:632} INFO - DAG(s) dict_keys(['example_branch_datetime_operator_2']) retrieved from /home/airflow/.local/lib/python3.6/site-packages/airflow/example_dags/example_branch_datetime_operator.py
[2021-10-29 07:11:47,209] {logging_mixin.py:109} INFO - [2021-10-29 07:11:47,209] {dag.py:2389} INFO - Sync 1 DAGs
[2021-10-29 07:11:47,225] {logging_mixin.py:109} INFO - [2021-10-29 07:11:47,225] {dag.py:2914} INFO - Setting next_dagrun for example_branch_datetime_operator_2 to 2021-10-28 00:00:00+00:00
[2021-10-29 07:11:47,241] {processor.py:171} INFO - Processing /home/airflow/.local/lib/python3.6/site-packages/airflow/example_dags/example_branch_datetime_operator.py took 0.093 seconds
[2021-10-29 07:12:18,239] {processor.py:163} INFO - Started process (PID=867) to work on /home/airflow/.local/lib/python3.6/site-packages/airflow/example_dags/example_branch_datetime_operator.py
[2021-10-29 07:12:18,241] {processor.py:620} INFO - Processing file /home/airflow/.local/lib/python3.6/site-packages/airflow/example_dags/example_branch_datetime_operator.py for tasks to queue
[2021-10-29 07:12:18,243] {logging_mixin.py:109} INFO - [2021-10-29 07:12:18,243] {dagbag.py:500} INFO - Filling up the DagBag from /home/airflow/.local/lib/python3.6/site-packages/airflow/example_dags/example_branch_datetime_operator.py
[2021-10-29 07:12:18,291] {processor.py:632} INFO - DAG(s) dict_keys(['example_branch_datetime_operator_2']) retrieved from /home/airflow/.local/lib/python3.6/site-packages/airflow/example_dags/example_branch_datetime_operator.py
[2021-10-29 07:12:18,306] {logging_mixin.py:109} INFO - [2021-10-29 07:12:18,306] {dag.py:2389} INFO - Sync 1 DAGs
[2021-10-29 07:12:18,322] {logging_mixin.py:109} INFO - [2021-10-29 07:12:18,322] {dag.py:2914} INFO - Setting next_dagrun for example_branch_datetime_operator_2 to 2021-10-28 00:00:00+00:00
[2021-10-29 07:12:18,335] {processor.py:171} INFO - Processing /home/airflow/.local/lib/python3.6/site-packages/airflow/example_dags/example_branch_datetime_operator.py took 0.101 seconds
[2021-10-29 07:12:48,400] {processor.py:163} INFO - Started process (PID=933) to work on /home/airflow/.local/lib/python3.6/site-packages/airflow/example_dags/example_branch_datetime_operator.py
[2021-10-29 07:12:48,403] {processor.py:620} INFO - Processing file /home/airflow/.local/lib/python3.6/site-packages/airflow/example_dags/example_branch_datetime_operator.py for tasks to queue
[2021-10-29 07:12:48,405] {logging_mixin.py:109} INFO - [2021-10-29 07:12:48,405] {dagbag.py:500} INFO - Filling up the DagBag from /home/airflow/.local/lib/python3.6/site-packages/airflow/example_dags/example_branch_datetime_operator.py
[2021-10-29 07:12:48,441] {processor.py:632} INFO - DAG(s) dict_keys(['example_branch_datetime_operator_2']) retrieved from /home/airflow/.local/lib/python3.6/site-packages/airflow/example_dags/example_branch_datetime_operator.py
[2021-10-29 07:12:48,455] {logging_mixin.py:109} INFO - [2021-10-29 07:12:48,455] {dag.py:2389} INFO - Sync 1 DAGs
[2021-10-29 07:12:48,475] {logging_mixin.py:109} INFO - [2021-10-29 07:12:48,475] {dag.py:2914} INFO - Setting next_dagrun for example_branch_datetime_operator_2 to 2021-10-28 00:00:00+00:00
[2021-10-29 07:12:48,495] {processor.py:171} INFO - Processing /home/airflow/.local/lib/python3.6/site-packages/airflow/example_dags/example_branch_datetime_operator.py took 0.101 seconds
[2021-10-29 07:13:19,328] {processor.py:163} INFO - Started process (PID=989) to work on /home/airflow/.local/lib/python3.6/site-packages/airflow/example_dags/example_branch_datetime_operator.py
[2021-10-29 07:13:19,330] {processor.py:620} INFO - Processing file /home/airflow/.local/lib/python3.6/site-packages/airflow/example_dags/example_branch_datetime_operator.py for tasks to queue
[2021-10-29 07:13:19,332] {logging_mixin.py:109} INFO - [2021-10-29 07:13:19,332] {dagbag.py:500} INFO - Filling up the DagBag from /home/airflow/.local/lib/python3.6/site-packages/airflow/example_dags/example_branch_datetime_operator.py
[2021-10-29 07:13:19,376] {processor.py:632} INFO - DAG(s) dict_keys(['example_branch_datetime_operator_2']) retrieved from /home/airflow/.local/lib/python3.6/site-packages/airflow/example_dags/example_branch_datetime_operator.py
[2021-10-29 07:13:19,391] {logging_mixin.py:109} INFO - [2021-10-29 07:13:19,391] {dag.py:2389} INFO - Sync 1 DAGs
[2021-10-29 07:13:19,412] {logging_mixin.py:109} INFO - [2021-10-29 07:13:19,412] {dag.py:2914} INFO - Setting next_dagrun for example_branch_datetime_operator_2 to 2021-10-28 00:00:00+00:00
[2021-10-29 07:13:19,432] {processor.py:171} INFO - Processing /home/airflow/.local/lib/python3.6/site-packages/airflow/example_dags/example_branch_datetime_operator.py took 0.110 seconds
[2021-10-29 07:13:50,180] {processor.py:163} INFO - Started process (PID=1055) to work on /home/airflow/.local/lib/python3.6/site-packages/airflow/example_dags/example_branch_datetime_operator.py
[2021-10-29 07:13:50,182] {processor.py:620} INFO - Processing file /home/airflow/.local/lib/python3.6/site-packages/airflow/example_dags/example_branch_datetime_operator.py for tasks to queue
[2021-10-29 07:13:50,189] {logging_mixin.py:109} INFO - [2021-10-29 07:13:50,189] {dagbag.py:500} INFO - Filling up the DagBag from /home/airflow/.local/lib/python3.6/site-packages/airflow/example_dags/example_branch_datetime_operator.py
[2021-10-29 07:13:50,235] {processor.py:632} INFO - DAG(s) dict_keys(['example_branch_datetime_operator_2']) retrieved from /home/airflow/.local/lib/python3.6/site-packages/airflow/example_dags/example_branch_datetime_operator.py
[2021-10-29 07:13:50,249] {logging_mixin.py:109} INFO - [2021-10-29 07:13:50,249] {dag.py:2389} INFO - Sync 1 DAGs
[2021-10-29 07:13:50,271] {logging_mixin.py:109} INFO - [2021-10-29 07:13:50,271] {dag.py:2914} INFO - Setting next_dagrun for example_branch_datetime_operator_2 to 2021-10-28 00:00:00+00:00
[2021-10-29 07:13:50,299] {processor.py:171} INFO - Processing /home/airflow/.local/lib/python3.6/site-packages/airflow/example_dags/example_branch_datetime_operator.py took 0.124 seconds
[2021-10-29 07:14:20,874] {processor.py:163} INFO - Started process (PID=1111) to work on /home/airflow/.local/lib/python3.6/site-packages/airflow/example_dags/example_branch_datetime_operator.py
[2021-10-29 07:14:20,877] {processor.py:620} INFO - Processing file /home/airflow/.local/lib/python3.6/site-packages/airflow/example_dags/example_branch_datetime_operator.py for tasks to queue
[2021-10-29 07:14:20,879] {logging_mixin.py:109} INFO - [2021-10-29 07:14:20,879] {dagbag.py:500} INFO - Filling up the DagBag from /home/airflow/.local/lib/python3.6/site-packages/airflow/example_dags/example_branch_datetime_operator.py
[2021-10-29 07:14:20,924] {processor.py:632} INFO - DAG(s) dict_keys(['example_branch_datetime_operator_2']) retrieved from /home/airflow/.local/lib/python3.6/site-packages/airflow/example_dags/example_branch_datetime_operator.py
[2021-10-29 07:14:20,940] {logging_mixin.py:109} INFO - [2021-10-29 07:14:20,940] {dag.py:2389} INFO - Sync 1 DAGs
[2021-10-29 07:14:20,956] {logging_mixin.py:109} INFO - [2021-10-29 07:14:20,956] {dag.py:2914} INFO - Setting next_dagrun for example_branch_datetime_operator_2 to 2021-10-28 00:00:00+00:00
[2021-10-29 07:14:20,970] {processor.py:171} INFO - Processing /home/airflow/.local/lib/python3.6/site-packages/airflow/example_dags/example_branch_datetime_operator.py took 0.101 seconds
[2021-10-29 07:14:51,629] {processor.py:163} INFO - Started process (PID=1178) to work on /home/airflow/.local/lib/python3.6/site-packages/airflow/example_dags/example_branch_datetime_operator.py
[2021-10-29 07:14:51,631] {processor.py:620} INFO - Processing file /home/airflow/.local/lib/python3.6/site-packages/airflow/example_dags/example_branch_datetime_operator.py for tasks to queue
[2021-10-29 07:14:51,633] {logging_mixin.py:109} INFO - [2021-10-29 07:14:51,633] {dagbag.py:500} INFO - Filling up the DagBag from /home/airflow/.local/lib/python3.6/site-packages/airflow/example_dags/example_branch_datetime_operator.py
[2021-10-29 07:14:51,672] {processor.py:632} INFO - DAG(s) dict_keys(['example_branch_datetime_operator_2']) retrieved from /home/airflow/.local/lib/python3.6/site-packages/airflow/example_dags/example_branch_datetime_operator.py
[2021-10-29 07:14:51,685] {logging_mixin.py:109} INFO - [2021-10-29 07:14:51,685] {dag.py:2389} INFO - Sync 1 DAGs
[2021-10-29 07:14:51,699] {logging_mixin.py:109} INFO - [2021-10-29 07:14:51,699] {dag.py:2914} INFO - Setting next_dagrun for example_branch_datetime_operator_2 to 2021-10-28 00:00:00+00:00
[2021-10-29 07:14:51,711] {processor.py:171} INFO - Processing /home/airflow/.local/lib/python3.6/site-packages/airflow/example_dags/example_branch_datetime_operator.py took 0.086 seconds
