[2021-10-29 07:07:38,928] {processor.py:163} INFO - Started process (PID=268) to work on /home/airflow/.local/lib/python3.6/site-packages/airflow/example_dags/example_dag_decorator.py
[2021-10-29 07:07:38,931] {processor.py:620} INFO - Processing file /home/airflow/.local/lib/python3.6/site-packages/airflow/example_dags/example_dag_decorator.py for tasks to queue
[2021-10-29 07:07:38,934] {logging_mixin.py:109} INFO - [2021-10-29 07:07:38,934] {dagbag.py:500} INFO - Filling up the DagBag from /home/airflow/.local/lib/python3.6/site-packages/airflow/example_dags/example_dag_decorator.py
[2021-10-29 07:07:38,992] {processor.py:632} INFO - DAG(s) dict_keys(['example_dag_decorator']) retrieved from /home/airflow/.local/lib/python3.6/site-packages/airflow/example_dags/example_dag_decorator.py
[2021-10-29 07:07:40,563] {logging_mixin.py:109} INFO - [2021-10-29 07:07:40,563] {providers_manager.py:156} WARNING - Exception when importing 'airflow.providers.google.leveldb.hooks.leveldb.LevelDBHook' from 'apache-airflow-providers-google' package: No module named 'plyvel'
[2021-10-29 07:07:40,907] {logging_mixin.py:109} INFO - [2021-10-29 07:07:40,907] {providers_manager.py:156} WARNING - Exception when importing 'airflow.providers.google.leveldb.hooks.leveldb.LevelDBHook' from 'apache-airflow-providers-google' package: No module named 'plyvel'
[2021-10-29 07:07:40,932] {logging_mixin.py:109} INFO - [2021-10-29 07:07:40,932] {manager.py:496} INFO - Created Permission View: can read on DAG:example_dag_decorator
[2021-10-29 07:07:41,054] {logging_mixin.py:109} INFO - [2021-10-29 07:07:41,054] {manager.py:496} INFO - Created Permission View: can edit on DAG:example_dag_decorator
[2021-10-29 07:07:41,057] {logging_mixin.py:109} INFO - [2021-10-29 07:07:41,056] {dag.py:2389} INFO - Sync 1 DAGs
[2021-10-29 07:07:41,068] {logging_mixin.py:109} INFO - [2021-10-29 07:07:41,067] {dag.py:2408} INFO - Creating ORM DAG for example_dag_decorator
[2021-10-29 07:07:41,074] {logging_mixin.py:109} INFO - [2021-10-29 07:07:41,074] {dag.py:2914} INFO - Setting next_dagrun for example_dag_decorator to None
[2021-10-29 07:07:41,093] {processor.py:171} INFO - Processing /home/airflow/.local/lib/python3.6/site-packages/airflow/example_dags/example_dag_decorator.py took 2.169 seconds
[2021-10-29 07:08:11,261] {processor.py:163} INFO - Started process (PID=392) to work on /home/airflow/.local/lib/python3.6/site-packages/airflow/example_dags/example_dag_decorator.py
[2021-10-29 07:08:11,265] {processor.py:620} INFO - Processing file /home/airflow/.local/lib/python3.6/site-packages/airflow/example_dags/example_dag_decorator.py for tasks to queue
[2021-10-29 07:08:11,268] {logging_mixin.py:109} INFO - [2021-10-29 07:08:11,268] {dagbag.py:500} INFO - Filling up the DagBag from /home/airflow/.local/lib/python3.6/site-packages/airflow/example_dags/example_dag_decorator.py
[2021-10-29 07:08:11,332] {processor.py:632} INFO - DAG(s) dict_keys(['example_dag_decorator']) retrieved from /home/airflow/.local/lib/python3.6/site-packages/airflow/example_dags/example_dag_decorator.py
[2021-10-29 07:08:11,576] {logging_mixin.py:109} INFO - [2021-10-29 07:08:11,576] {dag.py:2389} INFO - Sync 1 DAGs
[2021-10-29 07:08:11,590] {logging_mixin.py:109} INFO - [2021-10-29 07:08:11,590] {dag.py:2914} INFO - Setting next_dagrun for example_dag_decorator to None
[2021-10-29 07:08:11,606] {processor.py:171} INFO - Processing /home/airflow/.local/lib/python3.6/site-packages/airflow/example_dags/example_dag_decorator.py took 0.355 seconds
[2021-10-29 07:08:42,600] {processor.py:163} INFO - Started process (PID=447) to work on /home/airflow/.local/lib/python3.6/site-packages/airflow/example_dags/example_dag_decorator.py
[2021-10-29 07:08:42,603] {processor.py:620} INFO - Processing file /home/airflow/.local/lib/python3.6/site-packages/airflow/example_dags/example_dag_decorator.py for tasks to queue
[2021-10-29 07:08:42,606] {logging_mixin.py:109} INFO - [2021-10-29 07:08:42,606] {dagbag.py:500} INFO - Filling up the DagBag from /home/airflow/.local/lib/python3.6/site-packages/airflow/example_dags/example_dag_decorator.py
[2021-10-29 07:08:42,672] {processor.py:632} INFO - DAG(s) dict_keys(['example_dag_decorator']) retrieved from /home/airflow/.local/lib/python3.6/site-packages/airflow/example_dags/example_dag_decorator.py
[2021-10-29 07:08:42,956] {logging_mixin.py:109} INFO - [2021-10-29 07:08:42,956] {dag.py:2389} INFO - Sync 1 DAGs
[2021-10-29 07:08:42,977] {logging_mixin.py:109} INFO - [2021-10-29 07:08:42,977] {dag.py:2914} INFO - Setting next_dagrun for example_dag_decorator to None
[2021-10-29 07:08:43,003] {processor.py:171} INFO - Processing /home/airflow/.local/lib/python3.6/site-packages/airflow/example_dags/example_dag_decorator.py took 0.407 seconds
[2021-10-29 07:09:13,129] {processor.py:163} INFO - Started process (PID=513) to work on /home/airflow/.local/lib/python3.6/site-packages/airflow/example_dags/example_dag_decorator.py
[2021-10-29 07:09:13,131] {processor.py:620} INFO - Processing file /home/airflow/.local/lib/python3.6/site-packages/airflow/example_dags/example_dag_decorator.py for tasks to queue
[2021-10-29 07:09:13,133] {logging_mixin.py:109} INFO - [2021-10-29 07:09:13,133] {dagbag.py:500} INFO - Filling up the DagBag from /home/airflow/.local/lib/python3.6/site-packages/airflow/example_dags/example_dag_decorator.py
[2021-10-29 07:09:13,185] {processor.py:632} INFO - DAG(s) dict_keys(['example_dag_decorator']) retrieved from /home/airflow/.local/lib/python3.6/site-packages/airflow/example_dags/example_dag_decorator.py
[2021-10-29 07:09:13,378] {logging_mixin.py:109} INFO - [2021-10-29 07:09:13,378] {dag.py:2389} INFO - Sync 1 DAGs
[2021-10-29 07:09:13,393] {logging_mixin.py:109} INFO - [2021-10-29 07:09:13,393] {dag.py:2914} INFO - Setting next_dagrun for example_dag_decorator to None
[2021-10-29 07:09:13,410] {processor.py:171} INFO - Processing /home/airflow/.local/lib/python3.6/site-packages/airflow/example_dags/example_dag_decorator.py took 0.286 seconds
[2021-10-29 07:09:43,523] {processor.py:163} INFO - Started process (PID=568) to work on /home/airflow/.local/lib/python3.6/site-packages/airflow/example_dags/example_dag_decorator.py
[2021-10-29 07:09:43,526] {processor.py:620} INFO - Processing file /home/airflow/.local/lib/python3.6/site-packages/airflow/example_dags/example_dag_decorator.py for tasks to queue
[2021-10-29 07:09:43,528] {logging_mixin.py:109} INFO - [2021-10-29 07:09:43,528] {dagbag.py:500} INFO - Filling up the DagBag from /home/airflow/.local/lib/python3.6/site-packages/airflow/example_dags/example_dag_decorator.py
[2021-10-29 07:09:43,581] {processor.py:632} INFO - DAG(s) dict_keys(['example_dag_decorator']) retrieved from /home/airflow/.local/lib/python3.6/site-packages/airflow/example_dags/example_dag_decorator.py
[2021-10-29 07:09:43,596] {logging_mixin.py:109} INFO - [2021-10-29 07:09:43,595] {dag.py:2389} INFO - Sync 1 DAGs
[2021-10-29 07:09:43,611] {logging_mixin.py:109} INFO - [2021-10-29 07:09:43,610] {dag.py:2914} INFO - Setting next_dagrun for example_dag_decorator to None
[2021-10-29 07:09:43,625] {processor.py:171} INFO - Processing /home/airflow/.local/lib/python3.6/site-packages/airflow/example_dags/example_dag_decorator.py took 0.107 seconds
[2021-10-29 07:10:13,983] {processor.py:163} INFO - Started process (PID=635) to work on /home/airflow/.local/lib/python3.6/site-packages/airflow/example_dags/example_dag_decorator.py
[2021-10-29 07:10:13,986] {processor.py:620} INFO - Processing file /home/airflow/.local/lib/python3.6/site-packages/airflow/example_dags/example_dag_decorator.py for tasks to queue
[2021-10-29 07:10:13,989] {logging_mixin.py:109} INFO - [2021-10-29 07:10:13,989] {dagbag.py:500} INFO - Filling up the DagBag from /home/airflow/.local/lib/python3.6/site-packages/airflow/example_dags/example_dag_decorator.py
[2021-10-29 07:10:14,093] {processor.py:632} INFO - DAG(s) dict_keys(['example_dag_decorator']) retrieved from /home/airflow/.local/lib/python3.6/site-packages/airflow/example_dags/example_dag_decorator.py
[2021-10-29 07:10:14,483] {logging_mixin.py:109} INFO - [2021-10-29 07:10:14,482] {dag.py:2389} INFO - Sync 1 DAGs
[2021-10-29 07:10:14,501] {logging_mixin.py:109} INFO - [2021-10-29 07:10:14,501] {dag.py:2914} INFO - Setting next_dagrun for example_dag_decorator to None
[2021-10-29 07:10:14,537] {processor.py:171} INFO - Processing /home/airflow/.local/lib/python3.6/site-packages/airflow/example_dags/example_dag_decorator.py took 0.559 seconds
[2021-10-29 07:10:44,845] {processor.py:163} INFO - Started process (PID=690) to work on /home/airflow/.local/lib/python3.6/site-packages/airflow/example_dags/example_dag_decorator.py
[2021-10-29 07:10:44,850] {processor.py:620} INFO - Processing file /home/airflow/.local/lib/python3.6/site-packages/airflow/example_dags/example_dag_decorator.py for tasks to queue
[2021-10-29 07:10:44,853] {logging_mixin.py:109} INFO - [2021-10-29 07:10:44,853] {dagbag.py:500} INFO - Filling up the DagBag from /home/airflow/.local/lib/python3.6/site-packages/airflow/example_dags/example_dag_decorator.py
[2021-10-29 07:10:44,914] {processor.py:632} INFO - DAG(s) dict_keys(['example_dag_decorator']) retrieved from /home/airflow/.local/lib/python3.6/site-packages/airflow/example_dags/example_dag_decorator.py
[2021-10-29 07:10:45,156] {logging_mixin.py:109} INFO - [2021-10-29 07:10:45,155] {dag.py:2389} INFO - Sync 1 DAGs
[2021-10-29 07:10:45,170] {logging_mixin.py:109} INFO - [2021-10-29 07:10:45,170] {dag.py:2914} INFO - Setting next_dagrun for example_dag_decorator to None
[2021-10-29 07:10:45,189] {processor.py:171} INFO - Processing /home/airflow/.local/lib/python3.6/site-packages/airflow/example_dags/example_dag_decorator.py took 0.349 seconds
[2021-10-29 07:11:15,477] {processor.py:163} INFO - Started process (PID=745) to work on /home/airflow/.local/lib/python3.6/site-packages/airflow/example_dags/example_dag_decorator.py
[2021-10-29 07:11:15,480] {processor.py:620} INFO - Processing file /home/airflow/.local/lib/python3.6/site-packages/airflow/example_dags/example_dag_decorator.py for tasks to queue
[2021-10-29 07:11:15,482] {logging_mixin.py:109} INFO - [2021-10-29 07:11:15,482] {dagbag.py:500} INFO - Filling up the DagBag from /home/airflow/.local/lib/python3.6/site-packages/airflow/example_dags/example_dag_decorator.py
[2021-10-29 07:11:15,536] {processor.py:632} INFO - DAG(s) dict_keys(['example_dag_decorator']) retrieved from /home/airflow/.local/lib/python3.6/site-packages/airflow/example_dags/example_dag_decorator.py
[2021-10-29 07:11:15,751] {logging_mixin.py:109} INFO - [2021-10-29 07:11:15,751] {dag.py:2389} INFO - Sync 1 DAGs
[2021-10-29 07:11:15,766] {logging_mixin.py:109} INFO - [2021-10-29 07:11:15,766] {dag.py:2914} INFO - Setting next_dagrun for example_dag_decorator to None
[2021-10-29 07:11:15,781] {processor.py:171} INFO - Processing /home/airflow/.local/lib/python3.6/site-packages/airflow/example_dags/example_dag_decorator.py took 0.311 seconds
[2021-10-29 07:11:45,821] {processor.py:163} INFO - Started process (PID=811) to work on /home/airflow/.local/lib/python3.6/site-packages/airflow/example_dags/example_dag_decorator.py
[2021-10-29 07:11:45,825] {processor.py:620} INFO - Processing file /home/airflow/.local/lib/python3.6/site-packages/airflow/example_dags/example_dag_decorator.py for tasks to queue
[2021-10-29 07:11:45,828] {logging_mixin.py:109} INFO - [2021-10-29 07:11:45,828] {dagbag.py:500} INFO - Filling up the DagBag from /home/airflow/.local/lib/python3.6/site-packages/airflow/example_dags/example_dag_decorator.py
[2021-10-29 07:11:45,880] {processor.py:632} INFO - DAG(s) dict_keys(['example_dag_decorator']) retrieved from /home/airflow/.local/lib/python3.6/site-packages/airflow/example_dags/example_dag_decorator.py
[2021-10-29 07:11:46,081] {logging_mixin.py:109} INFO - [2021-10-29 07:11:46,081] {dag.py:2389} INFO - Sync 1 DAGs
[2021-10-29 07:11:46,097] {logging_mixin.py:109} INFO - [2021-10-29 07:11:46,097] {dag.py:2914} INFO - Setting next_dagrun for example_dag_decorator to None
[2021-10-29 07:11:46,110] {processor.py:171} INFO - Processing /home/airflow/.local/lib/python3.6/site-packages/airflow/example_dags/example_dag_decorator.py took 0.296 seconds
[2021-10-29 07:12:16,872] {processor.py:163} INFO - Started process (PID=864) to work on /home/airflow/.local/lib/python3.6/site-packages/airflow/example_dags/example_dag_decorator.py
[2021-10-29 07:12:16,877] {processor.py:620} INFO - Processing file /home/airflow/.local/lib/python3.6/site-packages/airflow/example_dags/example_dag_decorator.py for tasks to queue
[2021-10-29 07:12:16,879] {logging_mixin.py:109} INFO - [2021-10-29 07:12:16,879] {dagbag.py:500} INFO - Filling up the DagBag from /home/airflow/.local/lib/python3.6/site-packages/airflow/example_dags/example_dag_decorator.py
[2021-10-29 07:12:16,928] {processor.py:632} INFO - DAG(s) dict_keys(['example_dag_decorator']) retrieved from /home/airflow/.local/lib/python3.6/site-packages/airflow/example_dags/example_dag_decorator.py
[2021-10-29 07:12:17,161] {logging_mixin.py:109} INFO - [2021-10-29 07:12:17,161] {dag.py:2389} INFO - Sync 1 DAGs
[2021-10-29 07:12:17,172] {logging_mixin.py:109} INFO - [2021-10-29 07:12:17,172] {dag.py:2914} INFO - Setting next_dagrun for example_dag_decorator to None
[2021-10-29 07:12:17,187] {processor.py:171} INFO - Processing /home/airflow/.local/lib/python3.6/site-packages/airflow/example_dags/example_dag_decorator.py took 0.322 seconds
[2021-10-29 07:12:48,059] {processor.py:163} INFO - Started process (PID=930) to work on /home/airflow/.local/lib/python3.6/site-packages/airflow/example_dags/example_dag_decorator.py
[2021-10-29 07:12:48,063] {processor.py:620} INFO - Processing file /home/airflow/.local/lib/python3.6/site-packages/airflow/example_dags/example_dag_decorator.py for tasks to queue
[2021-10-29 07:12:48,065] {logging_mixin.py:109} INFO - [2021-10-29 07:12:48,065] {dagbag.py:500} INFO - Filling up the DagBag from /home/airflow/.local/lib/python3.6/site-packages/airflow/example_dags/example_dag_decorator.py
[2021-10-29 07:12:48,118] {processor.py:632} INFO - DAG(s) dict_keys(['example_dag_decorator']) retrieved from /home/airflow/.local/lib/python3.6/site-packages/airflow/example_dags/example_dag_decorator.py
[2021-10-29 07:12:48,324] {logging_mixin.py:109} INFO - [2021-10-29 07:12:48,324] {dag.py:2389} INFO - Sync 1 DAGs
[2021-10-29 07:12:48,336] {logging_mixin.py:109} INFO - [2021-10-29 07:12:48,335] {dag.py:2914} INFO - Setting next_dagrun for example_dag_decorator to None
[2021-10-29 07:12:48,350] {processor.py:171} INFO - Processing /home/airflow/.local/lib/python3.6/site-packages/airflow/example_dags/example_dag_decorator.py took 0.297 seconds
[2021-10-29 07:13:18,891] {processor.py:163} INFO - Started process (PID=986) to work on /home/airflow/.local/lib/python3.6/site-packages/airflow/example_dags/example_dag_decorator.py
[2021-10-29 07:13:18,894] {processor.py:620} INFO - Processing file /home/airflow/.local/lib/python3.6/site-packages/airflow/example_dags/example_dag_decorator.py for tasks to queue
[2021-10-29 07:13:18,896] {logging_mixin.py:109} INFO - [2021-10-29 07:13:18,896] {dagbag.py:500} INFO - Filling up the DagBag from /home/airflow/.local/lib/python3.6/site-packages/airflow/example_dags/example_dag_decorator.py
[2021-10-29 07:13:18,954] {processor.py:632} INFO - DAG(s) dict_keys(['example_dag_decorator']) retrieved from /home/airflow/.local/lib/python3.6/site-packages/airflow/example_dags/example_dag_decorator.py
[2021-10-29 07:13:19,246] {logging_mixin.py:109} INFO - [2021-10-29 07:13:19,246] {dag.py:2389} INFO - Sync 1 DAGs
[2021-10-29 07:13:19,264] {logging_mixin.py:109} INFO - [2021-10-29 07:13:19,264] {dag.py:2914} INFO - Setting next_dagrun for example_dag_decorator to None
[2021-10-29 07:13:19,286] {processor.py:171} INFO - Processing /home/airflow/.local/lib/python3.6/site-packages/airflow/example_dags/example_dag_decorator.py took 0.401 seconds
[2021-10-29 07:13:49,842] {processor.py:163} INFO - Started process (PID=1052) to work on /home/airflow/.local/lib/python3.6/site-packages/airflow/example_dags/example_dag_decorator.py
[2021-10-29 07:13:49,845] {processor.py:620} INFO - Processing file /home/airflow/.local/lib/python3.6/site-packages/airflow/example_dags/example_dag_decorator.py for tasks to queue
[2021-10-29 07:13:49,847] {logging_mixin.py:109} INFO - [2021-10-29 07:13:49,847] {dagbag.py:500} INFO - Filling up the DagBag from /home/airflow/.local/lib/python3.6/site-packages/airflow/example_dags/example_dag_decorator.py
[2021-10-29 07:13:49,899] {processor.py:632} INFO - DAG(s) dict_keys(['example_dag_decorator']) retrieved from /home/airflow/.local/lib/python3.6/site-packages/airflow/example_dags/example_dag_decorator.py
[2021-10-29 07:13:50,106] {logging_mixin.py:109} INFO - [2021-10-29 07:13:50,106] {dag.py:2389} INFO - Sync 1 DAGs
[2021-10-29 07:13:50,118] {logging_mixin.py:109} INFO - [2021-10-29 07:13:50,118] {dag.py:2914} INFO - Setting next_dagrun for example_dag_decorator to None
[2021-10-29 07:13:50,132] {processor.py:171} INFO - Processing /home/airflow/.local/lib/python3.6/site-packages/airflow/example_dags/example_dag_decorator.py took 0.295 seconds
[2021-10-29 07:14:20,496] {processor.py:163} INFO - Started process (PID=1108) to work on /home/airflow/.local/lib/python3.6/site-packages/airflow/example_dags/example_dag_decorator.py
[2021-10-29 07:14:20,499] {processor.py:620} INFO - Processing file /home/airflow/.local/lib/python3.6/site-packages/airflow/example_dags/example_dag_decorator.py for tasks to queue
[2021-10-29 07:14:20,501] {logging_mixin.py:109} INFO - [2021-10-29 07:14:20,501] {dagbag.py:500} INFO - Filling up the DagBag from /home/airflow/.local/lib/python3.6/site-packages/airflow/example_dags/example_dag_decorator.py
[2021-10-29 07:14:20,555] {processor.py:632} INFO - DAG(s) dict_keys(['example_dag_decorator']) retrieved from /home/airflow/.local/lib/python3.6/site-packages/airflow/example_dags/example_dag_decorator.py
[2021-10-29 07:14:20,796] {logging_mixin.py:109} INFO - [2021-10-29 07:14:20,795] {dag.py:2389} INFO - Sync 1 DAGs
[2021-10-29 07:14:20,809] {logging_mixin.py:109} INFO - [2021-10-29 07:14:20,809] {dag.py:2914} INFO - Setting next_dagrun for example_dag_decorator to None
[2021-10-29 07:14:20,825] {processor.py:171} INFO - Processing /home/airflow/.local/lib/python3.6/site-packages/airflow/example_dags/example_dag_decorator.py took 0.334 seconds
[2021-10-29 07:14:51,207] {processor.py:163} INFO - Started process (PID=1175) to work on /home/airflow/.local/lib/python3.6/site-packages/airflow/example_dags/example_dag_decorator.py
[2021-10-29 07:14:51,211] {processor.py:620} INFO - Processing file /home/airflow/.local/lib/python3.6/site-packages/airflow/example_dags/example_dag_decorator.py for tasks to queue
[2021-10-29 07:14:51,214] {logging_mixin.py:109} INFO - [2021-10-29 07:14:51,213] {dagbag.py:500} INFO - Filling up the DagBag from /home/airflow/.local/lib/python3.6/site-packages/airflow/example_dags/example_dag_decorator.py
[2021-10-29 07:14:51,260] {processor.py:632} INFO - DAG(s) dict_keys(['example_dag_decorator']) retrieved from /home/airflow/.local/lib/python3.6/site-packages/airflow/example_dags/example_dag_decorator.py
[2021-10-29 07:14:51,463] {logging_mixin.py:109} INFO - [2021-10-29 07:14:51,463] {dag.py:2389} INFO - Sync 1 DAGs
[2021-10-29 07:14:51,475] {logging_mixin.py:109} INFO - [2021-10-29 07:14:51,475] {dag.py:2914} INFO - Setting next_dagrun for example_dag_decorator to None
[2021-10-29 07:14:51,492] {processor.py:171} INFO - Processing /home/airflow/.local/lib/python3.6/site-packages/airflow/example_dags/example_dag_decorator.py took 0.289 seconds
[2021-10-29 07:15:22,310] {processor.py:163} INFO - Started process (PID=1228) to work on /home/airflow/.local/lib/python3.6/site-packages/airflow/example_dags/example_dag_decorator.py
[2021-10-29 07:15:22,319] {processor.py:620} INFO - Processing file /home/airflow/.local/lib/python3.6/site-packages/airflow/example_dags/example_dag_decorator.py for tasks to queue
[2021-10-29 07:15:22,322] {logging_mixin.py:109} INFO - [2021-10-29 07:15:22,321] {dagbag.py:500} INFO - Filling up the DagBag from /home/airflow/.local/lib/python3.6/site-packages/airflow/example_dags/example_dag_decorator.py
