[2021-10-29 07:06:23,985] {processor.py:163} INFO - Started process (PID=86) to work on /home/airflow/.local/lib/python3.6/site-packages/airflow/example_dags/example_branch_labels.py
[2021-10-29 07:06:23,990] {processor.py:620} INFO - Processing file /home/airflow/.local/lib/python3.6/site-packages/airflow/example_dags/example_branch_labels.py for tasks to queue
[2021-10-29 07:06:24,000] {logging_mixin.py:109} INFO - [2021-10-29 07:06:24,000] {dagbag.py:500} INFO - Filling up the DagBag from /home/airflow/.local/lib/python3.6/site-packages/airflow/example_dags/example_branch_labels.py
[2021-10-29 07:06:24,204] {processor.py:632} INFO - DAG(s) dict_keys(['example_branch_labels']) retrieved from /home/airflow/.local/lib/python3.6/site-packages/airflow/example_dags/example_branch_labels.py
[2021-10-29 07:06:30,881] {logging_mixin.py:109} INFO - [2021-10-29 07:06:30,880] {providers_manager.py:156} WARNING - Exception when importing 'airflow.providers.google.leveldb.hooks.leveldb.LevelDBHook' from 'apache-airflow-providers-google' package: No module named 'plyvel'
[2021-10-29 07:06:32,548] {logging_mixin.py:109} INFO - [2021-10-29 07:06:32,546] {providers_manager.py:156} WARNING - Exception when importing 'airflow.providers.google.leveldb.hooks.leveldb.LevelDBHook' from 'apache-airflow-providers-google' package: No module named 'plyvel'
[2021-10-29 07:06:32,652] {logging_mixin.py:109} INFO - [2021-10-29 07:06:32,651] {manager.py:496} INFO - Created Permission View: can read on DAG:example_branch_labels
[2021-10-29 07:06:32,722] {logging_mixin.py:109} INFO - [2021-10-29 07:06:32,722] {manager.py:496} INFO - Created Permission View: can edit on DAG:example_branch_labels
[2021-10-29 07:06:32,729] {logging_mixin.py:109} INFO - [2021-10-29 07:06:32,726] {dag.py:2389} INFO - Sync 1 DAGs
[2021-10-29 07:06:32,779] {logging_mixin.py:109} INFO - [2021-10-29 07:06:32,777] {dag.py:2408} INFO - Creating ORM DAG for example_branch_labels
[2021-10-29 07:06:32,831] {logging_mixin.py:109} INFO - [2021-10-29 07:06:32,831] {dag.py:2914} INFO - Setting next_dagrun for example_branch_labels to 2021-10-28 00:00:00+00:00
[2021-10-29 07:06:32,887] {processor.py:171} INFO - Processing /home/airflow/.local/lib/python3.6/site-packages/airflow/example_dags/example_branch_labels.py took 8.917 seconds
[2021-10-29 07:07:22,453] {processor.py:163} INFO - Started process (PID=175) to work on /home/airflow/.local/lib/python3.6/site-packages/airflow/example_dags/example_branch_labels.py
[2021-10-29 07:07:22,458] {processor.py:620} INFO - Processing file /home/airflow/.local/lib/python3.6/site-packages/airflow/example_dags/example_branch_labels.py for tasks to queue
[2021-10-29 07:07:22,479] {logging_mixin.py:109} INFO - [2021-10-29 07:07:22,479] {dagbag.py:500} INFO - Filling up the DagBag from /home/airflow/.local/lib/python3.6/site-packages/airflow/example_dags/example_branch_labels.py
[2021-10-29 07:07:22,546] {processor.py:632} INFO - DAG(s) dict_keys(['example_branch_labels']) retrieved from /home/airflow/.local/lib/python3.6/site-packages/airflow/example_dags/example_branch_labels.py
[2021-10-29 07:07:22,575] {logging_mixin.py:109} INFO - [2021-10-29 07:07:22,574] {dag.py:2389} INFO - Sync 1 DAGs
[2021-10-29 07:07:22,616] {logging_mixin.py:109} INFO - [2021-10-29 07:07:22,616] {dag.py:2914} INFO - Setting next_dagrun for example_branch_labels to 2021-10-28 00:00:00+00:00
[2021-10-29 07:07:22,643] {processor.py:171} INFO - Processing /home/airflow/.local/lib/python3.6/site-packages/airflow/example_dags/example_branch_labels.py took 0.197 seconds
[2021-10-29 07:07:52,681] {processor.py:163} INFO - Started process (PID=353) to work on /home/airflow/.local/lib/python3.6/site-packages/airflow/example_dags/example_branch_labels.py
[2021-10-29 07:07:52,684] {processor.py:620} INFO - Processing file /home/airflow/.local/lib/python3.6/site-packages/airflow/example_dags/example_branch_labels.py for tasks to queue
[2021-10-29 07:07:52,686] {logging_mixin.py:109} INFO - [2021-10-29 07:07:52,686] {dagbag.py:500} INFO - Filling up the DagBag from /home/airflow/.local/lib/python3.6/site-packages/airflow/example_dags/example_branch_labels.py
[2021-10-29 07:07:52,730] {processor.py:632} INFO - DAG(s) dict_keys(['example_branch_labels']) retrieved from /home/airflow/.local/lib/python3.6/site-packages/airflow/example_dags/example_branch_labels.py
[2021-10-29 07:07:52,745] {logging_mixin.py:109} INFO - [2021-10-29 07:07:52,745] {dag.py:2389} INFO - Sync 1 DAGs
[2021-10-29 07:07:52,761] {logging_mixin.py:109} INFO - [2021-10-29 07:07:52,761] {dag.py:2914} INFO - Setting next_dagrun for example_branch_labels to 2021-10-28 00:00:00+00:00
[2021-10-29 07:07:52,775] {processor.py:171} INFO - Processing /home/airflow/.local/lib/python3.6/site-packages/airflow/example_dags/example_branch_labels.py took 0.098 seconds
[2021-10-29 07:08:23,711] {processor.py:163} INFO - Started process (PID=417) to work on /home/airflow/.local/lib/python3.6/site-packages/airflow/example_dags/example_branch_labels.py
[2021-10-29 07:08:23,714] {processor.py:620} INFO - Processing file /home/airflow/.local/lib/python3.6/site-packages/airflow/example_dags/example_branch_labels.py for tasks to queue
[2021-10-29 07:08:23,717] {logging_mixin.py:109} INFO - [2021-10-29 07:08:23,716] {dagbag.py:500} INFO - Filling up the DagBag from /home/airflow/.local/lib/python3.6/site-packages/airflow/example_dags/example_branch_labels.py
[2021-10-29 07:08:23,677] {processor.py:632} INFO - DAG(s) dict_keys(['example_branch_labels']) retrieved from /home/airflow/.local/lib/python3.6/site-packages/airflow/example_dags/example_branch_labels.py
[2021-10-29 07:08:23,693] {logging_mixin.py:109} INFO - [2021-10-29 07:08:23,692] {dag.py:2389} INFO - Sync 1 DAGs
[2021-10-29 07:08:23,714] {logging_mixin.py:109} INFO - [2021-10-29 07:08:23,714] {dag.py:2914} INFO - Setting next_dagrun for example_branch_labels to 2021-10-28 00:00:00+00:00
[2021-10-29 07:08:23,730] {processor.py:171} INFO - Processing /home/airflow/.local/lib/python3.6/site-packages/airflow/example_dags/example_branch_labels.py took 0.118 seconds
[2021-10-29 07:08:53,830] {processor.py:163} INFO - Started process (PID=473) to work on /home/airflow/.local/lib/python3.6/site-packages/airflow/example_dags/example_branch_labels.py
[2021-10-29 07:08:53,833] {processor.py:620} INFO - Processing file /home/airflow/.local/lib/python3.6/site-packages/airflow/example_dags/example_branch_labels.py for tasks to queue
[2021-10-29 07:08:53,835] {logging_mixin.py:109} INFO - [2021-10-29 07:08:53,835] {dagbag.py:500} INFO - Filling up the DagBag from /home/airflow/.local/lib/python3.6/site-packages/airflow/example_dags/example_branch_labels.py
[2021-10-29 07:08:53,873] {processor.py:632} INFO - DAG(s) dict_keys(['example_branch_labels']) retrieved from /home/airflow/.local/lib/python3.6/site-packages/airflow/example_dags/example_branch_labels.py
[2021-10-29 07:08:53,886] {logging_mixin.py:109} INFO - [2021-10-29 07:08:53,886] {dag.py:2389} INFO - Sync 1 DAGs
[2021-10-29 07:08:53,901] {logging_mixin.py:109} INFO - [2021-10-29 07:08:53,901] {dag.py:2914} INFO - Setting next_dagrun for example_branch_labels to 2021-10-28 00:00:00+00:00
[2021-10-29 07:08:53,913] {processor.py:171} INFO - Processing /home/airflow/.local/lib/python3.6/site-packages/airflow/example_dags/example_branch_labels.py took 0.087 seconds
[2021-10-29 07:09:24,112] {processor.py:163} INFO - Started process (PID=537) to work on /home/airflow/.local/lib/python3.6/site-packages/airflow/example_dags/example_branch_labels.py
[2021-10-29 07:09:24,114] {processor.py:620} INFO - Processing file /home/airflow/.local/lib/python3.6/site-packages/airflow/example_dags/example_branch_labels.py for tasks to queue
[2021-10-29 07:09:24,116] {logging_mixin.py:109} INFO - [2021-10-29 07:09:24,116] {dagbag.py:500} INFO - Filling up the DagBag from /home/airflow/.local/lib/python3.6/site-packages/airflow/example_dags/example_branch_labels.py
[2021-10-29 07:09:24,158] {processor.py:632} INFO - DAG(s) dict_keys(['example_branch_labels']) retrieved from /home/airflow/.local/lib/python3.6/site-packages/airflow/example_dags/example_branch_labels.py
[2021-10-29 07:09:24,173] {logging_mixin.py:109} INFO - [2021-10-29 07:09:24,173] {dag.py:2389} INFO - Sync 1 DAGs
[2021-10-29 07:09:24,190] {logging_mixin.py:109} INFO - [2021-10-29 07:09:24,190] {dag.py:2914} INFO - Setting next_dagrun for example_branch_labels to 2021-10-28 00:00:00+00:00
[2021-10-29 07:09:24,205] {processor.py:171} INFO - Processing /home/airflow/.local/lib/python3.6/site-packages/airflow/example_dags/example_branch_labels.py took 0.099 seconds
[2021-10-29 07:09:54,450] {processor.py:163} INFO - Started process (PID=595) to work on /home/airflow/.local/lib/python3.6/site-packages/airflow/example_dags/example_branch_labels.py
[2021-10-29 07:09:54,453] {processor.py:620} INFO - Processing file /home/airflow/.local/lib/python3.6/site-packages/airflow/example_dags/example_branch_labels.py for tasks to queue
[2021-10-29 07:09:54,455] {logging_mixin.py:109} INFO - [2021-10-29 07:09:54,455] {dagbag.py:500} INFO - Filling up the DagBag from /home/airflow/.local/lib/python3.6/site-packages/airflow/example_dags/example_branch_labels.py
[2021-10-29 07:09:54,498] {processor.py:632} INFO - DAG(s) dict_keys(['example_branch_labels']) retrieved from /home/airflow/.local/lib/python3.6/site-packages/airflow/example_dags/example_branch_labels.py
[2021-10-29 07:09:54,514] {logging_mixin.py:109} INFO - [2021-10-29 07:09:54,513] {dag.py:2389} INFO - Sync 1 DAGs
[2021-10-29 07:09:54,531] {logging_mixin.py:109} INFO - [2021-10-29 07:09:54,531] {dag.py:2914} INFO - Setting next_dagrun for example_branch_labels to 2021-10-28 00:00:00+00:00
[2021-10-29 07:09:54,544] {processor.py:171} INFO - Processing /home/airflow/.local/lib/python3.6/site-packages/airflow/example_dags/example_branch_labels.py took 0.100 seconds
[2021-10-29 07:10:24,824] {processor.py:163} INFO - Started process (PID=650) to work on /home/airflow/.local/lib/python3.6/site-packages/airflow/example_dags/example_branch_labels.py
[2021-10-29 07:10:24,828] {processor.py:620} INFO - Processing file /home/airflow/.local/lib/python3.6/site-packages/airflow/example_dags/example_branch_labels.py for tasks to queue
[2021-10-29 07:10:24,831] {logging_mixin.py:109} INFO - [2021-10-29 07:10:24,831] {dagbag.py:500} INFO - Filling up the DagBag from /home/airflow/.local/lib/python3.6/site-packages/airflow/example_dags/example_branch_labels.py
[2021-10-29 07:10:24,887] {processor.py:632} INFO - DAG(s) dict_keys(['example_branch_labels']) retrieved from /home/airflow/.local/lib/python3.6/site-packages/airflow/example_dags/example_branch_labels.py
[2021-10-29 07:10:24,903] {logging_mixin.py:109} INFO - [2021-10-29 07:10:24,903] {dag.py:2389} INFO - Sync 1 DAGs
[2021-10-29 07:10:24,921] {logging_mixin.py:109} INFO - [2021-10-29 07:10:24,920] {dag.py:2914} INFO - Setting next_dagrun for example_branch_labels to 2021-10-28 00:00:00+00:00
[2021-10-29 07:10:24,936] {processor.py:171} INFO - Processing /home/airflow/.local/lib/python3.6/site-packages/airflow/example_dags/example_branch_labels.py took 0.119 seconds
[2021-10-29 07:10:55,032] {processor.py:163} INFO - Started process (PID=716) to work on /home/airflow/.local/lib/python3.6/site-packages/airflow/example_dags/example_branch_labels.py
[2021-10-29 07:10:55,034] {processor.py:620} INFO - Processing file /home/airflow/.local/lib/python3.6/site-packages/airflow/example_dags/example_branch_labels.py for tasks to queue
[2021-10-29 07:10:55,036] {logging_mixin.py:109} INFO - [2021-10-29 07:10:55,036] {dagbag.py:500} INFO - Filling up the DagBag from /home/airflow/.local/lib/python3.6/site-packages/airflow/example_dags/example_branch_labels.py
[2021-10-29 07:10:55,073] {processor.py:632} INFO - DAG(s) dict_keys(['example_branch_labels']) retrieved from /home/airflow/.local/lib/python3.6/site-packages/airflow/example_dags/example_branch_labels.py
[2021-10-29 07:10:55,086] {logging_mixin.py:109} INFO - [2021-10-29 07:10:55,086] {dag.py:2389} INFO - Sync 1 DAGs
[2021-10-29 07:10:55,100] {logging_mixin.py:109} INFO - [2021-10-29 07:10:55,100] {dag.py:2914} INFO - Setting next_dagrun for example_branch_labels to 2021-10-28 00:00:00+00:00
[2021-10-29 07:10:55,115] {processor.py:171} INFO - Processing /home/airflow/.local/lib/python3.6/site-packages/airflow/example_dags/example_branch_labels.py took 0.087 seconds
[2021-10-29 07:11:25,776] {processor.py:163} INFO - Started process (PID=771) to work on /home/airflow/.local/lib/python3.6/site-packages/airflow/example_dags/example_branch_labels.py
[2021-10-29 07:11:25,779] {processor.py:620} INFO - Processing file /home/airflow/.local/lib/python3.6/site-packages/airflow/example_dags/example_branch_labels.py for tasks to queue
[2021-10-29 07:11:25,780] {logging_mixin.py:109} INFO - [2021-10-29 07:11:25,780] {dagbag.py:500} INFO - Filling up the DagBag from /home/airflow/.local/lib/python3.6/site-packages/airflow/example_dags/example_branch_labels.py
[2021-10-29 07:11:25,824] {processor.py:632} INFO - DAG(s) dict_keys(['example_branch_labels']) retrieved from /home/airflow/.local/lib/python3.6/site-packages/airflow/example_dags/example_branch_labels.py
[2021-10-29 07:11:25,840] {logging_mixin.py:109} INFO - [2021-10-29 07:11:25,839] {dag.py:2389} INFO - Sync 1 DAGs
[2021-10-29 07:11:25,862] {logging_mixin.py:109} INFO - [2021-10-29 07:11:25,862] {dag.py:2914} INFO - Setting next_dagrun for example_branch_labels to 2021-10-28 00:00:00+00:00
[2021-10-29 07:11:25,881] {processor.py:171} INFO - Processing /home/airflow/.local/lib/python3.6/site-packages/airflow/example_dags/example_branch_labels.py took 0.110 seconds
[2021-10-29 07:11:55,966] {processor.py:163} INFO - Started process (PID=836) to work on /home/airflow/.local/lib/python3.6/site-packages/airflow/example_dags/example_branch_labels.py
[2021-10-29 07:11:55,969] {processor.py:620} INFO - Processing file /home/airflow/.local/lib/python3.6/site-packages/airflow/example_dags/example_branch_labels.py for tasks to queue
[2021-10-29 07:11:55,971] {logging_mixin.py:109} INFO - [2021-10-29 07:11:55,971] {dagbag.py:500} INFO - Filling up the DagBag from /home/airflow/.local/lib/python3.6/site-packages/airflow/example_dags/example_branch_labels.py
[2021-10-29 07:11:56,018] {processor.py:632} INFO - DAG(s) dict_keys(['example_branch_labels']) retrieved from /home/airflow/.local/lib/python3.6/site-packages/airflow/example_dags/example_branch_labels.py
[2021-10-29 07:11:56,035] {logging_mixin.py:109} INFO - [2021-10-29 07:11:56,035] {dag.py:2389} INFO - Sync 1 DAGs
[2021-10-29 07:11:56,051] {logging_mixin.py:109} INFO - [2021-10-29 07:11:56,051] {dag.py:2914} INFO - Setting next_dagrun for example_branch_labels to 2021-10-28 00:00:00+00:00
[2021-10-29 07:11:56,065] {processor.py:171} INFO - Processing /home/airflow/.local/lib/python3.6/site-packages/airflow/example_dags/example_branch_labels.py took 0.106 seconds
[2021-10-29 07:12:26,181] {processor.py:163} INFO - Started process (PID=890) to work on /home/airflow/.local/lib/python3.6/site-packages/airflow/example_dags/example_branch_labels.py
[2021-10-29 07:12:26,186] {processor.py:620} INFO - Processing file /home/airflow/.local/lib/python3.6/site-packages/airflow/example_dags/example_branch_labels.py for tasks to queue
[2021-10-29 07:12:26,190] {logging_mixin.py:109} INFO - [2021-10-29 07:12:26,189] {dagbag.py:500} INFO - Filling up the DagBag from /home/airflow/.local/lib/python3.6/site-packages/airflow/example_dags/example_branch_labels.py
[2021-10-29 07:12:26,245] {processor.py:632} INFO - DAG(s) dict_keys(['example_branch_labels']) retrieved from /home/airflow/.local/lib/python3.6/site-packages/airflow/example_dags/example_branch_labels.py
[2021-10-29 07:12:26,270] {logging_mixin.py:109} INFO - [2021-10-29 07:12:26,270] {dag.py:2389} INFO - Sync 1 DAGs
[2021-10-29 07:12:26,292] {logging_mixin.py:109} INFO - [2021-10-29 07:12:26,292] {dag.py:2914} INFO - Setting next_dagrun for example_branch_labels to 2021-10-28 00:00:00+00:00
[2021-10-29 07:12:26,313] {processor.py:171} INFO - Processing /home/airflow/.local/lib/python3.6/site-packages/airflow/example_dags/example_branch_labels.py took 0.140 seconds
[2021-10-29 07:12:56,461] {processor.py:163} INFO - Started process (PID=945) to work on /home/airflow/.local/lib/python3.6/site-packages/airflow/example_dags/example_branch_labels.py
[2021-10-29 07:12:56,466] {processor.py:620} INFO - Processing file /home/airflow/.local/lib/python3.6/site-packages/airflow/example_dags/example_branch_labels.py for tasks to queue
[2021-10-29 07:12:56,468] {logging_mixin.py:109} INFO - [2021-10-29 07:12:56,468] {dagbag.py:500} INFO - Filling up the DagBag from /home/airflow/.local/lib/python3.6/site-packages/airflow/example_dags/example_branch_labels.py
[2021-10-29 07:12:56,506] {processor.py:632} INFO - DAG(s) dict_keys(['example_branch_labels']) retrieved from /home/airflow/.local/lib/python3.6/site-packages/airflow/example_dags/example_branch_labels.py
[2021-10-29 07:12:56,522] {logging_mixin.py:109} INFO - [2021-10-29 07:12:56,522] {dag.py:2389} INFO - Sync 1 DAGs
[2021-10-29 07:12:56,539] {logging_mixin.py:109} INFO - [2021-10-29 07:12:56,539] {dag.py:2914} INFO - Setting next_dagrun for example_branch_labels to 2021-10-28 00:00:00+00:00
[2021-10-29 07:12:56,549] {processor.py:171} INFO - Processing /home/airflow/.local/lib/python3.6/site-packages/airflow/example_dags/example_branch_labels.py took 0.091 seconds
[2021-10-29 07:13:27,164] {processor.py:163} INFO - Started process (PID=1011) to work on /home/airflow/.local/lib/python3.6/site-packages/airflow/example_dags/example_branch_labels.py
[2021-10-29 07:13:27,167] {processor.py:620} INFO - Processing file /home/airflow/.local/lib/python3.6/site-packages/airflow/example_dags/example_branch_labels.py for tasks to queue
[2021-10-29 07:13:27,169] {logging_mixin.py:109} INFO - [2021-10-29 07:13:27,169] {dagbag.py:500} INFO - Filling up the DagBag from /home/airflow/.local/lib/python3.6/site-packages/airflow/example_dags/example_branch_labels.py
[2021-10-29 07:13:27,210] {processor.py:632} INFO - DAG(s) dict_keys(['example_branch_labels']) retrieved from /home/airflow/.local/lib/python3.6/site-packages/airflow/example_dags/example_branch_labels.py
[2021-10-29 07:13:27,225] {logging_mixin.py:109} INFO - [2021-10-29 07:13:27,225] {dag.py:2389} INFO - Sync 1 DAGs
[2021-10-29 07:13:27,244] {logging_mixin.py:109} INFO - [2021-10-29 07:13:27,243] {dag.py:2914} INFO - Setting next_dagrun for example_branch_labels to 2021-10-28 00:00:00+00:00
[2021-10-29 07:13:27,262] {processor.py:171} INFO - Processing /home/airflow/.local/lib/python3.6/site-packages/airflow/example_dags/example_branch_labels.py took 0.103 seconds
[2021-10-29 07:13:57,953] {processor.py:163} INFO - Started process (PID=1066) to work on /home/airflow/.local/lib/python3.6/site-packages/airflow/example_dags/example_branch_labels.py
[2021-10-29 07:13:57,955] {processor.py:620} INFO - Processing file /home/airflow/.local/lib/python3.6/site-packages/airflow/example_dags/example_branch_labels.py for tasks to queue
[2021-10-29 07:13:57,957] {logging_mixin.py:109} INFO - [2021-10-29 07:13:57,957] {dagbag.py:500} INFO - Filling up the DagBag from /home/airflow/.local/lib/python3.6/site-packages/airflow/example_dags/example_branch_labels.py
[2021-10-29 07:13:57,996] {processor.py:632} INFO - DAG(s) dict_keys(['example_branch_labels']) retrieved from /home/airflow/.local/lib/python3.6/site-packages/airflow/example_dags/example_branch_labels.py
[2021-10-29 07:13:58,010] {logging_mixin.py:109} INFO - [2021-10-29 07:13:58,010] {dag.py:2389} INFO - Sync 1 DAGs
[2021-10-29 07:13:58,025] {logging_mixin.py:109} INFO - [2021-10-29 07:13:58,025] {dag.py:2914} INFO - Setting next_dagrun for example_branch_labels to 2021-10-28 00:00:00+00:00
[2021-10-29 07:13:58,039] {processor.py:171} INFO - Processing /home/airflow/.local/lib/python3.6/site-packages/airflow/example_dags/example_branch_labels.py took 0.091 seconds
[2021-10-29 07:14:28,679] {processor.py:163} INFO - Started process (PID=1133) to work on /home/airflow/.local/lib/python3.6/site-packages/airflow/example_dags/example_branch_labels.py
[2021-10-29 07:14:28,683] {processor.py:620} INFO - Processing file /home/airflow/.local/lib/python3.6/site-packages/airflow/example_dags/example_branch_labels.py for tasks to queue
[2021-10-29 07:14:28,685] {logging_mixin.py:109} INFO - [2021-10-29 07:14:28,685] {dagbag.py:500} INFO - Filling up the DagBag from /home/airflow/.local/lib/python3.6/site-packages/airflow/example_dags/example_branch_labels.py
[2021-10-29 07:14:28,731] {processor.py:632} INFO - DAG(s) dict_keys(['example_branch_labels']) retrieved from /home/airflow/.local/lib/python3.6/site-packages/airflow/example_dags/example_branch_labels.py
[2021-10-29 07:14:28,750] {logging_mixin.py:109} INFO - [2021-10-29 07:14:28,750] {dag.py:2389} INFO - Sync 1 DAGs
[2021-10-29 07:14:28,768] {logging_mixin.py:109} INFO - [2021-10-29 07:14:28,768] {dag.py:2914} INFO - Setting next_dagrun for example_branch_labels to 2021-10-28 00:00:00+00:00
[2021-10-29 07:14:28,783] {processor.py:171} INFO - Processing /home/airflow/.local/lib/python3.6/site-packages/airflow/example_dags/example_branch_labels.py took 0.109 seconds
[2021-10-29 07:14:59,179] {processor.py:163} INFO - Started process (PID=1189) to work on /home/airflow/.local/lib/python3.6/site-packages/airflow/example_dags/example_branch_labels.py
[2021-10-29 07:14:59,181] {processor.py:620} INFO - Processing file /home/airflow/.local/lib/python3.6/site-packages/airflow/example_dags/example_branch_labels.py for tasks to queue
[2021-10-29 07:14:59,183] {logging_mixin.py:109} INFO - [2021-10-29 07:14:59,183] {dagbag.py:500} INFO - Filling up the DagBag from /home/airflow/.local/lib/python3.6/site-packages/airflow/example_dags/example_branch_labels.py
[2021-10-29 07:14:59,219] {processor.py:632} INFO - DAG(s) dict_keys(['example_branch_labels']) retrieved from /home/airflow/.local/lib/python3.6/site-packages/airflow/example_dags/example_branch_labels.py
[2021-10-29 07:14:59,234] {logging_mixin.py:109} INFO - [2021-10-29 07:14:59,234] {dag.py:2389} INFO - Sync 1 DAGs
[2021-10-29 07:14:59,249] {logging_mixin.py:109} INFO - [2021-10-29 07:14:59,249] {dag.py:2914} INFO - Setting next_dagrun for example_branch_labels to 2021-10-28 00:00:00+00:00
[2021-10-29 07:14:59,260] {processor.py:171} INFO - Processing /home/airflow/.local/lib/python3.6/site-packages/airflow/example_dags/example_branch_labels.py took 0.086 seconds
