[2021-10-29 07:06:09,781] {processor.py:163} INFO - Started process (PID=47) to work on /home/airflow/.local/lib/python3.6/site-packages/airflow/example_dags/example_nested_branch_dag.py
[2021-10-29 07:06:09,796] {processor.py:620} INFO - Processing file /home/airflow/.local/lib/python3.6/site-packages/airflow/example_dags/example_nested_branch_dag.py for tasks to queue
[2021-10-29 07:06:09,800] {logging_mixin.py:109} INFO - [2021-10-29 07:06:09,800] {dagbag.py:500} INFO - Filling up the DagBag from /home/airflow/.local/lib/python3.6/site-packages/airflow/example_dags/example_nested_branch_dag.py
[2021-10-29 07:06:09,921] {processor.py:632} INFO - DAG(s) dict_keys(['example_nested_branch_dag']) retrieved from /home/airflow/.local/lib/python3.6/site-packages/airflow/example_dags/example_nested_branch_dag.py
[2021-10-29 07:06:15,934] {logging_mixin.py:109} INFO - [2021-10-29 07:06:15,924] {providers_manager.py:156} WARNING - Exception when importing 'airflow.providers.google.leveldb.hooks.leveldb.LevelDBHook' from 'apache-airflow-providers-google' package: No module named 'plyvel'
[2021-10-29 07:06:18,658] {logging_mixin.py:109} INFO - [2021-10-29 07:06:18,657] {providers_manager.py:156} WARNING - Exception when importing 'airflow.providers.google.leveldb.hooks.leveldb.LevelDBHook' from 'apache-airflow-providers-google' package: No module named 'plyvel'
[2021-10-29 07:06:18,729] {logging_mixin.py:109} INFO - [2021-10-29 07:06:18,729] {manager.py:496} INFO - Created Permission View: can read on DAG:example_nested_branch_dag
[2021-10-29 07:06:18,745] {logging_mixin.py:109} INFO - [2021-10-29 07:06:18,745] {manager.py:496} INFO - Created Permission View: can edit on DAG:example_nested_branch_dag
[2021-10-29 07:06:18,748] {logging_mixin.py:109} INFO - [2021-10-29 07:06:18,746] {dag.py:2389} INFO - Sync 1 DAGs
[2021-10-29 07:06:18,767] {logging_mixin.py:109} INFO - [2021-10-29 07:06:18,765] {dag.py:2408} INFO - Creating ORM DAG for example_nested_branch_dag
[2021-10-29 07:06:18,780] {logging_mixin.py:109} INFO - [2021-10-29 07:06:18,780] {dag.py:2914} INFO - Setting next_dagrun for example_nested_branch_dag to 2021-10-28 00:00:00+00:00
[2021-10-29 07:06:18,807] {processor.py:171} INFO - Processing /home/airflow/.local/lib/python3.6/site-packages/airflow/example_dags/example_nested_branch_dag.py took 9.061 seconds
[2021-10-29 07:07:21,724] {processor.py:163} INFO - Started process (PID=172) to work on /home/airflow/.local/lib/python3.6/site-packages/airflow/example_dags/example_nested_branch_dag.py
[2021-10-29 07:07:21,729] {processor.py:620} INFO - Processing file /home/airflow/.local/lib/python3.6/site-packages/airflow/example_dags/example_nested_branch_dag.py for tasks to queue
[2021-10-29 07:07:21,732] {logging_mixin.py:109} INFO - [2021-10-29 07:07:21,731] {dagbag.py:500} INFO - Filling up the DagBag from /home/airflow/.local/lib/python3.6/site-packages/airflow/example_dags/example_nested_branch_dag.py
[2021-10-29 07:07:21,884] {processor.py:632} INFO - DAG(s) dict_keys(['example_nested_branch_dag']) retrieved from /home/airflow/.local/lib/python3.6/site-packages/airflow/example_dags/example_nested_branch_dag.py
[2021-10-29 07:07:21,930] {logging_mixin.py:109} INFO - [2021-10-29 07:07:21,930] {dag.py:2389} INFO - Sync 1 DAGs
[2021-10-29 07:07:22,004] {logging_mixin.py:109} INFO - [2021-10-29 07:07:22,004] {dag.py:2914} INFO - Setting next_dagrun for example_nested_branch_dag to 2021-10-28 00:00:00+00:00
[2021-10-29 07:07:22,057] {processor.py:171} INFO - Processing /home/airflow/.local/lib/python3.6/site-packages/airflow/example_dags/example_nested_branch_dag.py took 0.341 seconds
[2021-10-29 07:07:52,451] {processor.py:163} INFO - Started process (PID=351) to work on /home/airflow/.local/lib/python3.6/site-packages/airflow/example_dags/example_nested_branch_dag.py
[2021-10-29 07:07:52,453] {processor.py:620} INFO - Processing file /home/airflow/.local/lib/python3.6/site-packages/airflow/example_dags/example_nested_branch_dag.py for tasks to queue
[2021-10-29 07:07:52,455] {logging_mixin.py:109} INFO - [2021-10-29 07:07:52,455] {dagbag.py:500} INFO - Filling up the DagBag from /home/airflow/.local/lib/python3.6/site-packages/airflow/example_dags/example_nested_branch_dag.py
[2021-10-29 07:07:52,495] {processor.py:632} INFO - DAG(s) dict_keys(['example_nested_branch_dag']) retrieved from /home/airflow/.local/lib/python3.6/site-packages/airflow/example_dags/example_nested_branch_dag.py
[2021-10-29 07:07:52,510] {logging_mixin.py:109} INFO - [2021-10-29 07:07:52,509] {dag.py:2389} INFO - Sync 1 DAGs
[2021-10-29 07:07:52,525] {logging_mixin.py:109} INFO - [2021-10-29 07:07:52,524] {dag.py:2914} INFO - Setting next_dagrun for example_nested_branch_dag to 2021-10-28 00:00:00+00:00
[2021-10-29 07:07:52,539] {processor.py:171} INFO - Processing /home/airflow/.local/lib/python3.6/site-packages/airflow/example_dags/example_nested_branch_dag.py took 0.093 seconds
[2021-10-29 07:08:23,275] {processor.py:163} INFO - Started process (PID=415) to work on /home/airflow/.local/lib/python3.6/site-packages/airflow/example_dags/example_nested_branch_dag.py
[2021-10-29 07:08:23,278] {processor.py:620} INFO - Processing file /home/airflow/.local/lib/python3.6/site-packages/airflow/example_dags/example_nested_branch_dag.py for tasks to queue
[2021-10-29 07:08:23,283] {logging_mixin.py:109} INFO - [2021-10-29 07:08:23,281] {dagbag.py:500} INFO - Filling up the DagBag from /home/airflow/.local/lib/python3.6/site-packages/airflow/example_dags/example_nested_branch_dag.py
[2021-10-29 07:08:23,384] {processor.py:632} INFO - DAG(s) dict_keys(['example_nested_branch_dag']) retrieved from /home/airflow/.local/lib/python3.6/site-packages/airflow/example_dags/example_nested_branch_dag.py
[2021-10-29 07:08:23,418] {logging_mixin.py:109} INFO - [2021-10-29 07:08:23,418] {dag.py:2389} INFO - Sync 1 DAGs
[2021-10-29 07:08:23,483] {logging_mixin.py:109} INFO - [2021-10-29 07:08:23,483] {dag.py:2914} INFO - Setting next_dagrun for example_nested_branch_dag to 2021-10-28 00:00:00+00:00
[2021-10-29 07:08:23,513] {processor.py:171} INFO - Processing /home/airflow/.local/lib/python3.6/site-packages/airflow/example_dags/example_nested_branch_dag.py took 0.242 seconds
[2021-10-29 07:08:53,620] {processor.py:163} INFO - Started process (PID=471) to work on /home/airflow/.local/lib/python3.6/site-packages/airflow/example_dags/example_nested_branch_dag.py
[2021-10-29 07:08:53,623] {processor.py:620} INFO - Processing file /home/airflow/.local/lib/python3.6/site-packages/airflow/example_dags/example_nested_branch_dag.py for tasks to queue
[2021-10-29 07:08:53,626] {logging_mixin.py:109} INFO - [2021-10-29 07:08:53,625] {dagbag.py:500} INFO - Filling up the DagBag from /home/airflow/.local/lib/python3.6/site-packages/airflow/example_dags/example_nested_branch_dag.py
[2021-10-29 07:08:53,628] {processor.py:632} INFO - DAG(s) dict_keys(['example_nested_branch_dag']) retrieved from /home/airflow/.local/lib/python3.6/site-packages/airflow/example_dags/example_nested_branch_dag.py
[2021-10-29 07:08:53,642] {logging_mixin.py:109} INFO - [2021-10-29 07:08:53,642] {dag.py:2389} INFO - Sync 1 DAGs
[2021-10-29 07:08:53,664] {logging_mixin.py:109} INFO - [2021-10-29 07:08:53,663] {dag.py:2914} INFO - Setting next_dagrun for example_nested_branch_dag to 2021-10-28 00:00:00+00:00
[2021-10-29 07:08:53,680] {processor.py:171} INFO - Processing /home/airflow/.local/lib/python3.6/site-packages/airflow/example_dags/example_nested_branch_dag.py took 0.100 seconds
[2021-10-29 07:09:23,973] {processor.py:163} INFO - Started process (PID=535) to work on /home/airflow/.local/lib/python3.6/site-packages/airflow/example_dags/example_nested_branch_dag.py
[2021-10-29 07:09:23,975] {processor.py:620} INFO - Processing file /home/airflow/.local/lib/python3.6/site-packages/airflow/example_dags/example_nested_branch_dag.py for tasks to queue
[2021-10-29 07:09:23,977] {logging_mixin.py:109} INFO - [2021-10-29 07:09:23,976] {dagbag.py:500} INFO - Filling up the DagBag from /home/airflow/.local/lib/python3.6/site-packages/airflow/example_dags/example_nested_branch_dag.py
[2021-10-29 07:09:24,016] {processor.py:632} INFO - DAG(s) dict_keys(['example_nested_branch_dag']) retrieved from /home/airflow/.local/lib/python3.6/site-packages/airflow/example_dags/example_nested_branch_dag.py
[2021-10-29 07:09:24,034] {logging_mixin.py:109} INFO - [2021-10-29 07:09:24,034] {dag.py:2389} INFO - Sync 1 DAGs
[2021-10-29 07:09:24,049] {logging_mixin.py:109} INFO - [2021-10-29 07:09:24,049] {dag.py:2914} INFO - Setting next_dagrun for example_nested_branch_dag to 2021-10-28 00:00:00+00:00
[2021-10-29 07:09:24,063] {processor.py:171} INFO - Processing /home/airflow/.local/lib/python3.6/site-packages/airflow/example_dags/example_nested_branch_dag.py took 0.095 seconds
[2021-10-29 07:09:54,275] {processor.py:163} INFO - Started process (PID=593) to work on /home/airflow/.local/lib/python3.6/site-packages/airflow/example_dags/example_nested_branch_dag.py
[2021-10-29 07:09:54,277] {processor.py:620} INFO - Processing file /home/airflow/.local/lib/python3.6/site-packages/airflow/example_dags/example_nested_branch_dag.py for tasks to queue
[2021-10-29 07:09:54,279] {logging_mixin.py:109} INFO - [2021-10-29 07:09:54,279] {dagbag.py:500} INFO - Filling up the DagBag from /home/airflow/.local/lib/python3.6/site-packages/airflow/example_dags/example_nested_branch_dag.py
[2021-10-29 07:09:54,334] {processor.py:632} INFO - DAG(s) dict_keys(['example_nested_branch_dag']) retrieved from /home/airflow/.local/lib/python3.6/site-packages/airflow/example_dags/example_nested_branch_dag.py
[2021-10-29 07:09:54,354] {logging_mixin.py:109} INFO - [2021-10-29 07:09:54,353] {dag.py:2389} INFO - Sync 1 DAGs
[2021-10-29 07:09:54,375] {logging_mixin.py:109} INFO - [2021-10-29 07:09:54,374] {dag.py:2914} INFO - Setting next_dagrun for example_nested_branch_dag to 2021-10-28 00:00:00+00:00
[2021-10-29 07:09:54,396] {processor.py:171} INFO - Processing /home/airflow/.local/lib/python3.6/site-packages/airflow/example_dags/example_nested_branch_dag.py took 0.126 seconds
[2021-10-29 07:10:24,624] {processor.py:163} INFO - Started process (PID=648) to work on /home/airflow/.local/lib/python3.6/site-packages/airflow/example_dags/example_nested_branch_dag.py
[2021-10-29 07:10:24,627] {processor.py:620} INFO - Processing file /home/airflow/.local/lib/python3.6/site-packages/airflow/example_dags/example_nested_branch_dag.py for tasks to queue
[2021-10-29 07:10:24,629] {logging_mixin.py:109} INFO - [2021-10-29 07:10:24,629] {dagbag.py:500} INFO - Filling up the DagBag from /home/airflow/.local/lib/python3.6/site-packages/airflow/example_dags/example_nested_branch_dag.py
[2021-10-29 07:10:24,674] {processor.py:632} INFO - DAG(s) dict_keys(['example_nested_branch_dag']) retrieved from /home/airflow/.local/lib/python3.6/site-packages/airflow/example_dags/example_nested_branch_dag.py
[2021-10-29 07:10:24,691] {logging_mixin.py:109} INFO - [2021-10-29 07:10:24,691] {dag.py:2389} INFO - Sync 1 DAGs
[2021-10-29 07:10:24,710] {logging_mixin.py:109} INFO - [2021-10-29 07:10:24,710] {dag.py:2914} INFO - Setting next_dagrun for example_nested_branch_dag to 2021-10-28 00:00:00+00:00
[2021-10-29 07:10:24,731] {processor.py:171} INFO - Processing /home/airflow/.local/lib/python3.6/site-packages/airflow/example_dags/example_nested_branch_dag.py took 0.112 seconds
[2021-10-29 07:10:54,782] {processor.py:163} INFO - Started process (PID=713) to work on /home/airflow/.local/lib/python3.6/site-packages/airflow/example_dags/example_nested_branch_dag.py
[2021-10-29 07:10:54,785] {processor.py:620} INFO - Processing file /home/airflow/.local/lib/python3.6/site-packages/airflow/example_dags/example_nested_branch_dag.py for tasks to queue
[2021-10-29 07:10:54,787] {logging_mixin.py:109} INFO - [2021-10-29 07:10:54,787] {dagbag.py:500} INFO - Filling up the DagBag from /home/airflow/.local/lib/python3.6/site-packages/airflow/example_dags/example_nested_branch_dag.py
[2021-10-29 07:10:54,835] {processor.py:632} INFO - DAG(s) dict_keys(['example_nested_branch_dag']) retrieved from /home/airflow/.local/lib/python3.6/site-packages/airflow/example_dags/example_nested_branch_dag.py
[2021-10-29 07:10:54,854] {logging_mixin.py:109} INFO - [2021-10-29 07:10:54,854] {dag.py:2389} INFO - Sync 1 DAGs
[2021-10-29 07:10:54,871] {logging_mixin.py:109} INFO - [2021-10-29 07:10:54,870] {dag.py:2914} INFO - Setting next_dagrun for example_nested_branch_dag to 2021-10-28 00:00:00+00:00
[2021-10-29 07:10:54,888] {processor.py:171} INFO - Processing /home/airflow/.local/lib/python3.6/site-packages/airflow/example_dags/example_nested_branch_dag.py took 0.110 seconds
[2021-10-29 07:11:25,468] {processor.py:163} INFO - Started process (PID=769) to work on /home/airflow/.local/lib/python3.6/site-packages/airflow/example_dags/example_nested_branch_dag.py
[2021-10-29 07:11:25,472] {processor.py:620} INFO - Processing file /home/airflow/.local/lib/python3.6/site-packages/airflow/example_dags/example_nested_branch_dag.py for tasks to queue
[2021-10-29 07:11:25,474] {logging_mixin.py:109} INFO - [2021-10-29 07:11:25,474] {dagbag.py:500} INFO - Filling up the DagBag from /home/airflow/.local/lib/python3.6/site-packages/airflow/example_dags/example_nested_branch_dag.py
[2021-10-29 07:11:25,546] {processor.py:632} INFO - DAG(s) dict_keys(['example_nested_branch_dag']) retrieved from /home/airflow/.local/lib/python3.6/site-packages/airflow/example_dags/example_nested_branch_dag.py
[2021-10-29 07:11:25,564] {logging_mixin.py:109} INFO - [2021-10-29 07:11:25,563] {dag.py:2389} INFO - Sync 1 DAGs
[2021-10-29 07:11:25,583] {logging_mixin.py:109} INFO - [2021-10-29 07:11:25,583] {dag.py:2914} INFO - Setting next_dagrun for example_nested_branch_dag to 2021-10-28 00:00:00+00:00
[2021-10-29 07:11:25,603] {processor.py:171} INFO - Processing /home/airflow/.local/lib/python3.6/site-packages/airflow/example_dags/example_nested_branch_dag.py took 0.145 seconds
[2021-10-29 07:11:55,760] {processor.py:163} INFO - Started process (PID=834) to work on /home/airflow/.local/lib/python3.6/site-packages/airflow/example_dags/example_nested_branch_dag.py
[2021-10-29 07:11:55,771] {processor.py:620} INFO - Processing file /home/airflow/.local/lib/python3.6/site-packages/airflow/example_dags/example_nested_branch_dag.py for tasks to queue
[2021-10-29 07:11:55,779] {logging_mixin.py:109} INFO - [2021-10-29 07:11:55,779] {dagbag.py:500} INFO - Filling up the DagBag from /home/airflow/.local/lib/python3.6/site-packages/airflow/example_dags/example_nested_branch_dag.py
[2021-10-29 07:11:55,865] {processor.py:632} INFO - DAG(s) dict_keys(['example_nested_branch_dag']) retrieved from /home/airflow/.local/lib/python3.6/site-packages/airflow/example_dags/example_nested_branch_dag.py
[2021-10-29 07:11:55,892] {logging_mixin.py:109} INFO - [2021-10-29 07:11:55,892] {dag.py:2389} INFO - Sync 1 DAGs
[2021-10-29 07:11:55,913] {logging_mixin.py:109} INFO - [2021-10-29 07:11:55,913] {dag.py:2914} INFO - Setting next_dagrun for example_nested_branch_dag to 2021-10-28 00:00:00+00:00
[2021-10-29 07:11:55,929] {processor.py:171} INFO - Processing /home/airflow/.local/lib/python3.6/site-packages/airflow/example_dags/example_nested_branch_dag.py took 0.174 seconds
[2021-10-29 07:12:26,037] {processor.py:163} INFO - Started process (PID=888) to work on /home/airflow/.local/lib/python3.6/site-packages/airflow/example_dags/example_nested_branch_dag.py
[2021-10-29 07:12:26,040] {processor.py:620} INFO - Processing file /home/airflow/.local/lib/python3.6/site-packages/airflow/example_dags/example_nested_branch_dag.py for tasks to queue
[2021-10-29 07:12:26,042] {logging_mixin.py:109} INFO - [2021-10-29 07:12:26,042] {dagbag.py:500} INFO - Filling up the DagBag from /home/airflow/.local/lib/python3.6/site-packages/airflow/example_dags/example_nested_branch_dag.py
[2021-10-29 07:12:26,087] {processor.py:632} INFO - DAG(s) dict_keys(['example_nested_branch_dag']) retrieved from /home/airflow/.local/lib/python3.6/site-packages/airflow/example_dags/example_nested_branch_dag.py
[2021-10-29 07:12:26,105] {logging_mixin.py:109} INFO - [2021-10-29 07:12:26,105] {dag.py:2389} INFO - Sync 1 DAGs
[2021-10-29 07:12:26,121] {logging_mixin.py:109} INFO - [2021-10-29 07:12:26,121] {dag.py:2914} INFO - Setting next_dagrun for example_nested_branch_dag to 2021-10-28 00:00:00+00:00
[2021-10-29 07:12:26,136] {processor.py:171} INFO - Processing /home/airflow/.local/lib/python3.6/site-packages/airflow/example_dags/example_nested_branch_dag.py took 0.104 seconds
[2021-10-29 07:12:56,202] {processor.py:163} INFO - Started process (PID=943) to work on /home/airflow/.local/lib/python3.6/site-packages/airflow/example_dags/example_nested_branch_dag.py
[2021-10-29 07:12:56,206] {processor.py:620} INFO - Processing file /home/airflow/.local/lib/python3.6/site-packages/airflow/example_dags/example_nested_branch_dag.py for tasks to queue
[2021-10-29 07:12:56,208] {logging_mixin.py:109} INFO - [2021-10-29 07:12:56,208] {dagbag.py:500} INFO - Filling up the DagBag from /home/airflow/.local/lib/python3.6/site-packages/airflow/example_dags/example_nested_branch_dag.py
[2021-10-29 07:12:56,251] {processor.py:632} INFO - DAG(s) dict_keys(['example_nested_branch_dag']) retrieved from /home/airflow/.local/lib/python3.6/site-packages/airflow/example_dags/example_nested_branch_dag.py
[2021-10-29 07:12:56,265] {logging_mixin.py:109} INFO - [2021-10-29 07:12:56,265] {dag.py:2389} INFO - Sync 1 DAGs
[2021-10-29 07:12:56,279] {logging_mixin.py:109} INFO - [2021-10-29 07:12:56,279] {dag.py:2914} INFO - Setting next_dagrun for example_nested_branch_dag to 2021-10-28 00:00:00+00:00
[2021-10-29 07:12:56,290] {processor.py:171} INFO - Processing /home/airflow/.local/lib/python3.6/site-packages/airflow/example_dags/example_nested_branch_dag.py took 0.093 seconds
[2021-10-29 07:13:27,013] {processor.py:163} INFO - Started process (PID=1009) to work on /home/airflow/.local/lib/python3.6/site-packages/airflow/example_dags/example_nested_branch_dag.py
[2021-10-29 07:13:27,016] {processor.py:620} INFO - Processing file /home/airflow/.local/lib/python3.6/site-packages/airflow/example_dags/example_nested_branch_dag.py for tasks to queue
[2021-10-29 07:13:27,017] {logging_mixin.py:109} INFO - [2021-10-29 07:13:27,017] {dagbag.py:500} INFO - Filling up the DagBag from /home/airflow/.local/lib/python3.6/site-packages/airflow/example_dags/example_nested_branch_dag.py
[2021-10-29 07:13:27,064] {processor.py:632} INFO - DAG(s) dict_keys(['example_nested_branch_dag']) retrieved from /home/airflow/.local/lib/python3.6/site-packages/airflow/example_dags/example_nested_branch_dag.py
[2021-10-29 07:13:27,082] {logging_mixin.py:109} INFO - [2021-10-29 07:13:27,082] {dag.py:2389} INFO - Sync 1 DAGs
[2021-10-29 07:13:27,099] {logging_mixin.py:109} INFO - [2021-10-29 07:13:27,099] {dag.py:2914} INFO - Setting next_dagrun for example_nested_branch_dag to 2021-10-28 00:00:00+00:00
[2021-10-29 07:13:27,114] {processor.py:171} INFO - Processing /home/airflow/.local/lib/python3.6/site-packages/airflow/example_dags/example_nested_branch_dag.py took 0.106 seconds
[2021-10-29 07:13:57,724] {processor.py:163} INFO - Started process (PID=1064) to work on /home/airflow/.local/lib/python3.6/site-packages/airflow/example_dags/example_nested_branch_dag.py
[2021-10-29 07:13:57,726] {processor.py:620} INFO - Processing file /home/airflow/.local/lib/python3.6/site-packages/airflow/example_dags/example_nested_branch_dag.py for tasks to queue
[2021-10-29 07:13:57,728] {logging_mixin.py:109} INFO - [2021-10-29 07:13:57,728] {dagbag.py:500} INFO - Filling up the DagBag from /home/airflow/.local/lib/python3.6/site-packages/airflow/example_dags/example_nested_branch_dag.py
[2021-10-29 07:13:57,767] {processor.py:632} INFO - DAG(s) dict_keys(['example_nested_branch_dag']) retrieved from /home/airflow/.local/lib/python3.6/site-packages/airflow/example_dags/example_nested_branch_dag.py
[2021-10-29 07:13:57,782] {logging_mixin.py:109} INFO - [2021-10-29 07:13:57,782] {dag.py:2389} INFO - Sync 1 DAGs
[2021-10-29 07:13:57,798] {logging_mixin.py:109} INFO - [2021-10-29 07:13:57,798] {dag.py:2914} INFO - Setting next_dagrun for example_nested_branch_dag to 2021-10-28 00:00:00+00:00
[2021-10-29 07:13:57,812] {processor.py:171} INFO - Processing /home/airflow/.local/lib/python3.6/site-packages/airflow/example_dags/example_nested_branch_dag.py took 0.093 seconds
[2021-10-29 07:14:28,446] {processor.py:163} INFO - Started process (PID=1131) to work on /home/airflow/.local/lib/python3.6/site-packages/airflow/example_dags/example_nested_branch_dag.py
[2021-10-29 07:14:28,449] {processor.py:620} INFO - Processing file /home/airflow/.local/lib/python3.6/site-packages/airflow/example_dags/example_nested_branch_dag.py for tasks to queue
[2021-10-29 07:14:28,450] {logging_mixin.py:109} INFO - [2021-10-29 07:14:28,450] {dagbag.py:500} INFO - Filling up the DagBag from /home/airflow/.local/lib/python3.6/site-packages/airflow/example_dags/example_nested_branch_dag.py
[2021-10-29 07:14:28,488] {processor.py:632} INFO - DAG(s) dict_keys(['example_nested_branch_dag']) retrieved from /home/airflow/.local/lib/python3.6/site-packages/airflow/example_dags/example_nested_branch_dag.py
[2021-10-29 07:14:28,502] {logging_mixin.py:109} INFO - [2021-10-29 07:14:28,502] {dag.py:2389} INFO - Sync 1 DAGs
[2021-10-29 07:14:28,518] {logging_mixin.py:109} INFO - [2021-10-29 07:14:28,518] {dag.py:2914} INFO - Setting next_dagrun for example_nested_branch_dag to 2021-10-28 00:00:00+00:00
[2021-10-29 07:14:28,533] {processor.py:171} INFO - Processing /home/airflow/.local/lib/python3.6/site-packages/airflow/example_dags/example_nested_branch_dag.py took 0.092 seconds
[2021-10-29 07:14:59,044] {processor.py:163} INFO - Started process (PID=1187) to work on /home/airflow/.local/lib/python3.6/site-packages/airflow/example_dags/example_nested_branch_dag.py
[2021-10-29 07:14:59,048] {processor.py:620} INFO - Processing file /home/airflow/.local/lib/python3.6/site-packages/airflow/example_dags/example_nested_branch_dag.py for tasks to queue
[2021-10-29 07:14:59,050] {logging_mixin.py:109} INFO - [2021-10-29 07:14:59,049] {dagbag.py:500} INFO - Filling up the DagBag from /home/airflow/.local/lib/python3.6/site-packages/airflow/example_dags/example_nested_branch_dag.py
[2021-10-29 07:14:59,096] {processor.py:632} INFO - DAG(s) dict_keys(['example_nested_branch_dag']) retrieved from /home/airflow/.local/lib/python3.6/site-packages/airflow/example_dags/example_nested_branch_dag.py
[2021-10-29 07:14:59,114] {logging_mixin.py:109} INFO - [2021-10-29 07:14:59,114] {dag.py:2389} INFO - Sync 1 DAGs
[2021-10-29 07:14:59,131] {logging_mixin.py:109} INFO - [2021-10-29 07:14:59,131] {dag.py:2914} INFO - Setting next_dagrun for example_nested_branch_dag to 2021-10-28 00:00:00+00:00
[2021-10-29 07:14:59,144] {processor.py:171} INFO - Processing /home/airflow/.local/lib/python3.6/site-packages/airflow/example_dags/example_nested_branch_dag.py took 0.105 seconds
