[2021-10-29 07:06:19,003] {processor.py:163} INFO - Started process (PID=73) to work on /home/airflow/.local/lib/python3.6/site-packages/airflow/example_dags/example_time_delta_sensor_async.py
[2021-10-29 07:06:19,007] {processor.py:620} INFO - Processing file /home/airflow/.local/lib/python3.6/site-packages/airflow/example_dags/example_time_delta_sensor_async.py for tasks to queue
[2021-10-29 07:06:19,009] {logging_mixin.py:109} INFO - [2021-10-29 07:06:19,009] {dagbag.py:500} INFO - Filling up the DagBag from /home/airflow/.local/lib/python3.6/site-packages/airflow/example_dags/example_time_delta_sensor_async.py
[2021-10-29 07:06:19,109] {processor.py:632} INFO - DAG(s) dict_keys(['example_time_delta_sensor_async']) retrieved from /home/airflow/.local/lib/python3.6/site-packages/airflow/example_dags/example_time_delta_sensor_async.py
[2021-10-29 07:06:22,597] {logging_mixin.py:109} INFO - [2021-10-29 07:06:22,597] {providers_manager.py:156} WARNING - Exception when importing 'airflow.providers.google.leveldb.hooks.leveldb.LevelDBHook' from 'apache-airflow-providers-google' package: No module named 'plyvel'
[2021-10-29 07:06:23,551] {logging_mixin.py:109} INFO - [2021-10-29 07:06:23,551] {providers_manager.py:156} WARNING - Exception when importing 'airflow.providers.google.leveldb.hooks.leveldb.LevelDBHook' from 'apache-airflow-providers-google' package: No module named 'plyvel'
[2021-10-29 07:06:23,686] {logging_mixin.py:109} INFO - [2021-10-29 07:06:23,686] {manager.py:496} INFO - Created Permission View: can read on DAG:example_time_delta_sensor_async
[2021-10-29 07:06:23,733] {logging_mixin.py:109} INFO - [2021-10-29 07:06:23,733] {manager.py:496} INFO - Created Permission View: can edit on DAG:example_time_delta_sensor_async
[2021-10-29 07:06:23,738] {logging_mixin.py:109} INFO - [2021-10-29 07:06:23,736] {dag.py:2389} INFO - Sync 1 DAGs
[2021-10-29 07:06:23,776] {logging_mixin.py:109} INFO - [2021-10-29 07:06:23,775] {dag.py:2408} INFO - Creating ORM DAG for example_time_delta_sensor_async
[2021-10-29 07:06:23,789] {logging_mixin.py:109} INFO - [2021-10-29 07:06:23,789] {dag.py:2914} INFO - Setting next_dagrun for example_time_delta_sensor_async to None
[2021-10-29 07:06:23,826] {processor.py:171} INFO - Processing /home/airflow/.local/lib/python3.6/site-packages/airflow/example_dags/example_time_delta_sensor_async.py took 4.830 seconds
[2021-10-29 07:07:22,165] {processor.py:163} INFO - Started process (PID=174) to work on /home/airflow/.local/lib/python3.6/site-packages/airflow/example_dags/example_time_delta_sensor_async.py
[2021-10-29 07:07:22,173] {processor.py:620} INFO - Processing file /home/airflow/.local/lib/python3.6/site-packages/airflow/example_dags/example_time_delta_sensor_async.py for tasks to queue
[2021-10-29 07:07:22,182] {logging_mixin.py:109} INFO - [2021-10-29 07:07:22,182] {dagbag.py:500} INFO - Filling up the DagBag from /home/airflow/.local/lib/python3.6/site-packages/airflow/example_dags/example_time_delta_sensor_async.py
[2021-10-29 07:07:22,287] {processor.py:632} INFO - DAG(s) dict_keys(['example_time_delta_sensor_async']) retrieved from /home/airflow/.local/lib/python3.6/site-packages/airflow/example_dags/example_time_delta_sensor_async.py
[2021-10-29 07:07:22,318] {logging_mixin.py:109} INFO - [2021-10-29 07:07:22,317] {dag.py:2389} INFO - Sync 1 DAGs
[2021-10-29 07:07:22,342] {logging_mixin.py:109} INFO - [2021-10-29 07:07:22,342] {dag.py:2914} INFO - Setting next_dagrun for example_time_delta_sensor_async to None
[2021-10-29 07:07:22,383] {processor.py:171} INFO - Processing /home/airflow/.local/lib/python3.6/site-packages/airflow/example_dags/example_time_delta_sensor_async.py took 0.232 seconds
[2021-10-29 07:07:52,567] {processor.py:163} INFO - Started process (PID=352) to work on /home/airflow/.local/lib/python3.6/site-packages/airflow/example_dags/example_time_delta_sensor_async.py
[2021-10-29 07:07:52,569] {processor.py:620} INFO - Processing file /home/airflow/.local/lib/python3.6/site-packages/airflow/example_dags/example_time_delta_sensor_async.py for tasks to queue
[2021-10-29 07:07:52,571] {logging_mixin.py:109} INFO - [2021-10-29 07:07:52,571] {dagbag.py:500} INFO - Filling up the DagBag from /home/airflow/.local/lib/python3.6/site-packages/airflow/example_dags/example_time_delta_sensor_async.py
[2021-10-29 07:07:52,609] {processor.py:632} INFO - DAG(s) dict_keys(['example_time_delta_sensor_async']) retrieved from /home/airflow/.local/lib/python3.6/site-packages/airflow/example_dags/example_time_delta_sensor_async.py
[2021-10-29 07:07:52,622] {logging_mixin.py:109} INFO - [2021-10-29 07:07:52,622] {dag.py:2389} INFO - Sync 1 DAGs
[2021-10-29 07:07:52,635] {logging_mixin.py:109} INFO - [2021-10-29 07:07:52,635] {dag.py:2914} INFO - Setting next_dagrun for example_time_delta_sensor_async to None
[2021-10-29 07:07:52,650] {processor.py:171} INFO - Processing /home/airflow/.local/lib/python3.6/site-packages/airflow/example_dags/example_time_delta_sensor_async.py took 0.087 seconds
[2021-10-29 07:08:23,558] {processor.py:163} INFO - Started process (PID=416) to work on /home/airflow/.local/lib/python3.6/site-packages/airflow/example_dags/example_time_delta_sensor_async.py
[2021-10-29 07:08:23,562] {processor.py:620} INFO - Processing file /home/airflow/.local/lib/python3.6/site-packages/airflow/example_dags/example_time_delta_sensor_async.py for tasks to queue
[2021-10-29 07:08:23,565] {logging_mixin.py:109} INFO - [2021-10-29 07:08:23,564] {dagbag.py:500} INFO - Filling up the DagBag from /home/airflow/.local/lib/python3.6/site-packages/airflow/example_dags/example_time_delta_sensor_async.py
[2021-10-29 07:08:23,628] {processor.py:632} INFO - DAG(s) dict_keys(['example_time_delta_sensor_async']) retrieved from /home/airflow/.local/lib/python3.6/site-packages/airflow/example_dags/example_time_delta_sensor_async.py
[2021-10-29 07:08:23,646] {logging_mixin.py:109} INFO - [2021-10-29 07:08:23,646] {dag.py:2389} INFO - Sync 1 DAGs
[2021-10-29 07:08:23,664] {logging_mixin.py:109} INFO - [2021-10-29 07:08:23,664] {dag.py:2914} INFO - Setting next_dagrun for example_time_delta_sensor_async to None
[2021-10-29 07:08:23,679] {processor.py:171} INFO - Processing /home/airflow/.local/lib/python3.6/site-packages/airflow/example_dags/example_time_delta_sensor_async.py took 0.127 seconds
[2021-10-29 07:08:53,709] {processor.py:163} INFO - Started process (PID=472) to work on /home/airflow/.local/lib/python3.6/site-packages/airflow/example_dags/example_time_delta_sensor_async.py
[2021-10-29 07:08:53,712] {processor.py:620} INFO - Processing file /home/airflow/.local/lib/python3.6/site-packages/airflow/example_dags/example_time_delta_sensor_async.py for tasks to queue
[2021-10-29 07:08:53,714] {logging_mixin.py:109} INFO - [2021-10-29 07:08:53,714] {dagbag.py:500} INFO - Filling up the DagBag from /home/airflow/.local/lib/python3.6/site-packages/airflow/example_dags/example_time_delta_sensor_async.py
[2021-10-29 07:08:53,759] {processor.py:632} INFO - DAG(s) dict_keys(['example_time_delta_sensor_async']) retrieved from /home/airflow/.local/lib/python3.6/site-packages/airflow/example_dags/example_time_delta_sensor_async.py
[2021-10-29 07:08:53,775] {logging_mixin.py:109} INFO - [2021-10-29 07:08:53,774] {dag.py:2389} INFO - Sync 1 DAGs
[2021-10-29 07:08:53,788] {logging_mixin.py:109} INFO - [2021-10-29 07:08:53,788] {dag.py:2914} INFO - Setting next_dagrun for example_time_delta_sensor_async to None
[2021-10-29 07:08:53,803] {processor.py:171} INFO - Processing /home/airflow/.local/lib/python3.6/site-packages/airflow/example_dags/example_time_delta_sensor_async.py took 0.099 seconds
[2021-10-29 07:09:24,094] {processor.py:163} INFO - Started process (PID=536) to work on /home/airflow/.local/lib/python3.6/site-packages/airflow/example_dags/example_time_delta_sensor_async.py
[2021-10-29 07:09:24,096] {processor.py:620} INFO - Processing file /home/airflow/.local/lib/python3.6/site-packages/airflow/example_dags/example_time_delta_sensor_async.py for tasks to queue
[2021-10-29 07:09:24,099] {logging_mixin.py:109} INFO - [2021-10-29 07:09:24,098] {dagbag.py:500} INFO - Filling up the DagBag from /home/airflow/.local/lib/python3.6/site-packages/airflow/example_dags/example_time_delta_sensor_async.py
[2021-10-29 07:09:24,144] {processor.py:632} INFO - DAG(s) dict_keys(['example_time_delta_sensor_async']) retrieved from /home/airflow/.local/lib/python3.6/site-packages/airflow/example_dags/example_time_delta_sensor_async.py
[2021-10-29 07:09:24,159] {logging_mixin.py:109} INFO - [2021-10-29 07:09:24,158] {dag.py:2389} INFO - Sync 1 DAGs
[2021-10-29 07:09:24,171] {logging_mixin.py:109} INFO - [2021-10-29 07:09:24,171] {dag.py:2914} INFO - Setting next_dagrun for example_time_delta_sensor_async to None
[2021-10-29 07:09:24,185] {processor.py:171} INFO - Processing /home/airflow/.local/lib/python3.6/site-packages/airflow/example_dags/example_time_delta_sensor_async.py took 0.096 seconds
[2021-10-29 07:09:54,421] {processor.py:163} INFO - Started process (PID=594) to work on /home/airflow/.local/lib/python3.6/site-packages/airflow/example_dags/example_time_delta_sensor_async.py
[2021-10-29 07:09:54,425] {processor.py:620} INFO - Processing file /home/airflow/.local/lib/python3.6/site-packages/airflow/example_dags/example_time_delta_sensor_async.py for tasks to queue
[2021-10-29 07:09:54,428] {logging_mixin.py:109} INFO - [2021-10-29 07:09:54,428] {dagbag.py:500} INFO - Filling up the DagBag from /home/airflow/.local/lib/python3.6/site-packages/airflow/example_dags/example_time_delta_sensor_async.py
[2021-10-29 07:09:54,479] {processor.py:632} INFO - DAG(s) dict_keys(['example_time_delta_sensor_async']) retrieved from /home/airflow/.local/lib/python3.6/site-packages/airflow/example_dags/example_time_delta_sensor_async.py
[2021-10-29 07:09:54,493] {logging_mixin.py:109} INFO - [2021-10-29 07:09:54,493] {dag.py:2389} INFO - Sync 1 DAGs
[2021-10-29 07:09:54,508] {logging_mixin.py:109} INFO - [2021-10-29 07:09:54,508] {dag.py:2914} INFO - Setting next_dagrun for example_time_delta_sensor_async to None
[2021-10-29 07:09:54,522] {processor.py:171} INFO - Processing /home/airflow/.local/lib/python3.6/site-packages/airflow/example_dags/example_time_delta_sensor_async.py took 0.108 seconds
[2021-10-29 07:10:24,796] {processor.py:163} INFO - Started process (PID=649) to work on /home/airflow/.local/lib/python3.6/site-packages/airflow/example_dags/example_time_delta_sensor_async.py
[2021-10-29 07:10:24,803] {processor.py:620} INFO - Processing file /home/airflow/.local/lib/python3.6/site-packages/airflow/example_dags/example_time_delta_sensor_async.py for tasks to queue
[2021-10-29 07:10:24,811] {logging_mixin.py:109} INFO - [2021-10-29 07:10:24,810] {dagbag.py:500} INFO - Filling up the DagBag from /home/airflow/.local/lib/python3.6/site-packages/airflow/example_dags/example_time_delta_sensor_async.py
[2021-10-29 07:10:24,879] {processor.py:632} INFO - DAG(s) dict_keys(['example_time_delta_sensor_async']) retrieved from /home/airflow/.local/lib/python3.6/site-packages/airflow/example_dags/example_time_delta_sensor_async.py
[2021-10-29 07:10:24,896] {logging_mixin.py:109} INFO - [2021-10-29 07:10:24,896] {dag.py:2389} INFO - Sync 1 DAGs
[2021-10-29 07:10:24,912] {logging_mixin.py:109} INFO - [2021-10-29 07:10:24,912] {dag.py:2914} INFO - Setting next_dagrun for example_time_delta_sensor_async to None
[2021-10-29 07:10:24,925] {processor.py:171} INFO - Processing /home/airflow/.local/lib/python3.6/site-packages/airflow/example_dags/example_time_delta_sensor_async.py took 0.139 seconds
[2021-10-29 07:10:55,028] {processor.py:163} INFO - Started process (PID=715) to work on /home/airflow/.local/lib/python3.6/site-packages/airflow/example_dags/example_time_delta_sensor_async.py
[2021-10-29 07:10:55,031] {processor.py:620} INFO - Processing file /home/airflow/.local/lib/python3.6/site-packages/airflow/example_dags/example_time_delta_sensor_async.py for tasks to queue
[2021-10-29 07:10:55,032] {logging_mixin.py:109} INFO - [2021-10-29 07:10:55,032] {dagbag.py:500} INFO - Filling up the DagBag from /home/airflow/.local/lib/python3.6/site-packages/airflow/example_dags/example_time_delta_sensor_async.py
[2021-10-29 07:10:55,068] {processor.py:632} INFO - DAG(s) dict_keys(['example_time_delta_sensor_async']) retrieved from /home/airflow/.local/lib/python3.6/site-packages/airflow/example_dags/example_time_delta_sensor_async.py
[2021-10-29 07:10:55,082] {logging_mixin.py:109} INFO - [2021-10-29 07:10:55,082] {dag.py:2389} INFO - Sync 1 DAGs
[2021-10-29 07:10:55,098] {logging_mixin.py:109} INFO - [2021-10-29 07:10:55,098] {dag.py:2914} INFO - Setting next_dagrun for example_time_delta_sensor_async to None
[2021-10-29 07:10:55,115] {processor.py:171} INFO - Processing /home/airflow/.local/lib/python3.6/site-packages/airflow/example_dags/example_time_delta_sensor_async.py took 0.091 seconds
[2021-10-29 07:11:25,645] {processor.py:163} INFO - Started process (PID=770) to work on /home/airflow/.local/lib/python3.6/site-packages/airflow/example_dags/example_time_delta_sensor_async.py
[2021-10-29 07:11:25,649] {processor.py:620} INFO - Processing file /home/airflow/.local/lib/python3.6/site-packages/airflow/example_dags/example_time_delta_sensor_async.py for tasks to queue
[2021-10-29 07:11:25,651] {logging_mixin.py:109} INFO - [2021-10-29 07:11:25,651] {dagbag.py:500} INFO - Filling up the DagBag from /home/airflow/.local/lib/python3.6/site-packages/airflow/example_dags/example_time_delta_sensor_async.py
[2021-10-29 07:11:25,697] {processor.py:632} INFO - DAG(s) dict_keys(['example_time_delta_sensor_async']) retrieved from /home/airflow/.local/lib/python3.6/site-packages/airflow/example_dags/example_time_delta_sensor_async.py
[2021-10-29 07:11:25,714] {logging_mixin.py:109} INFO - [2021-10-29 07:11:25,713] {dag.py:2389} INFO - Sync 1 DAGs
[2021-10-29 07:11:25,729] {logging_mixin.py:109} INFO - [2021-10-29 07:11:25,729] {dag.py:2914} INFO - Setting next_dagrun for example_time_delta_sensor_async to None
[2021-10-29 07:11:25,746] {processor.py:171} INFO - Processing /home/airflow/.local/lib/python3.6/site-packages/airflow/example_dags/example_time_delta_sensor_async.py took 0.109 seconds
[2021-10-29 07:11:55,913] {processor.py:163} INFO - Started process (PID=835) to work on /home/airflow/.local/lib/python3.6/site-packages/airflow/example_dags/example_time_delta_sensor_async.py
[2021-10-29 07:11:55,916] {processor.py:620} INFO - Processing file /home/airflow/.local/lib/python3.6/site-packages/airflow/example_dags/example_time_delta_sensor_async.py for tasks to queue
[2021-10-29 07:11:55,918] {logging_mixin.py:109} INFO - [2021-10-29 07:11:55,918] {dagbag.py:500} INFO - Filling up the DagBag from /home/airflow/.local/lib/python3.6/site-packages/airflow/example_dags/example_time_delta_sensor_async.py
[2021-10-29 07:11:55,965] {processor.py:632} INFO - DAG(s) dict_keys(['example_time_delta_sensor_async']) retrieved from /home/airflow/.local/lib/python3.6/site-packages/airflow/example_dags/example_time_delta_sensor_async.py
[2021-10-29 07:11:55,982] {logging_mixin.py:109} INFO - [2021-10-29 07:11:55,981] {dag.py:2389} INFO - Sync 1 DAGs
[2021-10-29 07:11:55,997] {logging_mixin.py:109} INFO - [2021-10-29 07:11:55,996] {dag.py:2914} INFO - Setting next_dagrun for example_time_delta_sensor_async to None
[2021-10-29 07:11:56,014] {processor.py:171} INFO - Processing /home/airflow/.local/lib/python3.6/site-packages/airflow/example_dags/example_time_delta_sensor_async.py took 0.105 seconds
[2021-10-29 07:12:26,164] {processor.py:163} INFO - Started process (PID=889) to work on /home/airflow/.local/lib/python3.6/site-packages/airflow/example_dags/example_time_delta_sensor_async.py
[2021-10-29 07:12:26,167] {processor.py:620} INFO - Processing file /home/airflow/.local/lib/python3.6/site-packages/airflow/example_dags/example_time_delta_sensor_async.py for tasks to queue
[2021-10-29 07:12:26,169] {logging_mixin.py:109} INFO - [2021-10-29 07:12:26,169] {dagbag.py:500} INFO - Filling up the DagBag from /home/airflow/.local/lib/python3.6/site-packages/airflow/example_dags/example_time_delta_sensor_async.py
[2021-10-29 07:12:26,206] {processor.py:632} INFO - DAG(s) dict_keys(['example_time_delta_sensor_async']) retrieved from /home/airflow/.local/lib/python3.6/site-packages/airflow/example_dags/example_time_delta_sensor_async.py
[2021-10-29 07:12:26,221] {logging_mixin.py:109} INFO - [2021-10-29 07:12:26,221] {dag.py:2389} INFO - Sync 1 DAGs
[2021-10-29 07:12:26,238] {logging_mixin.py:109} INFO - [2021-10-29 07:12:26,238] {dag.py:2914} INFO - Setting next_dagrun for example_time_delta_sensor_async to None
[2021-10-29 07:12:26,252] {processor.py:171} INFO - Processing /home/airflow/.local/lib/python3.6/site-packages/airflow/example_dags/example_time_delta_sensor_async.py took 0.092 seconds
[2021-10-29 07:12:56,316] {processor.py:163} INFO - Started process (PID=944) to work on /home/airflow/.local/lib/python3.6/site-packages/airflow/example_dags/example_time_delta_sensor_async.py
[2021-10-29 07:12:56,318] {processor.py:620} INFO - Processing file /home/airflow/.local/lib/python3.6/site-packages/airflow/example_dags/example_time_delta_sensor_async.py for tasks to queue
[2021-10-29 07:12:56,320] {logging_mixin.py:109} INFO - [2021-10-29 07:12:56,319] {dagbag.py:500} INFO - Filling up the DagBag from /home/airflow/.local/lib/python3.6/site-packages/airflow/example_dags/example_time_delta_sensor_async.py
[2021-10-29 07:12:56,352] {processor.py:632} INFO - DAG(s) dict_keys(['example_time_delta_sensor_async']) retrieved from /home/airflow/.local/lib/python3.6/site-packages/airflow/example_dags/example_time_delta_sensor_async.py
[2021-10-29 07:12:56,375] {logging_mixin.py:109} INFO - [2021-10-29 07:12:56,374] {dag.py:2389} INFO - Sync 1 DAGs
[2021-10-29 07:12:56,402] {logging_mixin.py:109} INFO - [2021-10-29 07:12:56,402] {dag.py:2914} INFO - Setting next_dagrun for example_time_delta_sensor_async to None
[2021-10-29 07:12:56,425] {processor.py:171} INFO - Processing /home/airflow/.local/lib/python3.6/site-packages/airflow/example_dags/example_time_delta_sensor_async.py took 0.113 seconds
[2021-10-29 07:13:27,147] {processor.py:163} INFO - Started process (PID=1010) to work on /home/airflow/.local/lib/python3.6/site-packages/airflow/example_dags/example_time_delta_sensor_async.py
[2021-10-29 07:13:27,150] {processor.py:620} INFO - Processing file /home/airflow/.local/lib/python3.6/site-packages/airflow/example_dags/example_time_delta_sensor_async.py for tasks to queue
[2021-10-29 07:13:27,153] {logging_mixin.py:109} INFO - [2021-10-29 07:13:27,152] {dagbag.py:500} INFO - Filling up the DagBag from /home/airflow/.local/lib/python3.6/site-packages/airflow/example_dags/example_time_delta_sensor_async.py
[2021-10-29 07:13:27,192] {processor.py:632} INFO - DAG(s) dict_keys(['example_time_delta_sensor_async']) retrieved from /home/airflow/.local/lib/python3.6/site-packages/airflow/example_dags/example_time_delta_sensor_async.py
[2021-10-29 07:13:27,207] {logging_mixin.py:109} INFO - [2021-10-29 07:13:27,206] {dag.py:2389} INFO - Sync 1 DAGs
[2021-10-29 07:13:27,221] {logging_mixin.py:109} INFO - [2021-10-29 07:13:27,221] {dag.py:2914} INFO - Setting next_dagrun for example_time_delta_sensor_async to None
[2021-10-29 07:13:27,236] {processor.py:171} INFO - Processing /home/airflow/.local/lib/python3.6/site-packages/airflow/example_dags/example_time_delta_sensor_async.py took 0.094 seconds
[2021-10-29 07:13:57,850] {processor.py:163} INFO - Started process (PID=1065) to work on /home/airflow/.local/lib/python3.6/site-packages/airflow/example_dags/example_time_delta_sensor_async.py
[2021-10-29 07:13:57,852] {processor.py:620} INFO - Processing file /home/airflow/.local/lib/python3.6/site-packages/airflow/example_dags/example_time_delta_sensor_async.py for tasks to queue
[2021-10-29 07:13:57,854] {logging_mixin.py:109} INFO - [2021-10-29 07:13:57,853] {dagbag.py:500} INFO - Filling up the DagBag from /home/airflow/.local/lib/python3.6/site-packages/airflow/example_dags/example_time_delta_sensor_async.py
[2021-10-29 07:13:57,887] {processor.py:632} INFO - DAG(s) dict_keys(['example_time_delta_sensor_async']) retrieved from /home/airflow/.local/lib/python3.6/site-packages/airflow/example_dags/example_time_delta_sensor_async.py
[2021-10-29 07:13:57,902] {logging_mixin.py:109} INFO - [2021-10-29 07:13:57,901] {dag.py:2389} INFO - Sync 1 DAGs
[2021-10-29 07:13:57,915] {logging_mixin.py:109} INFO - [2021-10-29 07:13:57,915] {dag.py:2914} INFO - Setting next_dagrun for example_time_delta_sensor_async to None
[2021-10-29 07:13:57,927] {processor.py:171} INFO - Processing /home/airflow/.local/lib/python3.6/site-packages/airflow/example_dags/example_time_delta_sensor_async.py took 0.080 seconds
[2021-10-29 07:14:28,563] {processor.py:163} INFO - Started process (PID=1132) to work on /home/airflow/.local/lib/python3.6/site-packages/airflow/example_dags/example_time_delta_sensor_async.py
[2021-10-29 07:14:28,565] {processor.py:620} INFO - Processing file /home/airflow/.local/lib/python3.6/site-packages/airflow/example_dags/example_time_delta_sensor_async.py for tasks to queue
[2021-10-29 07:14:28,567] {logging_mixin.py:109} INFO - [2021-10-29 07:14:28,567] {dagbag.py:500} INFO - Filling up the DagBag from /home/airflow/.local/lib/python3.6/site-packages/airflow/example_dags/example_time_delta_sensor_async.py
[2021-10-29 07:14:28,606] {processor.py:632} INFO - DAG(s) dict_keys(['example_time_delta_sensor_async']) retrieved from /home/airflow/.local/lib/python3.6/site-packages/airflow/example_dags/example_time_delta_sensor_async.py
[2021-10-29 07:14:28,619] {logging_mixin.py:109} INFO - [2021-10-29 07:14:28,619] {dag.py:2389} INFO - Sync 1 DAGs
[2021-10-29 07:14:28,633] {logging_mixin.py:109} INFO - [2021-10-29 07:14:28,633] {dag.py:2914} INFO - Setting next_dagrun for example_time_delta_sensor_async to None
[2021-10-29 07:14:28,649] {processor.py:171} INFO - Processing /home/airflow/.local/lib/python3.6/site-packages/airflow/example_dags/example_time_delta_sensor_async.py took 0.091 seconds
[2021-10-29 07:14:59,173] {processor.py:163} INFO - Started process (PID=1188) to work on /home/airflow/.local/lib/python3.6/site-packages/airflow/example_dags/example_time_delta_sensor_async.py
[2021-10-29 07:14:59,176] {processor.py:620} INFO - Processing file /home/airflow/.local/lib/python3.6/site-packages/airflow/example_dags/example_time_delta_sensor_async.py for tasks to queue
[2021-10-29 07:14:59,178] {logging_mixin.py:109} INFO - [2021-10-29 07:14:59,178] {dagbag.py:500} INFO - Filling up the DagBag from /home/airflow/.local/lib/python3.6/site-packages/airflow/example_dags/example_time_delta_sensor_async.py
[2021-10-29 07:14:59,213] {processor.py:632} INFO - DAG(s) dict_keys(['example_time_delta_sensor_async']) retrieved from /home/airflow/.local/lib/python3.6/site-packages/airflow/example_dags/example_time_delta_sensor_async.py
[2021-10-29 07:14:59,228] {logging_mixin.py:109} INFO - [2021-10-29 07:14:59,228] {dag.py:2389} INFO - Sync 1 DAGs
[2021-10-29 07:14:59,240] {logging_mixin.py:109} INFO - [2021-10-29 07:14:59,240] {dag.py:2914} INFO - Setting next_dagrun for example_time_delta_sensor_async to None
[2021-10-29 07:14:59,252] {processor.py:171} INFO - Processing /home/airflow/.local/lib/python3.6/site-packages/airflow/example_dags/example_time_delta_sensor_async.py took 0.083 seconds
