[2021-10-29 07:07:29,957] {processor.py:163} INFO - Started process (PID=201) to work on /home/airflow/.local/lib/python3.6/site-packages/airflow/example_dags/tutorial.py
[2021-10-29 07:07:29,963] {processor.py:620} INFO - Processing file /home/airflow/.local/lib/python3.6/site-packages/airflow/example_dags/tutorial.py for tasks to queue
[2021-10-29 07:07:29,965] {logging_mixin.py:109} INFO - [2021-10-29 07:07:29,965] {dagbag.py:500} INFO - Filling up the DagBag from /home/airflow/.local/lib/python3.6/site-packages/airflow/example_dags/tutorial.py
[2021-10-29 07:07:30,045] {processor.py:632} INFO - DAG(s) dict_keys(['tutorial']) retrieved from /home/airflow/.local/lib/python3.6/site-packages/airflow/example_dags/tutorial.py
[2021-10-29 07:07:31,888] {logging_mixin.py:109} INFO - [2021-10-29 07:07:31,888] {providers_manager.py:156} WARNING - Exception when importing 'airflow.providers.google.leveldb.hooks.leveldb.LevelDBHook' from 'apache-airflow-providers-google' package: No module named 'plyvel'
[2021-10-29 07:07:32,391] {logging_mixin.py:109} INFO - [2021-10-29 07:07:32,390] {providers_manager.py:156} WARNING - Exception when importing 'airflow.providers.google.leveldb.hooks.leveldb.LevelDBHook' from 'apache-airflow-providers-google' package: No module named 'plyvel'
[2021-10-29 07:07:32,426] {logging_mixin.py:109} INFO - [2021-10-29 07:07:32,426] {manager.py:496} INFO - Created Permission View: can read on DAG:tutorial
[2021-10-29 07:07:32,442] {logging_mixin.py:109} INFO - [2021-10-29 07:07:32,442] {manager.py:496} INFO - Created Permission View: can edit on DAG:tutorial
[2021-10-29 07:07:32,446] {logging_mixin.py:109} INFO - [2021-10-29 07:07:32,444] {dag.py:2389} INFO - Sync 1 DAGs
[2021-10-29 07:07:32,465] {logging_mixin.py:109} INFO - [2021-10-29 07:07:32,463] {dag.py:2408} INFO - Creating ORM DAG for tutorial
[2021-10-29 07:07:32,475] {logging_mixin.py:109} INFO - [2021-10-29 07:07:32,474] {dag.py:2914} INFO - Setting next_dagrun for tutorial to 2021-10-28T07:07:32.474495+00:00
[2021-10-29 07:07:32,499] {processor.py:171} INFO - Processing /home/airflow/.local/lib/python3.6/site-packages/airflow/example_dags/tutorial.py took 2.546 seconds
[2021-10-29 07:08:02,614] {processor.py:163} INFO - Started process (PID=373) to work on /home/airflow/.local/lib/python3.6/site-packages/airflow/example_dags/tutorial.py
[2021-10-29 07:08:02,616] {processor.py:620} INFO - Processing file /home/airflow/.local/lib/python3.6/site-packages/airflow/example_dags/tutorial.py for tasks to queue
[2021-10-29 07:08:02,618] {logging_mixin.py:109} INFO - [2021-10-29 07:08:02,618] {dagbag.py:500} INFO - Filling up the DagBag from /home/airflow/.local/lib/python3.6/site-packages/airflow/example_dags/tutorial.py
[2021-10-29 07:08:02,656] {processor.py:632} INFO - DAG(s) dict_keys(['tutorial']) retrieved from /home/airflow/.local/lib/python3.6/site-packages/airflow/example_dags/tutorial.py
[2021-10-29 07:08:02,670] {logging_mixin.py:109} INFO - [2021-10-29 07:08:02,670] {dag.py:2389} INFO - Sync 1 DAGs
[2021-10-29 07:08:02,683] {logging_mixin.py:109} INFO - [2021-10-29 07:08:02,682] {dag.py:2914} INFO - Setting next_dagrun for tutorial to 2021-10-28T07:08:02.682583+00:00
[2021-10-29 07:08:02,695] {processor.py:171} INFO - Processing /home/airflow/.local/lib/python3.6/site-packages/airflow/example_dags/tutorial.py took 0.085 seconds
[2021-10-29 07:08:33,113] {processor.py:163} INFO - Started process (PID=427) to work on /home/airflow/.local/lib/python3.6/site-packages/airflow/example_dags/tutorial.py
[2021-10-29 07:08:33,115] {processor.py:620} INFO - Processing file /home/airflow/.local/lib/python3.6/site-packages/airflow/example_dags/tutorial.py for tasks to queue
[2021-10-29 07:08:33,117] {logging_mixin.py:109} INFO - [2021-10-29 07:08:33,117] {dagbag.py:500} INFO - Filling up the DagBag from /home/airflow/.local/lib/python3.6/site-packages/airflow/example_dags/tutorial.py
[2021-10-29 07:08:33,163] {processor.py:632} INFO - DAG(s) dict_keys(['tutorial']) retrieved from /home/airflow/.local/lib/python3.6/site-packages/airflow/example_dags/tutorial.py
[2021-10-29 07:08:33,178] {logging_mixin.py:109} INFO - [2021-10-29 07:08:33,178] {dag.py:2389} INFO - Sync 1 DAGs
[2021-10-29 07:08:33,195] {logging_mixin.py:109} INFO - [2021-10-29 07:08:33,195] {dag.py:2914} INFO - Setting next_dagrun for tutorial to 2021-10-28T07:08:33.195222+00:00
[2021-10-29 07:08:33,214] {processor.py:171} INFO - Processing /home/airflow/.local/lib/python3.6/site-packages/airflow/example_dags/tutorial.py took 0.106 seconds
[2021-10-29 07:09:03,606] {processor.py:163} INFO - Started process (PID=493) to work on /home/airflow/.local/lib/python3.6/site-packages/airflow/example_dags/tutorial.py
[2021-10-29 07:09:03,609] {processor.py:620} INFO - Processing file /home/airflow/.local/lib/python3.6/site-packages/airflow/example_dags/tutorial.py for tasks to queue
[2021-10-29 07:09:03,611] {logging_mixin.py:109} INFO - [2021-10-29 07:09:03,611] {dagbag.py:500} INFO - Filling up the DagBag from /home/airflow/.local/lib/python3.6/site-packages/airflow/example_dags/tutorial.py
[2021-10-29 07:09:03,651] {processor.py:632} INFO - DAG(s) dict_keys(['tutorial']) retrieved from /home/airflow/.local/lib/python3.6/site-packages/airflow/example_dags/tutorial.py
[2021-10-29 07:09:03,665] {logging_mixin.py:109} INFO - [2021-10-29 07:09:03,665] {dag.py:2389} INFO - Sync 1 DAGs
[2021-10-29 07:09:03,678] {logging_mixin.py:109} INFO - [2021-10-29 07:09:03,678] {dag.py:2914} INFO - Setting next_dagrun for tutorial to 2021-10-28T07:09:03.677922+00:00
[2021-10-29 07:09:03,690] {processor.py:171} INFO - Processing /home/airflow/.local/lib/python3.6/site-packages/airflow/example_dags/tutorial.py took 0.092 seconds
[2021-10-29 07:09:34,090] {processor.py:163} INFO - Started process (PID=548) to work on /home/airflow/.local/lib/python3.6/site-packages/airflow/example_dags/tutorial.py
[2021-10-29 07:09:34,092] {processor.py:620} INFO - Processing file /home/airflow/.local/lib/python3.6/site-packages/airflow/example_dags/tutorial.py for tasks to queue
[2021-10-29 07:09:34,094] {logging_mixin.py:109} INFO - [2021-10-29 07:09:34,093] {dagbag.py:500} INFO - Filling up the DagBag from /home/airflow/.local/lib/python3.6/site-packages/airflow/example_dags/tutorial.py
[2021-10-29 07:09:34,133] {processor.py:632} INFO - DAG(s) dict_keys(['tutorial']) retrieved from /home/airflow/.local/lib/python3.6/site-packages/airflow/example_dags/tutorial.py
[2021-10-29 07:09:34,148] {logging_mixin.py:109} INFO - [2021-10-29 07:09:34,148] {dag.py:2389} INFO - Sync 1 DAGs
[2021-10-29 07:09:34,161] {logging_mixin.py:109} INFO - [2021-10-29 07:09:34,161] {dag.py:2914} INFO - Setting next_dagrun for tutorial to 2021-10-28T07:09:34.160862+00:00
[2021-10-29 07:09:34,176] {processor.py:171} INFO - Processing /home/airflow/.local/lib/python3.6/site-packages/airflow/example_dags/tutorial.py took 0.090 seconds
[2021-10-29 07:10:04,437] {processor.py:163} INFO - Started process (PID=617) to work on /home/airflow/.local/lib/python3.6/site-packages/airflow/example_dags/tutorial.py
[2021-10-29 07:10:04,441] {processor.py:620} INFO - Processing file /home/airflow/.local/lib/python3.6/site-packages/airflow/example_dags/tutorial.py for tasks to queue
[2021-10-29 07:10:04,443] {logging_mixin.py:109} INFO - [2021-10-29 07:10:04,443] {dagbag.py:500} INFO - Filling up the DagBag from /home/airflow/.local/lib/python3.6/site-packages/airflow/example_dags/tutorial.py
[2021-10-29 07:10:04,481] {processor.py:632} INFO - DAG(s) dict_keys(['tutorial']) retrieved from /home/airflow/.local/lib/python3.6/site-packages/airflow/example_dags/tutorial.py
[2021-10-29 07:10:04,493] {logging_mixin.py:109} INFO - [2021-10-29 07:10:04,493] {dag.py:2389} INFO - Sync 1 DAGs
[2021-10-29 07:10:04,506] {logging_mixin.py:109} INFO - [2021-10-29 07:10:04,506] {dag.py:2914} INFO - Setting next_dagrun for tutorial to 2021-10-28T07:10:04.505748+00:00
[2021-10-29 07:10:04,518] {processor.py:171} INFO - Processing /home/airflow/.local/lib/python3.6/site-packages/airflow/example_dags/tutorial.py took 0.086 seconds
[2021-10-29 07:10:35,208] {processor.py:163} INFO - Started process (PID=671) to work on /home/airflow/.local/lib/python3.6/site-packages/airflow/example_dags/tutorial.py
[2021-10-29 07:10:35,212] {processor.py:620} INFO - Processing file /home/airflow/.local/lib/python3.6/site-packages/airflow/example_dags/tutorial.py for tasks to queue
[2021-10-29 07:10:35,214] {logging_mixin.py:109} INFO - [2021-10-29 07:10:35,214] {dagbag.py:500} INFO - Filling up the DagBag from /home/airflow/.local/lib/python3.6/site-packages/airflow/example_dags/tutorial.py
[2021-10-29 07:10:35,259] {processor.py:632} INFO - DAG(s) dict_keys(['tutorial']) retrieved from /home/airflow/.local/lib/python3.6/site-packages/airflow/example_dags/tutorial.py
[2021-10-29 07:10:35,274] {logging_mixin.py:109} INFO - [2021-10-29 07:10:35,274] {dag.py:2389} INFO - Sync 1 DAGs
[2021-10-29 07:10:35,288] {logging_mixin.py:109} INFO - [2021-10-29 07:10:35,287] {dag.py:2914} INFO - Setting next_dagrun for tutorial to 2021-10-28T07:10:35.287524+00:00
[2021-10-29 07:10:35,301] {processor.py:171} INFO - Processing /home/airflow/.local/lib/python3.6/site-packages/airflow/example_dags/tutorial.py took 0.097 seconds
[2021-10-29 07:11:05,858] {processor.py:163} INFO - Started process (PID=737) to work on /home/airflow/.local/lib/python3.6/site-packages/airflow/example_dags/tutorial.py
[2021-10-29 07:11:05,863] {processor.py:620} INFO - Processing file /home/airflow/.local/lib/python3.6/site-packages/airflow/example_dags/tutorial.py for tasks to queue
[2021-10-29 07:11:05,866] {logging_mixin.py:109} INFO - [2021-10-29 07:11:05,866] {dagbag.py:500} INFO - Filling up the DagBag from /home/airflow/.local/lib/python3.6/site-packages/airflow/example_dags/tutorial.py
[2021-10-29 07:11:05,920] {processor.py:632} INFO - DAG(s) dict_keys(['tutorial']) retrieved from /home/airflow/.local/lib/python3.6/site-packages/airflow/example_dags/tutorial.py
[2021-10-29 07:11:05,937] {logging_mixin.py:109} INFO - [2021-10-29 07:11:05,937] {dag.py:2389} INFO - Sync 1 DAGs
[2021-10-29 07:11:05,952] {logging_mixin.py:109} INFO - [2021-10-29 07:11:05,952] {dag.py:2914} INFO - Setting next_dagrun for tutorial to 2021-10-28T07:11:05.952029+00:00
[2021-10-29 07:11:05,970] {processor.py:171} INFO - Processing /home/airflow/.local/lib/python3.6/site-packages/airflow/example_dags/tutorial.py took 0.121 seconds
[2021-10-29 07:11:36,211] {processor.py:163} INFO - Started process (PID=792) to work on /home/airflow/.local/lib/python3.6/site-packages/airflow/example_dags/tutorial.py
[2021-10-29 07:11:36,214] {processor.py:620} INFO - Processing file /home/airflow/.local/lib/python3.6/site-packages/airflow/example_dags/tutorial.py for tasks to queue
[2021-10-29 07:11:36,217] {logging_mixin.py:109} INFO - [2021-10-29 07:11:36,216] {dagbag.py:500} INFO - Filling up the DagBag from /home/airflow/.local/lib/python3.6/site-packages/airflow/example_dags/tutorial.py
[2021-10-29 07:11:36,271] {processor.py:632} INFO - DAG(s) dict_keys(['tutorial']) retrieved from /home/airflow/.local/lib/python3.6/site-packages/airflow/example_dags/tutorial.py
[2021-10-29 07:11:36,287] {logging_mixin.py:109} INFO - [2021-10-29 07:11:36,287] {dag.py:2389} INFO - Sync 1 DAGs
[2021-10-29 07:11:36,304] {logging_mixin.py:109} INFO - [2021-10-29 07:11:36,304] {dag.py:2914} INFO - Setting next_dagrun for tutorial to 2021-10-28T07:11:36.304192+00:00
[2021-10-29 07:11:36,323] {processor.py:171} INFO - Processing /home/airflow/.local/lib/python3.6/site-packages/airflow/example_dags/tutorial.py took 0.118 seconds
[2021-10-29 07:12:07,103] {processor.py:163} INFO - Started process (PID=856) to work on /home/airflow/.local/lib/python3.6/site-packages/airflow/example_dags/tutorial.py
[2021-10-29 07:12:07,107] {processor.py:620} INFO - Processing file /home/airflow/.local/lib/python3.6/site-packages/airflow/example_dags/tutorial.py for tasks to queue
[2021-10-29 07:12:07,109] {logging_mixin.py:109} INFO - [2021-10-29 07:12:07,109] {dagbag.py:500} INFO - Filling up the DagBag from /home/airflow/.local/lib/python3.6/site-packages/airflow/example_dags/tutorial.py
[2021-10-29 07:12:07,150] {processor.py:632} INFO - DAG(s) dict_keys(['tutorial']) retrieved from /home/airflow/.local/lib/python3.6/site-packages/airflow/example_dags/tutorial.py
[2021-10-29 07:12:07,166] {logging_mixin.py:109} INFO - [2021-10-29 07:12:07,166] {dag.py:2389} INFO - Sync 1 DAGs
[2021-10-29 07:12:07,180] {logging_mixin.py:109} INFO - [2021-10-29 07:12:07,179] {dag.py:2914} INFO - Setting next_dagrun for tutorial to 2021-10-28T07:12:07.179598+00:00
[2021-10-29 07:12:07,193] {processor.py:171} INFO - Processing /home/airflow/.local/lib/python3.6/site-packages/airflow/example_dags/tutorial.py took 0.094 seconds
[2021-10-29 07:12:37,282] {processor.py:163} INFO - Started process (PID=912) to work on /home/airflow/.local/lib/python3.6/site-packages/airflow/example_dags/tutorial.py
[2021-10-29 07:12:37,284] {processor.py:620} INFO - Processing file /home/airflow/.local/lib/python3.6/site-packages/airflow/example_dags/tutorial.py for tasks to queue
[2021-10-29 07:12:37,287] {logging_mixin.py:109} INFO - [2021-10-29 07:12:37,287] {dagbag.py:500} INFO - Filling up the DagBag from /home/airflow/.local/lib/python3.6/site-packages/airflow/example_dags/tutorial.py
[2021-10-29 07:12:37,339] {processor.py:632} INFO - DAG(s) dict_keys(['tutorial']) retrieved from /home/airflow/.local/lib/python3.6/site-packages/airflow/example_dags/tutorial.py
[2021-10-29 07:12:37,354] {logging_mixin.py:109} INFO - [2021-10-29 07:12:37,353] {dag.py:2389} INFO - Sync 1 DAGs
[2021-10-29 07:12:37,368] {logging_mixin.py:109} INFO - [2021-10-29 07:12:37,368] {dag.py:2914} INFO - Setting next_dagrun for tutorial to 2021-10-28T07:12:37.368390+00:00
[2021-10-29 07:12:37,382] {processor.py:171} INFO - Processing /home/airflow/.local/lib/python3.6/site-packages/airflow/example_dags/tutorial.py took 0.107 seconds
[2021-10-29 07:13:08,299] {processor.py:163} INFO - Started process (PID=967) to work on /home/airflow/.local/lib/python3.6/site-packages/airflow/example_dags/tutorial.py
[2021-10-29 07:13:08,302] {processor.py:620} INFO - Processing file /home/airflow/.local/lib/python3.6/site-packages/airflow/example_dags/tutorial.py for tasks to queue
[2021-10-29 07:13:08,304] {logging_mixin.py:109} INFO - [2021-10-29 07:13:08,304] {dagbag.py:500} INFO - Filling up the DagBag from /home/airflow/.local/lib/python3.6/site-packages/airflow/example_dags/tutorial.py
[2021-10-29 07:13:08,346] {processor.py:632} INFO - DAG(s) dict_keys(['tutorial']) retrieved from /home/airflow/.local/lib/python3.6/site-packages/airflow/example_dags/tutorial.py
[2021-10-29 07:13:08,361] {logging_mixin.py:109} INFO - [2021-10-29 07:13:08,360] {dag.py:2389} INFO - Sync 1 DAGs
[2021-10-29 07:13:08,376] {logging_mixin.py:109} INFO - [2021-10-29 07:13:08,376] {dag.py:2914} INFO - Setting next_dagrun for tutorial to 2021-10-28T07:13:08.375714+00:00
[2021-10-29 07:13:08,389] {processor.py:171} INFO - Processing /home/airflow/.local/lib/python3.6/site-packages/airflow/example_dags/tutorial.py took 0.095 seconds
[2021-10-29 07:13:39,160] {processor.py:163} INFO - Started process (PID=1033) to work on /home/airflow/.local/lib/python3.6/site-packages/airflow/example_dags/tutorial.py
[2021-10-29 07:13:39,164] {processor.py:620} INFO - Processing file /home/airflow/.local/lib/python3.6/site-packages/airflow/example_dags/tutorial.py for tasks to queue
[2021-10-29 07:13:39,166] {logging_mixin.py:109} INFO - [2021-10-29 07:13:39,165] {dagbag.py:500} INFO - Filling up the DagBag from /home/airflow/.local/lib/python3.6/site-packages/airflow/example_dags/tutorial.py
[2021-10-29 07:13:39,202] {processor.py:632} INFO - DAG(s) dict_keys(['tutorial']) retrieved from /home/airflow/.local/lib/python3.6/site-packages/airflow/example_dags/tutorial.py
[2021-10-29 07:13:39,213] {logging_mixin.py:109} INFO - [2021-10-29 07:13:39,213] {dag.py:2389} INFO - Sync 1 DAGs
[2021-10-29 07:13:39,227] {logging_mixin.py:109} INFO - [2021-10-29 07:13:39,227] {dag.py:2914} INFO - Setting next_dagrun for tutorial to 2021-10-28T07:13:39.227088+00:00
[2021-10-29 07:13:39,240] {processor.py:171} INFO - Processing /home/airflow/.local/lib/python3.6/site-packages/airflow/example_dags/tutorial.py took 0.085 seconds
[2021-10-29 07:14:09,856] {processor.py:163} INFO - Started process (PID=1089) to work on /home/airflow/.local/lib/python3.6/site-packages/airflow/example_dags/tutorial.py
[2021-10-29 07:14:09,858] {processor.py:620} INFO - Processing file /home/airflow/.local/lib/python3.6/site-packages/airflow/example_dags/tutorial.py for tasks to queue
[2021-10-29 07:14:09,860] {logging_mixin.py:109} INFO - [2021-10-29 07:14:09,860] {dagbag.py:500} INFO - Filling up the DagBag from /home/airflow/.local/lib/python3.6/site-packages/airflow/example_dags/tutorial.py
[2021-10-29 07:14:09,903] {processor.py:632} INFO - DAG(s) dict_keys(['tutorial']) retrieved from /home/airflow/.local/lib/python3.6/site-packages/airflow/example_dags/tutorial.py
[2021-10-29 07:14:09,917] {logging_mixin.py:109} INFO - [2021-10-29 07:14:09,917] {dag.py:2389} INFO - Sync 1 DAGs
[2021-10-29 07:14:09,931] {logging_mixin.py:109} INFO - [2021-10-29 07:14:09,931] {dag.py:2914} INFO - Setting next_dagrun for tutorial to 2021-10-28T07:14:09.930885+00:00
[2021-10-29 07:14:09,945] {processor.py:171} INFO - Processing /home/airflow/.local/lib/python3.6/site-packages/airflow/example_dags/tutorial.py took 0.094 seconds
[2021-10-29 07:14:40,449] {processor.py:163} INFO - Started process (PID=1155) to work on /home/airflow/.local/lib/python3.6/site-packages/airflow/example_dags/tutorial.py
[2021-10-29 07:14:40,453] {processor.py:620} INFO - Processing file /home/airflow/.local/lib/python3.6/site-packages/airflow/example_dags/tutorial.py for tasks to queue
[2021-10-29 07:14:40,456] {logging_mixin.py:109} INFO - [2021-10-29 07:14:40,456] {dagbag.py:500} INFO - Filling up the DagBag from /home/airflow/.local/lib/python3.6/site-packages/airflow/example_dags/tutorial.py
[2021-10-29 07:14:40,513] {processor.py:632} INFO - DAG(s) dict_keys(['tutorial']) retrieved from /home/airflow/.local/lib/python3.6/site-packages/airflow/example_dags/tutorial.py
[2021-10-29 07:14:40,536] {logging_mixin.py:109} INFO - [2021-10-29 07:14:40,536] {dag.py:2389} INFO - Sync 1 DAGs
[2021-10-29 07:14:40,552] {logging_mixin.py:109} INFO - [2021-10-29 07:14:40,552] {dag.py:2914} INFO - Setting next_dagrun for tutorial to 2021-10-28T07:14:40.551743+00:00
[2021-10-29 07:14:40,583] {processor.py:171} INFO - Processing /home/airflow/.local/lib/python3.6/site-packages/airflow/example_dags/tutorial.py took 0.140 seconds
[2021-10-29 07:15:11,167] {processor.py:163} INFO - Started process (PID=1210) to work on /home/airflow/.local/lib/python3.6/site-packages/airflow/example_dags/tutorial.py
[2021-10-29 07:15:11,170] {processor.py:620} INFO - Processing file /home/airflow/.local/lib/python3.6/site-packages/airflow/example_dags/tutorial.py for tasks to queue
[2021-10-29 07:15:11,176] {logging_mixin.py:109} INFO - [2021-10-29 07:15:11,176] {dagbag.py:500} INFO - Filling up the DagBag from /home/airflow/.local/lib/python3.6/site-packages/airflow/example_dags/tutorial.py
[2021-10-29 07:15:11,224] {processor.py:632} INFO - DAG(s) dict_keys(['tutorial']) retrieved from /home/airflow/.local/lib/python3.6/site-packages/airflow/example_dags/tutorial.py
[2021-10-29 07:15:11,245] {logging_mixin.py:109} INFO - [2021-10-29 07:15:11,242] {dag.py:2389} INFO - Sync 1 DAGs
[2021-10-29 07:15:11,271] {logging_mixin.py:109} INFO - [2021-10-29 07:15:11,271] {dag.py:2914} INFO - Setting next_dagrun for tutorial to 2021-10-28T07:15:11.270646+00:00
[2021-10-29 07:15:11,286] {processor.py:171} INFO - Processing /home/airflow/.local/lib/python3.6/site-packages/airflow/example_dags/tutorial.py took 0.123 seconds
