[2021-10-29 07:07:46,908] {processor.py:163} INFO - Started process (PID=326) to work on /home/airflow/.local/lib/python3.6/site-packages/airflow/example_dags/tutorial_etl_dag.py
[2021-10-29 07:07:46,911] {processor.py:620} INFO - Processing file /home/airflow/.local/lib/python3.6/site-packages/airflow/example_dags/tutorial_etl_dag.py for tasks to queue
[2021-10-29 07:07:46,913] {logging_mixin.py:109} INFO - [2021-10-29 07:07:46,913] {dagbag.py:500} INFO - Filling up the DagBag from /home/airflow/.local/lib/python3.6/site-packages/airflow/example_dags/tutorial_etl_dag.py
[2021-10-29 07:07:46,954] {processor.py:632} INFO - DAG(s) dict_keys(['tutorial_etl_dag']) retrieved from /home/airflow/.local/lib/python3.6/site-packages/airflow/example_dags/tutorial_etl_dag.py
[2021-10-29 07:07:48,521] {logging_mixin.py:109} INFO - [2021-10-29 07:07:48,521] {providers_manager.py:156} WARNING - Exception when importing 'airflow.providers.google.leveldb.hooks.leveldb.LevelDBHook' from 'apache-airflow-providers-google' package: No module named 'plyvel'
[2021-10-29 07:07:48,925] {logging_mixin.py:109} INFO - [2021-10-29 07:07:48,925] {providers_manager.py:156} WARNING - Exception when importing 'airflow.providers.google.leveldb.hooks.leveldb.LevelDBHook' from 'apache-airflow-providers-google' package: No module named 'plyvel'
[2021-10-29 07:07:48,962] {logging_mixin.py:109} INFO - [2021-10-29 07:07:48,962] {manager.py:496} INFO - Created Permission View: can read on DAG:tutorial_etl_dag
[2021-10-29 07:07:48,983] {logging_mixin.py:109} INFO - [2021-10-29 07:07:48,983] {manager.py:496} INFO - Created Permission View: can edit on DAG:tutorial_etl_dag
[2021-10-29 07:07:48,986] {logging_mixin.py:109} INFO - [2021-10-29 07:07:48,984] {dag.py:2389} INFO - Sync 1 DAGs
[2021-10-29 07:07:49,107] {logging_mixin.py:109} INFO - [2021-10-29 07:07:49,106] {dag.py:2408} INFO - Creating ORM DAG for tutorial_etl_dag
[2021-10-29 07:07:49,115] {logging_mixin.py:109} INFO - [2021-10-29 07:07:49,115] {dag.py:2914} INFO - Setting next_dagrun for tutorial_etl_dag to None
[2021-10-29 07:07:49,137] {processor.py:171} INFO - Processing /home/airflow/.local/lib/python3.6/site-packages/airflow/example_dags/tutorial_etl_dag.py took 2.233 seconds
[2021-10-29 07:08:19,904] {processor.py:163} INFO - Started process (PID=399) to work on /home/airflow/.local/lib/python3.6/site-packages/airflow/example_dags/tutorial_etl_dag.py
[2021-10-29 07:08:19,907] {processor.py:620} INFO - Processing file /home/airflow/.local/lib/python3.6/site-packages/airflow/example_dags/tutorial_etl_dag.py for tasks to queue
[2021-10-29 07:08:19,910] {logging_mixin.py:109} INFO - [2021-10-29 07:08:19,910] {dagbag.py:500} INFO - Filling up the DagBag from /home/airflow/.local/lib/python3.6/site-packages/airflow/example_dags/tutorial_etl_dag.py
[2021-10-29 07:08:19,955] {processor.py:632} INFO - DAG(s) dict_keys(['tutorial_etl_dag']) retrieved from /home/airflow/.local/lib/python3.6/site-packages/airflow/example_dags/tutorial_etl_dag.py
[2021-10-29 07:08:19,974] {logging_mixin.py:109} INFO - [2021-10-29 07:08:19,973] {dag.py:2389} INFO - Sync 1 DAGs
[2021-10-29 07:08:19,987] {logging_mixin.py:109} INFO - [2021-10-29 07:08:19,987] {dag.py:2914} INFO - Setting next_dagrun for tutorial_etl_dag to None
[2021-10-29 07:08:20,006] {processor.py:171} INFO - Processing /home/airflow/.local/lib/python3.6/site-packages/airflow/example_dags/tutorial_etl_dag.py took 0.108 seconds
[2021-10-29 07:08:50,418] {processor.py:163} INFO - Started process (PID=465) to work on /home/airflow/.local/lib/python3.6/site-packages/airflow/example_dags/tutorial_etl_dag.py
[2021-10-29 07:08:50,422] {processor.py:620} INFO - Processing file /home/airflow/.local/lib/python3.6/site-packages/airflow/example_dags/tutorial_etl_dag.py for tasks to queue
[2021-10-29 07:08:50,424] {logging_mixin.py:109} INFO - [2021-10-29 07:08:50,424] {dagbag.py:500} INFO - Filling up the DagBag from /home/airflow/.local/lib/python3.6/site-packages/airflow/example_dags/tutorial_etl_dag.py
[2021-10-29 07:08:50,460] {processor.py:632} INFO - DAG(s) dict_keys(['tutorial_etl_dag']) retrieved from /home/airflow/.local/lib/python3.6/site-packages/airflow/example_dags/tutorial_etl_dag.py
[2021-10-29 07:08:50,475] {logging_mixin.py:109} INFO - [2021-10-29 07:08:50,475] {dag.py:2389} INFO - Sync 1 DAGs
[2021-10-29 07:08:50,487] {logging_mixin.py:109} INFO - [2021-10-29 07:08:50,486] {dag.py:2914} INFO - Setting next_dagrun for tutorial_etl_dag to None
[2021-10-29 07:08:50,498] {processor.py:171} INFO - Processing /home/airflow/.local/lib/python3.6/site-packages/airflow/example_dags/tutorial_etl_dag.py took 0.086 seconds
[2021-10-29 07:09:20,758] {processor.py:163} INFO - Started process (PID=520) to work on /home/airflow/.local/lib/python3.6/site-packages/airflow/example_dags/tutorial_etl_dag.py
[2021-10-29 07:09:20,760] {processor.py:620} INFO - Processing file /home/airflow/.local/lib/python3.6/site-packages/airflow/example_dags/tutorial_etl_dag.py for tasks to queue
[2021-10-29 07:09:20,762] {logging_mixin.py:109} INFO - [2021-10-29 07:09:20,762] {dagbag.py:500} INFO - Filling up the DagBag from /home/airflow/.local/lib/python3.6/site-packages/airflow/example_dags/tutorial_etl_dag.py
[2021-10-29 07:09:20,800] {processor.py:632} INFO - DAG(s) dict_keys(['tutorial_etl_dag']) retrieved from /home/airflow/.local/lib/python3.6/site-packages/airflow/example_dags/tutorial_etl_dag.py
[2021-10-29 07:09:20,814] {logging_mixin.py:109} INFO - [2021-10-29 07:09:20,814] {dag.py:2389} INFO - Sync 1 DAGs
[2021-10-29 07:09:20,828] {logging_mixin.py:109} INFO - [2021-10-29 07:09:20,828] {dag.py:2914} INFO - Setting next_dagrun for tutorial_etl_dag to None
[2021-10-29 07:09:20,841] {processor.py:171} INFO - Processing /home/airflow/.local/lib/python3.6/site-packages/airflow/example_dags/tutorial_etl_dag.py took 0.086 seconds
[2021-10-29 07:09:51,093] {processor.py:163} INFO - Started process (PID=587) to work on /home/airflow/.local/lib/python3.6/site-packages/airflow/example_dags/tutorial_etl_dag.py
[2021-10-29 07:09:51,098] {processor.py:620} INFO - Processing file /home/airflow/.local/lib/python3.6/site-packages/airflow/example_dags/tutorial_etl_dag.py for tasks to queue
[2021-10-29 07:09:51,101] {logging_mixin.py:109} INFO - [2021-10-29 07:09:51,101] {dagbag.py:500} INFO - Filling up the DagBag from /home/airflow/.local/lib/python3.6/site-packages/airflow/example_dags/tutorial_etl_dag.py
[2021-10-29 07:09:51,174] {processor.py:632} INFO - DAG(s) dict_keys(['tutorial_etl_dag']) retrieved from /home/airflow/.local/lib/python3.6/site-packages/airflow/example_dags/tutorial_etl_dag.py
[2021-10-29 07:09:51,197] {logging_mixin.py:109} INFO - [2021-10-29 07:09:51,196] {dag.py:2389} INFO - Sync 1 DAGs
[2021-10-29 07:09:51,216] {logging_mixin.py:109} INFO - [2021-10-29 07:09:51,216] {dag.py:2914} INFO - Setting next_dagrun for tutorial_etl_dag to None
[2021-10-29 07:09:51,230] {processor.py:171} INFO - Processing /home/airflow/.local/lib/python3.6/site-packages/airflow/example_dags/tutorial_etl_dag.py took 0.144 seconds
[2021-10-29 07:10:21,404] {processor.py:163} INFO - Started process (PID=642) to work on /home/airflow/.local/lib/python3.6/site-packages/airflow/example_dags/tutorial_etl_dag.py
[2021-10-29 07:10:21,408] {processor.py:620} INFO - Processing file /home/airflow/.local/lib/python3.6/site-packages/airflow/example_dags/tutorial_etl_dag.py for tasks to queue
[2021-10-29 07:10:21,410] {logging_mixin.py:109} INFO - [2021-10-29 07:10:21,409] {dagbag.py:500} INFO - Filling up the DagBag from /home/airflow/.local/lib/python3.6/site-packages/airflow/example_dags/tutorial_etl_dag.py
[2021-10-29 07:10:21,443] {processor.py:632} INFO - DAG(s) dict_keys(['tutorial_etl_dag']) retrieved from /home/airflow/.local/lib/python3.6/site-packages/airflow/example_dags/tutorial_etl_dag.py
[2021-10-29 07:10:21,458] {logging_mixin.py:109} INFO - [2021-10-29 07:10:21,458] {dag.py:2389} INFO - Sync 1 DAGs
[2021-10-29 07:10:21,472] {logging_mixin.py:109} INFO - [2021-10-29 07:10:21,472] {dag.py:2914} INFO - Setting next_dagrun for tutorial_etl_dag to None
[2021-10-29 07:10:21,486] {processor.py:171} INFO - Processing /home/airflow/.local/lib/python3.6/site-packages/airflow/example_dags/tutorial_etl_dag.py took 0.088 seconds
[2021-10-29 07:10:51,566] {processor.py:163} INFO - Started process (PID=697) to work on /home/airflow/.local/lib/python3.6/site-packages/airflow/example_dags/tutorial_etl_dag.py
[2021-10-29 07:10:51,570] {processor.py:620} INFO - Processing file /home/airflow/.local/lib/python3.6/site-packages/airflow/example_dags/tutorial_etl_dag.py for tasks to queue
[2021-10-29 07:10:51,572] {logging_mixin.py:109} INFO - [2021-10-29 07:10:51,572] {dagbag.py:500} INFO - Filling up the DagBag from /home/airflow/.local/lib/python3.6/site-packages/airflow/example_dags/tutorial_etl_dag.py
[2021-10-29 07:10:51,608] {processor.py:632} INFO - DAG(s) dict_keys(['tutorial_etl_dag']) retrieved from /home/airflow/.local/lib/python3.6/site-packages/airflow/example_dags/tutorial_etl_dag.py
[2021-10-29 07:10:51,621] {logging_mixin.py:109} INFO - [2021-10-29 07:10:51,621] {dag.py:2389} INFO - Sync 1 DAGs
[2021-10-29 07:10:51,634] {logging_mixin.py:109} INFO - [2021-10-29 07:10:51,634] {dag.py:2914} INFO - Setting next_dagrun for tutorial_etl_dag to None
[2021-10-29 07:10:51,646] {processor.py:171} INFO - Processing /home/airflow/.local/lib/python3.6/site-packages/airflow/example_dags/tutorial_etl_dag.py took 0.088 seconds
[2021-10-29 07:11:22,255] {processor.py:163} INFO - Started process (PID=763) to work on /home/airflow/.local/lib/python3.6/site-packages/airflow/example_dags/tutorial_etl_dag.py
[2021-10-29 07:11:22,259] {processor.py:620} INFO - Processing file /home/airflow/.local/lib/python3.6/site-packages/airflow/example_dags/tutorial_etl_dag.py for tasks to queue
[2021-10-29 07:11:22,261] {logging_mixin.py:109} INFO - [2021-10-29 07:11:22,261] {dagbag.py:500} INFO - Filling up the DagBag from /home/airflow/.local/lib/python3.6/site-packages/airflow/example_dags/tutorial_etl_dag.py
[2021-10-29 07:11:22,305] {processor.py:632} INFO - DAG(s) dict_keys(['tutorial_etl_dag']) retrieved from /home/airflow/.local/lib/python3.6/site-packages/airflow/example_dags/tutorial_etl_dag.py
[2021-10-29 07:11:22,320] {logging_mixin.py:109} INFO - [2021-10-29 07:11:22,320] {dag.py:2389} INFO - Sync 1 DAGs
[2021-10-29 07:11:22,335] {logging_mixin.py:109} INFO - [2021-10-29 07:11:22,335] {dag.py:2914} INFO - Setting next_dagrun for tutorial_etl_dag to None
[2021-10-29 07:11:22,352] {processor.py:171} INFO - Processing /home/airflow/.local/lib/python3.6/site-packages/airflow/example_dags/tutorial_etl_dag.py took 0.101 seconds
[2021-10-29 07:11:52,486] {processor.py:163} INFO - Started process (PID=818) to work on /home/airflow/.local/lib/python3.6/site-packages/airflow/example_dags/tutorial_etl_dag.py
[2021-10-29 07:11:52,490] {processor.py:620} INFO - Processing file /home/airflow/.local/lib/python3.6/site-packages/airflow/example_dags/tutorial_etl_dag.py for tasks to queue
[2021-10-29 07:11:52,492] {logging_mixin.py:109} INFO - [2021-10-29 07:11:52,492] {dagbag.py:500} INFO - Filling up the DagBag from /home/airflow/.local/lib/python3.6/site-packages/airflow/example_dags/tutorial_etl_dag.py
[2021-10-29 07:11:52,527] {processor.py:632} INFO - DAG(s) dict_keys(['tutorial_etl_dag']) retrieved from /home/airflow/.local/lib/python3.6/site-packages/airflow/example_dags/tutorial_etl_dag.py
[2021-10-29 07:11:52,541] {logging_mixin.py:109} INFO - [2021-10-29 07:11:52,540] {dag.py:2389} INFO - Sync 1 DAGs
[2021-10-29 07:11:52,553] {logging_mixin.py:109} INFO - [2021-10-29 07:11:52,553] {dag.py:2914} INFO - Setting next_dagrun for tutorial_etl_dag to None
[2021-10-29 07:11:52,565] {processor.py:171} INFO - Processing /home/airflow/.local/lib/python3.6/site-packages/airflow/example_dags/tutorial_etl_dag.py took 0.086 seconds
[2021-10-29 07:12:22,681] {processor.py:163} INFO - Started process (PID=882) to work on /home/airflow/.local/lib/python3.6/site-packages/airflow/example_dags/tutorial_etl_dag.py
[2021-10-29 07:12:22,685] {processor.py:620} INFO - Processing file /home/airflow/.local/lib/python3.6/site-packages/airflow/example_dags/tutorial_etl_dag.py for tasks to queue
[2021-10-29 07:12:22,688] {logging_mixin.py:109} INFO - [2021-10-29 07:12:22,688] {dagbag.py:500} INFO - Filling up the DagBag from /home/airflow/.local/lib/python3.6/site-packages/airflow/example_dags/tutorial_etl_dag.py
[2021-10-29 07:12:22,723] {processor.py:632} INFO - DAG(s) dict_keys(['tutorial_etl_dag']) retrieved from /home/airflow/.local/lib/python3.6/site-packages/airflow/example_dags/tutorial_etl_dag.py
[2021-10-29 07:12:22,736] {logging_mixin.py:109} INFO - [2021-10-29 07:12:22,736] {dag.py:2389} INFO - Sync 1 DAGs
[2021-10-29 07:12:22,750] {logging_mixin.py:109} INFO - [2021-10-29 07:12:22,750] {dag.py:2914} INFO - Setting next_dagrun for tutorial_etl_dag to None
[2021-10-29 07:12:22,764] {processor.py:171} INFO - Processing /home/airflow/.local/lib/python3.6/site-packages/airflow/example_dags/tutorial_etl_dag.py took 0.088 seconds
[2021-10-29 07:12:52,799] {processor.py:163} INFO - Started process (PID=937) to work on /home/airflow/.local/lib/python3.6/site-packages/airflow/example_dags/tutorial_etl_dag.py
[2021-10-29 07:12:52,802] {processor.py:620} INFO - Processing file /home/airflow/.local/lib/python3.6/site-packages/airflow/example_dags/tutorial_etl_dag.py for tasks to queue
[2021-10-29 07:12:52,804] {logging_mixin.py:109} INFO - [2021-10-29 07:12:52,804] {dagbag.py:500} INFO - Filling up the DagBag from /home/airflow/.local/lib/python3.6/site-packages/airflow/example_dags/tutorial_etl_dag.py
[2021-10-29 07:12:52,842] {processor.py:632} INFO - DAG(s) dict_keys(['tutorial_etl_dag']) retrieved from /home/airflow/.local/lib/python3.6/site-packages/airflow/example_dags/tutorial_etl_dag.py
[2021-10-29 07:12:52,857] {logging_mixin.py:109} INFO - [2021-10-29 07:12:52,856] {dag.py:2389} INFO - Sync 1 DAGs
[2021-10-29 07:12:52,870] {logging_mixin.py:109} INFO - [2021-10-29 07:12:52,870] {dag.py:2914} INFO - Setting next_dagrun for tutorial_etl_dag to None
[2021-10-29 07:12:52,882] {processor.py:171} INFO - Processing /home/airflow/.local/lib/python3.6/site-packages/airflow/example_dags/tutorial_etl_dag.py took 0.087 seconds
[2021-10-29 07:13:23,659] {processor.py:163} INFO - Started process (PID=1004) to work on /home/airflow/.local/lib/python3.6/site-packages/airflow/example_dags/tutorial_etl_dag.py
[2021-10-29 07:13:23,664] {processor.py:620} INFO - Processing file /home/airflow/.local/lib/python3.6/site-packages/airflow/example_dags/tutorial_etl_dag.py for tasks to queue
[2021-10-29 07:13:23,667] {logging_mixin.py:109} INFO - [2021-10-29 07:13:23,667] {dagbag.py:500} INFO - Filling up the DagBag from /home/airflow/.local/lib/python3.6/site-packages/airflow/example_dags/tutorial_etl_dag.py
[2021-10-29 07:13:23,716] {processor.py:632} INFO - DAG(s) dict_keys(['tutorial_etl_dag']) retrieved from /home/airflow/.local/lib/python3.6/site-packages/airflow/example_dags/tutorial_etl_dag.py
[2021-10-29 07:13:23,737] {logging_mixin.py:109} INFO - [2021-10-29 07:13:23,737] {dag.py:2389} INFO - Sync 1 DAGs
[2021-10-29 07:13:23,758] {logging_mixin.py:109} INFO - [2021-10-29 07:13:23,757] {dag.py:2914} INFO - Setting next_dagrun for tutorial_etl_dag to None
[2021-10-29 07:13:23,777] {processor.py:171} INFO - Processing /home/airflow/.local/lib/python3.6/site-packages/airflow/example_dags/tutorial_etl_dag.py took 0.124 seconds
[2021-10-29 07:13:54,474] {processor.py:163} INFO - Started process (PID=1059) to work on /home/airflow/.local/lib/python3.6/site-packages/airflow/example_dags/tutorial_etl_dag.py
[2021-10-29 07:13:54,477] {processor.py:620} INFO - Processing file /home/airflow/.local/lib/python3.6/site-packages/airflow/example_dags/tutorial_etl_dag.py for tasks to queue
[2021-10-29 07:13:54,478] {logging_mixin.py:109} INFO - [2021-10-29 07:13:54,478] {dagbag.py:500} INFO - Filling up the DagBag from /home/airflow/.local/lib/python3.6/site-packages/airflow/example_dags/tutorial_etl_dag.py
[2021-10-29 07:13:54,514] {processor.py:632} INFO - DAG(s) dict_keys(['tutorial_etl_dag']) retrieved from /home/airflow/.local/lib/python3.6/site-packages/airflow/example_dags/tutorial_etl_dag.py
[2021-10-29 07:13:54,526] {logging_mixin.py:109} INFO - [2021-10-29 07:13:54,526] {dag.py:2389} INFO - Sync 1 DAGs
[2021-10-29 07:13:54,540] {logging_mixin.py:109} INFO - [2021-10-29 07:13:54,540] {dag.py:2914} INFO - Setting next_dagrun for tutorial_etl_dag to None
[2021-10-29 07:13:54,551] {processor.py:171} INFO - Processing /home/airflow/.local/lib/python3.6/site-packages/airflow/example_dags/tutorial_etl_dag.py took 0.083 seconds
[2021-10-29 07:14:25,164] {processor.py:163} INFO - Started process (PID=1126) to work on /home/airflow/.local/lib/python3.6/site-packages/airflow/example_dags/tutorial_etl_dag.py
[2021-10-29 07:14:25,166] {processor.py:620} INFO - Processing file /home/airflow/.local/lib/python3.6/site-packages/airflow/example_dags/tutorial_etl_dag.py for tasks to queue
[2021-10-29 07:14:25,168] {logging_mixin.py:109} INFO - [2021-10-29 07:14:25,168] {dagbag.py:500} INFO - Filling up the DagBag from /home/airflow/.local/lib/python3.6/site-packages/airflow/example_dags/tutorial_etl_dag.py
[2021-10-29 07:14:25,208] {processor.py:632} INFO - DAG(s) dict_keys(['tutorial_etl_dag']) retrieved from /home/airflow/.local/lib/python3.6/site-packages/airflow/example_dags/tutorial_etl_dag.py
[2021-10-29 07:14:25,221] {logging_mixin.py:109} INFO - [2021-10-29 07:14:25,221] {dag.py:2389} INFO - Sync 1 DAGs
[2021-10-29 07:14:25,235] {logging_mixin.py:109} INFO - [2021-10-29 07:14:25,234] {dag.py:2914} INFO - Setting next_dagrun for tutorial_etl_dag to None
[2021-10-29 07:14:25,249] {processor.py:171} INFO - Processing /home/airflow/.local/lib/python3.6/site-packages/airflow/example_dags/tutorial_etl_dag.py took 0.090 seconds
[2021-10-29 07:14:55,777] {processor.py:163} INFO - Started process (PID=1182) to work on /home/airflow/.local/lib/python3.6/site-packages/airflow/example_dags/tutorial_etl_dag.py
[2021-10-29 07:14:55,780] {processor.py:620} INFO - Processing file /home/airflow/.local/lib/python3.6/site-packages/airflow/example_dags/tutorial_etl_dag.py for tasks to queue
[2021-10-29 07:14:55,782] {logging_mixin.py:109} INFO - [2021-10-29 07:14:55,781] {dagbag.py:500} INFO - Filling up the DagBag from /home/airflow/.local/lib/python3.6/site-packages/airflow/example_dags/tutorial_etl_dag.py
[2021-10-29 07:14:55,816] {processor.py:632} INFO - DAG(s) dict_keys(['tutorial_etl_dag']) retrieved from /home/airflow/.local/lib/python3.6/site-packages/airflow/example_dags/tutorial_etl_dag.py
[2021-10-29 07:14:55,838] {logging_mixin.py:109} INFO - [2021-10-29 07:14:55,838] {dag.py:2389} INFO - Sync 1 DAGs
[2021-10-29 07:14:55,851] {logging_mixin.py:109} INFO - [2021-10-29 07:14:55,851] {dag.py:2914} INFO - Setting next_dagrun for tutorial_etl_dag to None
[2021-10-29 07:14:55,865] {processor.py:171} INFO - Processing /home/airflow/.local/lib/python3.6/site-packages/airflow/example_dags/tutorial_etl_dag.py took 0.094 seconds
