[2021-10-29 07:06:33,705] {processor.py:163} INFO - Started process (PID=93) to work on /home/airflow/.local/lib/python3.6/site-packages/airflow/example_dags/tutorial_taskflow_api_etl.py
[2021-10-29 07:06:33,718] {processor.py:620} INFO - Processing file /home/airflow/.local/lib/python3.6/site-packages/airflow/example_dags/tutorial_taskflow_api_etl.py for tasks to queue
[2021-10-29 07:06:33,728] {logging_mixin.py:109} INFO - [2021-10-29 07:06:33,728] {dagbag.py:500} INFO - Filling up the DagBag from /home/airflow/.local/lib/python3.6/site-packages/airflow/example_dags/tutorial_taskflow_api_etl.py
[2021-10-29 07:06:34,086] {processor.py:632} INFO - DAG(s) dict_keys(['tutorial_taskflow_api_etl']) retrieved from /home/airflow/.local/lib/python3.6/site-packages/airflow/example_dags/tutorial_taskflow_api_etl.py
[2021-10-29 07:06:41,698] {logging_mixin.py:109} INFO - [2021-10-29 07:06:41,697] {providers_manager.py:156} WARNING - Exception when importing 'airflow.providers.google.leveldb.hooks.leveldb.LevelDBHook' from 'apache-airflow-providers-google' package: No module named 'plyvel'
[2021-10-29 07:06:43,560] {logging_mixin.py:109} INFO - [2021-10-29 07:06:43,559] {providers_manager.py:156} WARNING - Exception when importing 'airflow.providers.google.leveldb.hooks.leveldb.LevelDBHook' from 'apache-airflow-providers-google' package: No module named 'plyvel'
[2021-10-29 07:06:43,662] {logging_mixin.py:109} INFO - [2021-10-29 07:06:43,661] {manager.py:496} INFO - Created Permission View: can read on DAG:tutorial_taskflow_api_etl
[2021-10-29 07:06:43,684] {logging_mixin.py:109} INFO - [2021-10-29 07:06:43,683] {manager.py:496} INFO - Created Permission View: can edit on DAG:tutorial_taskflow_api_etl
[2021-10-29 07:06:43,710] {logging_mixin.py:109} INFO - [2021-10-29 07:06:43,708] {dag.py:2389} INFO - Sync 1 DAGs
[2021-10-29 07:06:43,810] {logging_mixin.py:109} INFO - [2021-10-29 07:06:43,808] {dag.py:2408} INFO - Creating ORM DAG for tutorial_taskflow_api_etl
[2021-10-29 07:06:43,844] {logging_mixin.py:109} INFO - [2021-10-29 07:06:43,844] {dag.py:2914} INFO - Setting next_dagrun for tutorial_taskflow_api_etl to None
[2021-10-29 07:06:43,986] {processor.py:171} INFO - Processing /home/airflow/.local/lib/python3.6/site-packages/airflow/example_dags/tutorial_taskflow_api_etl.py took 10.322 seconds
[2021-10-29 07:07:22,700] {processor.py:163} INFO - Started process (PID=176) to work on /home/airflow/.local/lib/python3.6/site-packages/airflow/example_dags/tutorial_taskflow_api_etl.py
[2021-10-29 07:07:22,706] {processor.py:620} INFO - Processing file /home/airflow/.local/lib/python3.6/site-packages/airflow/example_dags/tutorial_taskflow_api_etl.py for tasks to queue
[2021-10-29 07:07:22,724] {logging_mixin.py:109} INFO - [2021-10-29 07:07:22,724] {dagbag.py:500} INFO - Filling up the DagBag from /home/airflow/.local/lib/python3.6/site-packages/airflow/example_dags/tutorial_taskflow_api_etl.py
[2021-10-29 07:07:22,810] {processor.py:632} INFO - DAG(s) dict_keys(['tutorial_taskflow_api_etl']) retrieved from /home/airflow/.local/lib/python3.6/site-packages/airflow/example_dags/tutorial_taskflow_api_etl.py
[2021-10-29 07:07:23,346] {logging_mixin.py:109} INFO - [2021-10-29 07:07:23,345] {dag.py:2389} INFO - Sync 1 DAGs
[2021-10-29 07:07:23,368] {logging_mixin.py:109} INFO - [2021-10-29 07:07:23,368] {dag.py:2914} INFO - Setting next_dagrun for tutorial_taskflow_api_etl to None
[2021-10-29 07:07:23,400] {processor.py:171} INFO - Processing /home/airflow/.local/lib/python3.6/site-packages/airflow/example_dags/tutorial_taskflow_api_etl.py took 0.705 seconds
[2021-10-29 07:07:53,696] {processor.py:163} INFO - Started process (PID=354) to work on /home/airflow/.local/lib/python3.6/site-packages/airflow/example_dags/tutorial_taskflow_api_etl.py
[2021-10-29 07:07:53,698] {processor.py:620} INFO - Processing file /home/airflow/.local/lib/python3.6/site-packages/airflow/example_dags/tutorial_taskflow_api_etl.py for tasks to queue
[2021-10-29 07:07:53,699] {logging_mixin.py:109} INFO - [2021-10-29 07:07:53,699] {dagbag.py:500} INFO - Filling up the DagBag from /home/airflow/.local/lib/python3.6/site-packages/airflow/example_dags/tutorial_taskflow_api_etl.py
[2021-10-29 07:07:53,752] {processor.py:632} INFO - DAG(s) dict_keys(['tutorial_taskflow_api_etl']) retrieved from /home/airflow/.local/lib/python3.6/site-packages/airflow/example_dags/tutorial_taskflow_api_etl.py
[2021-10-29 07:07:53,921] {logging_mixin.py:109} INFO - [2021-10-29 07:07:53,921] {dag.py:2389} INFO - Sync 1 DAGs
[2021-10-29 07:07:53,935] {logging_mixin.py:109} INFO - [2021-10-29 07:07:53,934] {dag.py:2914} INFO - Setting next_dagrun for tutorial_taskflow_api_etl to None
[2021-10-29 07:07:53,948] {processor.py:171} INFO - Processing /home/airflow/.local/lib/python3.6/site-packages/airflow/example_dags/tutorial_taskflow_api_etl.py took 0.292 seconds
[2021-10-29 07:08:24,634] {processor.py:163} INFO - Started process (PID=418) to work on /home/airflow/.local/lib/python3.6/site-packages/airflow/example_dags/tutorial_taskflow_api_etl.py
[2021-10-29 07:08:24,638] {processor.py:620} INFO - Processing file /home/airflow/.local/lib/python3.6/site-packages/airflow/example_dags/tutorial_taskflow_api_etl.py for tasks to queue
[2021-10-29 07:08:24,641] {logging_mixin.py:109} INFO - [2021-10-29 07:08:24,640] {dagbag.py:500} INFO - Filling up the DagBag from /home/airflow/.local/lib/python3.6/site-packages/airflow/example_dags/tutorial_taskflow_api_etl.py
[2021-10-29 07:08:24,690] {processor.py:632} INFO - DAG(s) dict_keys(['tutorial_taskflow_api_etl']) retrieved from /home/airflow/.local/lib/python3.6/site-packages/airflow/example_dags/tutorial_taskflow_api_etl.py
[2021-10-29 07:08:24,944] {logging_mixin.py:109} INFO - [2021-10-29 07:08:24,944] {dag.py:2389} INFO - Sync 1 DAGs
[2021-10-29 07:08:24,967] {logging_mixin.py:109} INFO - [2021-10-29 07:08:24,967] {dag.py:2914} INFO - Setting next_dagrun for tutorial_taskflow_api_etl to None
[2021-10-29 07:08:24,989] {processor.py:171} INFO - Processing /home/airflow/.local/lib/python3.6/site-packages/airflow/example_dags/tutorial_taskflow_api_etl.py took 0.367 seconds
[2021-10-29 07:08:55,858] {processor.py:163} INFO - Started process (PID=474) to work on /home/airflow/.local/lib/python3.6/site-packages/airflow/example_dags/tutorial_taskflow_api_etl.py
[2021-10-29 07:08:55,862] {processor.py:620} INFO - Processing file /home/airflow/.local/lib/python3.6/site-packages/airflow/example_dags/tutorial_taskflow_api_etl.py for tasks to queue
[2021-10-29 07:08:55,864] {logging_mixin.py:109} INFO - [2021-10-29 07:08:55,864] {dagbag.py:500} INFO - Filling up the DagBag from /home/airflow/.local/lib/python3.6/site-packages/airflow/example_dags/tutorial_taskflow_api_etl.py
[2021-10-29 07:08:55,914] {processor.py:632} INFO - DAG(s) dict_keys(['tutorial_taskflow_api_etl']) retrieved from /home/airflow/.local/lib/python3.6/site-packages/airflow/example_dags/tutorial_taskflow_api_etl.py
[2021-10-29 07:08:56,111] {logging_mixin.py:109} INFO - [2021-10-29 07:08:56,111] {dag.py:2389} INFO - Sync 1 DAGs
[2021-10-29 07:08:56,123] {logging_mixin.py:109} INFO - [2021-10-29 07:08:56,123] {dag.py:2914} INFO - Setting next_dagrun for tutorial_taskflow_api_etl to None
[2021-10-29 07:08:56,138] {processor.py:171} INFO - Processing /home/airflow/.local/lib/python3.6/site-packages/airflow/example_dags/tutorial_taskflow_api_etl.py took 0.285 seconds
[2021-10-29 07:09:26,221] {processor.py:163} INFO - Started process (PID=539) to work on /home/airflow/.local/lib/python3.6/site-packages/airflow/example_dags/tutorial_taskflow_api_etl.py
[2021-10-29 07:09:26,223] {processor.py:620} INFO - Processing file /home/airflow/.local/lib/python3.6/site-packages/airflow/example_dags/tutorial_taskflow_api_etl.py for tasks to queue
[2021-10-29 07:09:26,225] {logging_mixin.py:109} INFO - [2021-10-29 07:09:26,225] {dagbag.py:500} INFO - Filling up the DagBag from /home/airflow/.local/lib/python3.6/site-packages/airflow/example_dags/tutorial_taskflow_api_etl.py
[2021-10-29 07:09:26,264] {processor.py:632} INFO - DAG(s) dict_keys(['tutorial_taskflow_api_etl']) retrieved from /home/airflow/.local/lib/python3.6/site-packages/airflow/example_dags/tutorial_taskflow_api_etl.py
[2021-10-29 07:09:26,466] {logging_mixin.py:109} INFO - [2021-10-29 07:09:26,466] {dag.py:2389} INFO - Sync 1 DAGs
[2021-10-29 07:09:26,477] {logging_mixin.py:109} INFO - [2021-10-29 07:09:26,477] {dag.py:2914} INFO - Setting next_dagrun for tutorial_taskflow_api_etl to None
[2021-10-29 07:09:26,490] {processor.py:171} INFO - Processing /home/airflow/.local/lib/python3.6/site-packages/airflow/example_dags/tutorial_taskflow_api_etl.py took 0.276 seconds
[2021-10-29 07:09:56,560] {processor.py:163} INFO - Started process (PID=596) to work on /home/airflow/.local/lib/python3.6/site-packages/airflow/example_dags/tutorial_taskflow_api_etl.py
[2021-10-29 07:09:56,563] {processor.py:620} INFO - Processing file /home/airflow/.local/lib/python3.6/site-packages/airflow/example_dags/tutorial_taskflow_api_etl.py for tasks to queue
[2021-10-29 07:09:56,565] {logging_mixin.py:109} INFO - [2021-10-29 07:09:56,565] {dagbag.py:500} INFO - Filling up the DagBag from /home/airflow/.local/lib/python3.6/site-packages/airflow/example_dags/tutorial_taskflow_api_etl.py
[2021-10-29 07:09:56,610] {processor.py:632} INFO - DAG(s) dict_keys(['tutorial_taskflow_api_etl']) retrieved from /home/airflow/.local/lib/python3.6/site-packages/airflow/example_dags/tutorial_taskflow_api_etl.py
[2021-10-29 07:09:56,816] {logging_mixin.py:109} INFO - [2021-10-29 07:09:56,815] {dag.py:2389} INFO - Sync 1 DAGs
[2021-10-29 07:09:56,827] {logging_mixin.py:109} INFO - [2021-10-29 07:09:56,827] {dag.py:2914} INFO - Setting next_dagrun for tutorial_taskflow_api_etl to None
[2021-10-29 07:09:56,842] {processor.py:171} INFO - Processing /home/airflow/.local/lib/python3.6/site-packages/airflow/example_dags/tutorial_taskflow_api_etl.py took 0.285 seconds
[2021-10-29 07:10:26,982] {processor.py:163} INFO - Started process (PID=662) to work on /home/airflow/.local/lib/python3.6/site-packages/airflow/example_dags/tutorial_taskflow_api_etl.py
[2021-10-29 07:10:26,985] {processor.py:620} INFO - Processing file /home/airflow/.local/lib/python3.6/site-packages/airflow/example_dags/tutorial_taskflow_api_etl.py for tasks to queue
[2021-10-29 07:10:26,988] {logging_mixin.py:109} INFO - [2021-10-29 07:10:26,988] {dagbag.py:500} INFO - Filling up the DagBag from /home/airflow/.local/lib/python3.6/site-packages/airflow/example_dags/tutorial_taskflow_api_etl.py
[2021-10-29 07:10:27,042] {processor.py:632} INFO - DAG(s) dict_keys(['tutorial_taskflow_api_etl']) retrieved from /home/airflow/.local/lib/python3.6/site-packages/airflow/example_dags/tutorial_taskflow_api_etl.py
[2021-10-29 07:10:27,352] {logging_mixin.py:109} INFO - [2021-10-29 07:10:27,352] {dag.py:2389} INFO - Sync 1 DAGs
[2021-10-29 07:10:27,369] {logging_mixin.py:109} INFO - [2021-10-29 07:10:27,369] {dag.py:2914} INFO - Setting next_dagrun for tutorial_taskflow_api_etl to None
[2021-10-29 07:10:27,388] {processor.py:171} INFO - Processing /home/airflow/.local/lib/python3.6/site-packages/airflow/example_dags/tutorial_taskflow_api_etl.py took 0.412 seconds
[2021-10-29 07:10:58,073] {processor.py:163} INFO - Started process (PID=717) to work on /home/airflow/.local/lib/python3.6/site-packages/airflow/example_dags/tutorial_taskflow_api_etl.py
[2021-10-29 07:10:58,077] {processor.py:620} INFO - Processing file /home/airflow/.local/lib/python3.6/site-packages/airflow/example_dags/tutorial_taskflow_api_etl.py for tasks to queue
[2021-10-29 07:10:58,079] {logging_mixin.py:109} INFO - [2021-10-29 07:10:58,078] {dagbag.py:500} INFO - Filling up the DagBag from /home/airflow/.local/lib/python3.6/site-packages/airflow/example_dags/tutorial_taskflow_api_etl.py
[2021-10-29 07:10:58,121] {processor.py:632} INFO - DAG(s) dict_keys(['tutorial_taskflow_api_etl']) retrieved from /home/airflow/.local/lib/python3.6/site-packages/airflow/example_dags/tutorial_taskflow_api_etl.py
[2021-10-29 07:10:58,360] {logging_mixin.py:109} INFO - [2021-10-29 07:10:58,360] {dag.py:2389} INFO - Sync 1 DAGs
[2021-10-29 07:10:58,372] {logging_mixin.py:109} INFO - [2021-10-29 07:10:58,372] {dag.py:2914} INFO - Setting next_dagrun for tutorial_taskflow_api_etl to None
[2021-10-29 07:10:58,389] {processor.py:171} INFO - Processing /home/airflow/.local/lib/python3.6/site-packages/airflow/example_dags/tutorial_taskflow_api_etl.py took 0.322 seconds
[2021-10-29 07:11:28,797] {processor.py:163} INFO - Started process (PID=772) to work on /home/airflow/.local/lib/python3.6/site-packages/airflow/example_dags/tutorial_taskflow_api_etl.py
[2021-10-29 07:11:28,802] {processor.py:620} INFO - Processing file /home/airflow/.local/lib/python3.6/site-packages/airflow/example_dags/tutorial_taskflow_api_etl.py for tasks to queue
[2021-10-29 07:11:28,805] {logging_mixin.py:109} INFO - [2021-10-29 07:11:28,804] {dagbag.py:500} INFO - Filling up the DagBag from /home/airflow/.local/lib/python3.6/site-packages/airflow/example_dags/tutorial_taskflow_api_etl.py
[2021-10-29 07:11:28,938] {processor.py:632} INFO - DAG(s) dict_keys(['tutorial_taskflow_api_etl']) retrieved from /home/airflow/.local/lib/python3.6/site-packages/airflow/example_dags/tutorial_taskflow_api_etl.py
[2021-10-29 07:11:29,182] {logging_mixin.py:109} INFO - [2021-10-29 07:11:29,182] {dag.py:2389} INFO - Sync 1 DAGs
[2021-10-29 07:11:29,196] {logging_mixin.py:109} INFO - [2021-10-29 07:11:29,195] {dag.py:2914} INFO - Setting next_dagrun for tutorial_taskflow_api_etl to None
[2021-10-29 07:11:29,211] {processor.py:171} INFO - Processing /home/airflow/.local/lib/python3.6/site-packages/airflow/example_dags/tutorial_taskflow_api_etl.py took 0.418 seconds
[2021-10-29 07:12:00,074] {processor.py:163} INFO - Started process (PID=837) to work on /home/airflow/.local/lib/python3.6/site-packages/airflow/example_dags/tutorial_taskflow_api_etl.py
[2021-10-29 07:12:00,077] {processor.py:620} INFO - Processing file /home/airflow/.local/lib/python3.6/site-packages/airflow/example_dags/tutorial_taskflow_api_etl.py for tasks to queue
[2021-10-29 07:12:00,079] {logging_mixin.py:109} INFO - [2021-10-29 07:12:00,079] {dagbag.py:500} INFO - Filling up the DagBag from /home/airflow/.local/lib/python3.6/site-packages/airflow/example_dags/tutorial_taskflow_api_etl.py
[2021-10-29 07:12:00,129] {processor.py:632} INFO - DAG(s) dict_keys(['tutorial_taskflow_api_etl']) retrieved from /home/airflow/.local/lib/python3.6/site-packages/airflow/example_dags/tutorial_taskflow_api_etl.py
[2021-10-29 07:12:00,348] {logging_mixin.py:109} INFO - [2021-10-29 07:12:00,348] {dag.py:2389} INFO - Sync 1 DAGs
[2021-10-29 07:12:00,360] {logging_mixin.py:109} INFO - [2021-10-29 07:12:00,360] {dag.py:2914} INFO - Setting next_dagrun for tutorial_taskflow_api_etl to None
[2021-10-29 07:12:00,377] {processor.py:171} INFO - Processing /home/airflow/.local/lib/python3.6/site-packages/airflow/example_dags/tutorial_taskflow_api_etl.py took 0.308 seconds
[2021-10-29 07:12:31,324] {processor.py:163} INFO - Started process (PID=891) to work on /home/airflow/.local/lib/python3.6/site-packages/airflow/example_dags/tutorial_taskflow_api_etl.py
[2021-10-29 07:12:31,327] {processor.py:620} INFO - Processing file /home/airflow/.local/lib/python3.6/site-packages/airflow/example_dags/tutorial_taskflow_api_etl.py for tasks to queue
[2021-10-29 07:12:31,329] {logging_mixin.py:109} INFO - [2021-10-29 07:12:31,329] {dagbag.py:500} INFO - Filling up the DagBag from /home/airflow/.local/lib/python3.6/site-packages/airflow/example_dags/tutorial_taskflow_api_etl.py
[2021-10-29 07:12:31,384] {processor.py:632} INFO - DAG(s) dict_keys(['tutorial_taskflow_api_etl']) retrieved from /home/airflow/.local/lib/python3.6/site-packages/airflow/example_dags/tutorial_taskflow_api_etl.py
[2021-10-29 07:12:31,699] {logging_mixin.py:109} INFO - [2021-10-29 07:12:31,698] {dag.py:2389} INFO - Sync 1 DAGs
[2021-10-29 07:12:31,755] {logging_mixin.py:109} INFO - [2021-10-29 07:12:31,754] {dag.py:2914} INFO - Setting next_dagrun for tutorial_taskflow_api_etl to None
[2021-10-29 07:12:31,805] {processor.py:171} INFO - Processing /home/airflow/.local/lib/python3.6/site-packages/airflow/example_dags/tutorial_taskflow_api_etl.py took 0.489 seconds
[2021-10-29 07:13:02,508] {processor.py:163} INFO - Started process (PID=958) to work on /home/airflow/.local/lib/python3.6/site-packages/airflow/example_dags/tutorial_taskflow_api_etl.py
[2021-10-29 07:13:02,512] {processor.py:620} INFO - Processing file /home/airflow/.local/lib/python3.6/site-packages/airflow/example_dags/tutorial_taskflow_api_etl.py for tasks to queue
[2021-10-29 07:13:02,514] {logging_mixin.py:109} INFO - [2021-10-29 07:13:02,514] {dagbag.py:500} INFO - Filling up the DagBag from /home/airflow/.local/lib/python3.6/site-packages/airflow/example_dags/tutorial_taskflow_api_etl.py
[2021-10-29 07:13:02,558] {processor.py:632} INFO - DAG(s) dict_keys(['tutorial_taskflow_api_etl']) retrieved from /home/airflow/.local/lib/python3.6/site-packages/airflow/example_dags/tutorial_taskflow_api_etl.py
[2021-10-29 07:13:02,783] {logging_mixin.py:109} INFO - [2021-10-29 07:13:02,783] {dag.py:2389} INFO - Sync 1 DAGs
[2021-10-29 07:13:02,797] {logging_mixin.py:109} INFO - [2021-10-29 07:13:02,797] {dag.py:2914} INFO - Setting next_dagrun for tutorial_taskflow_api_etl to None
[2021-10-29 07:13:02,819] {processor.py:171} INFO - Processing /home/airflow/.local/lib/python3.6/site-packages/airflow/example_dags/tutorial_taskflow_api_etl.py took 0.316 seconds
[2021-10-29 07:13:33,319] {processor.py:163} INFO - Started process (PID=1013) to work on /home/airflow/.local/lib/python3.6/site-packages/airflow/example_dags/tutorial_taskflow_api_etl.py
[2021-10-29 07:13:33,321] {processor.py:620} INFO - Processing file /home/airflow/.local/lib/python3.6/site-packages/airflow/example_dags/tutorial_taskflow_api_etl.py for tasks to queue
[2021-10-29 07:13:33,323] {logging_mixin.py:109} INFO - [2021-10-29 07:13:33,323] {dagbag.py:500} INFO - Filling up the DagBag from /home/airflow/.local/lib/python3.6/site-packages/airflow/example_dags/tutorial_taskflow_api_etl.py
[2021-10-29 07:13:33,368] {processor.py:632} INFO - DAG(s) dict_keys(['tutorial_taskflow_api_etl']) retrieved from /home/airflow/.local/lib/python3.6/site-packages/airflow/example_dags/tutorial_taskflow_api_etl.py
[2021-10-29 07:13:33,614] {logging_mixin.py:109} INFO - [2021-10-29 07:13:33,614] {dag.py:2389} INFO - Sync 1 DAGs
[2021-10-29 07:13:33,631] {logging_mixin.py:109} INFO - [2021-10-29 07:13:33,631] {dag.py:2914} INFO - Setting next_dagrun for tutorial_taskflow_api_etl to None
[2021-10-29 07:13:33,664] {processor.py:171} INFO - Processing /home/airflow/.local/lib/python3.6/site-packages/airflow/example_dags/tutorial_taskflow_api_etl.py took 0.350 seconds
[2021-10-29 07:14:04,112] {processor.py:163} INFO - Started process (PID=1080) to work on /home/airflow/.local/lib/python3.6/site-packages/airflow/example_dags/tutorial_taskflow_api_etl.py
[2021-10-29 07:14:04,115] {processor.py:620} INFO - Processing file /home/airflow/.local/lib/python3.6/site-packages/airflow/example_dags/tutorial_taskflow_api_etl.py for tasks to queue
[2021-10-29 07:14:04,117] {logging_mixin.py:109} INFO - [2021-10-29 07:14:04,117] {dagbag.py:500} INFO - Filling up the DagBag from /home/airflow/.local/lib/python3.6/site-packages/airflow/example_dags/tutorial_taskflow_api_etl.py
[2021-10-29 07:14:04,160] {processor.py:632} INFO - DAG(s) dict_keys(['tutorial_taskflow_api_etl']) retrieved from /home/airflow/.local/lib/python3.6/site-packages/airflow/example_dags/tutorial_taskflow_api_etl.py
[2021-10-29 07:14:04,365] {logging_mixin.py:109} INFO - [2021-10-29 07:14:04,364] {dag.py:2389} INFO - Sync 1 DAGs
[2021-10-29 07:14:04,376] {logging_mixin.py:109} INFO - [2021-10-29 07:14:04,376] {dag.py:2914} INFO - Setting next_dagrun for tutorial_taskflow_api_etl to None
[2021-10-29 07:14:04,390] {processor.py:171} INFO - Processing /home/airflow/.local/lib/python3.6/site-packages/airflow/example_dags/tutorial_taskflow_api_etl.py took 0.283 seconds
[2021-10-29 07:14:34,882] {processor.py:163} INFO - Started process (PID=1135) to work on /home/airflow/.local/lib/python3.6/site-packages/airflow/example_dags/tutorial_taskflow_api_etl.py
[2021-10-29 07:14:34,886] {processor.py:620} INFO - Processing file /home/airflow/.local/lib/python3.6/site-packages/airflow/example_dags/tutorial_taskflow_api_etl.py for tasks to queue
[2021-10-29 07:14:34,889] {logging_mixin.py:109} INFO - [2021-10-29 07:14:34,888] {dagbag.py:500} INFO - Filling up the DagBag from /home/airflow/.local/lib/python3.6/site-packages/airflow/example_dags/tutorial_taskflow_api_etl.py
[2021-10-29 07:14:34,928] {processor.py:632} INFO - DAG(s) dict_keys(['tutorial_taskflow_api_etl']) retrieved from /home/airflow/.local/lib/python3.6/site-packages/airflow/example_dags/tutorial_taskflow_api_etl.py
[2021-10-29 07:14:34,942] {logging_mixin.py:109} INFO - [2021-10-29 07:14:34,942] {dag.py:2389} INFO - Sync 1 DAGs
[2021-10-29 07:14:34,954] {logging_mixin.py:109} INFO - [2021-10-29 07:14:34,954] {dag.py:2914} INFO - Setting next_dagrun for tutorial_taskflow_api_etl to None
[2021-10-29 07:14:34,968] {processor.py:171} INFO - Processing /home/airflow/.local/lib/python3.6/site-packages/airflow/example_dags/tutorial_taskflow_api_etl.py took 0.092 seconds
[2021-10-29 07:15:05,332] {processor.py:163} INFO - Started process (PID=1201) to work on /home/airflow/.local/lib/python3.6/site-packages/airflow/example_dags/tutorial_taskflow_api_etl.py
[2021-10-29 07:15:05,336] {processor.py:620} INFO - Processing file /home/airflow/.local/lib/python3.6/site-packages/airflow/example_dags/tutorial_taskflow_api_etl.py for tasks to queue
[2021-10-29 07:15:05,339] {logging_mixin.py:109} INFO - [2021-10-29 07:15:05,339] {dagbag.py:500} INFO - Filling up the DagBag from /home/airflow/.local/lib/python3.6/site-packages/airflow/example_dags/tutorial_taskflow_api_etl.py
[2021-10-29 07:15:05,391] {processor.py:632} INFO - DAG(s) dict_keys(['tutorial_taskflow_api_etl']) retrieved from /home/airflow/.local/lib/python3.6/site-packages/airflow/example_dags/tutorial_taskflow_api_etl.py
[2021-10-29 07:15:05,638] {logging_mixin.py:109} INFO - [2021-10-29 07:15:05,638] {dag.py:2389} INFO - Sync 1 DAGs
[2021-10-29 07:15:05,651] {logging_mixin.py:109} INFO - [2021-10-29 07:15:05,651] {dag.py:2914} INFO - Setting next_dagrun for tutorial_taskflow_api_etl to None
[2021-10-29 07:15:05,668] {processor.py:171} INFO - Processing /home/airflow/.local/lib/python3.6/site-packages/airflow/example_dags/tutorial_taskflow_api_etl.py took 0.343 seconds
